-- The C compiler identification is GNU 13.3.0
-- The CXX compiler identification is GNU 13.3.0
-- Detecting C compiler ABI info
-- Detecting C compiler ABI info - done
-- Check for working C compiler: /usr/bin/cc - skipped
-- Detecting C compile features
-- Detecting C compile features - done
-- Detecting CXX compiler ABI info
-- Detecting CXX compiler ABI info - done
-- Check for working CXX compiler: /usr/bin/c++ - skipped
-- Detecting CXX compile features
-- Detecting CXX compile features - done
-- Found ament_cmake: 2.5.5 (/opt/ros/jazzy/share/ament_cmake/cmake)
-- Found Python3: /usr/bin/python3 (found version "3.12.3") found components: Interpreter 
-- Found rosidl_default_generators: 1.6.0 (/opt/ros/jazzy/share/rosidl_default_generators/cmake)
-- Using all available rosidl_typesupport_c: rosidl_typesupport_fastrtps_c;rosidl_typesupport_introspection_c
-- Using all available rosidl_typesupport_cpp: rosidl_typesupport_fastrtps_cpp;rosidl_typesupport_introspection_cpp
-- Found rosidl_adapter: 4.6.7 (/opt/ros/jazzy/share/rosidl_adapter/cmake)
-- Found ament_cmake_ros: 0.12.0 (/opt/ros/jazzy/share/ament_cmake_ros/cmake)
-- Using all available rosidl_typesupport_c: rosidl_typesupport_fastrtps_c;rosidl_typesupport_introspection_c
-- Using all available rosidl_typesupport_cpp: rosidl_typesupport_fastrtps_cpp;rosidl_typesupport_introspection_cpp
-- Found python_cmake_module: 0.11.1 (/opt/ros/jazzy/share/python_cmake_module/cmake)
-- Found PythonExtra: /usr/bin/python3  
-- Found Python3: /usr/bin/python3 (found version "3.12.3") found components: Interpreter Development NumPy Development.Module Development.Embed 
-- Configuring done (2.1s)
-- Generating done (0.0s)
-- Build files have been written to: /home/lsoo6741/ros2_ws/build/omx_sim_interfaces
[  1%] Built target omx_sim_interfaces__rosidl_generator_type_description
[  1%] Built target ament_cmake_python_copy_omx_sim_interfaces
[  3%] Built target omx_sim_interfaces__cpp
[ 24%] Built target omx_sim_interfaces__rosidl_generator_c
[ 42%] Built target omx_sim_interfaces__rosidl_typesupport_fastrtps_c
[ 42%] Built target omx_sim_interfaces__rosidl_typesupport_c
[ 51%] Built target omx_sim_interfaces__rosidl_typesupport_introspection_cpp
[ 61%] Built target omx_sim_interfaces__rosidl_typesupport_introspection_c
[ 70%] Built target omx_sim_interfaces__rosidl_typesupport_cpp
[ 79%] Built target omx_sim_interfaces__rosidl_typesupport_fastrtps_cpp
[ 79%] Built target omx_sim_interfaces
[ 81%] Built target omx_sim_interfaces__py
[ 88%] Built target omx_sim_interfaces__rosidl_generator_py
[ 92%] Built target omx_sim_interfaces_s__rosidl_typesupport_fastrtps_c
[ 96%] Built target omx_sim_interfaces_s__rosidl_typesupport_introspection_c
[100%] Built target omx_sim_interfaces_s__rosidl_typesupport_c
running egg_info
creating omx_sim_interfaces.egg-info
writing omx_sim_interfaces.egg-info/PKG-INFO
writing dependency_links to omx_sim_interfaces.egg-info/dependency_links.txt
writing top-level names to omx_sim_interfaces.egg-info/top_level.txt
writing manifest file 'omx_sim_interfaces.egg-info/SOURCES.txt'
reading manifest file 'omx_sim_interfaces.egg-info/SOURCES.txt'
writing manifest file 'omx_sim_interfaces.egg-info/SOURCES.txt'
[100%] Built target ament_cmake_python_build_omx_sim_interfaces_egg
-- Install configuration: ""
-- Installing: /home/lsoo6741/ros2_ws/install/omx_sim_interfaces/share/ament_index/resource_index/rosidl_interfaces/omx_sim_interfaces
