[0.414s] Invoking command in '/home/lsoo6741/omx_multi_robot_sim/ros2_ws/src/omx_sim': AMENT_PREFIX_PATH=/home/lsoo6741/ros2_ws/install/omx_sim_interfaces:${AMENT_PREFIX_PATH} CMAKE_PREFIX_PATH=/home/lsoo6741/omx_multi_robot_sim/ros2_ws/install/omx_sim_interfaces:${CMAKE_PREFIX_PATH} DEBUGINFOD_URLS=https://debuginfod.ubuntu.com LD_LIBRARY_PATH=/home/lsoo6741/ros2_ws/install/omx_sim_interfaces/lib:/home/lsoo6741/omx_multi_robot_sim/ros2_ws/install/omx_sim_interfaces/lib:${LD_LIBRARY_PATH} PYTHONPATH=/home/lsoo6741/omx_multi_robot_sim/ros2_ws/build/omx_sim/prefix_override:/usr/lib/python3/dist-packages/colcon_core/task/python/colcon_distutils_commands:/home/lsoo6741/omx_multi_robot_sim/ros2_ws/install/omx_sim/lib/python3.12/site-packages:/home/lsoo6741/ros2_ws/install/omx_sim_interfaces/lib/python3.12/site-packages:/home/lsoo6741/omx_multi_robot_sim/ros2_ws/install/omx_sim_interfaces/lib/python3.12/site-packages:${PYTHONPATH} /usr/bin/python3 -W ignore:setup.py install is deprecated -W ignore:easy_install command is deprecated setup.py egg_info --egg-base ../../build/omx_sim build --build-base /home/lsoo6741/omx_multi_robot_sim/ros2_ws/build/omx_sim/build install --record /home/lsoo6741/omx_multi_robot_sim/ros2_ws/build/omx_sim/install.log --single-version-externally-managed install_data
[0.549s] running egg_info
[0.558s] writing ../../build/omx_sim/omx_sim.egg-info/PKG-INFO
[0.558s] writing dependency_links to ../../build/omx_sim/omx_sim.egg-info/dependency_links.txt
[0.558s] writing entry points to ../../build/omx_sim/omx_sim.egg-info/entry_points.txt
[0.558s] writing requirements to ../../build/omx_sim/omx_sim.egg-info/requires.txt
[0.558s] writing top-level names to ../../build/omx_sim/omx_sim.egg-info/top_level.txt
[0.577s] reading manifest file '../../build/omx_sim/omx_sim.egg-info/SOURCES.txt'
[0.577s] writing manifest file '../../build/omx_sim/omx_sim.egg-info/SOURCES.txt'
[0.577s] running build
[0.577s] running build_py
[0.578s] copying omx_sim/bt_action_server.py -> /home/lsoo6741/omx_multi_robot_sim/ros2_ws/build/omx_sim/build/lib/omx_sim
[0.578s] running install
[0.581s] running install_lib
[0.590s] copying /home/lsoo6741/omx_multi_robot_sim/ros2_ws/build/omx_sim/build/lib/omx_sim/bt_action_server.py -> /home/lsoo6741/omx_multi_robot_sim/ros2_ws/install/omx_sim/lib/python3.12/site-packages/omx_sim
[0.590s] byte-compiling /home/lsoo6741/omx_multi_robot_sim/ros2_ws/install/omx_sim/lib/python3.12/site-packages/omx_sim/bt_action_server.py to bt_action_server.cpython-312.pyc
[0.591s] running install_data
[0.591s] running install_egg_info
[0.601s] removing '/home/lsoo6741/omx_multi_robot_sim/ros2_ws/install/omx_sim/lib/python3.12/site-packages/omx_sim-0.1.0-py3.12.egg-info' (and everything under it)
[0.601s] Copying ../../build/omx_sim/omx_sim.egg-info to /home/lsoo6741/omx_multi_robot_sim/ros2_ws/install/omx_sim/lib/python3.12/site-packages/omx_sim-0.1.0-py3.12.egg-info
[0.602s] running install_scripts
[0.671s] Installing bt_action_server script to /home/lsoo6741/omx_multi_robot_sim/ros2_ws/install/omx_sim/lib/omx_sim
[0.671s] Installing sim_action_server script to /home/lsoo6741/omx_multi_robot_sim/ros2_ws/install/omx_sim/lib/omx_sim
[0.671s] writing list of installed files to '/home/lsoo6741/omx_multi_robot_sim/ros2_ws/build/omx_sim/install.log'
[0.684s] Invoked command in '/home/lsoo6741/omx_multi_robot_sim/ros2_ws/src/omx_sim' returned '0': AMENT_PREFIX_PATH=/home/lsoo6741/ros2_ws/install/omx_sim_interfaces:${AMENT_PREFIX_PATH} CMAKE_PREFIX_PATH=/home/lsoo6741/omx_multi_robot_sim/ros2_ws/install/omx_sim_interfaces:${CMAKE_PREFIX_PATH} DEBUGINFOD_URLS=https://debuginfod.ubuntu.com LD_LIBRARY_PATH=/home/lsoo6741/ros2_ws/install/omx_sim_interfaces/lib:/home/lsoo6741/omx_multi_robot_sim/ros2_ws/install/omx_sim_interfaces/lib:${LD_LIBRARY_PATH} PYTHONPATH=/home/lsoo6741/omx_multi_robot_sim/ros2_ws/build/omx_sim/prefix_override:/usr/lib/python3/dist-packages/colcon_core/task/python/colcon_distutils_commands:/home/lsoo6741/omx_multi_robot_sim/ros2_ws/install/omx_sim/lib/python3.12/site-packages:/home/lsoo6741/ros2_ws/install/omx_sim_interfaces/lib/python3.12/site-packages:/home/lsoo6741/omx_multi_robot_sim/ros2_ws/install/omx_sim_interfaces/lib/python3.12/site-packages:${PYTHONPATH} /usr/bin/python3 -W ignore:setup.py install is deprecated -W ignore:easy_install command is deprecated setup.py egg_info --egg-base ../../build/omx_sim build --build-base /home/lsoo6741/omx_multi_robot_sim/ros2_ws/build/omx_sim/build install --record /home/lsoo6741/omx_multi_robot_sim/ros2_ws/build/omx_sim/install.log --single-version-externally-managed install_data
