[0.009s] Invoking command in '/home/lsoo6741/ros2_ws/build/omx_sim_interfaces': CMAKE_PREFIX_PATH=${CMAKE_PREFIX_PATH}:/home/lsoo6741/ros2_ws/install/omx_sim:/home/lsoo6741/workspace/ros2_ws/install/py_srvcli:/home/lsoo6741/workspace/ros2_ws/install/py_pubsub:/home/lsoo6741/workspace/ros2_ws/install/my_turtle_pkg:/home/lsoo6741/workspace/ros2_ws/install/action_tutorials_py:/home/lsoo6741/workspace/ros2_ws/install/action_chaser_py:/opt/ros/jazzy DEBUGINFOD_URLS=https://debuginfod.ubuntu.com /usr/bin/cmake /home/lsoo6741/ros2_ws/src/omx_sim_interfaces -DCMAKE_INSTALL_PREFIX=/home/lsoo6741/ros2_ws/install/omx_sim_interfaces
[0.132s] -- The C compiler identification is GNU 13.3.0
[0.216s] -- The CXX compiler identification is GNU 13.3.0
[0.234s] -- Detecting C compiler ABI info
[0.322s] -- Detecting C compiler ABI info - done
[0.328s] -- Check for working C compiler: /usr/bin/cc - skipped
[0.329s] -- Detecting C compile features
[0.330s] -- Detecting C compile features - done
[0.338s] -- Detecting CXX compiler ABI info
[0.420s] -- Detecting CXX compiler ABI info - done
[0.426s] -- Check for working CXX compiler: /usr/bin/c++ - skipped
[0.426s] -- Detecting CXX compile features
[0.427s] -- Detecting CXX compile features - done
[0.435s] -- Found ament_cmake: 2.5.5 (/opt/ros/jazzy/share/ament_cmake/cmake)
[0.556s] -- Found Python3: /usr/bin/python3 (found version "3.12.3") found components: Interpreter 
[0.664s] -- Found rosidl_default_generators: 1.6.0 (/opt/ros/jazzy/share/rosidl_default_generators/cmake)
[0.675s] -- Using all available rosidl_typesupport_c: rosidl_typesupport_fastrtps_c;rosidl_typesupport_introspection_c
[0.740s] -- Using all available rosidl_typesupport_cpp: rosidl_typesupport_fastrtps_cpp;rosidl_typesupport_introspection_cpp
[0.791s] -- Found rosidl_adapter: 4.6.7 (/opt/ros/jazzy/share/rosidl_adapter/cmake)
[1.273s] -- Found ament_cmake_ros: 0.12.0 (/opt/ros/jazzy/share/ament_cmake_ros/cmake)
[1.590s] -- Using all available rosidl_typesupport_c: rosidl_typesupport_fastrtps_c;rosidl_typesupport_introspection_c
[1.993s] -- Using all available rosidl_typesupport_cpp: rosidl_typesupport_fastrtps_cpp;rosidl_typesupport_introspection_cpp
[1.998s] -- Found python_cmake_module: 0.11.1 (/opt/ros/jazzy/share/python_cmake_module/cmake)
[2.098s] -- Found PythonExtra: /usr/bin/python3  
[2.407s] -- Found Python3: /usr/bin/python3 (found version "3.12.3") found components: Interpreter Development NumPy Development.Module Development.Embed 
[2.441s] -- Configuring done (2.4s)
[2.468s] -- Generating done (0.0s)
[2.476s] -- Build files have been written to: /home/lsoo6741/ros2_ws/build/omx_sim_interfaces
[2.486s] Invoked command in '/home/lsoo6741/ros2_ws/build/omx_sim_interfaces' returned '0': CMAKE_PREFIX_PATH=${CMAKE_PREFIX_PATH}:/home/lsoo6741/ros2_ws/install/omx_sim:/home/lsoo6741/workspace/ros2_ws/install/py_srvcli:/home/lsoo6741/workspace/ros2_ws/install/py_pubsub:/home/lsoo6741/workspace/ros2_ws/install/my_turtle_pkg:/home/lsoo6741/workspace/ros2_ws/install/action_tutorials_py:/home/lsoo6741/workspace/ros2_ws/install/action_chaser_py:/opt/ros/jazzy DEBUGINFOD_URLS=https://debuginfod.ubuntu.com /usr/bin/cmake /home/lsoo6741/ros2_ws/src/omx_sim_interfaces -DCMAKE_INSTALL_PREFIX=/home/lsoo6741/ros2_ws/install/omx_sim_interfaces
[2.487s] Invoking command in '/home/lsoo6741/ros2_ws/build/omx_sim_interfaces': CMAKE_PREFIX_PATH=${CMAKE_PREFIX_PATH}:/home/lsoo6741/ros2_ws/install/omx_sim:/home/lsoo6741/workspace/ros2_ws/install/py_srvcli:/home/lsoo6741/workspace/ros2_ws/install/py_pubsub:/home/lsoo6741/workspace/ros2_ws/install/my_turtle_pkg:/home/lsoo6741/workspace/ros2_ws/install/action_tutorials_py:/home/lsoo6741/workspace/ros2_ws/install/action_chaser_py:/opt/ros/jazzy DEBUGINFOD_URLS=https://debuginfod.ubuntu.com /usr/bin/cmake --build /home/lsoo6741/ros2_ws/build/omx_sim_interfaces -- -j12 -l12
[2.533s] [  1%] [34m[1mGenerating type hashes for ROS interfaces[0m
[2.541s] [  1%] Built target ament_cmake_python_copy_omx_sim_interfaces
[2.673s] running egg_info
[2.674s] creating omx_sim_interfaces.egg-info
[2.682s] [  1%] Built target omx_sim_interfaces__rosidl_generator_type_description
[2.684s] writing omx_sim_interfaces.egg-info/PKG-INFO
[2.684s] writing dependency_links to omx_sim_interfaces.egg-info/dependency_links.txt
[2.684s] writing top-level names to omx_sim_interfaces.egg-info/top_level.txt
[2.684s] writing manifest file 'omx_sim_interfaces.egg-info/SOURCES.txt'
[2.691s] [  3%] [34m[1mGenerating C code for ROS interfaces[0m
[2.700s] [  5%] [34m[1mGenerating C++ code for ROS interfaces[0m
[2.714s] reading manifest file 'omx_sim_interfaces.egg-info/SOURCES.txt'
[2.714s] writing manifest file 'omx_sim_interfaces.egg-info/SOURCES.txt'
[2.737s] [  5%] Built target ament_cmake_python_build_omx_sim_interfaces_egg
[3.160s] [  5%] Built target omx_sim_interfaces__cpp
[3.220s] [ 11%] [32mBuilding C object CMakeFiles/omx_sim_interfaces__rosidl_generator_c.dir/rosidl_generator_c/omx_sim_interfaces/action/detail/place__type_support.c.o[0m
[3.220s] [ 11%] [32mBuilding C object CMakeFiles/omx_sim_interfaces__rosidl_generator_c.dir/rosidl_generator_c/omx_sim_interfaces/action/detail/reach__functions.c.o[0m
[3.220s] [ 11%] [32mBuilding C object CMakeFiles/omx_sim_interfaces__rosidl_generator_c.dir/rosidl_generator_c/omx_sim_interfaces/action/detail/pick__type_support.c.o[0m
[3.220s] [ 12%] [32mBuilding C object CMakeFiles/omx_sim_interfaces__rosidl_generator_c.dir/rosidl_generator_c/omx_sim_interfaces/action/detail/pick__description.c.o[0m
[3.220s] [ 16%] [32mBuilding C object CMakeFiles/omx_sim_interfaces__rosidl_generator_c.dir/rosidl_generator_c/omx_sim_interfaces/action/detail/place__functions.c.o[0m
[3.220s] [ 16%] [32mBuilding C object CMakeFiles/omx_sim_interfaces__rosidl_generator_c.dir/rosidl_generator_c/omx_sim_interfaces/action/detail/pick__functions.c.o[0m
[3.220s] [ 18%] [32mBuilding C object CMakeFiles/omx_sim_interfaces__rosidl_generator_c.dir/rosidl_generator_c/omx_sim_interfaces/action/detail/place__description.c.o[0m
[3.221s] [ 20%] [32mBuilding C object CMakeFiles/omx_sim_interfaces__rosidl_generator_c.dir/rosidl_generator_c/omx_sim_interfaces/action/detail/reach__description.c.o[0m
[3.221s] [ 22%] [32mBuilding C object CMakeFiles/omx_sim_interfaces__rosidl_generator_c.dir/rosidl_generator_c/omx_sim_interfaces/action/detail/reach__type_support.c.o[0m
[3.335s] [ 24%] [32m[1mLinking C shared library libomx_sim_interfaces__rosidl_generator_c.so[0m
[3.372s] [ 24%] Built target omx_sim_interfaces__rosidl_generator_c
[3.381s] [ 31%] [34m[1mGenerating C type support dispatch for ROS interfaces[0m
[3.381s] [ 31%] [34m[1mGenerating C introspection for ROS interfaces[0m
[3.381s] [ 31%] [34m[1mGenerating C++ introspection for ROS interfaces[0m
[3.381s] [ 31%] [34m[1mGenerating C type support for eProsima Fast-RTPS[0m
[3.381s] [ 33%] [34m[1mGenerating C++ type support dispatch for ROS interfaces[0m
[3.382s] [ 35%] [34m[1mGenerating C++ type support for eProsima Fast-RTPS[0m
[3.627s] [ 37%] [32mBuilding CXX object CMakeFiles/omx_sim_interfaces__rosidl_typesupport_c.dir/rosidl_typesupport_c/omx_sim_interfaces/action/pick__type_support.cpp.o[0m
[3.628s] [ 38%] [32mBuilding CXX object CMakeFiles/omx_sim_interfaces__rosidl_typesupport_c.dir/rosidl_typesupport_c/omx_sim_interfaces/action/reach__type_support.cpp.o[0m
[3.629s] [ 40%] [32mBuilding CXX object CMakeFiles/omx_sim_interfaces__rosidl_typesupport_c.dir/rosidl_typesupport_c/omx_sim_interfaces/action/place__type_support.cpp.o[0m
[3.648s] [ 46%] [32mBuilding CXX object CMakeFiles/omx_sim_interfaces__rosidl_typesupport_cpp.dir/rosidl_typesupport_cpp/omx_sim_interfaces/action/pick__type_support.cpp.o[0m
[3.648s] [ 46%] [32mBuilding CXX object CMakeFiles/omx_sim_interfaces__rosidl_typesupport_cpp.dir/rosidl_typesupport_cpp/omx_sim_interfaces/action/place__type_support.cpp.o[0m
[3.648s] [ 46%] [32mBuilding CXX object CMakeFiles/omx_sim_interfaces__rosidl_typesupport_cpp.dir/rosidl_typesupport_cpp/omx_sim_interfaces/action/reach__type_support.cpp.o[0m
[3.686s] [ 48%] [32m[1mLinking CXX shared library libomx_sim_interfaces__rosidl_typesupport_c.so[0m
[3.726s] [ 48%] Built target omx_sim_interfaces__rosidl_typesupport_c
[3.730s] [ 50%] [32mBuilding CXX object CMakeFiles/omx_sim_interfaces__rosidl_typesupport_introspection_cpp.dir/rosidl_typesupport_introspection_cpp/omx_sim_interfaces/action/detail/place__type_support.cpp.o[0m
[3.730s] [ 51%] [32mBuilding CXX object CMakeFiles/omx_sim_interfaces__rosidl_typesupport_introspection_cpp.dir/rosidl_typesupport_introspection_cpp/omx_sim_interfaces/action/detail/reach__type_support.cpp.o[0m
[3.731s] [ 53%] [32mBuilding CXX object CMakeFiles/omx_sim_interfaces__rosidl_typesupport_introspection_cpp.dir/rosidl_typesupport_introspection_cpp/omx_sim_interfaces/action/detail/pick__type_support.cpp.o[0m
[3.847s] [ 59%] [32mBuilding C object CMakeFiles/omx_sim_interfaces__rosidl_typesupport_introspection_c.dir/rosidl_typesupport_introspection_c/omx_sim_interfaces/action/detail/pick__type_support.c.o[0m
[3.848s] [ 59%] [32mBuilding C object CMakeFiles/omx_sim_interfaces__rosidl_typesupport_introspection_c.dir/rosidl_typesupport_introspection_c/omx_sim_interfaces/action/detail/place__type_support.c.o[0m
[3.848s] [ 59%] [32mBuilding C object CMakeFiles/omx_sim_interfaces__rosidl_typesupport_introspection_c.dir/rosidl_typesupport_introspection_c/omx_sim_interfaces/action/detail/reach__type_support.c.o[0m
[3.931s] [ 61%] [32m[1mLinking C shared library libomx_sim_interfaces__rosidl_typesupport_introspection_c.so[0m
[3.972s] [ 61%] Built target omx_sim_interfaces__rosidl_typesupport_introspection_c
[3.999s] [ 64%] [32mBuilding CXX object CMakeFiles/omx_sim_interfaces__rosidl_typesupport_fastrtps_cpp.dir/rosidl_typesupport_fastrtps_cpp/omx_sim_interfaces/action/detail/dds_fastrtps/place__type_support.cpp.o[0m
[3.999s] [ 64%] [32mBuilding CXX object CMakeFiles/omx_sim_interfaces__rosidl_typesupport_fastrtps_cpp.dir/rosidl_typesupport_fastrtps_cpp/omx_sim_interfaces/action/detail/dds_fastrtps/reach__type_support.cpp.o[0m
[3.999s] [ 66%] [32mBuilding CXX object CMakeFiles/omx_sim_interfaces__rosidl_typesupport_fastrtps_cpp.dir/rosidl_typesupport_fastrtps_cpp/omx_sim_interfaces/action/detail/dds_fastrtps/pick__type_support.cpp.o[0m
[4.092s] [ 68%] [32mBuilding CXX object CMakeFiles/omx_sim_interfaces__rosidl_typesupport_fastrtps_c.dir/rosidl_typesupport_fastrtps_c/omx_sim_interfaces/action/detail/reach__type_support_c.cpp.o[0m
[4.093s] [ 70%] [32mBuilding CXX object CMakeFiles/omx_sim_interfaces__rosidl_typesupport_fastrtps_c.dir/rosidl_typesupport_fastrtps_c/omx_sim_interfaces/action/detail/pick__type_support_c.cpp.o[0m
[4.096s] [ 72%] [32mBuilding CXX object CMakeFiles/omx_sim_interfaces__rosidl_typesupport_fastrtps_c.dir/rosidl_typesupport_fastrtps_c/omx_sim_interfaces/action/detail/place__type_support_c.cpp.o[0m
[4.296s] [ 74%] [32m[1mLinking CXX shared library libomx_sim_interfaces__rosidl_typesupport_cpp.so[0m
[4.393s] [ 74%] Built target omx_sim_interfaces__rosidl_typesupport_cpp
[4.416s] [ 75%] [32m[1mLinking CXX shared library libomx_sim_interfaces__rosidl_typesupport_introspection_cpp.so[0m
[4.478s] [ 75%] Built target omx_sim_interfaces__rosidl_typesupport_introspection_cpp
[4.555s] [ 77%] [32m[1mLinking CXX shared library libomx_sim_interfaces__rosidl_typesupport_fastrtps_c.so[0m
[4.614s] [ 77%] Built target omx_sim_interfaces__rosidl_typesupport_fastrtps_c
[4.782s] [ 79%] [32m[1mLinking CXX shared library libomx_sim_interfaces__rosidl_typesupport_fastrtps_cpp.so[0m
[4.846s] [ 79%] Built target omx_sim_interfaces__rosidl_typesupport_fastrtps_cpp
[4.863s] [ 79%] Built target omx_sim_interfaces
[4.882s] [ 81%] [34m[1mGenerating Python code for ROS interfaces[0m
[5.721s] [ 81%] Built target omx_sim_interfaces__py
[5.738s] [ 87%] [32mBuilding C object CMakeFiles/omx_sim_interfaces__rosidl_generator_py.dir/rosidl_generator_py/omx_sim_interfaces/action/_pick_s.c.o[0m
[5.738s] [ 87%] [32mBuilding C object CMakeFiles/omx_sim_interfaces__rosidl_generator_py.dir/rosidl_generator_py/omx_sim_interfaces/action/_reach_s.c.o[0m
[5.738s] [ 87%] [32mBuilding C object CMakeFiles/omx_sim_interfaces__rosidl_generator_py.dir/rosidl_generator_py/omx_sim_interfaces/action/_place_s.c.o[0m
[5.895s] [ 88%] [32m[1mLinking C shared library libomx_sim_interfaces__rosidl_generator_py.so[0m
[5.933s] [ 88%] Built target omx_sim_interfaces__rosidl_generator_py
[5.951s] [ 92%] [32mBuilding C object CMakeFiles/omx_sim_interfaces_s__rosidl_typesupport_fastrtps_c.dir/rosidl_generator_py/omx_sim_interfaces/_omx_sim_interfaces_s.ep.rosidl_typesupport_fastrtps_c.c.o[0m
[5.951s] [ 92%] [32mBuilding C object CMakeFiles/omx_sim_interfaces_s__rosidl_typesupport_introspection_c.dir/rosidl_generator_py/omx_sim_interfaces/_omx_sim_interfaces_s.ep.rosidl_typesupport_introspection_c.c.o[0m
[5.951s] [ 94%] [32mBuilding C object CMakeFiles/omx_sim_interfaces_s__rosidl_typesupport_c.dir/rosidl_generator_py/omx_sim_interfaces/_omx_sim_interfaces_s.ep.rosidl_typesupport_c.c.o[0m
[6.067s] [ 96%] [32m[1mLinking C shared module rosidl_generator_py/omx_sim_interfaces/omx_sim_interfaces_s__rosidl_typesupport_c.so[0m
[6.069s] [100%] [32m[1mLinking C shared module rosidl_generator_py/omx_sim_interfaces/omx_sim_interfaces_s__rosidl_typesupport_introspection_c.so[0m
[6.069s] [100%] [32m[1mLinking C shared module rosidl_generator_py/omx_sim_interfaces/omx_sim_interfaces_s__rosidl_typesupport_fastrtps_c.so[0m
[6.095s] [100%] Built target omx_sim_interfaces_s__rosidl_typesupport_c
[6.095s] [100%] Built target omx_sim_interfaces_s__rosidl_typesupport_introspection_c
[6.095s] [100%] Built target omx_sim_interfaces_s__rosidl_typesupport_fastrtps_c
[6.106s] Invoked command in '/home/lsoo6741/ros2_ws/build/omx_sim_interfaces' returned '0': CMAKE_PREFIX_PATH=${CMAKE_PREFIX_PATH}:/home/lsoo6741/ros2_ws/install/omx_sim:/home/lsoo6741/workspace/ros2_ws/install/py_srvcli:/home/lsoo6741/workspace/ros2_ws/install/py_pubsub:/home/lsoo6741/workspace/ros2_ws/install/my_turtle_pkg:/home/lsoo6741/workspace/ros2_ws/install/action_tutorials_py:/home/lsoo6741/workspace/ros2_ws/install/action_chaser_py:/opt/ros/jazzy DEBUGINFOD_URLS=https://debuginfod.ubuntu.com /usr/bin/cmake --build /home/lsoo6741/ros2_ws/build/omx_sim_interfaces -- -j12 -l12
[6.114s] Invoking command in '/home/lsoo6741/ros2_ws/build/omx_sim_interfaces': CMAKE_PREFIX_PATH=${CMAKE_PREFIX_PATH}:/home/lsoo6741/ros2_ws/install/omx_sim:/home/lsoo6741/workspace/ros2_ws/install/py_srvcli:/home/lsoo6741/workspace/ros2_ws/install/py_pubsub:/home/lsoo6741/workspace/ros2_ws/install/my_turtle_pkg:/home/lsoo6741/workspace/ros2_ws/install/action_tutorials_py:/home/lsoo6741/workspace/ros2_ws/install/action_chaser_py:/opt/ros/jazzy DEBUGINFOD_URLS=https://debuginfod.ubuntu.com /usr/bin/cmake --install /home/lsoo6741/ros2_ws/build/omx_sim_interfaces
[6.122s] -- Install configuration: ""
[6.122s] -- Installing: /home/lsoo6741/ros2_ws/install/omx_sim_interfaces/share/ament_index/resource_index/rosidl_interfaces/omx_sim_interfaces
[6.122s] -- Installing: /home/lsoo6741/ros2_ws/install/omx_sim_interfaces/share/omx_sim_interfaces/action/Pick.json
[6.122s] -- Installing: /home/lsoo6741/ros2_ws/install/omx_sim_interfaces/share/omx_sim_interfaces/action/Place.json
[6.123s] -- Installing: /home/lsoo6741/ros2_ws/install/omx_sim_interfaces/share/omx_sim_interfaces/action/Reach.json
[6.123s] -- Installing: /home/lsoo6741/ros2_ws/install/omx_sim_interfaces/include/omx_sim_interfaces/omx_sim_interfaces
[6.123s] -- Installing: /home/lsoo6741/ros2_ws/install/omx_sim_interfaces/include/omx_sim_interfaces/omx_sim_interfaces/msg
[6.123s] -- Installing: /home/lsoo6741/ros2_ws/install/omx_sim_interfaces/include/omx_sim_interfaces/omx_sim_interfaces/msg/rosidl_generator_c__visibility_control.h
[6.123s] -- Installing: /home/lsoo6741/ros2_ws/install/omx_sim_interfaces/include/omx_sim_interfaces/omx_sim_interfaces/action
[6.123s] -- Installing: /home/lsoo6741/ros2_ws/install/omx_sim_interfaces/include/omx_sim_interfaces/omx_sim_interfaces/action/pick.h
[6.123s] -- Installing: /home/lsoo6741/ros2_ws/install/omx_sim_interfaces/include/omx_sim_interfaces/omx_sim_interfaces/action/detail
[6.123s] -- Installing: /home/lsoo6741/ros2_ws/install/omx_sim_interfaces/include/omx_sim_interfaces/omx_sim_interfaces/action/detail/pick__functions.h
[6.123s] -- Installing: /home/lsoo6741/ros2_ws/install/omx_sim_interfaces/include/omx_sim_interfaces/omx_sim_interfaces/action/detail/pick__type_support.h
[6.123s] -- Installing: /home/lsoo6741/ros2_ws/install/omx_sim_interfaces/include/omx_sim_interfaces/omx_sim_interfaces/action/detail/reach__type_support.h
[6.123s] -- Installing: /home/lsoo6741/ros2_ws/install/omx_sim_interfaces/include/omx_sim_interfaces/omx_sim_interfaces/action/detail/pick__type_support.c
[6.123s] -- Installing: /home/lsoo6741/ros2_ws/install/omx_sim_interfaces/include/omx_sim_interfaces/omx_sim_interfaces/action/detail/place__type_support.c
[6.124s] -- Installing: /home/lsoo6741/ros2_ws/install/omx_sim_interfaces/include/omx_sim_interfaces/omx_sim_interfaces/action/detail/place__type_support.h
[6.124s] -- Installing: /home/lsoo6741/ros2_ws/install/omx_sim_interfaces/include/omx_sim_interfaces/omx_sim_interfaces/action/detail/place__functions.h
[6.124s] -- Installing: /home/lsoo6741/ros2_ws/install/omx_sim_interfaces/include/omx_sim_interfaces/omx_sim_interfaces/action/detail/pick__struct.h
[6.124s] -- Installing: /home/lsoo6741/ros2_ws/install/omx_sim_interfaces/include/omx_sim_interfaces/omx_sim_interfaces/action/detail/reach__functions.c
[6.124s] -- Installing: /home/lsoo6741/ros2_ws/install/omx_sim_interfaces/include/omx_sim_interfaces/omx_sim_interfaces/action/detail/pick__description.c
[6.124s] -- Installing: /home/lsoo6741/ros2_ws/install/omx_sim_interfaces/include/omx_sim_interfaces/omx_sim_interfaces/action/detail/pick__functions.c
[6.124s] -- Installing: /home/lsoo6741/ros2_ws/install/omx_sim_interfaces/include/omx_sim_interfaces/omx_sim_interfaces/action/detail/reach__type_support.c
[6.124s] -- Installing: /home/lsoo6741/ros2_ws/install/omx_sim_interfaces/include/omx_sim_interfaces/omx_sim_interfaces/action/detail/reach__struct.h
[6.124s] -- Installing: /home/lsoo6741/ros2_ws/install/omx_sim_interfaces/include/omx_sim_interfaces/omx_sim_interfaces/action/detail/reach__functions.h
[6.124s] -- Installing: /home/lsoo6741/ros2_ws/install/omx_sim_interfaces/include/omx_sim_interfaces/omx_sim_interfaces/action/detail/place__struct.h
[6.125s] -- Installing: /home/lsoo6741/ros2_ws/install/omx_sim_interfaces/include/omx_sim_interfaces/omx_sim_interfaces/action/detail/place__functions.c
[6.125s] -- Installing: /home/lsoo6741/ros2_ws/install/omx_sim_interfaces/include/omx_sim_interfaces/omx_sim_interfaces/action/detail/reach__description.c
[6.125s] -- Installing: /home/lsoo6741/ros2_ws/install/omx_sim_interfaces/include/omx_sim_interfaces/omx_sim_interfaces/action/detail/place__description.c
[6.125s] -- Installing: /home/lsoo6741/ros2_ws/install/omx_sim_interfaces/include/omx_sim_interfaces/omx_sim_interfaces/action/place.h
[6.125s] -- Installing: /home/lsoo6741/ros2_ws/install/omx_sim_interfaces/include/omx_sim_interfaces/omx_sim_interfaces/action/reach.h
[6.125s] -- Installing: /home/lsoo6741/ros2_ws/install/omx_sim_interfaces/share/omx_sim_interfaces/environment/library_path.sh
[6.125s] -- Installing: /home/lsoo6741/ros2_ws/install/omx_sim_interfaces/share/omx_sim_interfaces/environment/library_path.dsv
[6.125s] -- Installing: /home/lsoo6741/ros2_ws/install/omx_sim_interfaces/lib/libomx_sim_interfaces__rosidl_generator_c.so
[6.126s] -- Set non-toolchain portion of runtime path of "/home/lsoo6741/ros2_ws/install/omx_sim_interfaces/lib/libomx_sim_interfaces__rosidl_generator_c.so" to ""
[6.126s] -- Up-to-date: /home/lsoo6741/ros2_ws/install/omx_sim_interfaces/include/omx_sim_interfaces/omx_sim_interfaces
[6.126s] -- Up-to-date: /home/lsoo6741/ros2_ws/install/omx_sim_interfaces/include/omx_sim_interfaces/omx_sim_interfaces/msg
[6.126s] -- Installing: /home/lsoo6741/ros2_ws/install/omx_sim_interfaces/include/omx_sim_interfaces/omx_sim_interfaces/msg/rosidl_typesupport_fastrtps_c__visibility_control.h
[6.126s] -- Up-to-date: /home/lsoo6741/ros2_ws/install/omx_sim_interfaces/include/omx_sim_interfaces/omx_sim_interfaces/action
[6.126s] -- Up-to-date: /home/lsoo6741/ros2_ws/install/omx_sim_interfaces/include/omx_sim_interfaces/omx_sim_interfaces/action/detail
[6.126s] -- Installing: /home/lsoo6741/ros2_ws/install/omx_sim_interfaces/include/omx_sim_interfaces/omx_sim_interfaces/action/detail/pick__rosidl_typesupport_fastrtps_c.h
[6.126s] -- Installing: /home/lsoo6741/ros2_ws/install/omx_sim_interfaces/include/omx_sim_interfaces/omx_sim_interfaces/action/detail/reach__rosidl_typesupport_fastrtps_c.h
[6.126s] -- Installing: /home/lsoo6741/ros2_ws/install/omx_sim_interfaces/include/omx_sim_interfaces/omx_sim_interfaces/action/detail/place__rosidl_typesupport_fastrtps_c.h
[6.126s] -- Installing: /home/lsoo6741/ros2_ws/install/omx_sim_interfaces/lib/libomx_sim_interfaces__rosidl_typesupport_fastrtps_c.so
[6.127s] -- Set non-toolchain portion of runtime path of "/home/lsoo6741/ros2_ws/install/omx_sim_interfaces/lib/libomx_sim_interfaces__rosidl_typesupport_fastrtps_c.so" to ""
[6.127s] -- Up-to-date: /home/lsoo6741/ros2_ws/install/omx_sim_interfaces/include/omx_sim_interfaces/omx_sim_interfaces
[6.127s] -- Up-to-date: /home/lsoo6741/ros2_ws/install/omx_sim_interfaces/include/omx_sim_interfaces/omx_sim_interfaces/msg
[6.127s] -- Installing: /home/lsoo6741/ros2_ws/install/omx_sim_interfaces/include/omx_sim_interfaces/omx_sim_interfaces/msg/rosidl_typesupport_introspection_c__visibility_control.h
[6.127s] -- Up-to-date: /home/lsoo6741/ros2_ws/install/omx_sim_interfaces/include/omx_sim_interfaces/omx_sim_interfaces/action
[6.127s] -- Up-to-date: /home/lsoo6741/ros2_ws/install/omx_sim_interfaces/include/omx_sim_interfaces/omx_sim_interfaces/action/detail
[6.127s] -- Up-to-date: /home/lsoo6741/ros2_ws/install/omx_sim_interfaces/include/omx_sim_interfaces/omx_sim_interfaces/action/detail/pick__type_support.c
[6.127s] -- Up-to-date: /home/lsoo6741/ros2_ws/install/omx_sim_interfaces/include/omx_sim_interfaces/omx_sim_interfaces/action/detail/place__type_support.c
[6.127s] -- Installing: /home/lsoo6741/ros2_ws/install/omx_sim_interfaces/include/omx_sim_interfaces/omx_sim_interfaces/action/detail/place__rosidl_typesupport_introspection_c.h
[6.127s] -- Installing: /home/lsoo6741/ros2_ws/install/omx_sim_interfaces/include/omx_sim_interfaces/omx_sim_interfaces/action/detail/pick__rosidl_typesupport_introspection_c.h
[6.127s] -- Up-to-date: /home/lsoo6741/ros2_ws/install/omx_sim_interfaces/include/omx_sim_interfaces/omx_sim_interfaces/action/detail/reach__type_support.c
[6.127s] -- Installing: /home/lsoo6741/ros2_ws/install/omx_sim_interfaces/include/omx_sim_interfaces/omx_sim_interfaces/action/detail/reach__rosidl_typesupport_introspection_c.h
[6.127s] -- Installing: /home/lsoo6741/ros2_ws/install/omx_sim_interfaces/lib/libomx_sim_interfaces__rosidl_typesupport_introspection_c.so
[6.128s] -- Set non-toolchain portion of runtime path of "/home/lsoo6741/ros2_ws/install/omx_sim_interfaces/lib/libomx_sim_interfaces__rosidl_typesupport_introspection_c.so" to ""
[6.128s] -- Installing: /home/lsoo6741/ros2_ws/install/omx_sim_interfaces/lib/libomx_sim_interfaces__rosidl_typesupport_c.so
[6.128s] -- Set non-toolchain portion of runtime path of "/home/lsoo6741/ros2_ws/install/omx_sim_interfaces/lib/libomx_sim_interfaces__rosidl_typesupport_c.so" to ""
[6.128s] -- Up-to-date: /home/lsoo6741/ros2_ws/install/omx_sim_interfaces/include/omx_sim_interfaces/omx_sim_interfaces
[6.128s] -- Up-to-date: /home/lsoo6741/ros2_ws/install/omx_sim_interfaces/include/omx_sim_interfaces/omx_sim_interfaces/msg
[6.128s] -- Installing: /home/lsoo6741/ros2_ws/install/omx_sim_interfaces/include/omx_sim_interfaces/omx_sim_interfaces/msg/rosidl_generator_cpp__visibility_control.hpp
[6.128s] -- Up-to-date: /home/lsoo6741/ros2_ws/install/omx_sim_interfaces/include/omx_sim_interfaces/omx_sim_interfaces/action
[6.128s] -- Installing: /home/lsoo6741/ros2_ws/install/omx_sim_interfaces/include/omx_sim_interfaces/omx_sim_interfaces/action/place.hpp
[6.128s] -- Up-to-date: /home/lsoo6741/ros2_ws/install/omx_sim_interfaces/include/omx_sim_interfaces/omx_sim_interfaces/action/detail
[6.128s] -- Installing: /home/lsoo6741/ros2_ws/install/omx_sim_interfaces/include/omx_sim_interfaces/omx_sim_interfaces/action/detail/reach__struct.hpp
[6.129s] -- Installing: /home/lsoo6741/ros2_ws/install/omx_sim_interfaces/include/omx_sim_interfaces/omx_sim_interfaces/action/detail/reach__traits.hpp
[6.129s] -- Installing: /home/lsoo6741/ros2_ws/install/omx_sim_interfaces/include/omx_sim_interfaces/omx_sim_interfaces/action/detail/place__type_support.hpp
[6.129s] -- Installing: /home/lsoo6741/ros2_ws/install/omx_sim_interfaces/include/omx_sim_interfaces/omx_sim_interfaces/action/detail/place__builder.hpp
[6.129s] -- Installing: /home/lsoo6741/ros2_ws/install/omx_sim_interfaces/include/omx_sim_interfaces/omx_sim_interfaces/action/detail/pick__type_support.hpp
[6.129s] -- Installing: /home/lsoo6741/ros2_ws/install/omx_sim_interfaces/include/omx_sim_interfaces/omx_sim_interfaces/action/detail/place__struct.hpp
[6.129s] -- Installing: /home/lsoo6741/ros2_ws/install/omx_sim_interfaces/include/omx_sim_interfaces/omx_sim_interfaces/action/detail/pick__builder.hpp
[6.129s] -- Installing: /home/lsoo6741/ros2_ws/install/omx_sim_interfaces/include/omx_sim_interfaces/omx_sim_interfaces/action/detail/reach__builder.hpp
[6.129s] -- Installing: /home/lsoo6741/ros2_ws/install/omx_sim_interfaces/include/omx_sim_interfaces/omx_sim_interfaces/action/detail/pick__traits.hpp
[6.129s] -- Installing: /home/lsoo6741/ros2_ws/install/omx_sim_interfaces/include/omx_sim_interfaces/omx_sim_interfaces/action/detail/place__traits.hpp
[6.129s] -- Installing: /home/lsoo6741/ros2_ws/install/omx_sim_interfaces/include/omx_sim_interfaces/omx_sim_interfaces/action/detail/reach__type_support.hpp
[6.129s] -- Installing: /home/lsoo6741/ros2_ws/install/omx_sim_interfaces/include/omx_sim_interfaces/omx_sim_interfaces/action/detail/pick__struct.hpp
[6.130s] -- Installing: /home/lsoo6741/ros2_ws/install/omx_sim_interfaces/include/omx_sim_interfaces/omx_sim_interfaces/action/pick.hpp
[6.130s] -- Installing: /home/lsoo6741/ros2_ws/install/omx_sim_interfaces/include/omx_sim_interfaces/omx_sim_interfaces/action/reach.hpp
[6.130s] -- Up-to-date: /home/lsoo6741/ros2_ws/install/omx_sim_interfaces/include/omx_sim_interfaces/omx_sim_interfaces
[6.130s] -- Up-to-date: /home/lsoo6741/ros2_ws/install/omx_sim_interfaces/include/omx_sim_interfaces/omx_sim_interfaces/msg
[6.130s] -- Installing: /home/lsoo6741/ros2_ws/install/omx_sim_interfaces/include/omx_sim_interfaces/omx_sim_interfaces/msg/rosidl_typesupport_fastrtps_cpp__visibility_control.h
[6.130s] -- Up-to-date: /home/lsoo6741/ros2_ws/install/omx_sim_interfaces/include/omx_sim_interfaces/omx_sim_interfaces/action
[6.130s] -- Up-to-date: /home/lsoo6741/ros2_ws/install/omx_sim_interfaces/include/omx_sim_interfaces/omx_sim_interfaces/action/detail
[6.130s] -- Installing: /home/lsoo6741/ros2_ws/install/omx_sim_interfaces/include/omx_sim_interfaces/omx_sim_interfaces/action/detail/pick__rosidl_typesupport_fastrtps_cpp.hpp
[6.130s] -- Installing: /home/lsoo6741/ros2_ws/install/omx_sim_interfaces/include/omx_sim_interfaces/omx_sim_interfaces/action/detail/dds_fastrtps
[6.130s] -- Installing: /home/lsoo6741/ros2_ws/install/omx_sim_interfaces/include/omx_sim_interfaces/omx_sim_interfaces/action/detail/place__rosidl_typesupport_fastrtps_cpp.hpp
[6.130s] -- Installing: /home/lsoo6741/ros2_ws/install/omx_sim_interfaces/include/omx_sim_interfaces/omx_sim_interfaces/action/detail/reach__rosidl_typesupport_fastrtps_cpp.hpp
[6.130s] -- Installing: /home/lsoo6741/ros2_ws/install/omx_sim_interfaces/lib/libomx_sim_interfaces__rosidl_typesupport_fastrtps_cpp.so
[6.131s] -- Set non-toolchain portion of runtime path of "/home/lsoo6741/ros2_ws/install/omx_sim_interfaces/lib/libomx_sim_interfaces__rosidl_typesupport_fastrtps_cpp.so" to ""
[6.131s] -- Up-to-date: /home/lsoo6741/ros2_ws/install/omx_sim_interfaces/include/omx_sim_interfaces/omx_sim_interfaces
[6.131s] -- Up-to-date: /home/lsoo6741/ros2_ws/install/omx_sim_interfaces/include/omx_sim_interfaces/omx_sim_interfaces/action
[6.131s] -- Up-to-date: /home/lsoo6741/ros2_ws/install/omx_sim_interfaces/include/omx_sim_interfaces/omx_sim_interfaces/action/detail
[6.131s] -- Installing: /home/lsoo6741/ros2_ws/install/omx_sim_interfaces/include/omx_sim_interfaces/omx_sim_interfaces/action/detail/reach__rosidl_typesupport_introspection_cpp.hpp
[6.131s] -- Installing: /home/lsoo6741/ros2_ws/install/omx_sim_interfaces/include/omx_sim_interfaces/omx_sim_interfaces/action/detail/pick__type_support.cpp
[6.131s] -- Installing: /home/lsoo6741/ros2_ws/install/omx_sim_interfaces/include/omx_sim_interfaces/omx_sim_interfaces/action/detail/pick__rosidl_typesupport_introspection_cpp.hpp
[6.131s] -- Installing: /home/lsoo6741/ros2_ws/install/omx_sim_interfaces/include/omx_sim_interfaces/omx_sim_interfaces/action/detail/reach__type_support.cpp
[6.132s] -- Installing: /home/lsoo6741/ros2_ws/install/omx_sim_interfaces/include/omx_sim_interfaces/omx_sim_interfaces/action/detail/place__rosidl_typesupport_introspection_cpp.hpp
[6.132s] -- Installing: /home/lsoo6741/ros2_ws/install/omx_sim_interfaces/include/omx_sim_interfaces/omx_sim_interfaces/action/detail/place__type_support.cpp
[6.132s] -- Installing: /home/lsoo6741/ros2_ws/install/omx_sim_interfaces/lib/libomx_sim_interfaces__rosidl_typesupport_introspection_cpp.so
[6.132s] -- Set non-toolchain portion of runtime path of "/home/lsoo6741/ros2_ws/install/omx_sim_interfaces/lib/libomx_sim_interfaces__rosidl_typesupport_introspection_cpp.so" to ""
[6.132s] -- Installing: /home/lsoo6741/ros2_ws/install/omx_sim_interfaces/lib/libomx_sim_interfaces__rosidl_typesupport_cpp.so
[6.133s] -- Set non-toolchain portion of runtime path of "/home/lsoo6741/ros2_ws/install/omx_sim_interfaces/lib/libomx_sim_interfaces__rosidl_typesupport_cpp.so" to ""
[6.133s] -- Installing: /home/lsoo6741/ros2_ws/install/omx_sim_interfaces/share/omx_sim_interfaces/environment/pythonpath.sh
[6.133s] -- Installing: /home/lsoo6741/ros2_ws/install/omx_sim_interfaces/share/omx_sim_interfaces/environment/pythonpath.dsv
[6.133s] -- Installing: /home/lsoo6741/ros2_ws/install/omx_sim_interfaces/lib/python3.12/site-packages/omx_sim_interfaces-0.1.0-py3.12.egg-info
[6.133s] -- Installing: /home/lsoo6741/ros2_ws/install/omx_sim_interfaces/lib/python3.12/site-packages/omx_sim_interfaces-0.1.0-py3.12.egg-info/top_level.txt
[6.133s] -- Installing: /home/lsoo6741/ros2_ws/install/omx_sim_interfaces/lib/python3.12/site-packages/omx_sim_interfaces-0.1.0-py3.12.egg-info/PKG-INFO
[6.133s] -- Installing: /home/lsoo6741/ros2_ws/install/omx_sim_interfaces/lib/python3.12/site-packages/omx_sim_interfaces-0.1.0-py3.12.egg-info/dependency_links.txt
[6.134s] -- Installing: /home/lsoo6741/ros2_ws/install/omx_sim_interfaces/lib/python3.12/site-packages/omx_sim_interfaces-0.1.0-py3.12.egg-info/SOURCES.txt
[6.134s] -- Installing: /home/lsoo6741/ros2_ws/install/omx_sim_interfaces/lib/python3.12/site-packages/omx_sim_interfaces
[6.134s] -- Installing: /home/lsoo6741/ros2_ws/install/omx_sim_interfaces/lib/python3.12/site-packages/omx_sim_interfaces/__init__.py
[6.134s] -- Installing: /home/lsoo6741/ros2_ws/install/omx_sim_interfaces/lib/python3.12/site-packages/omx_sim_interfaces/action
[6.134s] -- Installing: /home/lsoo6741/ros2_ws/install/omx_sim_interfaces/lib/python3.12/site-packages/omx_sim_interfaces/action/_place_s.c
[6.134s] -- Installing: /home/lsoo6741/ros2_ws/install/omx_sim_interfaces/lib/python3.12/site-packages/omx_sim_interfaces/action/__init__.py
[6.134s] -- Installing: /home/lsoo6741/ros2_ws/install/omx_sim_interfaces/lib/python3.12/site-packages/omx_sim_interfaces/action/_pick_s.c
[6.134s] -- Installing: /home/lsoo6741/ros2_ws/install/omx_sim_interfaces/lib/python3.12/site-packages/omx_sim_interfaces/action/_reach_s.c
[6.134s] -- Installing: /home/lsoo6741/ros2_ws/install/omx_sim_interfaces/lib/python3.12/site-packages/omx_sim_interfaces/action/_reach.py
[6.134s] -- Installing: /home/lsoo6741/ros2_ws/install/omx_sim_interfaces/lib/python3.12/site-packages/omx_sim_interfaces/action/_pick.py
[6.134s] -- Installing: /home/lsoo6741/ros2_ws/install/omx_sim_interfaces/lib/python3.12/site-packages/omx_sim_interfaces/action/_place.py
[6.135s] -- Installing: /home/lsoo6741/ros2_ws/install/omx_sim_interfaces/lib/python3.12/site-packages/omx_sim_interfaces/omx_sim_interfaces_s__rosidl_typesupport_fastrtps_c.so
[6.135s] -- Installing: /home/lsoo6741/ros2_ws/install/omx_sim_interfaces/lib/python3.12/site-packages/omx_sim_interfaces/_omx_sim_interfaces_s.ep.rosidl_typesupport_c.c
[6.135s] -- Installing: /home/lsoo6741/ros2_ws/install/omx_sim_interfaces/lib/python3.12/site-packages/omx_sim_interfaces/_omx_sim_interfaces_s.ep.rosidl_typesupport_fastrtps_c.c
[6.135s] -- Installing: /home/lsoo6741/ros2_ws/install/omx_sim_interfaces/lib/python3.12/site-packages/omx_sim_interfaces/_omx_sim_interfaces_s.ep.rosidl_typesupport_introspection_c.c
[6.135s] -- Installing: /home/lsoo6741/ros2_ws/install/omx_sim_interfaces/lib/python3.12/site-packages/omx_sim_interfaces/omx_sim_interfaces_s__rosidl_typesupport_c.so
[6.135s] -- Installing: /home/lsoo6741/ros2_ws/install/omx_sim_interfaces/lib/python3.12/site-packages/omx_sim_interfaces/omx_sim_interfaces_s__rosidl_typesupport_introspection_c.so
[6.179s] Listing '/home/lsoo6741/ros2_ws/install/omx_sim_interfaces/lib/python3.12/site-packages/omx_sim_interfaces'...
[6.179s] Compiling '/home/lsoo6741/ros2_ws/install/omx_sim_interfaces/lib/python3.12/site-packages/omx_sim_interfaces/__init__.py'...
[6.179s] Listing '/home/lsoo6741/ros2_ws/install/omx_sim_interfaces/lib/python3.12/site-packages/omx_sim_interfaces/action'...
[6.179s] Compiling '/home/lsoo6741/ros2_ws/install/omx_sim_interfaces/lib/python3.12/site-packages/omx_sim_interfaces/action/__init__.py'...
[6.179s] Compiling '/home/lsoo6741/ros2_ws/install/omx_sim_interfaces/lib/python3.12/site-packages/omx_sim_interfaces/action/_pick.py'...
[6.179s] Compiling '/home/lsoo6741/ros2_ws/install/omx_sim_interfaces/lib/python3.12/site-packages/omx_sim_interfaces/action/_place.py'...
[6.179s] Compiling '/home/lsoo6741/ros2_ws/install/omx_sim_interfaces/lib/python3.12/site-packages/omx_sim_interfaces/action/_reach.py'...
[6.184s] -- Installing: /home/lsoo6741/ros2_ws/install/omx_sim_interfaces/lib/python3.12/site-packages/omx_sim_interfaces/omx_sim_interfaces_s__rosidl_typesupport_fastrtps_c.so
[6.184s] -- Set non-toolchain portion of runtime path of "/home/lsoo6741/ros2_ws/install/omx_sim_interfaces/lib/python3.12/site-packages/omx_sim_interfaces/omx_sim_interfaces_s__rosidl_typesupport_fastrtps_c.so" to ""
[6.185s] -- Installing: /home/lsoo6741/ros2_ws/install/omx_sim_interfaces/lib/python3.12/site-packages/omx_sim_interfaces/omx_sim_interfaces_s__rosidl_typesupport_introspection_c.so
[6.185s] -- Set non-toolchain portion of runtime path of "/home/lsoo6741/ros2_ws/install/omx_sim_interfaces/lib/python3.12/site-packages/omx_sim_interfaces/omx_sim_interfaces_s__rosidl_typesupport_introspection_c.so" to ""
[6.185s] -- Installing: /home/lsoo6741/ros2_ws/install/omx_sim_interfaces/lib/python3.12/site-packages/omx_sim_interfaces/omx_sim_interfaces_s__rosidl_typesupport_c.so
[6.185s] -- Set non-toolchain portion of runtime path of "/home/lsoo6741/ros2_ws/install/omx_sim_interfaces/lib/python3.12/site-packages/omx_sim_interfaces/omx_sim_interfaces_s__rosidl_typesupport_c.so" to ""
[6.185s] -- Installing: /home/lsoo6741/ros2_ws/install/omx_sim_interfaces/lib/libomx_sim_interfaces__rosidl_generator_py.so
[6.186s] -- Set non-toolchain portion of runtime path of "/home/lsoo6741/ros2_ws/install/omx_sim_interfaces/lib/libomx_sim_interfaces__rosidl_generator_py.so" to ""
[6.186s] -- Installing: /home/lsoo6741/ros2_ws/install/omx_sim_interfaces/share/omx_sim_interfaces/action/Pick.idl
[6.186s] -- Installing: /home/lsoo6741/ros2_ws/install/omx_sim_interfaces/share/omx_sim_interfaces/action/Place.idl
[6.186s] -- Installing: /home/lsoo6741/ros2_ws/install/omx_sim_interfaces/share/omx_sim_interfaces/action/Reach.idl
[6.186s] -- Installing: /home/lsoo6741/ros2_ws/install/omx_sim_interfaces/share/omx_sim_interfaces/action/Pick.action
[6.186s] -- Installing: /home/lsoo6741/ros2_ws/install/omx_sim_interfaces/share/omx_sim_interfaces/action/Place.action
[6.186s] -- Installing: /home/lsoo6741/ros2_ws/install/omx_sim_interfaces/share/omx_sim_interfaces/action/Reach.action
[6.186s] -- Installing: /home/lsoo6741/ros2_ws/install/omx_sim_interfaces/share/ament_index/resource_index/package_run_dependencies/omx_sim_interfaces
[6.186s] -- Installing: /home/lsoo6741/ros2_ws/install/omx_sim_interfaces/share/ament_index/resource_index/parent_prefix_path/omx_sim_interfaces
[6.187s] -- Installing: /home/lsoo6741/ros2_ws/install/omx_sim_interfaces/share/omx_sim_interfaces/environment/ament_prefix_path.sh
[6.187s] -- Installing: /home/lsoo6741/ros2_ws/install/omx_sim_interfaces/share/omx_sim_interfaces/environment/ament_prefix_path.dsv
[6.187s] -- Installing: /home/lsoo6741/ros2_ws/install/omx_sim_interfaces/share/omx_sim_interfaces/environment/path.sh
[6.187s] -- Installing: /home/lsoo6741/ros2_ws/install/omx_sim_interfaces/share/omx_sim_interfaces/environment/path.dsv
[6.187s] -- Installing: /home/lsoo6741/ros2_ws/install/omx_sim_interfaces/share/omx_sim_interfaces/local_setup.bash
[6.187s] -- Installing: /home/lsoo6741/ros2_ws/install/omx_sim_interfaces/share/omx_sim_interfaces/local_setup.sh
[6.187s] -- Installing: /home/lsoo6741/ros2_ws/install/omx_sim_interfaces/share/omx_sim_interfaces/local_setup.zsh
[6.187s] -- Installing: /home/lsoo6741/ros2_ws/install/omx_sim_interfaces/share/omx_sim_interfaces/local_setup.dsv
[6.187s] -- Installing: /home/lsoo6741/ros2_ws/install/omx_sim_interfaces/share/omx_sim_interfaces/package.dsv
[6.187s] -- Installing: /home/lsoo6741/ros2_ws/install/omx_sim_interfaces/share/ament_index/resource_index/packages/omx_sim_interfaces
[6.187s] -- Installing: /home/lsoo6741/ros2_ws/install/omx_sim_interfaces/share/omx_sim_interfaces/cmake/export_omx_sim_interfaces__rosidl_generator_cExport.cmake
[6.188s] -- Installing: /home/lsoo6741/ros2_ws/install/omx_sim_interfaces/share/omx_sim_interfaces/cmake/export_omx_sim_interfaces__rosidl_generator_cExport-noconfig.cmake
[6.188s] -- Installing: /home/lsoo6741/ros2_ws/install/omx_sim_interfaces/share/omx_sim_interfaces/cmake/export_omx_sim_interfaces__rosidl_typesupport_fastrtps_cExport.cmake
[6.188s] -- Installing: /home/lsoo6741/ros2_ws/install/omx_sim_interfaces/share/omx_sim_interfaces/cmake/export_omx_sim_interfaces__rosidl_typesupport_fastrtps_cExport-noconfig.cmake
[6.188s] -- Installing: /home/lsoo6741/ros2_ws/install/omx_sim_interfaces/share/omx_sim_interfaces/cmake/omx_sim_interfaces__rosidl_typesupport_introspection_cExport.cmake
[6.188s] -- Installing: /home/lsoo6741/ros2_ws/install/omx_sim_interfaces/share/omx_sim_interfaces/cmake/omx_sim_interfaces__rosidl_typesupport_introspection_cExport-noconfig.cmake
[6.188s] -- Installing: /home/lsoo6741/ros2_ws/install/omx_sim_interfaces/share/omx_sim_interfaces/cmake/omx_sim_interfaces__rosidl_typesupport_cExport.cmake
[6.188s] -- Installing: /home/lsoo6741/ros2_ws/install/omx_sim_interfaces/share/omx_sim_interfaces/cmake/omx_sim_interfaces__rosidl_typesupport_cExport-noconfig.cmake
[6.188s] -- Installing: /home/lsoo6741/ros2_ws/install/omx_sim_interfaces/share/omx_sim_interfaces/cmake/export_omx_sim_interfaces__rosidl_generator_cppExport.cmake
[6.188s] -- Installing: /home/lsoo6741/ros2_ws/install/omx_sim_interfaces/share/omx_sim_interfaces/cmake/export_omx_sim_interfaces__rosidl_typesupport_fastrtps_cppExport.cmake
[6.188s] -- Installing: /home/lsoo6741/ros2_ws/install/omx_sim_interfaces/share/omx_sim_interfaces/cmake/export_omx_sim_interfaces__rosidl_typesupport_fastrtps_cppExport-noconfig.cmake
[6.189s] -- Installing: /home/lsoo6741/ros2_ws/install/omx_sim_interfaces/share/omx_sim_interfaces/cmake/omx_sim_interfaces__rosidl_typesupport_introspection_cppExport.cmake
[6.189s] -- Installing: /home/lsoo6741/ros2_ws/install/omx_sim_interfaces/share/omx_sim_interfaces/cmake/omx_sim_interfaces__rosidl_typesupport_introspection_cppExport-noconfig.cmake
[6.189s] -- Installing: /home/lsoo6741/ros2_ws/install/omx_sim_interfaces/share/omx_sim_interfaces/cmake/omx_sim_interfaces__rosidl_typesupport_cppExport.cmake
[6.189s] -- Installing: /home/lsoo6741/ros2_ws/install/omx_sim_interfaces/share/omx_sim_interfaces/cmake/omx_sim_interfaces__rosidl_typesupport_cppExport-noconfig.cmake
[6.189s] -- Installing: /home/lsoo6741/ros2_ws/install/omx_sim_interfaces/share/omx_sim_interfaces/cmake/export_omx_sim_interfaces__rosidl_generator_pyExport.cmake
[6.189s] -- Installing: /home/lsoo6741/ros2_ws/install/omx_sim_interfaces/share/omx_sim_interfaces/cmake/export_omx_sim_interfaces__rosidl_generator_pyExport-noconfig.cmake
[6.189s] -- Installing: /home/lsoo6741/ros2_ws/install/omx_sim_interfaces/share/omx_sim_interfaces/cmake/rosidl_cmake-extras.cmake
[6.189s] -- Installing: /home/lsoo6741/ros2_ws/install/omx_sim_interfaces/share/omx_sim_interfaces/cmake/ament_cmake_export_dependencies-extras.cmake
[6.189s] -- Installing: /home/lsoo6741/ros2_ws/install/omx_sim_interfaces/share/omx_sim_interfaces/cmake/ament_cmake_export_include_directories-extras.cmake
[6.189s] -- Installing: /home/lsoo6741/ros2_ws/install/omx_sim_interfaces/share/omx_sim_interfaces/cmake/ament_cmake_export_libraries-extras.cmake
[6.190s] -- Installing: /home/lsoo6741/ros2_ws/install/omx_sim_interfaces/share/omx_sim_interfaces/cmake/ament_cmake_export_targets-extras.cmake
[6.190s] -- Installing: /home/lsoo6741/ros2_ws/install/omx_sim_interfaces/share/omx_sim_interfaces/cmake/rosidl_cmake_export_typesupport_targets-extras.cmake
[6.190s] -- Installing: /home/lsoo6741/ros2_ws/install/omx_sim_interfaces/share/omx_sim_interfaces/cmake/rosidl_cmake_export_typesupport_libraries-extras.cmake
[6.190s] -- Installing: /home/lsoo6741/ros2_ws/install/omx_sim_interfaces/share/omx_sim_interfaces/cmake/omx_sim_interfacesConfig.cmake
[6.190s] -- Installing: /home/lsoo6741/ros2_ws/install/omx_sim_interfaces/share/omx_sim_interfaces/cmake/omx_sim_interfacesConfig-version.cmake
[6.190s] -- Installing: /home/lsoo6741/ros2_ws/install/omx_sim_interfaces/share/omx_sim_interfaces/package.xml
[6.192s] Invoked command in '/home/lsoo6741/ros2_ws/build/omx_sim_interfaces' returned '0': CMAKE_PREFIX_PATH=${CMAKE_PREFIX_PATH}:/home/lsoo6741/ros2_ws/install/omx_sim:/home/lsoo6741/workspace/ros2_ws/install/py_srvcli:/home/lsoo6741/workspace/ros2_ws/install/py_pubsub:/home/lsoo6741/workspace/ros2_ws/install/my_turtle_pkg:/home/lsoo6741/workspace/ros2_ws/install/action_tutorials_py:/home/lsoo6741/workspace/ros2_ws/install/action_chaser_py:/opt/ros/jazzy DEBUGINFOD_URLS=https://debuginfod.ubuntu.com /usr/bin/cmake --install /home/lsoo6741/ros2_ws/build/omx_sim_interfaces
