[0mCMake Error: The current CMakeCache.txt directory /home/lsoo6741/omx_multi_robot_sim/ros2_ws/build/omx_sim_interfaces/CMakeCache.txt is different than the directory /home/lsoo6741/ros2_ws/build/omx_sim_interfaces where CMakeCache.txt was created. This may result in binaries being created in the wrong place. If you are not sure, reedit the CMakeCache.txt[0m
-- Found ament_cmake: 2.5.5 (/opt/ros/jazzy/share/ament_cmake/cmake)
-- Found Python3: /usr/bin/python3 (found version "3.12.3") found components: Interpreter 
-- Found rosidl_default_generators: 1.6.0 (/opt/ros/jazzy/share/rosidl_default_generators/cmake)
-- Using all available rosidl_typesupport_c: rosidl_typesupport_fastrtps_c;rosidl_typesupport_introspection_c
-- Using all available rosidl_typesupport_cpp: rosidl_typesupport_fastrtps_cpp;rosidl_typesupport_introspection_cpp
-- Found rosidl_adapter: 4.6.7 (/opt/ros/jazzy/share/rosidl_adapter/cmake)
-- Found ament_cmake_ros: 0.12.0 (/opt/ros/jazzy/share/ament_cmake_ros/cmake)
-- Using all available rosidl_typesupport_c: rosidl_typesupport_fastrtps_c;rosidl_typesupport_introspection_c
-- Using all available rosidl_typesupport_cpp: rosidl_typesupport_fastrtps_cpp;rosidl_typesupport_introspection_cpp
-- Found python_cmake_module: 0.11.1 (/opt/ros/jazzy/share/python_cmake_module/cmake)
-- Found Python3: /usr/bin/python3 (found version "3.12.3") found components: Interpreter Development NumPy Development.Module Development.Embed 
-- Configuring done (0.7s)
-- Generating done (0.0s)
-- Build files have been written to: /home/lsoo6741/ros2_ws/build/omx_sim_interfaces
[  1%] Built target omx_sim_interfaces__rosidl_generator_type_description
[  1%] Built target ament_cmake_python_copy_omx_sim_interfaces
[  3%] Built target omx_sim_interfaces__cpp
[  7%] [32mBuilding C object CMakeFiles/omx_sim_interfaces__rosidl_generator_c.dir/rosidl_generator_c/omx_sim_interfaces/action/detail/place__description.c.o[0m
[  7%] [32mBuilding C object CMakeFiles/omx_sim_interfaces__rosidl_generator_c.dir/rosidl_generator_c/omx_sim_interfaces/action/detail/pick__functions.c.o[0m
[  9%] [32mBuilding C object CMakeFiles/omx_sim_interfaces__rosidl_generator_c.dir/rosidl_generator_c/omx_sim_interfaces/action/detail/pick__description.c.o[0m
[ 12%] [32mBuilding C object CMakeFiles/omx_sim_interfaces__rosidl_generator_c.dir/rosidl_generator_c/omx_sim_interfaces/action/detail/place__functions.c.o[0m
[ 12%] [32mBuilding C object CMakeFiles/omx_sim_interfaces__rosidl_generator_c.dir/rosidl_generator_c/omx_sim_interfaces/action/detail/pick__type_support.c.o[0m
[ 14%] [32mBuilding C object CMakeFiles/omx_sim_interfaces__rosidl_generator_c.dir/rosidl_generator_c/omx_sim_interfaces/action/detail/place__type_support.c.o[0m
[ 16%] [32mBuilding C object CMakeFiles/omx_sim_interfaces__rosidl_generator_c.dir/rosidl_generator_c/omx_sim_interfaces/action/detail/reach__description.c.o[0m
[ 18%] [32mBuilding C object CMakeFiles/omx_sim_interfaces__rosidl_generator_c.dir/rosidl_generator_c/omx_sim_interfaces/action/detail/reach__type_support.c.o[0m
[ 20%] [32mBuilding C object CMakeFiles/omx_sim_interfaces__rosidl_generator_c.dir/rosidl_generator_c/omx_sim_interfaces/action/detail/reach__functions.c.o[0m
running egg_info
writing omx_sim_interfaces.egg-info/PKG-INFO
writing dependency_links to omx_sim_interfaces.egg-info/dependency_links.txt
writing top-level names to omx_sim_interfaces.egg-info/top_level.txt
[ 22%] [32m[1mLinking C shared library libomx_sim_interfaces__rosidl_generator_c.so[0m
reading manifest file 'omx_sim_interfaces.egg-info/SOURCES.txt'
writing manifest file 'omx_sim_interfaces.egg-info/SOURCES.txt'
[ 24%] Built target ament_cmake_python_build_omx_sim_interfaces_egg
[ 24%] Built target omx_sim_interfaces__rosidl_generator_c
[ 29%] [32mBuilding CXX object CMakeFiles/omx_sim_interfaces__rosidl_typesupport_c.dir/rosidl_typesupport_c/omx_sim_interfaces/action/place__type_support.cpp.o[0m
[ 29%] [32mBuilding CXX object CMakeFiles/omx_sim_interfaces__rosidl_typesupport_c.dir/rosidl_typesupport_c/omx_sim_interfaces/action/pick__type_support.cpp.o[0m
[ 29%] [32mBuilding C object CMakeFiles/omx_sim_interfaces__rosidl_typesupport_introspection_c.dir/rosidl_typesupport_introspection_c/omx_sim_interfaces/action/detail/pick__type_support.c.o[0m
[ 31%] [32mBuilding C object CMakeFiles/omx_sim_interfaces__rosidl_typesupport_introspection_c.dir/rosidl_typesupport_introspection_c/omx_sim_interfaces/action/detail/place__type_support.c.o[0m
[ 35%] [32mBuilding CXX object CMakeFiles/omx_sim_interfaces__rosidl_typesupport_c.dir/rosidl_typesupport_c/omx_sim_interfaces/action/reach__type_support.cpp.o[0m
[ 35%] [32mBuilding C object CMakeFiles/omx_sim_interfaces__rosidl_typesupport_introspection_c.dir/rosidl_typesupport_introspection_c/omx_sim_interfaces/action/detail/reach__type_support.c.o[0m
[ 37%] [32mBuilding CXX object CMakeFiles/omx_sim_interfaces__rosidl_typesupport_introspection_cpp.dir/rosidl_typesupport_introspection_cpp/omx_sim_interfaces/action/detail/pick__type_support.cpp.o[0m
[ 38%] [32mBuilding CXX object CMakeFiles/omx_sim_interfaces__rosidl_typesupport_cpp.dir/rosidl_typesupport_cpp/omx_sim_interfaces/action/pick__type_support.cpp.o[0m
[ 42%] [32mBuilding CXX object CMakeFiles/omx_sim_interfaces__rosidl_typesupport_introspection_cpp.dir/rosidl_typesupport_introspection_cpp/omx_sim_interfaces/action/detail/place__type_support.cpp.o[0m
[ 42%] [32mBuilding CXX object CMakeFiles/omx_sim_interfaces__rosidl_typesupport_cpp.dir/rosidl_typesupport_cpp/omx_sim_interfaces/action/place__type_support.cpp.o[0m
[ 44%] [32mBuilding CXX object CMakeFiles/omx_sim_interfaces__rosidl_typesupport_fastrtps_cpp.dir/rosidl_typesupport_fastrtps_cpp/omx_sim_interfaces/action/detail/dds_fastrtps/pick__type_support.cpp.o[0m
[ 46%] [32mBuilding CXX object CMakeFiles/omx_sim_interfaces__rosidl_typesupport_fastrtps_c.dir/rosidl_typesupport_fastrtps_c/omx_sim_interfaces/action/detail/pick__type_support_c.cpp.o[0m
[ 51%] [32m[1mLinking C shared library libomx_sim_interfaces__rosidl_typesupport_introspection_c.so[0m
[ 51%] [32mBuilding CXX object CMakeFiles/omx_sim_interfaces__rosidl_typesupport_cpp.dir/rosidl_typesupport_cpp/omx_sim_interfaces/action/reach__type_support.cpp.o[0m
[ 51%] [32mBuilding CXX object CMakeFiles/omx_sim_interfaces__rosidl_typesupport_fastrtps_cpp.dir/rosidl_typesupport_fastrtps_cpp/omx_sim_interfaces/action/detail/dds_fastrtps/place__type_support.cpp.o[0m
[ 53%] [32mBuilding CXX object CMakeFiles/omx_sim_interfaces__rosidl_typesupport_fastrtps_cpp.dir/rosidl_typesupport_fastrtps_cpp/omx_sim_interfaces/action/detail/dds_fastrtps/reach__type_support.cpp.o[0m
[ 55%] [32m[1mLinking CXX shared library libomx_sim_interfaces__rosidl_typesupport_c.so[0m
[ 57%] [32mBuilding CXX object CMakeFiles/omx_sim_interfaces__rosidl_typesupport_introspection_cpp.dir/rosidl_typesupport_introspection_cpp/omx_sim_interfaces/action/detail/reach__type_support.cpp.o[0m
[ 59%] Built target omx_sim_interfaces__rosidl_typesupport_introspection_c
[ 61%] [32mBuilding CXX object CMakeFiles/omx_sim_interfaces__rosidl_typesupport_fastrtps_c.dir/rosidl_typesupport_fastrtps_c/omx_sim_interfaces/action/detail/place__type_support_c.cpp.o[0m
[ 62%] Built target omx_sim_interfaces__rosidl_typesupport_c
[ 64%] [32mBuilding CXX object CMakeFiles/omx_sim_interfaces__rosidl_typesupport_fastrtps_c.dir/rosidl_typesupport_fastrtps_c/omx_sim_interfaces/action/detail/reach__type_support_c.cpp.o[0m
[ 66%] [32m[1mLinking CXX shared library libomx_sim_interfaces__rosidl_typesupport_fastrtps_c.so[0m
[ 68%] [32m[1mLinking CXX shared library libomx_sim_interfaces__rosidl_typesupport_cpp.so[0m
[ 70%] Built target omx_sim_interfaces__rosidl_typesupport_fastrtps_c
[ 72%] Built target omx_sim_interfaces__rosidl_typesupport_cpp
[ 74%] [32m[1mLinking CXX shared library libomx_sim_interfaces__rosidl_typesupport_introspection_cpp.so[0m
[ 75%] Built target omx_sim_interfaces__rosidl_typesupport_introspection_cpp
[ 77%] [32m[1mLinking CXX shared library libomx_sim_interfaces__rosidl_typesupport_fastrtps_cpp.so[0m
[ 79%] Built target omx_sim_interfaces__rosidl_typesupport_fastrtps_cpp
[ 79%] Built target omx_sim_interfaces
[ 81%] Built target omx_sim_interfaces__py
[ 85%] [32mBuilding C object CMakeFiles/omx_sim_interfaces__rosidl_generator_py.dir/rosidl_generator_py/omx_sim_interfaces/action/_pick_s.c.o[0m
[ 85%] [32mBuilding C object CMakeFiles/omx_sim_interfaces__rosidl_generator_py.dir/rosidl_generator_py/omx_sim_interfaces/action/_place_s.c.o[0m
[ 87%] [32mBuilding C object CMakeFiles/omx_sim_interfaces__rosidl_generator_py.dir/rosidl_generator_py/omx_sim_interfaces/action/_reach_s.c.o[0m
[ 88%] [32m[1mLinking C shared library libomx_sim_interfaces__rosidl_generator_py.so[0m
[ 88%] Built target omx_sim_interfaces__rosidl_generator_py
[ 90%] [32mBuilding C object CMakeFiles/omx_sim_interfaces_s__rosidl_typesupport_introspection_c.dir/rosidl_generator_py/omx_sim_interfaces/_omx_sim_interfaces_s.ep.rosidl_typesupport_introspection_c.c.o[0m
[ 92%] [32mBuilding C object CMakeFiles/omx_sim_interfaces_s__rosidl_typesupport_fastrtps_c.dir/rosidl_generator_py/omx_sim_interfaces/_omx_sim_interfaces_s.ep.rosidl_typesupport_fastrtps_c.c.o[0m
[ 94%] [32mBuilding C object CMakeFiles/omx_sim_interfaces_s__rosidl_typesupport_c.dir/rosidl_generator_py/omx_sim_interfaces/_omx_sim_interfaces_s.ep.rosidl_typesupport_c.c.o[0m
[ 98%] [32m[1mLinking C shared module rosidl_generator_py/omx_sim_interfaces/omx_sim_interfaces_s__rosidl_typesupport_c.so[0m
[ 98%] [32m[1mLinking C shared module rosidl_generator_py/omx_sim_interfaces/omx_sim_interfaces_s__rosidl_typesupport_introspection_c.so[0m
[100%] [32m[1mLinking C shared module rosidl_generator_py/omx_sim_interfaces/omx_sim_interfaces_s__rosidl_typesupport_fastrtps_c.so[0m
[100%] Built target omx_sim_interfaces_s__rosidl_typesupport_introspection_c
[100%] Built target omx_sim_interfaces_s__rosidl_typesupport_c
[100%] Built target omx_sim_interfaces_s__rosidl_typesupport_fastrtps_c
-- Install configuration: ""
-- Up-to-date: /home/lsoo6741/ros2_ws/install/omx_sim_interfaces/share/ament_index/resource_index/rosidl_interfaces/omx_sim_interfaces
-- Up-to-date: /home/lsoo6741/ros2_ws/install/omx_sim_interfaces/share/omx_sim_interfaces/action/Pick.json
-- Up-to-date: /home/lsoo6741/ros2_ws/install/omx_sim_interfaces/share/omx_sim_interfaces/action/Place.json
-- Up-to-date: /home/lsoo6741/ros2_ws/install/omx_sim_interfaces/share/omx_sim_interfaces/action/Reach.json
-- Up-to-date: /home/lsoo6741/ros2_ws/install/omx_sim_interfaces/include/omx_sim_interfaces/omx_sim_interfaces
-- Up-to-date: /home/lsoo6741/ros2_ws/install/omx_sim_interfaces/include/omx_sim_interfaces/omx_sim_interfaces/msg
-- Up-to-date: /home/lsoo6741/ros2_ws/install/omx_sim_interfaces/include/omx_sim_interfaces/omx_sim_interfaces/msg/rosidl_generator_c__visibility_control.h
-- Up-to-date: /home/lsoo6741/ros2_ws/install/omx_sim_interfaces/include/omx_sim_interfaces/omx_sim_interfaces/action
-- Up-to-date: /home/lsoo6741/ros2_ws/install/omx_sim_interfaces/include/omx_sim_interfaces/omx_sim_interfaces/action/pick.h
-- Up-to-date: /home/lsoo6741/ros2_ws/install/omx_sim_interfaces/include/omx_sim_interfaces/omx_sim_interfaces/action/detail
-- Up-to-date: /home/lsoo6741/ros2_ws/install/omx_sim_interfaces/include/omx_sim_interfaces/omx_sim_interfaces/action/detail/pick__functions.h
-- Up-to-date: /home/lsoo6741/ros2_ws/install/omx_sim_interfaces/include/omx_sim_interfaces/omx_sim_interfaces/action/detail/pick__type_support.h
-- Up-to-date: /home/lsoo6741/ros2_ws/install/omx_sim_interfaces/include/omx_sim_interfaces/omx_sim_interfaces/action/detail/reach__type_support.h
-- Up-to-date: /home/lsoo6741/ros2_ws/install/omx_sim_interfaces/include/omx_sim_interfaces/omx_sim_interfaces/action/detail/pick__type_support.c
-- Up-to-date: /home/lsoo6741/ros2_ws/install/omx_sim_interfaces/include/omx_sim_interfaces/omx_sim_interfaces/action/detail/place__type_support.c
-- Up-to-date: /home/lsoo6741/ros2_ws/install/omx_sim_interfaces/include/omx_sim_interfaces/omx_sim_interfaces/action/detail/place__type_support.h
-- Up-to-date: /home/lsoo6741/ros2_ws/install/omx_sim_interfaces/include/omx_sim_interfaces/omx_sim_interfaces/action/detail/place__functions.h
-- Up-to-date: /home/lsoo6741/ros2_ws/install/omx_sim_interfaces/include/omx_sim_interfaces/omx_sim_interfaces/action/detail/pick__struct.h
-- Up-to-date: /home/lsoo6741/ros2_ws/install/omx_sim_interfaces/include/omx_sim_interfaces/omx_sim_interfaces/action/detail/reach__functions.c
-- Up-to-date: /home/lsoo6741/ros2_ws/install/omx_sim_interfaces/include/omx_sim_interfaces/omx_sim_interfaces/action/detail/pick__description.c
-- Up-to-date: /home/lsoo6741/ros2_ws/install/omx_sim_interfaces/include/omx_sim_interfaces/omx_sim_interfaces/action/detail/pick__functions.c
-- Up-to-date: /home/lsoo6741/ros2_ws/install/omx_sim_interfaces/include/omx_sim_interfaces/omx_sim_interfaces/action/detail/reach__type_support.c
-- Up-to-date: /home/lsoo6741/ros2_ws/install/omx_sim_interfaces/include/omx_sim_interfaces/omx_sim_interfaces/action/detail/reach__struct.h
-- Up-to-date: /home/lsoo6741/ros2_ws/install/omx_sim_interfaces/include/omx_sim_interfaces/omx_sim_interfaces/action/detail/reach__functions.h
-- Up-to-date: /home/lsoo6741/ros2_ws/install/omx_sim_interfaces/include/omx_sim_interfaces/omx_sim_interfaces/action/detail/place__struct.h
-- Up-to-date: /home/lsoo6741/ros2_ws/install/omx_sim_interfaces/include/omx_sim_interfaces/omx_sim_interfaces/action/detail/place__functions.c
-- Up-to-date: /home/lsoo6741/ros2_ws/install/omx_sim_interfaces/include/omx_sim_interfaces/omx_sim_interfaces/action/detail/reach__description.c
-- Up-to-date: /home/lsoo6741/ros2_ws/install/omx_sim_interfaces/include/omx_sim_interfaces/omx_sim_interfaces/action/detail/place__description.c
-- Up-to-date: /home/lsoo6741/ros2_ws/install/omx_sim_interfaces/include/omx_sim_interfaces/omx_sim_interfaces/action/place.h
-- Up-to-date: /home/lsoo6741/ros2_ws/install/omx_sim_interfaces/include/omx_sim_interfaces/omx_sim_interfaces/action/reach.h
-- Up-to-date: /home/lsoo6741/ros2_ws/install/omx_sim_interfaces/share/omx_sim_interfaces/environment/library_path.sh
-- Up-to-date: /home/lsoo6741/ros2_ws/install/omx_sim_interfaces/share/omx_sim_interfaces/environment/library_path.dsv
-- Up-to-date: /home/lsoo6741/ros2_ws/install/omx_sim_interfaces/lib/libomx_sim_interfaces__rosidl_generator_c.so
-- Up-to-date: /home/lsoo6741/ros2_ws/install/omx_sim_interfaces/include/omx_sim_interfaces/omx_sim_interfaces
-- Up-to-date: /home/lsoo6741/ros2_ws/install/omx_sim_interfaces/include/omx_sim_interfaces/omx_sim_interfaces/msg
-- Up-to-date: /home/lsoo6741/ros2_ws/install/omx_sim_interfaces/include/omx_sim_interfaces/omx_sim_interfaces/msg/rosidl_typesupport_fastrtps_c__visibility_control.h
-- Up-to-date: /home/lsoo6741/ros2_ws/install/omx_sim_interfaces/include/omx_sim_interfaces/omx_sim_interfaces/action
-- Up-to-date: /home/lsoo6741/ros2_ws/install/omx_sim_interfaces/include/omx_sim_interfaces/omx_sim_interfaces/action/detail
-- Up-to-date: /home/lsoo6741/ros2_ws/install/omx_sim_interfaces/include/omx_sim_interfaces/omx_sim_interfaces/action/detail/pick__rosidl_typesupport_fastrtps_c.h
-- Up-to-date: /home/lsoo6741/ros2_ws/install/omx_sim_interfaces/include/omx_sim_interfaces/omx_sim_interfaces/action/detail/reach__rosidl_typesupport_fastrtps_c.h
-- Up-to-date: /home/lsoo6741/ros2_ws/install/omx_sim_interfaces/include/omx_sim_interfaces/omx_sim_interfaces/action/detail/place__rosidl_typesupport_fastrtps_c.h
-- Up-to-date: /home/lsoo6741/ros2_ws/install/omx_sim_interfaces/lib/libomx_sim_interfaces__rosidl_typesupport_fastrtps_c.so
-- Up-to-date: /home/lsoo6741/ros2_ws/install/omx_sim_interfaces/include/omx_sim_interfaces/omx_sim_interfaces
-- Up-to-date: /home/lsoo6741/ros2_ws/install/omx_sim_interfaces/include/omx_sim_interfaces/omx_sim_interfaces/msg
-- Up-to-date: /home/lsoo6741/ros2_ws/install/omx_sim_interfaces/include/omx_sim_interfaces/omx_sim_interfaces/msg/rosidl_typesupport_introspection_c__visibility_control.h
-- Up-to-date: /home/lsoo6741/ros2_ws/install/omx_sim_interfaces/include/omx_sim_interfaces/omx_sim_interfaces/action
-- Up-to-date: /home/lsoo6741/ros2_ws/install/omx_sim_interfaces/include/omx_sim_interfaces/omx_sim_interfaces/action/detail
-- Up-to-date: /home/lsoo6741/ros2_ws/install/omx_sim_interfaces/include/omx_sim_interfaces/omx_sim_interfaces/action/detail/pick__type_support.c
-- Up-to-date: /home/lsoo6741/ros2_ws/install/omx_sim_interfaces/include/omx_sim_interfaces/omx_sim_interfaces/action/detail/place__type_support.c
-- Up-to-date: /home/lsoo6741/ros2_ws/install/omx_sim_interfaces/include/omx_sim_interfaces/omx_sim_interfaces/action/detail/place__rosidl_typesupport_introspection_c.h
-- Up-to-date: /home/lsoo6741/ros2_ws/install/omx_sim_interfaces/include/omx_sim_interfaces/omx_sim_interfaces/action/detail/pick__rosidl_typesupport_introspection_c.h
-- Up-to-date: /home/lsoo6741/ros2_ws/install/omx_sim_interfaces/include/omx_sim_interfaces/omx_sim_interfaces/action/detail/reach__type_support.c
-- Up-to-date: /home/lsoo6741/ros2_ws/install/omx_sim_interfaces/include/omx_sim_interfaces/omx_sim_interfaces/action/detail/reach__rosidl_typesupport_introspection_c.h
-- Up-to-date: /home/lsoo6741/ros2_ws/install/omx_sim_interfaces/lib/libomx_sim_interfaces__rosidl_typesupport_introspection_c.so
-- Up-to-date: /home/lsoo6741/ros2_ws/install/omx_sim_interfaces/lib/libomx_sim_interfaces__rosidl_typesupport_c.so
-- Up-to-date: /home/lsoo6741/ros2_ws/install/omx_sim_interfaces/include/omx_sim_interfaces/omx_sim_interfaces
-- Up-to-date: /home/lsoo6741/ros2_ws/install/omx_sim_interfaces/include/omx_sim_interfaces/omx_sim_interfaces/msg
-- Up-to-date: /home/lsoo6741/ros2_ws/install/omx_sim_interfaces/include/omx_sim_interfaces/omx_sim_interfaces/msg/rosidl_generator_cpp__visibility_control.hpp
-- Up-to-date: /home/lsoo6741/ros2_ws/install/omx_sim_interfaces/include/omx_sim_interfaces/omx_sim_interfaces/action
-- Up-to-date: /home/lsoo6741/ros2_ws/install/omx_sim_interfaces/include/omx_sim_interfaces/omx_sim_interfaces/action/place.hpp
-- Up-to-date: /home/lsoo6741/ros2_ws/install/omx_sim_interfaces/include/omx_sim_interfaces/omx_sim_interfaces/action/detail
-- Up-to-date: /home/lsoo6741/ros2_ws/install/omx_sim_interfaces/include/omx_sim_interfaces/omx_sim_interfaces/action/detail/reach__struct.hpp
-- Up-to-date: /home/lsoo6741/ros2_ws/install/omx_sim_interfaces/include/omx_sim_interfaces/omx_sim_interfaces/action/detail/reach__traits.hpp
-- Up-to-date: /home/lsoo6741/ros2_ws/install/omx_sim_interfaces/include/omx_sim_interfaces/omx_sim_interfaces/action/detail/place__type_support.hpp
-- Up-to-date: /home/lsoo6741/ros2_ws/install/omx_sim_interfaces/include/omx_sim_interfaces/omx_sim_interfaces/action/detail/place__builder.hpp
-- Up-to-date: /home/lsoo6741/ros2_ws/install/omx_sim_interfaces/include/omx_sim_interfaces/omx_sim_interfaces/action/detail/pick__type_support.hpp
-- Up-to-date: /home/lsoo6741/ros2_ws/install/omx_sim_interfaces/include/omx_sim_interfaces/omx_sim_interfaces/action/detail/place__struct.hpp
-- Up-to-date: /home/lsoo6741/ros2_ws/install/omx_sim_interfaces/include/omx_sim_interfaces/omx_sim_interfaces/action/detail/pick__builder.hpp
-- Up-to-date: /home/lsoo6741/ros2_ws/install/omx_sim_interfaces/include/omx_sim_interfaces/omx_sim_interfaces/action/detail/reach__builder.hpp
-- Up-to-date: /home/lsoo6741/ros2_ws/install/omx_sim_interfaces/include/omx_sim_interfaces/omx_sim_interfaces/action/detail/pick__traits.hpp
-- Up-to-date: /home/lsoo6741/ros2_ws/install/omx_sim_interfaces/include/omx_sim_interfaces/omx_sim_interfaces/action/detail/place__traits.hpp
-- Up-to-date: /home/lsoo6741/ros2_ws/install/omx_sim_interfaces/include/omx_sim_interfaces/omx_sim_interfaces/action/detail/reach__type_support.hpp
-- Up-to-date: /home/lsoo6741/ros2_ws/install/omx_sim_interfaces/include/omx_sim_interfaces/omx_sim_interfaces/action/detail/pick__struct.hpp
-- Up-to-date: /home/lsoo6741/ros2_ws/install/omx_sim_interfaces/include/omx_sim_interfaces/omx_sim_interfaces/action/pick.hpp
-- Up-to-date: /home/lsoo6741/ros2_ws/install/omx_sim_interfaces/include/omx_sim_interfaces/omx_sim_interfaces/action/reach.hpp
-- Up-to-date: /home/lsoo6741/ros2_ws/install/omx_sim_interfaces/include/omx_sim_interfaces/omx_sim_interfaces
-- Up-to-date: /home/lsoo6741/ros2_ws/install/omx_sim_interfaces/include/omx_sim_interfaces/omx_sim_interfaces/msg
-- Up-to-date: /home/lsoo6741/ros2_ws/install/omx_sim_interfaces/include/omx_sim_interfaces/omx_sim_interfaces/msg/rosidl_typesupport_fastrtps_cpp__visibility_control.h
-- Up-to-date: /home/lsoo6741/ros2_ws/install/omx_sim_interfaces/include/omx_sim_interfaces/omx_sim_interfaces/action
-- Up-to-date: /home/lsoo6741/ros2_ws/install/omx_sim_interfaces/include/omx_sim_interfaces/omx_sim_interfaces/action/detail
-- Up-to-date: /home/lsoo6741/ros2_ws/install/omx_sim_interfaces/include/omx_sim_interfaces/omx_sim_interfaces/action/detail/pick__rosidl_typesupport_fastrtps_cpp.hpp
-- Up-to-date: /home/lsoo6741/ros2_ws/install/omx_sim_interfaces/include/omx_sim_interfaces/omx_sim_interfaces/action/detail/dds_fastrtps
-- Up-to-date: /home/lsoo6741/ros2_ws/install/omx_sim_interfaces/include/omx_sim_interfaces/omx_sim_interfaces/action/detail/place__rosidl_typesupport_fastrtps_cpp.hpp
-- Up-to-date: /home/lsoo6741/ros2_ws/install/omx_sim_interfaces/include/omx_sim_interfaces/omx_sim_interfaces/action/detail/reach__rosidl_typesupport_fastrtps_cpp.hpp
-- Up-to-date: /home/lsoo6741/ros2_ws/install/omx_sim_interfaces/lib/libomx_sim_interfaces__rosidl_typesupport_fastrtps_cpp.so
-- Up-to-date: /home/lsoo6741/ros2_ws/install/omx_sim_interfaces/include/omx_sim_interfaces/omx_sim_interfaces
-- Up-to-date: /home/lsoo6741/ros2_ws/install/omx_sim_interfaces/include/omx_sim_interfaces/omx_sim_interfaces/action
-- Up-to-date: /home/lsoo6741/ros2_ws/install/omx_sim_interfaces/include/omx_sim_interfaces/omx_sim_interfaces/action/detail
-- Up-to-date: /home/lsoo6741/ros2_ws/install/omx_sim_interfaces/include/omx_sim_interfaces/omx_sim_interfaces/action/detail/reach__rosidl_typesupport_introspection_cpp.hpp
-- Up-to-date: /home/lsoo6741/ros2_ws/install/omx_sim_interfaces/include/omx_sim_interfaces/omx_sim_interfaces/action/detail/pick__type_support.cpp
-- Up-to-date: /home/lsoo6741/ros2_ws/install/omx_sim_interfaces/include/omx_sim_interfaces/omx_sim_interfaces/action/detail/pick__rosidl_typesupport_introspection_cpp.hpp
-- Up-to-date: /home/lsoo6741/ros2_ws/install/omx_sim_interfaces/include/omx_sim_interfaces/omx_sim_interfaces/action/detail/reach__type_support.cpp
-- Up-to-date: /home/lsoo6741/ros2_ws/install/omx_sim_interfaces/include/omx_sim_interfaces/omx_sim_interfaces/action/detail/place__rosidl_typesupport_introspection_cpp.hpp
-- Up-to-date: /home/lsoo6741/ros2_ws/install/omx_sim_interfaces/include/omx_sim_interfaces/omx_sim_interfaces/action/detail/place__type_support.cpp
-- Up-to-date: /home/lsoo6741/ros2_ws/install/omx_sim_interfaces/lib/libomx_sim_interfaces__rosidl_typesupport_introspection_cpp.so
-- Up-to-date: /home/lsoo6741/ros2_ws/install/omx_sim_interfaces/lib/libomx_sim_interfaces__rosidl_typesupport_cpp.so
-- Up-to-date: /home/lsoo6741/ros2_ws/install/omx_sim_interfaces/share/omx_sim_interfaces/environment/pythonpath.sh
-- Up-to-date: /home/lsoo6741/ros2_ws/install/omx_sim_interfaces/share/omx_sim_interfaces/environment/pythonpath.dsv
-- Up-to-date: /home/lsoo6741/ros2_ws/install/omx_sim_interfaces/lib/python3.12/site-packages/omx_sim_interfaces-0.1.0-py3.12.egg-info
-- Installing: /home/lsoo6741/ros2_ws/install/omx_sim_interfaces/lib/python3.12/site-packages/omx_sim_interfaces-0.1.0-py3.12.egg-info/top_level.txt
-- Installing: /home/lsoo6741/ros2_ws/install/omx_sim_interfaces/lib/python3.12/site-packages/omx_sim_interfaces-0.1.0-py3.12.egg-info/PKG-INFO
-- Installing: /home/lsoo6741/ros2_ws/install/omx_sim_interfaces/lib/python3.12/site-packages/omx_sim_interfaces-0.1.0-py3.12.egg-info/dependency_links.txt
-- Installing: /home/lsoo6741/ros2_ws/install/omx_sim_interfaces/lib/python3.12/site-packages/omx_sim_interfaces-0.1.0-py3.12.egg-info/SOURCES.txt
-- Up-to-date: /home/lsoo6741/ros2_ws/install/omx_sim_interfaces/lib/python3.12/site-packages/omx_sim_interfaces
-- Installing: /home/lsoo6741/ros2_ws/install/omx_sim_interfaces/lib/python3.12/site-packages/omx_sim_interfaces/__init__.py
-- Up-to-date: /home/lsoo6741/ros2_ws/install/omx_sim_interfaces/lib/python3.12/site-packages/omx_sim_interfaces/action
-- Up-to-date: /home/lsoo6741/ros2_ws/install/omx_sim_interfaces/lib/python3.12/site-packages/omx_sim_interfaces/action/_place_s.c
-- Up-to-date: /home/lsoo6741/ros2_ws/install/omx_sim_interfaces/lib/python3.12/site-packages/omx_sim_interfaces/action/__init__.py
-- Up-to-date: /home/lsoo6741/ros2_ws/install/omx_sim_interfaces/lib/python3.12/site-packages/omx_sim_interfaces/action/_pick_s.c
-- Up-to-date: /home/lsoo6741/ros2_ws/install/omx_sim_interfaces/lib/python3.12/site-packages/omx_sim_interfaces/action/_reach_s.c
-- Up-to-date: /home/lsoo6741/ros2_ws/install/omx_sim_interfaces/lib/python3.12/site-packages/omx_sim_interfaces/action/_reach.py
-- Up-to-date: /home/lsoo6741/ros2_ws/install/omx_sim_interfaces/lib/python3.12/site-packages/omx_sim_interfaces/action/_pick.py
-- Up-to-date: /home/lsoo6741/ros2_ws/install/omx_sim_interfaces/lib/python3.12/site-packages/omx_sim_interfaces/action/_place.py
-- Up-to-date: /home/lsoo6741/ros2_ws/install/omx_sim_interfaces/lib/python3.12/site-packages/omx_sim_interfaces/omx_sim_interfaces_s__rosidl_typesupport_fastrtps_c.so
-- Up-to-date: /home/lsoo6741/ros2_ws/install/omx_sim_interfaces/lib/python3.12/site-packages/omx_sim_interfaces/_omx_sim_interfaces_s.ep.rosidl_typesupport_c.c
-- Up-to-date: /home/lsoo6741/ros2_ws/install/omx_sim_interfaces/lib/python3.12/site-packages/omx_sim_interfaces/_omx_sim_interfaces_s.ep.rosidl_typesupport_fastrtps_c.c
-- Up-to-date: /home/lsoo6741/ros2_ws/install/omx_sim_interfaces/lib/python3.12/site-packages/omx_sim_interfaces/_omx_sim_interfaces_s.ep.rosidl_typesupport_introspection_c.c
-- Up-to-date: /home/lsoo6741/ros2_ws/install/omx_sim_interfaces/lib/python3.12/site-packages/omx_sim_interfaces/omx_sim_interfaces_s__rosidl_typesupport_c.so
-- Up-to-date: /home/lsoo6741/ros2_ws/install/omx_sim_interfaces/lib/python3.12/site-packages/omx_sim_interfaces/omx_sim_interfaces_s__rosidl_typesupport_introspection_c.so
Listing '/home/lsoo6741/ros2_ws/install/omx_sim_interfaces/lib/python3.12/site-packages/omx_sim_interfaces'...
Compiling '/home/lsoo6741/ros2_ws/install/omx_sim_interfaces/lib/python3.12/site-packages/omx_sim_interfaces/__init__.py'...
Listing '/home/lsoo6741/ros2_ws/install/omx_sim_interfaces/lib/python3.12/site-packages/omx_sim_interfaces/action'...
-- Up-to-date: /home/lsoo6741/ros2_ws/install/omx_sim_interfaces/lib/python3.12/site-packages/omx_sim_interfaces/omx_sim_interfaces_s__rosidl_typesupport_fastrtps_c.so
-- Up-to-date: /home/lsoo6741/ros2_ws/install/omx_sim_interfaces/lib/python3.12/site-packages/omx_sim_interfaces/omx_sim_interfaces_s__rosidl_typesupport_introspection_c.so
-- Up-to-date: /home/lsoo6741/ros2_ws/install/omx_sim_interfaces/lib/python3.12/site-packages/omx_sim_interfaces/omx_sim_interfaces_s__rosidl_typesupport_c.so
-- Up-to-date: /home/lsoo6741/ros2_ws/install/omx_sim_interfaces/lib/libomx_sim_interfaces__rosidl_generator_py.so
-- Up-to-date: /home/lsoo6741/ros2_ws/install/omx_sim_interfaces/share/omx_sim_interfaces/action/Pick.idl
-- Up-to-date: /home/lsoo6741/ros2_ws/install/omx_sim_interfaces/share/omx_sim_interfaces/action/Place.idl
-- Up-to-date: /home/lsoo6741/ros2_ws/install/omx_sim_interfaces/share/omx_sim_interfaces/action/Reach.idl
-- Up-to-date: /home/lsoo6741/ros2_ws/install/omx_sim_interfaces/share/omx_sim_interfaces/action/Pick.action
-- Up-to-date: /home/lsoo6741/ros2_ws/install/omx_sim_interfaces/share/omx_sim_interfaces/action/Place.action
-- Up-to-date: /home/lsoo6741/ros2_ws/install/omx_sim_interfaces/share/omx_sim_interfaces/action/Reach.action
-- Up-to-date: /home/lsoo6741/ros2_ws/install/omx_sim_interfaces/share/ament_index/resource_index/package_run_dependencies/omx_sim_interfaces
-- Up-to-date: /home/lsoo6741/ros2_ws/install/omx_sim_interfaces/share/ament_index/resource_index/parent_prefix_path/omx_sim_interfaces
-- Up-to-date: /home/lsoo6741/ros2_ws/install/omx_sim_interfaces/share/omx_sim_interfaces/environment/ament_prefix_path.sh
-- Up-to-date: /home/lsoo6741/ros2_ws/install/omx_sim_interfaces/share/omx_sim_interfaces/environment/ament_prefix_path.dsv
-- Up-to-date: /home/lsoo6741/ros2_ws/install/omx_sim_interfaces/share/omx_sim_interfaces/environment/path.sh
-- Up-to-date: /home/lsoo6741/ros2_ws/install/omx_sim_interfaces/share/omx_sim_interfaces/environment/path.dsv
-- Up-to-date: /home/lsoo6741/ros2_ws/install/omx_sim_interfaces/share/omx_sim_interfaces/local_setup.bash
-- Up-to-date: /home/lsoo6741/ros2_ws/install/omx_sim_interfaces/share/omx_sim_interfaces/local_setup.sh
-- Up-to-date: /home/lsoo6741/ros2_ws/install/omx_sim_interfaces/share/omx_sim_interfaces/local_setup.zsh
-- Up-to-date: /home/lsoo6741/ros2_ws/install/omx_sim_interfaces/share/omx_sim_interfaces/local_setup.dsv
-- Installing: /home/lsoo6741/ros2_ws/install/omx_sim_interfaces/share/omx_sim_interfaces/package.dsv
-- Up-to-date: /home/lsoo6741/ros2_ws/install/omx_sim_interfaces/share/ament_index/resource_index/packages/omx_sim_interfaces
-- Up-to-date: /home/lsoo6741/ros2_ws/install/omx_sim_interfaces/share/omx_sim_interfaces/cmake/export_omx_sim_interfaces__rosidl_generator_cExport.cmake
-- Up-to-date: /home/lsoo6741/ros2_ws/install/omx_sim_interfaces/share/omx_sim_interfaces/cmake/export_omx_sim_interfaces__rosidl_generator_cExport-noconfig.cmake
-- Up-to-date: /home/lsoo6741/ros2_ws/install/omx_sim_interfaces/share/omx_sim_interfaces/cmake/export_omx_sim_interfaces__rosidl_typesupport_fastrtps_cExport.cmake
-- Up-to-date: /home/lsoo6741/ros2_ws/install/omx_sim_interfaces/share/omx_sim_interfaces/cmake/export_omx_sim_interfaces__rosidl_typesupport_fastrtps_cExport-noconfig.cmake
-- Up-to-date: /home/lsoo6741/ros2_ws/install/omx_sim_interfaces/share/omx_sim_interfaces/cmake/omx_sim_interfaces__rosidl_typesupport_introspection_cExport.cmake
-- Up-to-date: /home/lsoo6741/ros2_ws/install/omx_sim_interfaces/share/omx_sim_interfaces/cmake/omx_sim_interfaces__rosidl_typesupport_introspection_cExport-noconfig.cmake
-- Up-to-date: /home/lsoo6741/ros2_ws/install/omx_sim_interfaces/share/omx_sim_interfaces/cmake/omx_sim_interfaces__rosidl_typesupport_cExport.cmake
-- Up-to-date: /home/lsoo6741/ros2_ws/install/omx_sim_interfaces/share/omx_sim_interfaces/cmake/omx_sim_interfaces__rosidl_typesupport_cExport-noconfig.cmake
-- Up-to-date: /home/lsoo6741/ros2_ws/install/omx_sim_interfaces/share/omx_sim_interfaces/cmake/export_omx_sim_interfaces__rosidl_generator_cppExport.cmake
-- Up-to-date: /home/lsoo6741/ros2_ws/install/omx_sim_interfaces/share/omx_sim_interfaces/cmake/export_omx_sim_interfaces__rosidl_typesupport_fastrtps_cppExport.cmake
-- Up-to-date: /home/lsoo6741/ros2_ws/install/omx_sim_interfaces/share/omx_sim_interfaces/cmake/export_omx_sim_interfaces__rosidl_typesupport_fastrtps_cppExport-noconfig.cmake
-- Up-to-date: /home/lsoo6741/ros2_ws/install/omx_sim_interfaces/share/omx_sim_interfaces/cmake/omx_sim_interfaces__rosidl_typesupport_introspection_cppExport.cmake
-- Up-to-date: /home/lsoo6741/ros2_ws/install/omx_sim_interfaces/share/omx_sim_interfaces/cmake/omx_sim_interfaces__rosidl_typesupport_introspection_cppExport-noconfig.cmake
-- Up-to-date: /home/lsoo6741/ros2_ws/install/omx_sim_interfaces/share/omx_sim_interfaces/cmake/omx_sim_interfaces__rosidl_typesupport_cppExport.cmake
-- Up-to-date: /home/lsoo6741/ros2_ws/install/omx_sim_interfaces/share/omx_sim_interfaces/cmake/omx_sim_interfaces__rosidl_typesupport_cppExport-noconfig.cmake
-- Up-to-date: /home/lsoo6741/ros2_ws/install/omx_sim_interfaces/share/omx_sim_interfaces/cmake/export_omx_sim_interfaces__rosidl_generator_pyExport.cmake
-- Up-to-date: /home/lsoo6741/ros2_ws/install/omx_sim_interfaces/share/omx_sim_interfaces/cmake/export_omx_sim_interfaces__rosidl_generator_pyExport-noconfig.cmake
-- Up-to-date: /home/lsoo6741/ros2_ws/install/omx_sim_interfaces/share/omx_sim_interfaces/cmake/rosidl_cmake-extras.cmake
-- Up-to-date: /home/lsoo6741/ros2_ws/install/omx_sim_interfaces/share/omx_sim_interfaces/cmake/ament_cmake_export_dependencies-extras.cmake
-- Up-to-date: /home/lsoo6741/ros2_ws/install/omx_sim_interfaces/share/omx_sim_interfaces/cmake/ament_cmake_export_include_directories-extras.cmake
-- Up-to-date: /home/lsoo6741/ros2_ws/install/omx_sim_interfaces/share/omx_sim_interfaces/cmake/ament_cmake_export_libraries-extras.cmake
-- Up-to-date: /home/lsoo6741/ros2_ws/install/omx_sim_interfaces/share/omx_sim_interfaces/cmake/ament_cmake_export_targets-extras.cmake
-- Up-to-date: /home/lsoo6741/ros2_ws/install/omx_sim_interfaces/share/omx_sim_interfaces/cmake/rosidl_cmake_export_typesupport_targets-extras.cmake
-- Up-to-date: /home/lsoo6741/ros2_ws/install/omx_sim_interfaces/share/omx_sim_interfaces/cmake/rosidl_cmake_export_typesupport_libraries-extras.cmake
-- Up-to-date: /home/lsoo6741/ros2_ws/install/omx_sim_interfaces/share/omx_sim_interfaces/cmake/omx_sim_interfacesConfig.cmake
-- Up-to-date: /home/lsoo6741/ros2_ws/install/omx_sim_interfaces/share/omx_sim_interfaces/cmake/omx_sim_interfacesConfig-version.cmake
-- Up-to-date: /home/lsoo6741/ros2_ws/install/omx_sim_interfaces/share/omx_sim_interfaces/package.xml
