[0.008s] Invoking command in '/home/lsoo6741/omx_multi_robot_sim/ros2_ws/build/omx_sim_interfaces': CMAKE_PREFIX_PATH=${CMAKE_PREFIX_PATH}:/home/lsoo6741/workspace/ros2_ws/install/py_srvcli:/home/lsoo6741/workspace/ros2_ws/install/py_pubsub:/home/lsoo6741/workspace/ros2_ws/install/my_turtle_pkg:/home/lsoo6741/workspace/ros2_ws/install/action_tutorials_py:/home/lsoo6741/workspace/ros2_ws/install/action_chaser_py:/opt/ros/jazzy DEBUGINFOD_URLS=https://debuginfod.ubuntu.com /usr/bin/cmake --build /home/lsoo6741/omx_multi_robot_sim/ros2_ws/build/omx_sim_interfaces -- -j12 -l12
[0.016s] [0mCMake Error: The current CMakeCache.txt directory /home/lsoo6741/omx_multi_robot_sim/ros2_ws/build/omx_sim_interfaces/CMakeCache.txt is different than the directory /home/lsoo6741/ros2_ws/build/omx_sim_interfaces where CMakeCache.txt was created. This may result in binaries being created in the wrong place. If you are not sure, reedit the CMakeCache.txt[0m
[0.036s] -- Found ament_cmake: 2.5.5 (/opt/ros/jazzy/share/ament_cmake/cmake)
[0.058s] -- Found Python3: /usr/bin/python3 (found version "3.12.3") found components: Interpreter 
[0.123s] -- Found rosidl_default_generators: 1.6.0 (/opt/ros/jazzy/share/rosidl_default_generators/cmake)
[0.127s] -- Using all available rosidl_typesupport_c: rosidl_typesupport_fastrtps_c;rosidl_typesupport_introspection_c
[0.159s] -- Using all available rosidl_typesupport_cpp: rosidl_typesupport_fastrtps_cpp;rosidl_typesupport_introspection_cpp
[0.184s] -- Found rosidl_adapter: 4.6.7 (/opt/ros/jazzy/share/rosidl_adapter/cmake)
[0.427s] -- Found ament_cmake_ros: 0.12.0 (/opt/ros/jazzy/share/ament_cmake_ros/cmake)
[0.502s] -- Using all available rosidl_typesupport_c: rosidl_typesupport_fastrtps_c;rosidl_typesupport_introspection_c
[0.592s] -- Using all available rosidl_typesupport_cpp: rosidl_typesupport_fastrtps_cpp;rosidl_typesupport_introspection_cpp
[0.593s] -- Found python_cmake_module: 0.11.1 (/opt/ros/jazzy/share/python_cmake_module/cmake)
[0.749s] -- Found Python3: /usr/bin/python3 (found version "3.12.3") found components: Interpreter Development NumPy Development.Module Development.Embed 
[0.765s] -- Configuring done (0.7s)
[0.799s] -- Generating done (0.0s)
[0.808s] -- Build files have been written to: /home/lsoo6741/ros2_ws/build/omx_sim_interfaces
[0.836s] [  1%] Built target omx_sim_interfaces__rosidl_generator_type_description
[0.844s] [  1%] Built target ament_cmake_python_copy_omx_sim_interfaces
[0.857s] [  3%] Built target omx_sim_interfaces__cpp
[0.863s] [  7%] [32mBuilding C object CMakeFiles/omx_sim_interfaces__rosidl_generator_c.dir/rosidl_generator_c/omx_sim_interfaces/action/detail/place__description.c.o[0m
[0.863s] [  7%] [32mBuilding C object CMakeFiles/omx_sim_interfaces__rosidl_generator_c.dir/rosidl_generator_c/omx_sim_interfaces/action/detail/pick__functions.c.o[0m
[0.864s] [  9%] [32mBuilding C object CMakeFiles/omx_sim_interfaces__rosidl_generator_c.dir/rosidl_generator_c/omx_sim_interfaces/action/detail/pick__description.c.o[0m
[0.864s] [ 12%] [32mBuilding C object CMakeFiles/omx_sim_interfaces__rosidl_generator_c.dir/rosidl_generator_c/omx_sim_interfaces/action/detail/place__functions.c.o[0m
[0.864s] [ 12%] [32mBuilding C object CMakeFiles/omx_sim_interfaces__rosidl_generator_c.dir/rosidl_generator_c/omx_sim_interfaces/action/detail/pick__type_support.c.o[0m
[0.865s] [ 14%] [32mBuilding C object CMakeFiles/omx_sim_interfaces__rosidl_generator_c.dir/rosidl_generator_c/omx_sim_interfaces/action/detail/place__type_support.c.o[0m
[0.865s] [ 16%] [32mBuilding C object CMakeFiles/omx_sim_interfaces__rosidl_generator_c.dir/rosidl_generator_c/omx_sim_interfaces/action/detail/reach__description.c.o[0m
[0.865s] [ 18%] [32mBuilding C object CMakeFiles/omx_sim_interfaces__rosidl_generator_c.dir/rosidl_generator_c/omx_sim_interfaces/action/detail/reach__type_support.c.o[0m
[0.866s] [ 20%] [32mBuilding C object CMakeFiles/omx_sim_interfaces__rosidl_generator_c.dir/rosidl_generator_c/omx_sim_interfaces/action/detail/reach__functions.c.o[0m
[0.974s] running egg_info
[0.983s] writing omx_sim_interfaces.egg-info/PKG-INFO
[0.983s] writing dependency_links to omx_sim_interfaces.egg-info/dependency_links.txt
[0.984s] writing top-level names to omx_sim_interfaces.egg-info/top_level.txt
[0.989s] [ 22%] [32m[1mLinking C shared library libomx_sim_interfaces__rosidl_generator_c.so[0m
[1.010s] reading manifest file 'omx_sim_interfaces.egg-info/SOURCES.txt'
[1.010s] writing manifest file 'omx_sim_interfaces.egg-info/SOURCES.txt'
[1.027s] [ 24%] Built target ament_cmake_python_build_omx_sim_interfaces_egg
[1.027s] [ 24%] Built target omx_sim_interfaces__rosidl_generator_c
[1.048s] [ 29%] [32mBuilding CXX object CMakeFiles/omx_sim_interfaces__rosidl_typesupport_c.dir/rosidl_typesupport_c/omx_sim_interfaces/action/place__type_support.cpp.o[0m
[1.048s] [ 29%] [32mBuilding CXX object CMakeFiles/omx_sim_interfaces__rosidl_typesupport_c.dir/rosidl_typesupport_c/omx_sim_interfaces/action/pick__type_support.cpp.o[0m
[1.048s] [ 29%] [32mBuilding C object CMakeFiles/omx_sim_interfaces__rosidl_typesupport_introspection_c.dir/rosidl_typesupport_introspection_c/omx_sim_interfaces/action/detail/pick__type_support.c.o[0m
[1.048s] [ 31%] [32mBuilding C object CMakeFiles/omx_sim_interfaces__rosidl_typesupport_introspection_c.dir/rosidl_typesupport_introspection_c/omx_sim_interfaces/action/detail/place__type_support.c.o[0m
[1.048s] [ 35%] [32mBuilding CXX object CMakeFiles/omx_sim_interfaces__rosidl_typesupport_c.dir/rosidl_typesupport_c/omx_sim_interfaces/action/reach__type_support.cpp.o[0m
[1.048s] [ 35%] [32mBuilding C object CMakeFiles/omx_sim_interfaces__rosidl_typesupport_introspection_c.dir/rosidl_typesupport_introspection_c/omx_sim_interfaces/action/detail/reach__type_support.c.o[0m
[1.049s] [ 37%] [32mBuilding CXX object CMakeFiles/omx_sim_interfaces__rosidl_typesupport_introspection_cpp.dir/rosidl_typesupport_introspection_cpp/omx_sim_interfaces/action/detail/pick__type_support.cpp.o[0m
[1.050s] [ 38%] [32mBuilding CXX object CMakeFiles/omx_sim_interfaces__rosidl_typesupport_cpp.dir/rosidl_typesupport_cpp/omx_sim_interfaces/action/pick__type_support.cpp.o[0m
[1.050s] [ 42%] [32mBuilding CXX object CMakeFiles/omx_sim_interfaces__rosidl_typesupport_introspection_cpp.dir/rosidl_typesupport_introspection_cpp/omx_sim_interfaces/action/detail/place__type_support.cpp.o[0m
[1.050s] [ 42%] [32mBuilding CXX object CMakeFiles/omx_sim_interfaces__rosidl_typesupport_cpp.dir/rosidl_typesupport_cpp/omx_sim_interfaces/action/place__type_support.cpp.o[0m
[1.050s] [ 44%] [32mBuilding CXX object CMakeFiles/omx_sim_interfaces__rosidl_typesupport_fastrtps_cpp.dir/rosidl_typesupport_fastrtps_cpp/omx_sim_interfaces/action/detail/dds_fastrtps/pick__type_support.cpp.o[0m
[1.050s] [ 46%] [32mBuilding CXX object CMakeFiles/omx_sim_interfaces__rosidl_typesupport_fastrtps_c.dir/rosidl_typesupport_fastrtps_c/omx_sim_interfaces/action/detail/pick__type_support_c.cpp.o[0m
[1.107s] [ 51%] [32m[1mLinking C shared library libomx_sim_interfaces__rosidl_typesupport_introspection_c.so[0m
[1.107s] [ 51%] [32mBuilding CXX object CMakeFiles/omx_sim_interfaces__rosidl_typesupport_cpp.dir/rosidl_typesupport_cpp/omx_sim_interfaces/action/reach__type_support.cpp.o[0m
[1.107s] [ 51%] [32mBuilding CXX object CMakeFiles/omx_sim_interfaces__rosidl_typesupport_fastrtps_cpp.dir/rosidl_typesupport_fastrtps_cpp/omx_sim_interfaces/action/detail/dds_fastrtps/place__type_support.cpp.o[0m
[1.135s] [ 53%] [32mBuilding CXX object CMakeFiles/omx_sim_interfaces__rosidl_typesupport_fastrtps_cpp.dir/rosidl_typesupport_fastrtps_cpp/omx_sim_interfaces/action/detail/dds_fastrtps/reach__type_support.cpp.o[0m
[1.137s] [ 55%] [32m[1mLinking CXX shared library libomx_sim_interfaces__rosidl_typesupport_c.so[0m
[1.141s] [ 57%] [32mBuilding CXX object CMakeFiles/omx_sim_interfaces__rosidl_typesupport_introspection_cpp.dir/rosidl_typesupport_introspection_cpp/omx_sim_interfaces/action/detail/reach__type_support.cpp.o[0m
[1.143s] [ 59%] Built target omx_sim_interfaces__rosidl_typesupport_introspection_c
[1.152s] [ 61%] [32mBuilding CXX object CMakeFiles/omx_sim_interfaces__rosidl_typesupport_fastrtps_c.dir/rosidl_typesupport_fastrtps_c/omx_sim_interfaces/action/detail/place__type_support_c.cpp.o[0m
[1.187s] [ 62%] Built target omx_sim_interfaces__rosidl_typesupport_c
[1.196s] [ 64%] [32mBuilding CXX object CMakeFiles/omx_sim_interfaces__rosidl_typesupport_fastrtps_c.dir/rosidl_typesupport_fastrtps_c/omx_sim_interfaces/action/detail/reach__type_support_c.cpp.o[0m
[1.673s] [ 66%] [32m[1mLinking CXX shared library libomx_sim_interfaces__rosidl_typesupport_fastrtps_c.so[0m
[1.685s] [ 68%] [32m[1mLinking CXX shared library libomx_sim_interfaces__rosidl_typesupport_cpp.so[0m
[1.729s] [ 70%] Built target omx_sim_interfaces__rosidl_typesupport_fastrtps_c
[1.744s] [ 72%] Built target omx_sim_interfaces__rosidl_typesupport_cpp
[1.763s] [ 74%] [32m[1mLinking CXX shared library libomx_sim_interfaces__rosidl_typesupport_introspection_cpp.so[0m
[1.821s] [ 75%] Built target omx_sim_interfaces__rosidl_typesupport_introspection_cpp
[1.898s] [ 77%] [32m[1mLinking CXX shared library libomx_sim_interfaces__rosidl_typesupport_fastrtps_cpp.so[0m
[1.957s] [ 79%] Built target omx_sim_interfaces__rosidl_typesupport_fastrtps_cpp
[1.972s] [ 79%] Built target omx_sim_interfaces
[1.988s] [ 81%] Built target omx_sim_interfaces__py
[2.008s] [ 85%] [32mBuilding C object CMakeFiles/omx_sim_interfaces__rosidl_generator_py.dir/rosidl_generator_py/omx_sim_interfaces/action/_pick_s.c.o[0m
[2.008s] [ 85%] [32mBuilding C object CMakeFiles/omx_sim_interfaces__rosidl_generator_py.dir/rosidl_generator_py/omx_sim_interfaces/action/_place_s.c.o[0m
[2.008s] [ 87%] [32mBuilding C object CMakeFiles/omx_sim_interfaces__rosidl_generator_py.dir/rosidl_generator_py/omx_sim_interfaces/action/_reach_s.c.o[0m
[2.152s] [ 88%] [32m[1mLinking C shared library libomx_sim_interfaces__rosidl_generator_py.so[0m
[2.186s] [ 88%] Built target omx_sim_interfaces__rosidl_generator_py
[2.203s] [ 90%] [32mBuilding C object CMakeFiles/omx_sim_interfaces_s__rosidl_typesupport_introspection_c.dir/rosidl_generator_py/omx_sim_interfaces/_omx_sim_interfaces_s.ep.rosidl_typesupport_introspection_c.c.o[0m
[2.204s] [ 92%] [32mBuilding C object CMakeFiles/omx_sim_interfaces_s__rosidl_typesupport_fastrtps_c.dir/rosidl_generator_py/omx_sim_interfaces/_omx_sim_interfaces_s.ep.rosidl_typesupport_fastrtps_c.c.o[0m
[2.204s] [ 94%] [32mBuilding C object CMakeFiles/omx_sim_interfaces_s__rosidl_typesupport_c.dir/rosidl_generator_py/omx_sim_interfaces/_omx_sim_interfaces_s.ep.rosidl_typesupport_c.c.o[0m
[2.314s] [ 98%] [32m[1mLinking C shared module rosidl_generator_py/omx_sim_interfaces/omx_sim_interfaces_s__rosidl_typesupport_c.so[0m
[2.314s] [ 98%] [32m[1mLinking C shared module rosidl_generator_py/omx_sim_interfaces/omx_sim_interfaces_s__rosidl_typesupport_introspection_c.so[0m
[2.316s] [100%] [32m[1mLinking C shared module rosidl_generator_py/omx_sim_interfaces/omx_sim_interfaces_s__rosidl_typesupport_fastrtps_c.so[0m
[2.339s] [100%] Built target omx_sim_interfaces_s__rosidl_typesupport_introspection_c
[2.339s] [100%] Built target omx_sim_interfaces_s__rosidl_typesupport_c
[2.342s] [100%] Built target omx_sim_interfaces_s__rosidl_typesupport_fastrtps_c
[2.351s] Invoked command in '/home/lsoo6741/omx_multi_robot_sim/ros2_ws/build/omx_sim_interfaces' returned '0': CMAKE_PREFIX_PATH=${CMAKE_PREFIX_PATH}:/home/lsoo6741/workspace/ros2_ws/install/py_srvcli:/home/lsoo6741/workspace/ros2_ws/install/py_pubsub:/home/lsoo6741/workspace/ros2_ws/install/my_turtle_pkg:/home/lsoo6741/workspace/ros2_ws/install/action_tutorials_py:/home/lsoo6741/workspace/ros2_ws/install/action_chaser_py:/opt/ros/jazzy DEBUGINFOD_URLS=https://debuginfod.ubuntu.com /usr/bin/cmake --build /home/lsoo6741/omx_multi_robot_sim/ros2_ws/build/omx_sim_interfaces -- -j12 -l12
[2.358s] Invoking command in '/home/lsoo6741/omx_multi_robot_sim/ros2_ws/build/omx_sim_interfaces': CMAKE_PREFIX_PATH=${CMAKE_PREFIX_PATH}:/home/lsoo6741/workspace/ros2_ws/install/py_srvcli:/home/lsoo6741/workspace/ros2_ws/install/py_pubsub:/home/lsoo6741/workspace/ros2_ws/install/my_turtle_pkg:/home/lsoo6741/workspace/ros2_ws/install/action_tutorials_py:/home/lsoo6741/workspace/ros2_ws/install/action_chaser_py:/opt/ros/jazzy DEBUGINFOD_URLS=https://debuginfod.ubuntu.com /usr/bin/cmake --install /home/lsoo6741/omx_multi_robot_sim/ros2_ws/build/omx_sim_interfaces
[2.364s] -- Install configuration: ""
[2.365s] -- Up-to-date: /home/lsoo6741/ros2_ws/install/omx_sim_interfaces/share/ament_index/resource_index/rosidl_interfaces/omx_sim_interfaces
[2.365s] -- Up-to-date: /home/lsoo6741/ros2_ws/install/omx_sim_interfaces/share/omx_sim_interfaces/action/Pick.json
[2.365s] -- Up-to-date: /home/lsoo6741/ros2_ws/install/omx_sim_interfaces/share/omx_sim_interfaces/action/Place.json
[2.365s] -- Up-to-date: /home/lsoo6741/ros2_ws/install/omx_sim_interfaces/share/omx_sim_interfaces/action/Reach.json
[2.365s] -- Up-to-date: /home/lsoo6741/ros2_ws/install/omx_sim_interfaces/include/omx_sim_interfaces/omx_sim_interfaces
[2.365s] -- Up-to-date: /home/lsoo6741/ros2_ws/install/omx_sim_interfaces/include/omx_sim_interfaces/omx_sim_interfaces/msg
[2.365s] -- Up-to-date: /home/lsoo6741/ros2_ws/install/omx_sim_interfaces/include/omx_sim_interfaces/omx_sim_interfaces/msg/rosidl_generator_c__visibility_control.h
[2.365s] -- Up-to-date: /home/lsoo6741/ros2_ws/install/omx_sim_interfaces/include/omx_sim_interfaces/omx_sim_interfaces/action
[2.365s] -- Up-to-date: /home/lsoo6741/ros2_ws/install/omx_sim_interfaces/include/omx_sim_interfaces/omx_sim_interfaces/action/pick.h
[2.365s] -- Up-to-date: /home/lsoo6741/ros2_ws/install/omx_sim_interfaces/include/omx_sim_interfaces/omx_sim_interfaces/action/detail
[2.365s] -- Up-to-date: /home/lsoo6741/ros2_ws/install/omx_sim_interfaces/include/omx_sim_interfaces/omx_sim_interfaces/action/detail/pick__functions.h
[2.365s] -- Up-to-date: /home/lsoo6741/ros2_ws/install/omx_sim_interfaces/include/omx_sim_interfaces/omx_sim_interfaces/action/detail/pick__type_support.h
[2.365s] -- Up-to-date: /home/lsoo6741/ros2_ws/install/omx_sim_interfaces/include/omx_sim_interfaces/omx_sim_interfaces/action/detail/reach__type_support.h
[2.365s] -- Up-to-date: /home/lsoo6741/ros2_ws/install/omx_sim_interfaces/include/omx_sim_interfaces/omx_sim_interfaces/action/detail/pick__type_support.c
[2.365s] -- Up-to-date: /home/lsoo6741/ros2_ws/install/omx_sim_interfaces/include/omx_sim_interfaces/omx_sim_interfaces/action/detail/place__type_support.c
[2.365s] -- Up-to-date: /home/lsoo6741/ros2_ws/install/omx_sim_interfaces/include/omx_sim_interfaces/omx_sim_interfaces/action/detail/place__type_support.h
[2.365s] -- Up-to-date: /home/lsoo6741/ros2_ws/install/omx_sim_interfaces/include/omx_sim_interfaces/omx_sim_interfaces/action/detail/place__functions.h
[2.365s] -- Up-to-date: /home/lsoo6741/ros2_ws/install/omx_sim_interfaces/include/omx_sim_interfaces/omx_sim_interfaces/action/detail/pick__struct.h
[2.365s] -- Up-to-date: /home/lsoo6741/ros2_ws/install/omx_sim_interfaces/include/omx_sim_interfaces/omx_sim_interfaces/action/detail/reach__functions.c
[2.365s] -- Up-to-date: /home/lsoo6741/ros2_ws/install/omx_sim_interfaces/include/omx_sim_interfaces/omx_sim_interfaces/action/detail/pick__description.c
[2.365s] -- Up-to-date: /home/lsoo6741/ros2_ws/install/omx_sim_interfaces/include/omx_sim_interfaces/omx_sim_interfaces/action/detail/pick__functions.c
[2.365s] -- Up-to-date: /home/lsoo6741/ros2_ws/install/omx_sim_interfaces/include/omx_sim_interfaces/omx_sim_interfaces/action/detail/reach__type_support.c
[2.365s] -- Up-to-date: /home/lsoo6741/ros2_ws/install/omx_sim_interfaces/include/omx_sim_interfaces/omx_sim_interfaces/action/detail/reach__struct.h
[2.365s] -- Up-to-date: /home/lsoo6741/ros2_ws/install/omx_sim_interfaces/include/omx_sim_interfaces/omx_sim_interfaces/action/detail/reach__functions.h
[2.365s] -- Up-to-date: /home/lsoo6741/ros2_ws/install/omx_sim_interfaces/include/omx_sim_interfaces/omx_sim_interfaces/action/detail/place__struct.h
[2.365s] -- Up-to-date: /home/lsoo6741/ros2_ws/install/omx_sim_interfaces/include/omx_sim_interfaces/omx_sim_interfaces/action/detail/place__functions.c
[2.365s] -- Up-to-date: /home/lsoo6741/ros2_ws/install/omx_sim_interfaces/include/omx_sim_interfaces/omx_sim_interfaces/action/detail/reach__description.c
[2.366s] -- Up-to-date: /home/lsoo6741/ros2_ws/install/omx_sim_interfaces/include/omx_sim_interfaces/omx_sim_interfaces/action/detail/place__description.c
[2.366s] -- Up-to-date: /home/lsoo6741/ros2_ws/install/omx_sim_interfaces/include/omx_sim_interfaces/omx_sim_interfaces/action/place.h
[2.366s] -- Up-to-date: /home/lsoo6741/ros2_ws/install/omx_sim_interfaces/include/omx_sim_interfaces/omx_sim_interfaces/action/reach.h
[2.366s] -- Up-to-date: /home/lsoo6741/ros2_ws/install/omx_sim_interfaces/share/omx_sim_interfaces/environment/library_path.sh
[2.366s] -- Up-to-date: /home/lsoo6741/ros2_ws/install/omx_sim_interfaces/share/omx_sim_interfaces/environment/library_path.dsv
[2.366s] -- Up-to-date: /home/lsoo6741/ros2_ws/install/omx_sim_interfaces/lib/libomx_sim_interfaces__rosidl_generator_c.so
[2.366s] -- Up-to-date: /home/lsoo6741/ros2_ws/install/omx_sim_interfaces/include/omx_sim_interfaces/omx_sim_interfaces
[2.366s] -- Up-to-date: /home/lsoo6741/ros2_ws/install/omx_sim_interfaces/include/omx_sim_interfaces/omx_sim_interfaces/msg
[2.366s] -- Up-to-date: /home/lsoo6741/ros2_ws/install/omx_sim_interfaces/include/omx_sim_interfaces/omx_sim_interfaces/msg/rosidl_typesupport_fastrtps_c__visibility_control.h
[2.366s] -- Up-to-date: /home/lsoo6741/ros2_ws/install/omx_sim_interfaces/include/omx_sim_interfaces/omx_sim_interfaces/action
[2.366s] -- Up-to-date: /home/lsoo6741/ros2_ws/install/omx_sim_interfaces/include/omx_sim_interfaces/omx_sim_interfaces/action/detail
[2.366s] -- Up-to-date: /home/lsoo6741/ros2_ws/install/omx_sim_interfaces/include/omx_sim_interfaces/omx_sim_interfaces/action/detail/pick__rosidl_typesupport_fastrtps_c.h
[2.366s] -- Up-to-date: /home/lsoo6741/ros2_ws/install/omx_sim_interfaces/include/omx_sim_interfaces/omx_sim_interfaces/action/detail/reach__rosidl_typesupport_fastrtps_c.h
[2.366s] -- Up-to-date: /home/lsoo6741/ros2_ws/install/omx_sim_interfaces/include/omx_sim_interfaces/omx_sim_interfaces/action/detail/place__rosidl_typesupport_fastrtps_c.h
[2.366s] -- Up-to-date: /home/lsoo6741/ros2_ws/install/omx_sim_interfaces/lib/libomx_sim_interfaces__rosidl_typesupport_fastrtps_c.so
[2.366s] -- Up-to-date: /home/lsoo6741/ros2_ws/install/omx_sim_interfaces/include/omx_sim_interfaces/omx_sim_interfaces
[2.366s] -- Up-to-date: /home/lsoo6741/ros2_ws/install/omx_sim_interfaces/include/omx_sim_interfaces/omx_sim_interfaces/msg
[2.366s] -- Up-to-date: /home/lsoo6741/ros2_ws/install/omx_sim_interfaces/include/omx_sim_interfaces/omx_sim_interfaces/msg/rosidl_typesupport_introspection_c__visibility_control.h
[2.367s] -- Up-to-date: /home/lsoo6741/ros2_ws/install/omx_sim_interfaces/include/omx_sim_interfaces/omx_sim_interfaces/action
[2.367s] -- Up-to-date: /home/lsoo6741/ros2_ws/install/omx_sim_interfaces/include/omx_sim_interfaces/omx_sim_interfaces/action/detail
[2.367s] -- Up-to-date: /home/lsoo6741/ros2_ws/install/omx_sim_interfaces/include/omx_sim_interfaces/omx_sim_interfaces/action/detail/pick__type_support.c
[2.367s] -- Up-to-date: /home/lsoo6741/ros2_ws/install/omx_sim_interfaces/include/omx_sim_interfaces/omx_sim_interfaces/action/detail/place__type_support.c
[2.367s] -- Up-to-date: /home/lsoo6741/ros2_ws/install/omx_sim_interfaces/include/omx_sim_interfaces/omx_sim_interfaces/action/detail/place__rosidl_typesupport_introspection_c.h
[2.367s] -- Up-to-date: /home/lsoo6741/ros2_ws/install/omx_sim_interfaces/include/omx_sim_interfaces/omx_sim_interfaces/action/detail/pick__rosidl_typesupport_introspection_c.h
[2.367s] -- Up-to-date: /home/lsoo6741/ros2_ws/install/omx_sim_interfaces/include/omx_sim_interfaces/omx_sim_interfaces/action/detail/reach__type_support.c
[2.367s] -- Up-to-date: /home/lsoo6741/ros2_ws/install/omx_sim_interfaces/include/omx_sim_interfaces/omx_sim_interfaces/action/detail/reach__rosidl_typesupport_introspection_c.h
[2.367s] -- Up-to-date: /home/lsoo6741/ros2_ws/install/omx_sim_interfaces/lib/libomx_sim_interfaces__rosidl_typesupport_introspection_c.so
[2.367s] -- Up-to-date: /home/lsoo6741/ros2_ws/install/omx_sim_interfaces/lib/libomx_sim_interfaces__rosidl_typesupport_c.so
[2.367s] -- Up-to-date: /home/lsoo6741/ros2_ws/install/omx_sim_interfaces/include/omx_sim_interfaces/omx_sim_interfaces
[2.367s] -- Up-to-date: /home/lsoo6741/ros2_ws/install/omx_sim_interfaces/include/omx_sim_interfaces/omx_sim_interfaces/msg
[2.367s] -- Up-to-date: /home/lsoo6741/ros2_ws/install/omx_sim_interfaces/include/omx_sim_interfaces/omx_sim_interfaces/msg/rosidl_generator_cpp__visibility_control.hpp
[2.367s] -- Up-to-date: /home/lsoo6741/ros2_ws/install/omx_sim_interfaces/include/omx_sim_interfaces/omx_sim_interfaces/action
[2.367s] -- Up-to-date: /home/lsoo6741/ros2_ws/install/omx_sim_interfaces/include/omx_sim_interfaces/omx_sim_interfaces/action/place.hpp
[2.367s] -- Up-to-date: /home/lsoo6741/ros2_ws/install/omx_sim_interfaces/include/omx_sim_interfaces/omx_sim_interfaces/action/detail
[2.367s] -- Up-to-date: /home/lsoo6741/ros2_ws/install/omx_sim_interfaces/include/omx_sim_interfaces/omx_sim_interfaces/action/detail/reach__struct.hpp
[2.367s] -- Up-to-date: /home/lsoo6741/ros2_ws/install/omx_sim_interfaces/include/omx_sim_interfaces/omx_sim_interfaces/action/detail/reach__traits.hpp
[2.367s] -- Up-to-date: /home/lsoo6741/ros2_ws/install/omx_sim_interfaces/include/omx_sim_interfaces/omx_sim_interfaces/action/detail/place__type_support.hpp
[2.368s] -- Up-to-date: /home/lsoo6741/ros2_ws/install/omx_sim_interfaces/include/omx_sim_interfaces/omx_sim_interfaces/action/detail/place__builder.hpp
[2.368s] -- Up-to-date: /home/lsoo6741/ros2_ws/install/omx_sim_interfaces/include/omx_sim_interfaces/omx_sim_interfaces/action/detail/pick__type_support.hpp
[2.368s] -- Up-to-date: /home/lsoo6741/ros2_ws/install/omx_sim_interfaces/include/omx_sim_interfaces/omx_sim_interfaces/action/detail/place__struct.hpp
[2.368s] -- Up-to-date: /home/lsoo6741/ros2_ws/install/omx_sim_interfaces/include/omx_sim_interfaces/omx_sim_interfaces/action/detail/pick__builder.hpp
[2.369s] -- Up-to-date: /home/lsoo6741/ros2_ws/install/omx_sim_interfaces/include/omx_sim_interfaces/omx_sim_interfaces/action/detail/reach__builder.hpp
[2.370s] -- Up-to-date: /home/lsoo6741/ros2_ws/install/omx_sim_interfaces/include/omx_sim_interfaces/omx_sim_interfaces/action/detail/pick__traits.hpp
[2.370s] -- Up-to-date: /home/lsoo6741/ros2_ws/install/omx_sim_interfaces/include/omx_sim_interfaces/omx_sim_interfaces/action/detail/place__traits.hpp
[2.370s] -- Up-to-date: /home/lsoo6741/ros2_ws/install/omx_sim_interfaces/include/omx_sim_interfaces/omx_sim_interfaces/action/detail/reach__type_support.hpp
[2.370s] -- Up-to-date: /home/lsoo6741/ros2_ws/install/omx_sim_interfaces/include/omx_sim_interfaces/omx_sim_interfaces/action/detail/pick__struct.hpp
[2.370s] -- Up-to-date: /home/lsoo6741/ros2_ws/install/omx_sim_interfaces/include/omx_sim_interfaces/omx_sim_interfaces/action/pick.hpp
[2.370s] -- Up-to-date: /home/lsoo6741/ros2_ws/install/omx_sim_interfaces/include/omx_sim_interfaces/omx_sim_interfaces/action/reach.hpp
[2.370s] -- Up-to-date: /home/lsoo6741/ros2_ws/install/omx_sim_interfaces/include/omx_sim_interfaces/omx_sim_interfaces
[2.370s] -- Up-to-date: /home/lsoo6741/ros2_ws/install/omx_sim_interfaces/include/omx_sim_interfaces/omx_sim_interfaces/msg
[2.370s] -- Up-to-date: /home/lsoo6741/ros2_ws/install/omx_sim_interfaces/include/omx_sim_interfaces/omx_sim_interfaces/msg/rosidl_typesupport_fastrtps_cpp__visibility_control.h
[2.370s] -- Up-to-date: /home/lsoo6741/ros2_ws/install/omx_sim_interfaces/include/omx_sim_interfaces/omx_sim_interfaces/action
[2.370s] -- Up-to-date: /home/lsoo6741/ros2_ws/install/omx_sim_interfaces/include/omx_sim_interfaces/omx_sim_interfaces/action/detail
[2.370s] -- Up-to-date: /home/lsoo6741/ros2_ws/install/omx_sim_interfaces/include/omx_sim_interfaces/omx_sim_interfaces/action/detail/pick__rosidl_typesupport_fastrtps_cpp.hpp
[2.370s] -- Up-to-date: /home/lsoo6741/ros2_ws/install/omx_sim_interfaces/include/omx_sim_interfaces/omx_sim_interfaces/action/detail/dds_fastrtps
[2.370s] -- Up-to-date: /home/lsoo6741/ros2_ws/install/omx_sim_interfaces/include/omx_sim_interfaces/omx_sim_interfaces/action/detail/place__rosidl_typesupport_fastrtps_cpp.hpp
[2.370s] -- Up-to-date: /home/lsoo6741/ros2_ws/install/omx_sim_interfaces/include/omx_sim_interfaces/omx_sim_interfaces/action/detail/reach__rosidl_typesupport_fastrtps_cpp.hpp
[2.370s] -- Up-to-date: /home/lsoo6741/ros2_ws/install/omx_sim_interfaces/lib/libomx_sim_interfaces__rosidl_typesupport_fastrtps_cpp.so
[2.370s] -- Up-to-date: /home/lsoo6741/ros2_ws/install/omx_sim_interfaces/include/omx_sim_interfaces/omx_sim_interfaces
[2.370s] -- Up-to-date: /home/lsoo6741/ros2_ws/install/omx_sim_interfaces/include/omx_sim_interfaces/omx_sim_interfaces/action
[2.370s] -- Up-to-date: /home/lsoo6741/ros2_ws/install/omx_sim_interfaces/include/omx_sim_interfaces/omx_sim_interfaces/action/detail
[2.370s] -- Up-to-date: /home/lsoo6741/ros2_ws/install/omx_sim_interfaces/include/omx_sim_interfaces/omx_sim_interfaces/action/detail/reach__rosidl_typesupport_introspection_cpp.hpp
[2.370s] -- Up-to-date: /home/lsoo6741/ros2_ws/install/omx_sim_interfaces/include/omx_sim_interfaces/omx_sim_interfaces/action/detail/pick__type_support.cpp
[2.370s] -- Up-to-date: /home/lsoo6741/ros2_ws/install/omx_sim_interfaces/include/omx_sim_interfaces/omx_sim_interfaces/action/detail/pick__rosidl_typesupport_introspection_cpp.hpp
[2.370s] -- Up-to-date: /home/lsoo6741/ros2_ws/install/omx_sim_interfaces/include/omx_sim_interfaces/omx_sim_interfaces/action/detail/reach__type_support.cpp
[2.370s] -- Up-to-date: /home/lsoo6741/ros2_ws/install/omx_sim_interfaces/include/omx_sim_interfaces/omx_sim_interfaces/action/detail/place__rosidl_typesupport_introspection_cpp.hpp
[2.370s] -- Up-to-date: /home/lsoo6741/ros2_ws/install/omx_sim_interfaces/include/omx_sim_interfaces/omx_sim_interfaces/action/detail/place__type_support.cpp
[2.370s] -- Up-to-date: /home/lsoo6741/ros2_ws/install/omx_sim_interfaces/lib/libomx_sim_interfaces__rosidl_typesupport_introspection_cpp.so
[2.370s] -- Up-to-date: /home/lsoo6741/ros2_ws/install/omx_sim_interfaces/lib/libomx_sim_interfaces__rosidl_typesupport_cpp.so
[2.370s] -- Up-to-date: /home/lsoo6741/ros2_ws/install/omx_sim_interfaces/share/omx_sim_interfaces/environment/pythonpath.sh
[2.370s] -- Up-to-date: /home/lsoo6741/ros2_ws/install/omx_sim_interfaces/share/omx_sim_interfaces/environment/pythonpath.dsv
[2.370s] -- Up-to-date: /home/lsoo6741/ros2_ws/install/omx_sim_interfaces/lib/python3.12/site-packages/omx_sim_interfaces-0.1.0-py3.12.egg-info
[2.370s] -- Installing: /home/lsoo6741/ros2_ws/install/omx_sim_interfaces/lib/python3.12/site-packages/omx_sim_interfaces-0.1.0-py3.12.egg-info/top_level.txt
[2.370s] -- Installing: /home/lsoo6741/ros2_ws/install/omx_sim_interfaces/lib/python3.12/site-packages/omx_sim_interfaces-0.1.0-py3.12.egg-info/PKG-INFO
[2.371s] -- Installing: /home/lsoo6741/ros2_ws/install/omx_sim_interfaces/lib/python3.12/site-packages/omx_sim_interfaces-0.1.0-py3.12.egg-info/dependency_links.txt
[2.371s] -- Installing: /home/lsoo6741/ros2_ws/install/omx_sim_interfaces/lib/python3.12/site-packages/omx_sim_interfaces-0.1.0-py3.12.egg-info/SOURCES.txt
[2.371s] -- Up-to-date: /home/lsoo6741/ros2_ws/install/omx_sim_interfaces/lib/python3.12/site-packages/omx_sim_interfaces
[2.371s] -- Installing: /home/lsoo6741/ros2_ws/install/omx_sim_interfaces/lib/python3.12/site-packages/omx_sim_interfaces/__init__.py
[2.371s] -- Up-to-date: /home/lsoo6741/ros2_ws/install/omx_sim_interfaces/lib/python3.12/site-packages/omx_sim_interfaces/action
[2.371s] -- Up-to-date: /home/lsoo6741/ros2_ws/install/omx_sim_interfaces/lib/python3.12/site-packages/omx_sim_interfaces/action/_place_s.c
[2.371s] -- Up-to-date: /home/lsoo6741/ros2_ws/install/omx_sim_interfaces/lib/python3.12/site-packages/omx_sim_interfaces/action/__init__.py
[2.371s] -- Up-to-date: /home/lsoo6741/ros2_ws/install/omx_sim_interfaces/lib/python3.12/site-packages/omx_sim_interfaces/action/_pick_s.c
[2.371s] -- Up-to-date: /home/lsoo6741/ros2_ws/install/omx_sim_interfaces/lib/python3.12/site-packages/omx_sim_interfaces/action/_reach_s.c
[2.371s] -- Up-to-date: /home/lsoo6741/ros2_ws/install/omx_sim_interfaces/lib/python3.12/site-packages/omx_sim_interfaces/action/_reach.py
[2.371s] -- Up-to-date: /home/lsoo6741/ros2_ws/install/omx_sim_interfaces/lib/python3.12/site-packages/omx_sim_interfaces/action/_pick.py
[2.371s] -- Up-to-date: /home/lsoo6741/ros2_ws/install/omx_sim_interfaces/lib/python3.12/site-packages/omx_sim_interfaces/action/_place.py
[2.371s] -- Up-to-date: /home/lsoo6741/ros2_ws/install/omx_sim_interfaces/lib/python3.12/site-packages/omx_sim_interfaces/omx_sim_interfaces_s__rosidl_typesupport_fastrtps_c.so
[2.371s] -- Up-to-date: /home/lsoo6741/ros2_ws/install/omx_sim_interfaces/lib/python3.12/site-packages/omx_sim_interfaces/_omx_sim_interfaces_s.ep.rosidl_typesupport_c.c
[2.371s] -- Up-to-date: /home/lsoo6741/ros2_ws/install/omx_sim_interfaces/lib/python3.12/site-packages/omx_sim_interfaces/_omx_sim_interfaces_s.ep.rosidl_typesupport_fastrtps_c.c
[2.371s] -- Up-to-date: /home/lsoo6741/ros2_ws/install/omx_sim_interfaces/lib/python3.12/site-packages/omx_sim_interfaces/_omx_sim_interfaces_s.ep.rosidl_typesupport_introspection_c.c
[2.371s] -- Up-to-date: /home/lsoo6741/ros2_ws/install/omx_sim_interfaces/lib/python3.12/site-packages/omx_sim_interfaces/omx_sim_interfaces_s__rosidl_typesupport_c.so
[2.371s] -- Up-to-date: /home/lsoo6741/ros2_ws/install/omx_sim_interfaces/lib/python3.12/site-packages/omx_sim_interfaces/omx_sim_interfaces_s__rosidl_typesupport_introspection_c.so
[2.393s] Listing '/home/lsoo6741/ros2_ws/install/omx_sim_interfaces/lib/python3.12/site-packages/omx_sim_interfaces'...
[2.393s] Compiling '/home/lsoo6741/ros2_ws/install/omx_sim_interfaces/lib/python3.12/site-packages/omx_sim_interfaces/__init__.py'...
[2.393s] Listing '/home/lsoo6741/ros2_ws/install/omx_sim_interfaces/lib/python3.12/site-packages/omx_sim_interfaces/action'...
[2.396s] -- Up-to-date: /home/lsoo6741/ros2_ws/install/omx_sim_interfaces/lib/python3.12/site-packages/omx_sim_interfaces/omx_sim_interfaces_s__rosidl_typesupport_fastrtps_c.so
[2.396s] -- Up-to-date: /home/lsoo6741/ros2_ws/install/omx_sim_interfaces/lib/python3.12/site-packages/omx_sim_interfaces/omx_sim_interfaces_s__rosidl_typesupport_introspection_c.so
[2.397s] -- Up-to-date: /home/lsoo6741/ros2_ws/install/omx_sim_interfaces/lib/python3.12/site-packages/omx_sim_interfaces/omx_sim_interfaces_s__rosidl_typesupport_c.so
[2.397s] -- Up-to-date: /home/lsoo6741/ros2_ws/install/omx_sim_interfaces/lib/libomx_sim_interfaces__rosidl_generator_py.so
[2.397s] -- Up-to-date: /home/lsoo6741/ros2_ws/install/omx_sim_interfaces/share/omx_sim_interfaces/action/Pick.idl
[2.397s] -- Up-to-date: /home/lsoo6741/ros2_ws/install/omx_sim_interfaces/share/omx_sim_interfaces/action/Place.idl
[2.397s] -- Up-to-date: /home/lsoo6741/ros2_ws/install/omx_sim_interfaces/share/omx_sim_interfaces/action/Reach.idl
[2.397s] -- Up-to-date: /home/lsoo6741/ros2_ws/install/omx_sim_interfaces/share/omx_sim_interfaces/action/Pick.action
[2.397s] -- Up-to-date: /home/lsoo6741/ros2_ws/install/omx_sim_interfaces/share/omx_sim_interfaces/action/Place.action
[2.397s] -- Up-to-date: /home/lsoo6741/ros2_ws/install/omx_sim_interfaces/share/omx_sim_interfaces/action/Reach.action
[2.397s] -- Up-to-date: /home/lsoo6741/ros2_ws/install/omx_sim_interfaces/share/ament_index/resource_index/package_run_dependencies/omx_sim_interfaces
[2.397s] -- Up-to-date: /home/lsoo6741/ros2_ws/install/omx_sim_interfaces/share/ament_index/resource_index/parent_prefix_path/omx_sim_interfaces
[2.398s] -- Up-to-date: /home/lsoo6741/ros2_ws/install/omx_sim_interfaces/share/omx_sim_interfaces/environment/ament_prefix_path.sh
[2.398s] -- Up-to-date: /home/lsoo6741/ros2_ws/install/omx_sim_interfaces/share/omx_sim_interfaces/environment/ament_prefix_path.dsv
[2.398s] -- Up-to-date: /home/lsoo6741/ros2_ws/install/omx_sim_interfaces/share/omx_sim_interfaces/environment/path.sh
[2.398s] -- Up-to-date: /home/lsoo6741/ros2_ws/install/omx_sim_interfaces/share/omx_sim_interfaces/environment/path.dsv
[2.398s] -- Up-to-date: /home/lsoo6741/ros2_ws/install/omx_sim_interfaces/share/omx_sim_interfaces/local_setup.bash
[2.398s] -- Up-to-date: /home/lsoo6741/ros2_ws/install/omx_sim_interfaces/share/omx_sim_interfaces/local_setup.sh
[2.398s] -- Up-to-date: /home/lsoo6741/ros2_ws/install/omx_sim_interfaces/share/omx_sim_interfaces/local_setup.zsh
[2.398s] -- Up-to-date: /home/lsoo6741/ros2_ws/install/omx_sim_interfaces/share/omx_sim_interfaces/local_setup.dsv
[2.398s] -- Installing: /home/lsoo6741/ros2_ws/install/omx_sim_interfaces/share/omx_sim_interfaces/package.dsv
[2.398s] -- Up-to-date: /home/lsoo6741/ros2_ws/install/omx_sim_interfaces/share/ament_index/resource_index/packages/omx_sim_interfaces
[2.398s] -- Up-to-date: /home/lsoo6741/ros2_ws/install/omx_sim_interfaces/share/omx_sim_interfaces/cmake/export_omx_sim_interfaces__rosidl_generator_cExport.cmake
[2.398s] -- Up-to-date: /home/lsoo6741/ros2_ws/install/omx_sim_interfaces/share/omx_sim_interfaces/cmake/export_omx_sim_interfaces__rosidl_generator_cExport-noconfig.cmake
[2.398s] -- Up-to-date: /home/lsoo6741/ros2_ws/install/omx_sim_interfaces/share/omx_sim_interfaces/cmake/export_omx_sim_interfaces__rosidl_typesupport_fastrtps_cExport.cmake
[2.398s] -- Up-to-date: /home/lsoo6741/ros2_ws/install/omx_sim_interfaces/share/omx_sim_interfaces/cmake/export_omx_sim_interfaces__rosidl_typesupport_fastrtps_cExport-noconfig.cmake
[2.398s] -- Up-to-date: /home/lsoo6741/ros2_ws/install/omx_sim_interfaces/share/omx_sim_interfaces/cmake/omx_sim_interfaces__rosidl_typesupport_introspection_cExport.cmake
[2.398s] -- Up-to-date: /home/lsoo6741/ros2_ws/install/omx_sim_interfaces/share/omx_sim_interfaces/cmake/omx_sim_interfaces__rosidl_typesupport_introspection_cExport-noconfig.cmake
[2.398s] -- Up-to-date: /home/lsoo6741/ros2_ws/install/omx_sim_interfaces/share/omx_sim_interfaces/cmake/omx_sim_interfaces__rosidl_typesupport_cExport.cmake
[2.398s] -- Up-to-date: /home/lsoo6741/ros2_ws/install/omx_sim_interfaces/share/omx_sim_interfaces/cmake/omx_sim_interfaces__rosidl_typesupport_cExport-noconfig.cmake
[2.398s] -- Up-to-date: /home/lsoo6741/ros2_ws/install/omx_sim_interfaces/share/omx_sim_interfaces/cmake/export_omx_sim_interfaces__rosidl_generator_cppExport.cmake
[2.398s] -- Up-to-date: /home/lsoo6741/ros2_ws/install/omx_sim_interfaces/share/omx_sim_interfaces/cmake/export_omx_sim_interfaces__rosidl_typesupport_fastrtps_cppExport.cmake
[2.398s] -- Up-to-date: /home/lsoo6741/ros2_ws/install/omx_sim_interfaces/share/omx_sim_interfaces/cmake/export_omx_sim_interfaces__rosidl_typesupport_fastrtps_cppExport-noconfig.cmake
[2.398s] -- Up-to-date: /home/lsoo6741/ros2_ws/install/omx_sim_interfaces/share/omx_sim_interfaces/cmake/omx_sim_interfaces__rosidl_typesupport_introspection_cppExport.cmake
[2.398s] -- Up-to-date: /home/lsoo6741/ros2_ws/install/omx_sim_interfaces/share/omx_sim_interfaces/cmake/omx_sim_interfaces__rosidl_typesupport_introspection_cppExport-noconfig.cmake
[2.398s] -- Up-to-date: /home/lsoo6741/ros2_ws/install/omx_sim_interfaces/share/omx_sim_interfaces/cmake/omx_sim_interfaces__rosidl_typesupport_cppExport.cmake
[2.399s] -- Up-to-date: /home/lsoo6741/ros2_ws/install/omx_sim_interfaces/share/omx_sim_interfaces/cmake/omx_sim_interfaces__rosidl_typesupport_cppExport-noconfig.cmake
[2.399s] -- Up-to-date: /home/lsoo6741/ros2_ws/install/omx_sim_interfaces/share/omx_sim_interfaces/cmake/export_omx_sim_interfaces__rosidl_generator_pyExport.cmake
[2.399s] -- Up-to-date: /home/lsoo6741/ros2_ws/install/omx_sim_interfaces/share/omx_sim_interfaces/cmake/export_omx_sim_interfaces__rosidl_generator_pyExport-noconfig.cmake
[2.399s] -- Up-to-date: /home/lsoo6741/ros2_ws/install/omx_sim_interfaces/share/omx_sim_interfaces/cmake/rosidl_cmake-extras.cmake
[2.399s] -- Up-to-date: /home/lsoo6741/ros2_ws/install/omx_sim_interfaces/share/omx_sim_interfaces/cmake/ament_cmake_export_dependencies-extras.cmake
[2.399s] -- Up-to-date: /home/lsoo6741/ros2_ws/install/omx_sim_interfaces/share/omx_sim_interfaces/cmake/ament_cmake_export_include_directories-extras.cmake
[2.399s] -- Up-to-date: /home/lsoo6741/ros2_ws/install/omx_sim_interfaces/share/omx_sim_interfaces/cmake/ament_cmake_export_libraries-extras.cmake
[2.399s] -- Up-to-date: /home/lsoo6741/ros2_ws/install/omx_sim_interfaces/share/omx_sim_interfaces/cmake/ament_cmake_export_targets-extras.cmake
[2.399s] -- Up-to-date: /home/lsoo6741/ros2_ws/install/omx_sim_interfaces/share/omx_sim_interfaces/cmake/rosidl_cmake_export_typesupport_targets-extras.cmake
[2.399s] -- Up-to-date: /home/lsoo6741/ros2_ws/install/omx_sim_interfaces/share/omx_sim_interfaces/cmake/rosidl_cmake_export_typesupport_libraries-extras.cmake
[2.399s] -- Up-to-date: /home/lsoo6741/ros2_ws/install/omx_sim_interfaces/share/omx_sim_interfaces/cmake/omx_sim_interfacesConfig.cmake
[2.399s] -- Up-to-date: /home/lsoo6741/ros2_ws/install/omx_sim_interfaces/share/omx_sim_interfaces/cmake/omx_sim_interfacesConfig-version.cmake
[2.399s] -- Up-to-date: /home/lsoo6741/ros2_ws/install/omx_sim_interfaces/share/omx_sim_interfaces/package.xml
[2.400s] Invoked command in '/home/lsoo6741/omx_multi_robot_sim/ros2_ws/build/omx_sim_interfaces' returned '0': CMAKE_PREFIX_PATH=${CMAKE_PREFIX_PATH}:/home/lsoo6741/workspace/ros2_ws/install/py_srvcli:/home/lsoo6741/workspace/ros2_ws/install/py_pubsub:/home/lsoo6741/workspace/ros2_ws/install/my_turtle_pkg:/home/lsoo6741/workspace/ros2_ws/install/action_tutorials_py:/home/lsoo6741/workspace/ros2_ws/install/action_chaser_py:/opt/ros/jazzy DEBUGINFOD_URLS=https://debuginfod.ubuntu.com /usr/bin/cmake --install /home/lsoo6741/omx_multi_robot_sim/ros2_ws/build/omx_sim_interfaces
