[0.009s] Invoking command in '/home/lsoo6741/omx_multi_robot_sim/ros2_ws/build/omx_sim_interfaces': CMAKE_PREFIX_PATH=${CMAKE_PREFIX_PATH}:/home/lsoo6741/omx_multi_robot_sim/ros2_ws/install/omx_sim:/home/lsoo6741/workspace/ros2_ws/install/py_srvcli:/home/lsoo6741/workspace/ros2_ws/install/py_pubsub:/home/lsoo6741/workspace/ros2_ws/install/my_turtle_pkg:/home/lsoo6741/workspace/ros2_ws/install/action_tutorials_py:/home/lsoo6741/workspace/ros2_ws/install/action_chaser_py:/opt/ros/jazzy DEBUGINFOD_URLS=https://debuginfod.ubuntu.com /usr/bin/cmake --build /home/lsoo6741/omx_multi_robot_sim/ros2_ws/build/omx_sim_interfaces -- -j12 -l12
[0.054s] [  1%] Built target omx_sim_interfaces__rosidl_generator_type_description
[0.064s] [  1%] Built target ament_cmake_python_copy_omx_sim_interfaces
[0.072s] [  2%] Built target omx_sim_interfaces__cpp
[0.080s] [ 26%] Built target omx_sim_interfaces__rosidl_generator_c
[0.105s] [ 35%] Built target omx_sim_interfaces__rosidl_typesupport_c
[0.106s] [ 45%] Built target omx_sim_interfaces__rosidl_typesupport_introspection_c
[0.109s] [ 54%] Built target omx_sim_interfaces__rosidl_typesupport_fastrtps_c
[0.110s] [ 64%] Built target omx_sim_interfaces__rosidl_typesupport_fastrtps_cpp
[0.112s] [ 73%] Built target omx_sim_interfaces__rosidl_typesupport_cpp
[0.113s] [ 83%] Built target omx_sim_interfaces__rosidl_typesupport_introspection_cpp
[0.130s] [ 83%] Built target omx_sim_interfaces
[0.148s] [ 84%] Built target omx_sim_interfaces__py
[0.174s] [ 92%] Built target omx_sim_interfaces__rosidl_generator_py
[0.194s] [ 97%] Built target omx_sim_interfaces_s__rosidl_typesupport_introspection_c
[0.194s] [ 97%] Built target omx_sim_interfaces_s__rosidl_typesupport_fastrtps_c
[0.194s] [100%] Built target omx_sim_interfaces_s__rosidl_typesupport_c
[0.205s] running egg_info
[0.217s] writing omx_sim_interfaces.egg-info/PKG-INFO
[0.217s] writing dependency_links to omx_sim_interfaces.egg-info/dependency_links.txt
[0.217s] writing top-level names to omx_sim_interfaces.egg-info/top_level.txt
[0.250s] reading manifest file 'omx_sim_interfaces.egg-info/SOURCES.txt'
[0.250s] writing manifest file 'omx_sim_interfaces.egg-info/SOURCES.txt'
[0.271s] [100%] Built target ament_cmake_python_build_omx_sim_interfaces_egg
[0.282s] Invoked command in '/home/lsoo6741/omx_multi_robot_sim/ros2_ws/build/omx_sim_interfaces' returned '0': CMAKE_PREFIX_PATH=${CMAKE_PREFIX_PATH}:/home/lsoo6741/omx_multi_robot_sim/ros2_ws/install/omx_sim:/home/lsoo6741/workspace/ros2_ws/install/py_srvcli:/home/lsoo6741/workspace/ros2_ws/install/py_pubsub:/home/lsoo6741/workspace/ros2_ws/install/my_turtle_pkg:/home/lsoo6741/workspace/ros2_ws/install/action_tutorials_py:/home/lsoo6741/workspace/ros2_ws/install/action_chaser_py:/opt/ros/jazzy DEBUGINFOD_URLS=https://debuginfod.ubuntu.com /usr/bin/cmake --build /home/lsoo6741/omx_multi_robot_sim/ros2_ws/build/omx_sim_interfaces -- -j12 -l12
[0.290s] Invoking command in '/home/lsoo6741/omx_multi_robot_sim/ros2_ws/build/omx_sim_interfaces': CMAKE_PREFIX_PATH=${CMAKE_PREFIX_PATH}:/home/lsoo6741/omx_multi_robot_sim/ros2_ws/install/omx_sim:/home/lsoo6741/workspace/ros2_ws/install/py_srvcli:/home/lsoo6741/workspace/ros2_ws/install/py_pubsub:/home/lsoo6741/workspace/ros2_ws/install/my_turtle_pkg:/home/lsoo6741/workspace/ros2_ws/install/action_tutorials_py:/home/lsoo6741/workspace/ros2_ws/install/action_chaser_py:/opt/ros/jazzy DEBUGINFOD_URLS=https://debuginfod.ubuntu.com /usr/bin/cmake --install /home/lsoo6741/omx_multi_robot_sim/ros2_ws/build/omx_sim_interfaces
[0.297s] -- Install configuration: ""
[0.297s] -- Up-to-date: /home/lsoo6741/omx_multi_robot_sim/ros2_ws/install/omx_sim_interfaces/share/ament_index/resource_index/rosidl_interfaces/omx_sim_interfaces
[0.297s] -- Up-to-date: /home/lsoo6741/omx_multi_robot_sim/ros2_ws/install/omx_sim_interfaces/share/omx_sim_interfaces/action/Pick.json
[0.297s] -- Up-to-date: /home/lsoo6741/omx_multi_robot_sim/ros2_ws/install/omx_sim_interfaces/share/omx_sim_interfaces/action/Place.json
[0.297s] -- Up-to-date: /home/lsoo6741/omx_multi_robot_sim/ros2_ws/install/omx_sim_interfaces/share/omx_sim_interfaces/action/Reach.json
[0.298s] -- Up-to-date: /home/lsoo6741/omx_multi_robot_sim/ros2_ws/install/omx_sim_interfaces/share/omx_sim_interfaces/action/BTPick.json
[0.298s] -- Up-to-date: /home/lsoo6741/omx_multi_robot_sim/ros2_ws/install/omx_sim_interfaces/share/omx_sim_interfaces/action/BTPlace.json
[0.298s] -- Up-to-date: /home/lsoo6741/omx_multi_robot_sim/ros2_ws/install/omx_sim_interfaces/share/omx_sim_interfaces/action/BTReach.json
[0.298s] -- Up-to-date: /home/lsoo6741/omx_multi_robot_sim/ros2_ws/install/omx_sim_interfaces/include/omx_sim_interfaces/omx_sim_interfaces
[0.298s] -- Up-to-date: /home/lsoo6741/omx_multi_robot_sim/ros2_ws/install/omx_sim_interfaces/include/omx_sim_interfaces/omx_sim_interfaces/msg
[0.298s] -- Up-to-date: /home/lsoo6741/omx_multi_robot_sim/ros2_ws/install/omx_sim_interfaces/include/omx_sim_interfaces/omx_sim_interfaces/msg/rosidl_generator_c__visibility_control.h
[0.298s] -- Up-to-date: /home/lsoo6741/omx_multi_robot_sim/ros2_ws/install/omx_sim_interfaces/include/omx_sim_interfaces/omx_sim_interfaces/action
[0.298s] -- Up-to-date: /home/lsoo6741/omx_multi_robot_sim/ros2_ws/install/omx_sim_interfaces/include/omx_sim_interfaces/omx_sim_interfaces/action/pick.h
[0.298s] -- Up-to-date: /home/lsoo6741/omx_multi_robot_sim/ros2_ws/install/omx_sim_interfaces/include/omx_sim_interfaces/omx_sim_interfaces/action/bt_place.h
[0.298s] -- Up-to-date: /home/lsoo6741/omx_multi_robot_sim/ros2_ws/install/omx_sim_interfaces/include/omx_sim_interfaces/omx_sim_interfaces/action/detail
[0.298s] -- Up-to-date: /home/lsoo6741/omx_multi_robot_sim/ros2_ws/install/omx_sim_interfaces/include/omx_sim_interfaces/omx_sim_interfaces/action/detail/bt_reach__functions.c
[0.298s] -- Up-to-date: /home/lsoo6741/omx_multi_robot_sim/ros2_ws/install/omx_sim_interfaces/include/omx_sim_interfaces/omx_sim_interfaces/action/detail/pick__functions.h
[0.298s] -- Up-to-date: /home/lsoo6741/omx_multi_robot_sim/ros2_ws/install/omx_sim_interfaces/include/omx_sim_interfaces/omx_sim_interfaces/action/detail/pick__type_support.h
[0.298s] -- Up-to-date: /home/lsoo6741/omx_multi_robot_sim/ros2_ws/install/omx_sim_interfaces/include/omx_sim_interfaces/omx_sim_interfaces/action/detail/reach__type_support.h
[0.298s] -- Up-to-date: /home/lsoo6741/omx_multi_robot_sim/ros2_ws/install/omx_sim_interfaces/include/omx_sim_interfaces/omx_sim_interfaces/action/detail/pick__type_support.c
[0.298s] -- Up-to-date: /home/lsoo6741/omx_multi_robot_sim/ros2_ws/install/omx_sim_interfaces/include/omx_sim_interfaces/omx_sim_interfaces/action/detail/place__type_support.c
[0.298s] -- Up-to-date: /home/lsoo6741/omx_multi_robot_sim/ros2_ws/install/omx_sim_interfaces/include/omx_sim_interfaces/omx_sim_interfaces/action/detail/place__type_support.h
[0.298s] -- Up-to-date: /home/lsoo6741/omx_multi_robot_sim/ros2_ws/install/omx_sim_interfaces/include/omx_sim_interfaces/omx_sim_interfaces/action/detail/bt_pick__description.c
[0.298s] -- Up-to-date: /home/lsoo6741/omx_multi_robot_sim/ros2_ws/install/omx_sim_interfaces/include/omx_sim_interfaces/omx_sim_interfaces/action/detail/place__functions.h
[0.298s] -- Up-to-date: /home/lsoo6741/omx_multi_robot_sim/ros2_ws/install/omx_sim_interfaces/include/omx_sim_interfaces/omx_sim_interfaces/action/detail/pick__struct.h
[0.298s] -- Up-to-date: /home/lsoo6741/omx_multi_robot_sim/ros2_ws/install/omx_sim_interfaces/include/omx_sim_interfaces/omx_sim_interfaces/action/detail/reach__functions.c
[0.298s] -- Up-to-date: /home/lsoo6741/omx_multi_robot_sim/ros2_ws/install/omx_sim_interfaces/include/omx_sim_interfaces/omx_sim_interfaces/action/detail/pick__description.c
[0.299s] -- Up-to-date: /home/lsoo6741/omx_multi_robot_sim/ros2_ws/install/omx_sim_interfaces/include/omx_sim_interfaces/omx_sim_interfaces/action/detail/bt_pick__functions.c
[0.299s] -- Up-to-date: /home/lsoo6741/omx_multi_robot_sim/ros2_ws/install/omx_sim_interfaces/include/omx_sim_interfaces/omx_sim_interfaces/action/detail/bt_place__functions.c
[0.299s] -- Up-to-date: /home/lsoo6741/omx_multi_robot_sim/ros2_ws/install/omx_sim_interfaces/include/omx_sim_interfaces/omx_sim_interfaces/action/detail/bt_reach__struct.h
[0.299s] -- Up-to-date: /home/lsoo6741/omx_multi_robot_sim/ros2_ws/install/omx_sim_interfaces/include/omx_sim_interfaces/omx_sim_interfaces/action/detail/bt_pick__type_support.c
[0.299s] -- Up-to-date: /home/lsoo6741/omx_multi_robot_sim/ros2_ws/install/omx_sim_interfaces/include/omx_sim_interfaces/omx_sim_interfaces/action/detail/pick__functions.c
[0.299s] -- Up-to-date: /home/lsoo6741/omx_multi_robot_sim/ros2_ws/install/omx_sim_interfaces/include/omx_sim_interfaces/omx_sim_interfaces/action/detail/bt_reach__description.c
[0.299s] -- Up-to-date: /home/lsoo6741/omx_multi_robot_sim/ros2_ws/install/omx_sim_interfaces/include/omx_sim_interfaces/omx_sim_interfaces/action/detail/reach__type_support.c
[0.299s] -- Up-to-date: /home/lsoo6741/omx_multi_robot_sim/ros2_ws/install/omx_sim_interfaces/include/omx_sim_interfaces/omx_sim_interfaces/action/detail/reach__struct.h
[0.299s] -- Up-to-date: /home/lsoo6741/omx_multi_robot_sim/ros2_ws/install/omx_sim_interfaces/include/omx_sim_interfaces/omx_sim_interfaces/action/detail/reach__functions.h
[0.299s] -- Up-to-date: /home/lsoo6741/omx_multi_robot_sim/ros2_ws/install/omx_sim_interfaces/include/omx_sim_interfaces/omx_sim_interfaces/action/detail/bt_reach__type_support.c
[0.299s] -- Up-to-date: /home/lsoo6741/omx_multi_robot_sim/ros2_ws/install/omx_sim_interfaces/include/omx_sim_interfaces/omx_sim_interfaces/action/detail/bt_reach__type_support.h
[0.299s] -- Up-to-date: /home/lsoo6741/omx_multi_robot_sim/ros2_ws/install/omx_sim_interfaces/include/omx_sim_interfaces/omx_sim_interfaces/action/detail/bt_place__struct.h
[0.299s] -- Up-to-date: /home/lsoo6741/omx_multi_robot_sim/ros2_ws/install/omx_sim_interfaces/include/omx_sim_interfaces/omx_sim_interfaces/action/detail/bt_pick__functions.h
[0.299s] -- Up-to-date: /home/lsoo6741/omx_multi_robot_sim/ros2_ws/install/omx_sim_interfaces/include/omx_sim_interfaces/omx_sim_interfaces/action/detail/place__struct.h
[0.299s] -- Up-to-date: /home/lsoo6741/omx_multi_robot_sim/ros2_ws/install/omx_sim_interfaces/include/omx_sim_interfaces/omx_sim_interfaces/action/detail/bt_place__functions.h
[0.299s] -- Up-to-date: /home/lsoo6741/omx_multi_robot_sim/ros2_ws/install/omx_sim_interfaces/include/omx_sim_interfaces/omx_sim_interfaces/action/detail/place__functions.c
[0.299s] -- Up-to-date: /home/lsoo6741/omx_multi_robot_sim/ros2_ws/install/omx_sim_interfaces/include/omx_sim_interfaces/omx_sim_interfaces/action/detail/bt_place__type_support.c
[0.299s] -- Up-to-date: /home/lsoo6741/omx_multi_robot_sim/ros2_ws/install/omx_sim_interfaces/include/omx_sim_interfaces/omx_sim_interfaces/action/detail/reach__description.c
[0.299s] -- Up-to-date: /home/lsoo6741/omx_multi_robot_sim/ros2_ws/install/omx_sim_interfaces/include/omx_sim_interfaces/omx_sim_interfaces/action/detail/bt_place__type_support.h
[0.299s] -- Up-to-date: /home/lsoo6741/omx_multi_robot_sim/ros2_ws/install/omx_sim_interfaces/include/omx_sim_interfaces/omx_sim_interfaces/action/detail/bt_pick__type_support.h
[0.299s] -- Up-to-date: /home/lsoo6741/omx_multi_robot_sim/ros2_ws/install/omx_sim_interfaces/include/omx_sim_interfaces/omx_sim_interfaces/action/detail/bt_reach__functions.h
[0.300s] -- Up-to-date: /home/lsoo6741/omx_multi_robot_sim/ros2_ws/install/omx_sim_interfaces/include/omx_sim_interfaces/omx_sim_interfaces/action/detail/bt_place__description.c
[0.300s] -- Up-to-date: /home/lsoo6741/omx_multi_robot_sim/ros2_ws/install/omx_sim_interfaces/include/omx_sim_interfaces/omx_sim_interfaces/action/detail/place__description.c
[0.300s] -- Up-to-date: /home/lsoo6741/omx_multi_robot_sim/ros2_ws/install/omx_sim_interfaces/include/omx_sim_interfaces/omx_sim_interfaces/action/detail/bt_pick__struct.h
[0.300s] -- Up-to-date: /home/lsoo6741/omx_multi_robot_sim/ros2_ws/install/omx_sim_interfaces/include/omx_sim_interfaces/omx_sim_interfaces/action/place.h
[0.300s] -- Up-to-date: /home/lsoo6741/omx_multi_robot_sim/ros2_ws/install/omx_sim_interfaces/include/omx_sim_interfaces/omx_sim_interfaces/action/bt_pick.h
[0.300s] -- Up-to-date: /home/lsoo6741/omx_multi_robot_sim/ros2_ws/install/omx_sim_interfaces/include/omx_sim_interfaces/omx_sim_interfaces/action/reach.h
[0.300s] -- Up-to-date: /home/lsoo6741/omx_multi_robot_sim/ros2_ws/install/omx_sim_interfaces/include/omx_sim_interfaces/omx_sim_interfaces/action/bt_reach.h
[0.300s] -- Up-to-date: /home/lsoo6741/omx_multi_robot_sim/ros2_ws/install/omx_sim_interfaces/share/omx_sim_interfaces/environment/library_path.sh
[0.300s] -- Up-to-date: /home/lsoo6741/omx_multi_robot_sim/ros2_ws/install/omx_sim_interfaces/share/omx_sim_interfaces/environment/library_path.dsv
[0.300s] -- Up-to-date: /home/lsoo6741/omx_multi_robot_sim/ros2_ws/install/omx_sim_interfaces/lib/libomx_sim_interfaces__rosidl_generator_c.so
[0.300s] -- Up-to-date: /home/lsoo6741/omx_multi_robot_sim/ros2_ws/install/omx_sim_interfaces/include/omx_sim_interfaces/omx_sim_interfaces
[0.300s] -- Up-to-date: /home/lsoo6741/omx_multi_robot_sim/ros2_ws/install/omx_sim_interfaces/include/omx_sim_interfaces/omx_sim_interfaces/msg
[0.300s] -- Up-to-date: /home/lsoo6741/omx_multi_robot_sim/ros2_ws/install/omx_sim_interfaces/include/omx_sim_interfaces/omx_sim_interfaces/msg/rosidl_typesupport_fastrtps_c__visibility_control.h
[0.300s] -- Up-to-date: /home/lsoo6741/omx_multi_robot_sim/ros2_ws/install/omx_sim_interfaces/include/omx_sim_interfaces/omx_sim_interfaces/action
[0.300s] -- Up-to-date: /home/lsoo6741/omx_multi_robot_sim/ros2_ws/install/omx_sim_interfaces/include/omx_sim_interfaces/omx_sim_interfaces/action/detail
[0.300s] -- Up-to-date: /home/lsoo6741/omx_multi_robot_sim/ros2_ws/install/omx_sim_interfaces/include/omx_sim_interfaces/omx_sim_interfaces/action/detail/bt_pick__rosidl_typesupport_fastrtps_c.h
[0.300s] -- Up-to-date: /home/lsoo6741/omx_multi_robot_sim/ros2_ws/install/omx_sim_interfaces/include/omx_sim_interfaces/omx_sim_interfaces/action/detail/pick__rosidl_typesupport_fastrtps_c.h
[0.300s] -- Up-to-date: /home/lsoo6741/omx_multi_robot_sim/ros2_ws/install/omx_sim_interfaces/include/omx_sim_interfaces/omx_sim_interfaces/action/detail/bt_place__rosidl_typesupport_fastrtps_c.h
[0.300s] -- Up-to-date: /home/lsoo6741/omx_multi_robot_sim/ros2_ws/install/omx_sim_interfaces/include/omx_sim_interfaces/omx_sim_interfaces/action/detail/reach__rosidl_typesupport_fastrtps_c.h
[0.300s] -- Up-to-date: /home/lsoo6741/omx_multi_robot_sim/ros2_ws/install/omx_sim_interfaces/include/omx_sim_interfaces/omx_sim_interfaces/action/detail/bt_reach__rosidl_typesupport_fastrtps_c.h
[0.300s] -- Up-to-date: /home/lsoo6741/omx_multi_robot_sim/ros2_ws/install/omx_sim_interfaces/include/omx_sim_interfaces/omx_sim_interfaces/action/detail/place__rosidl_typesupport_fastrtps_c.h
[0.300s] -- Up-to-date: /home/lsoo6741/omx_multi_robot_sim/ros2_ws/install/omx_sim_interfaces/lib/libomx_sim_interfaces__rosidl_typesupport_fastrtps_c.so
[0.301s] -- Up-to-date: /home/lsoo6741/omx_multi_robot_sim/ros2_ws/install/omx_sim_interfaces/include/omx_sim_interfaces/omx_sim_interfaces
[0.301s] -- Up-to-date: /home/lsoo6741/omx_multi_robot_sim/ros2_ws/install/omx_sim_interfaces/include/omx_sim_interfaces/omx_sim_interfaces/msg
[0.301s] -- Up-to-date: /home/lsoo6741/omx_multi_robot_sim/ros2_ws/install/omx_sim_interfaces/include/omx_sim_interfaces/omx_sim_interfaces/msg/rosidl_typesupport_introspection_c__visibility_control.h
[0.301s] -- Up-to-date: /home/lsoo6741/omx_multi_robot_sim/ros2_ws/install/omx_sim_interfaces/include/omx_sim_interfaces/omx_sim_interfaces/action
[0.301s] -- Up-to-date: /home/lsoo6741/omx_multi_robot_sim/ros2_ws/install/omx_sim_interfaces/include/omx_sim_interfaces/omx_sim_interfaces/action/detail
[0.301s] -- Up-to-date: /home/lsoo6741/omx_multi_robot_sim/ros2_ws/install/omx_sim_interfaces/include/omx_sim_interfaces/omx_sim_interfaces/action/detail/pick__type_support.c
[0.301s] -- Up-to-date: /home/lsoo6741/omx_multi_robot_sim/ros2_ws/install/omx_sim_interfaces/include/omx_sim_interfaces/omx_sim_interfaces/action/detail/place__type_support.c
[0.301s] -- Up-to-date: /home/lsoo6741/omx_multi_robot_sim/ros2_ws/install/omx_sim_interfaces/include/omx_sim_interfaces/omx_sim_interfaces/action/detail/bt_reach__rosidl_typesupport_introspection_c.h
[0.301s] -- Up-to-date: /home/lsoo6741/omx_multi_robot_sim/ros2_ws/install/omx_sim_interfaces/include/omx_sim_interfaces/omx_sim_interfaces/action/detail/place__rosidl_typesupport_introspection_c.h
[0.301s] -- Up-to-date: /home/lsoo6741/omx_multi_robot_sim/ros2_ws/install/omx_sim_interfaces/include/omx_sim_interfaces/omx_sim_interfaces/action/detail/bt_place__rosidl_typesupport_introspection_c.h
[0.301s] -- Up-to-date: /home/lsoo6741/omx_multi_robot_sim/ros2_ws/install/omx_sim_interfaces/include/omx_sim_interfaces/omx_sim_interfaces/action/detail/bt_pick__type_support.c
[0.301s] -- Up-to-date: /home/lsoo6741/omx_multi_robot_sim/ros2_ws/install/omx_sim_interfaces/include/omx_sim_interfaces/omx_sim_interfaces/action/detail/pick__rosidl_typesupport_introspection_c.h
[0.301s] -- Up-to-date: /home/lsoo6741/omx_multi_robot_sim/ros2_ws/install/omx_sim_interfaces/include/omx_sim_interfaces/omx_sim_interfaces/action/detail/reach__type_support.c
[0.301s] -- Up-to-date: /home/lsoo6741/omx_multi_robot_sim/ros2_ws/install/omx_sim_interfaces/include/omx_sim_interfaces/omx_sim_interfaces/action/detail/reach__rosidl_typesupport_introspection_c.h
[0.301s] -- Up-to-date: /home/lsoo6741/omx_multi_robot_sim/ros2_ws/install/omx_sim_interfaces/include/omx_sim_interfaces/omx_sim_interfaces/action/detail/bt_reach__type_support.c
[0.301s] -- Up-to-date: /home/lsoo6741/omx_multi_robot_sim/ros2_ws/install/omx_sim_interfaces/include/omx_sim_interfaces/omx_sim_interfaces/action/detail/bt_pick__rosidl_typesupport_introspection_c.h
[0.301s] -- Up-to-date: /home/lsoo6741/omx_multi_robot_sim/ros2_ws/install/omx_sim_interfaces/include/omx_sim_interfaces/omx_sim_interfaces/action/detail/bt_place__type_support.c
[0.301s] -- Up-to-date: /home/lsoo6741/omx_multi_robot_sim/ros2_ws/install/omx_sim_interfaces/lib/libomx_sim_interfaces__rosidl_typesupport_introspection_c.so
[0.301s] -- Up-to-date: /home/lsoo6741/omx_multi_robot_sim/ros2_ws/install/omx_sim_interfaces/lib/libomx_sim_interfaces__rosidl_typesupport_c.so
[0.301s] -- Up-to-date: /home/lsoo6741/omx_multi_robot_sim/ros2_ws/install/omx_sim_interfaces/include/omx_sim_interfaces/omx_sim_interfaces
[0.301s] -- Up-to-date: /home/lsoo6741/omx_multi_robot_sim/ros2_ws/install/omx_sim_interfaces/include/omx_sim_interfaces/omx_sim_interfaces/msg
[0.301s] -- Up-to-date: /home/lsoo6741/omx_multi_robot_sim/ros2_ws/install/omx_sim_interfaces/include/omx_sim_interfaces/omx_sim_interfaces/msg/rosidl_generator_cpp__visibility_control.hpp
[0.301s] -- Up-to-date: /home/lsoo6741/omx_multi_robot_sim/ros2_ws/install/omx_sim_interfaces/include/omx_sim_interfaces/omx_sim_interfaces/action
[0.301s] -- Up-to-date: /home/lsoo6741/omx_multi_robot_sim/ros2_ws/install/omx_sim_interfaces/include/omx_sim_interfaces/omx_sim_interfaces/action/place.hpp
[0.302s] -- Up-to-date: /home/lsoo6741/omx_multi_robot_sim/ros2_ws/install/omx_sim_interfaces/include/omx_sim_interfaces/omx_sim_interfaces/action/bt_reach.hpp
[0.302s] -- Up-to-date: /home/lsoo6741/omx_multi_robot_sim/ros2_ws/install/omx_sim_interfaces/include/omx_sim_interfaces/omx_sim_interfaces/action/detail
[0.302s] -- Up-to-date: /home/lsoo6741/omx_multi_robot_sim/ros2_ws/install/omx_sim_interfaces/include/omx_sim_interfaces/omx_sim_interfaces/action/detail/reach__struct.hpp
[0.302s] -- Up-to-date: /home/lsoo6741/omx_multi_robot_sim/ros2_ws/install/omx_sim_interfaces/include/omx_sim_interfaces/omx_sim_interfaces/action/detail/bt_reach__builder.hpp
[0.302s] -- Up-to-date: /home/lsoo6741/omx_multi_robot_sim/ros2_ws/install/omx_sim_interfaces/include/omx_sim_interfaces/omx_sim_interfaces/action/detail/reach__traits.hpp
[0.302s] -- Up-to-date: /home/lsoo6741/omx_multi_robot_sim/ros2_ws/install/omx_sim_interfaces/include/omx_sim_interfaces/omx_sim_interfaces/action/detail/bt_pick__traits.hpp
[0.302s] -- Up-to-date: /home/lsoo6741/omx_multi_robot_sim/ros2_ws/install/omx_sim_interfaces/include/omx_sim_interfaces/omx_sim_interfaces/action/detail/place__type_support.hpp
[0.302s] -- Up-to-date: /home/lsoo6741/omx_multi_robot_sim/ros2_ws/install/omx_sim_interfaces/include/omx_sim_interfaces/omx_sim_interfaces/action/detail/place__builder.hpp
[0.302s] -- Up-to-date: /home/lsoo6741/omx_multi_robot_sim/ros2_ws/install/omx_sim_interfaces/include/omx_sim_interfaces/omx_sim_interfaces/action/detail/bt_place__type_support.hpp
[0.302s] -- Up-to-date: /home/lsoo6741/omx_multi_robot_sim/ros2_ws/install/omx_sim_interfaces/include/omx_sim_interfaces/omx_sim_interfaces/action/detail/pick__type_support.hpp
[0.302s] -- Up-to-date: /home/lsoo6741/omx_multi_robot_sim/ros2_ws/install/omx_sim_interfaces/include/omx_sim_interfaces/omx_sim_interfaces/action/detail/bt_place__traits.hpp
[0.302s] -- Up-to-date: /home/lsoo6741/omx_multi_robot_sim/ros2_ws/install/omx_sim_interfaces/include/omx_sim_interfaces/omx_sim_interfaces/action/detail/place__struct.hpp
[0.302s] -- Up-to-date: /home/lsoo6741/omx_multi_robot_sim/ros2_ws/install/omx_sim_interfaces/include/omx_sim_interfaces/omx_sim_interfaces/action/detail/bt_place__struct.hpp
[0.302s] -- Up-to-date: /home/lsoo6741/omx_multi_robot_sim/ros2_ws/install/omx_sim_interfaces/include/omx_sim_interfaces/omx_sim_interfaces/action/detail/bt_reach__struct.hpp
[0.302s] -- Up-to-date: /home/lsoo6741/omx_multi_robot_sim/ros2_ws/install/omx_sim_interfaces/include/omx_sim_interfaces/omx_sim_interfaces/action/detail/bt_reach__traits.hpp
[0.302s] -- Up-to-date: /home/lsoo6741/omx_multi_robot_sim/ros2_ws/install/omx_sim_interfaces/include/omx_sim_interfaces/omx_sim_interfaces/action/detail/bt_reach__type_support.hpp
[0.302s] -- Up-to-date: /home/lsoo6741/omx_multi_robot_sim/ros2_ws/install/omx_sim_interfaces/include/omx_sim_interfaces/omx_sim_interfaces/action/detail/pick__builder.hpp
[0.302s] -- Up-to-date: /home/lsoo6741/omx_multi_robot_sim/ros2_ws/install/omx_sim_interfaces/include/omx_sim_interfaces/omx_sim_interfaces/action/detail/reach__builder.hpp
[0.302s] -- Up-to-date: /home/lsoo6741/omx_multi_robot_sim/ros2_ws/install/omx_sim_interfaces/include/omx_sim_interfaces/omx_sim_interfaces/action/detail/pick__traits.hpp
[0.302s] -- Up-to-date: /home/lsoo6741/omx_multi_robot_sim/ros2_ws/install/omx_sim_interfaces/include/omx_sim_interfaces/omx_sim_interfaces/action/detail/bt_pick__type_support.hpp
[0.303s] -- Up-to-date: /home/lsoo6741/omx_multi_robot_sim/ros2_ws/install/omx_sim_interfaces/include/omx_sim_interfaces/omx_sim_interfaces/action/detail/place__traits.hpp
[0.303s] -- Up-to-date: /home/lsoo6741/omx_multi_robot_sim/ros2_ws/install/omx_sim_interfaces/include/omx_sim_interfaces/omx_sim_interfaces/action/detail/reach__type_support.hpp
[0.303s] -- Up-to-date: /home/lsoo6741/omx_multi_robot_sim/ros2_ws/install/omx_sim_interfaces/include/omx_sim_interfaces/omx_sim_interfaces/action/detail/bt_pick__struct.hpp
[0.303s] -- Up-to-date: /home/lsoo6741/omx_multi_robot_sim/ros2_ws/install/omx_sim_interfaces/include/omx_sim_interfaces/omx_sim_interfaces/action/detail/bt_pick__builder.hpp
[0.303s] -- Up-to-date: /home/lsoo6741/omx_multi_robot_sim/ros2_ws/install/omx_sim_interfaces/include/omx_sim_interfaces/omx_sim_interfaces/action/detail/bt_place__builder.hpp
[0.303s] -- Up-to-date: /home/lsoo6741/omx_multi_robot_sim/ros2_ws/install/omx_sim_interfaces/include/omx_sim_interfaces/omx_sim_interfaces/action/detail/pick__struct.hpp
[0.303s] -- Up-to-date: /home/lsoo6741/omx_multi_robot_sim/ros2_ws/install/omx_sim_interfaces/include/omx_sim_interfaces/omx_sim_interfaces/action/bt_pick.hpp
[0.303s] -- Up-to-date: /home/lsoo6741/omx_multi_robot_sim/ros2_ws/install/omx_sim_interfaces/include/omx_sim_interfaces/omx_sim_interfaces/action/pick.hpp
[0.303s] -- Up-to-date: /home/lsoo6741/omx_multi_robot_sim/ros2_ws/install/omx_sim_interfaces/include/omx_sim_interfaces/omx_sim_interfaces/action/bt_place.hpp
[0.303s] -- Up-to-date: /home/lsoo6741/omx_multi_robot_sim/ros2_ws/install/omx_sim_interfaces/include/omx_sim_interfaces/omx_sim_interfaces/action/reach.hpp
[0.303s] -- Up-to-date: /home/lsoo6741/omx_multi_robot_sim/ros2_ws/install/omx_sim_interfaces/include/omx_sim_interfaces/omx_sim_interfaces
[0.303s] -- Up-to-date: /home/lsoo6741/omx_multi_robot_sim/ros2_ws/install/omx_sim_interfaces/include/omx_sim_interfaces/omx_sim_interfaces/msg
[0.303s] -- Up-to-date: /home/lsoo6741/omx_multi_robot_sim/ros2_ws/install/omx_sim_interfaces/include/omx_sim_interfaces/omx_sim_interfaces/msg/rosidl_typesupport_fastrtps_cpp__visibility_control.h
[0.303s] -- Up-to-date: /home/lsoo6741/omx_multi_robot_sim/ros2_ws/install/omx_sim_interfaces/include/omx_sim_interfaces/omx_sim_interfaces/action
[0.303s] -- Up-to-date: /home/lsoo6741/omx_multi_robot_sim/ros2_ws/install/omx_sim_interfaces/include/omx_sim_interfaces/omx_sim_interfaces/action/detail
[0.303s] -- Up-to-date: /home/lsoo6741/omx_multi_robot_sim/ros2_ws/install/omx_sim_interfaces/include/omx_sim_interfaces/omx_sim_interfaces/action/detail/pick__rosidl_typesupport_fastrtps_cpp.hpp
[0.303s] -- Up-to-date: /home/lsoo6741/omx_multi_robot_sim/ros2_ws/install/omx_sim_interfaces/include/omx_sim_interfaces/omx_sim_interfaces/action/detail/dds_fastrtps
[0.303s] -- Up-to-date: /home/lsoo6741/omx_multi_robot_sim/ros2_ws/install/omx_sim_interfaces/include/omx_sim_interfaces/omx_sim_interfaces/action/detail/bt_pick__rosidl_typesupport_fastrtps_cpp.hpp
[0.303s] -- Up-to-date: /home/lsoo6741/omx_multi_robot_sim/ros2_ws/install/omx_sim_interfaces/include/omx_sim_interfaces/omx_sim_interfaces/action/detail/place__rosidl_typesupport_fastrtps_cpp.hpp
[0.303s] -- Up-to-date: /home/lsoo6741/omx_multi_robot_sim/ros2_ws/install/omx_sim_interfaces/include/omx_sim_interfaces/omx_sim_interfaces/action/detail/bt_reach__rosidl_typesupport_fastrtps_cpp.hpp
[0.303s] -- Up-to-date: /home/lsoo6741/omx_multi_robot_sim/ros2_ws/install/omx_sim_interfaces/include/omx_sim_interfaces/omx_sim_interfaces/action/detail/bt_place__rosidl_typesupport_fastrtps_cpp.hpp
[0.303s] -- Up-to-date: /home/lsoo6741/omx_multi_robot_sim/ros2_ws/install/omx_sim_interfaces/include/omx_sim_interfaces/omx_sim_interfaces/action/detail/reach__rosidl_typesupport_fastrtps_cpp.hpp
[0.303s] -- Up-to-date: /home/lsoo6741/omx_multi_robot_sim/ros2_ws/install/omx_sim_interfaces/lib/libomx_sim_interfaces__rosidl_typesupport_fastrtps_cpp.so
[0.303s] -- Up-to-date: /home/lsoo6741/omx_multi_robot_sim/ros2_ws/install/omx_sim_interfaces/include/omx_sim_interfaces/omx_sim_interfaces
[0.303s] -- Up-to-date: /home/lsoo6741/omx_multi_robot_sim/ros2_ws/install/omx_sim_interfaces/include/omx_sim_interfaces/omx_sim_interfaces/action
[0.304s] -- Up-to-date: /home/lsoo6741/omx_multi_robot_sim/ros2_ws/install/omx_sim_interfaces/include/omx_sim_interfaces/omx_sim_interfaces/action/detail
[0.304s] -- Up-to-date: /home/lsoo6741/omx_multi_robot_sim/ros2_ws/install/omx_sim_interfaces/include/omx_sim_interfaces/omx_sim_interfaces/action/detail/reach__rosidl_typesupport_introspection_cpp.hpp
[0.304s] -- Up-to-date: /home/lsoo6741/omx_multi_robot_sim/ros2_ws/install/omx_sim_interfaces/include/omx_sim_interfaces/omx_sim_interfaces/action/detail/bt_place__type_support.cpp
[0.304s] -- Up-to-date: /home/lsoo6741/omx_multi_robot_sim/ros2_ws/install/omx_sim_interfaces/include/omx_sim_interfaces/omx_sim_interfaces/action/detail/pick__type_support.cpp
[0.304s] -- Up-to-date: /home/lsoo6741/omx_multi_robot_sim/ros2_ws/install/omx_sim_interfaces/include/omx_sim_interfaces/omx_sim_interfaces/action/detail/pick__rosidl_typesupport_introspection_cpp.hpp
[0.304s] -- Up-to-date: /home/lsoo6741/omx_multi_robot_sim/ros2_ws/install/omx_sim_interfaces/include/omx_sim_interfaces/omx_sim_interfaces/action/detail/reach__type_support.cpp
[0.304s] -- Up-to-date: /home/lsoo6741/omx_multi_robot_sim/ros2_ws/install/omx_sim_interfaces/include/omx_sim_interfaces/omx_sim_interfaces/action/detail/place__rosidl_typesupport_introspection_cpp.hpp
[0.304s] -- Up-to-date: /home/lsoo6741/omx_multi_robot_sim/ros2_ws/install/omx_sim_interfaces/include/omx_sim_interfaces/omx_sim_interfaces/action/detail/bt_pick__type_support.cpp
[0.304s] -- Up-to-date: /home/lsoo6741/omx_multi_robot_sim/ros2_ws/install/omx_sim_interfaces/include/omx_sim_interfaces/omx_sim_interfaces/action/detail/bt_place__rosidl_typesupport_introspection_cpp.hpp
[0.304s] -- Up-to-date: /home/lsoo6741/omx_multi_robot_sim/ros2_ws/install/omx_sim_interfaces/include/omx_sim_interfaces/omx_sim_interfaces/action/detail/bt_reach__type_support.cpp
[0.304s] -- Up-to-date: /home/lsoo6741/omx_multi_robot_sim/ros2_ws/install/omx_sim_interfaces/include/omx_sim_interfaces/omx_sim_interfaces/action/detail/bt_pick__rosidl_typesupport_introspection_cpp.hpp
[0.304s] -- Up-to-date: /home/lsoo6741/omx_multi_robot_sim/ros2_ws/install/omx_sim_interfaces/include/omx_sim_interfaces/omx_sim_interfaces/action/detail/bt_reach__rosidl_typesupport_introspection_cpp.hpp
[0.304s] -- Up-to-date: /home/lsoo6741/omx_multi_robot_sim/ros2_ws/install/omx_sim_interfaces/include/omx_sim_interfaces/omx_sim_interfaces/action/detail/place__type_support.cpp
[0.304s] -- Up-to-date: /home/lsoo6741/omx_multi_robot_sim/ros2_ws/install/omx_sim_interfaces/lib/libomx_sim_interfaces__rosidl_typesupport_introspection_cpp.so
[0.304s] -- Up-to-date: /home/lsoo6741/omx_multi_robot_sim/ros2_ws/install/omx_sim_interfaces/lib/libomx_sim_interfaces__rosidl_typesupport_cpp.so
[0.304s] -- Up-to-date: /home/lsoo6741/omx_multi_robot_sim/ros2_ws/install/omx_sim_interfaces/share/omx_sim_interfaces/environment/pythonpath.sh
[0.304s] -- Up-to-date: /home/lsoo6741/omx_multi_robot_sim/ros2_ws/install/omx_sim_interfaces/share/omx_sim_interfaces/environment/pythonpath.dsv
[0.304s] -- Up-to-date: /home/lsoo6741/omx_multi_robot_sim/ros2_ws/install/omx_sim_interfaces/lib/python3.12/site-packages/omx_sim_interfaces-0.1.0-py3.12.egg-info
[0.304s] -- Installing: /home/lsoo6741/omx_multi_robot_sim/ros2_ws/install/omx_sim_interfaces/lib/python3.12/site-packages/omx_sim_interfaces-0.1.0-py3.12.egg-info/top_level.txt
[0.304s] -- Installing: /home/lsoo6741/omx_multi_robot_sim/ros2_ws/install/omx_sim_interfaces/lib/python3.12/site-packages/omx_sim_interfaces-0.1.0-py3.12.egg-info/PKG-INFO
[0.304s] -- Installing: /home/lsoo6741/omx_multi_robot_sim/ros2_ws/install/omx_sim_interfaces/lib/python3.12/site-packages/omx_sim_interfaces-0.1.0-py3.12.egg-info/dependency_links.txt
[0.304s] -- Installing: /home/lsoo6741/omx_multi_robot_sim/ros2_ws/install/omx_sim_interfaces/lib/python3.12/site-packages/omx_sim_interfaces-0.1.0-py3.12.egg-info/SOURCES.txt
[0.305s] -- Up-to-date: /home/lsoo6741/omx_multi_robot_sim/ros2_ws/install/omx_sim_interfaces/lib/python3.12/site-packages/omx_sim_interfaces
[0.305s] -- Up-to-date: /home/lsoo6741/omx_multi_robot_sim/ros2_ws/install/omx_sim_interfaces/lib/python3.12/site-packages/omx_sim_interfaces/__init__.py
[0.305s] -- Up-to-date: /home/lsoo6741/omx_multi_robot_sim/ros2_ws/install/omx_sim_interfaces/lib/python3.12/site-packages/omx_sim_interfaces/action
[0.305s] -- Up-to-date: /home/lsoo6741/omx_multi_robot_sim/ros2_ws/install/omx_sim_interfaces/lib/python3.12/site-packages/omx_sim_interfaces/action/_bt_pick.py
[0.305s] -- Up-to-date: /home/lsoo6741/omx_multi_robot_sim/ros2_ws/install/omx_sim_interfaces/lib/python3.12/site-packages/omx_sim_interfaces/action/_place_s.c
[0.305s] -- Up-to-date: /home/lsoo6741/omx_multi_robot_sim/ros2_ws/install/omx_sim_interfaces/lib/python3.12/site-packages/omx_sim_interfaces/action/__init__.py
[0.305s] -- Up-to-date: /home/lsoo6741/omx_multi_robot_sim/ros2_ws/install/omx_sim_interfaces/lib/python3.12/site-packages/omx_sim_interfaces/action/_bt_place_s.c
[0.305s] -- Up-to-date: /home/lsoo6741/omx_multi_robot_sim/ros2_ws/install/omx_sim_interfaces/lib/python3.12/site-packages/omx_sim_interfaces/action/_bt_reach_s.c
[0.305s] -- Up-to-date: /home/lsoo6741/omx_multi_robot_sim/ros2_ws/install/omx_sim_interfaces/lib/python3.12/site-packages/omx_sim_interfaces/action/_pick_s.c
[0.305s] -- Up-to-date: /home/lsoo6741/omx_multi_robot_sim/ros2_ws/install/omx_sim_interfaces/lib/python3.12/site-packages/omx_sim_interfaces/action/_reach_s.c
[0.305s] -- Up-to-date: /home/lsoo6741/omx_multi_robot_sim/ros2_ws/install/omx_sim_interfaces/lib/python3.12/site-packages/omx_sim_interfaces/action/_bt_reach.py
[0.305s] -- Up-to-date: /home/lsoo6741/omx_multi_robot_sim/ros2_ws/install/omx_sim_interfaces/lib/python3.12/site-packages/omx_sim_interfaces/action/_bt_place.py
[0.305s] -- Up-to-date: /home/lsoo6741/omx_multi_robot_sim/ros2_ws/install/omx_sim_interfaces/lib/python3.12/site-packages/omx_sim_interfaces/action/_reach.py
[0.305s] -- Up-to-date: /home/lsoo6741/omx_multi_robot_sim/ros2_ws/install/omx_sim_interfaces/lib/python3.12/site-packages/omx_sim_interfaces/action/_pick.py
[0.305s] -- Up-to-date: /home/lsoo6741/omx_multi_robot_sim/ros2_ws/install/omx_sim_interfaces/lib/python3.12/site-packages/omx_sim_interfaces/action/_place.py
[0.305s] -- Up-to-date: /home/lsoo6741/omx_multi_robot_sim/ros2_ws/install/omx_sim_interfaces/lib/python3.12/site-packages/omx_sim_interfaces/action/_bt_pick_s.c
[0.305s] -- Up-to-date: /home/lsoo6741/omx_multi_robot_sim/ros2_ws/install/omx_sim_interfaces/lib/python3.12/site-packages/omx_sim_interfaces/omx_sim_interfaces_s__rosidl_typesupport_fastrtps_c.so
[0.305s] -- Up-to-date: /home/lsoo6741/omx_multi_robot_sim/ros2_ws/install/omx_sim_interfaces/lib/python3.12/site-packages/omx_sim_interfaces/_omx_sim_interfaces_s.ep.rosidl_typesupport_c.c
[0.305s] -- Up-to-date: /home/lsoo6741/omx_multi_robot_sim/ros2_ws/install/omx_sim_interfaces/lib/python3.12/site-packages/omx_sim_interfaces/_omx_sim_interfaces_s.ep.rosidl_typesupport_fastrtps_c.c
[0.305s] -- Up-to-date: /home/lsoo6741/omx_multi_robot_sim/ros2_ws/install/omx_sim_interfaces/lib/python3.12/site-packages/omx_sim_interfaces/_omx_sim_interfaces_s.ep.rosidl_typesupport_introspection_c.c
[0.305s] -- Up-to-date: /home/lsoo6741/omx_multi_robot_sim/ros2_ws/install/omx_sim_interfaces/lib/python3.12/site-packages/omx_sim_interfaces/omx_sim_interfaces_s__rosidl_typesupport_c.so
[0.305s] -- Up-to-date: /home/lsoo6741/omx_multi_robot_sim/ros2_ws/install/omx_sim_interfaces/lib/python3.12/site-packages/omx_sim_interfaces/omx_sim_interfaces_s__rosidl_typesupport_introspection_c.so
[0.331s] Listing '/home/lsoo6741/omx_multi_robot_sim/ros2_ws/install/omx_sim_interfaces/lib/python3.12/site-packages/omx_sim_interfaces'...
[0.331s] Listing '/home/lsoo6741/omx_multi_robot_sim/ros2_ws/install/omx_sim_interfaces/lib/python3.12/site-packages/omx_sim_interfaces/action'...
[0.335s] -- Up-to-date: /home/lsoo6741/omx_multi_robot_sim/ros2_ws/install/omx_sim_interfaces/lib/python3.12/site-packages/omx_sim_interfaces/omx_sim_interfaces_s__rosidl_typesupport_fastrtps_c.so
[0.335s] -- Up-to-date: /home/lsoo6741/omx_multi_robot_sim/ros2_ws/install/omx_sim_interfaces/lib/python3.12/site-packages/omx_sim_interfaces/omx_sim_interfaces_s__rosidl_typesupport_introspection_c.so
[0.335s] -- Up-to-date: /home/lsoo6741/omx_multi_robot_sim/ros2_ws/install/omx_sim_interfaces/lib/python3.12/site-packages/omx_sim_interfaces/omx_sim_interfaces_s__rosidl_typesupport_c.so
[0.335s] -- Up-to-date: /home/lsoo6741/omx_multi_robot_sim/ros2_ws/install/omx_sim_interfaces/lib/libomx_sim_interfaces__rosidl_generator_py.so
[0.336s] -- Up-to-date: /home/lsoo6741/omx_multi_robot_sim/ros2_ws/install/omx_sim_interfaces/share/omx_sim_interfaces/action/Pick.idl
[0.336s] -- Up-to-date: /home/lsoo6741/omx_multi_robot_sim/ros2_ws/install/omx_sim_interfaces/share/omx_sim_interfaces/action/Place.idl
[0.336s] -- Up-to-date: /home/lsoo6741/omx_multi_robot_sim/ros2_ws/install/omx_sim_interfaces/share/omx_sim_interfaces/action/Reach.idl
[0.336s] -- Up-to-date: /home/lsoo6741/omx_multi_robot_sim/ros2_ws/install/omx_sim_interfaces/share/omx_sim_interfaces/action/BTPick.idl
[0.336s] -- Up-to-date: /home/lsoo6741/omx_multi_robot_sim/ros2_ws/install/omx_sim_interfaces/share/omx_sim_interfaces/action/BTPlace.idl
[0.336s] -- Up-to-date: /home/lsoo6741/omx_multi_robot_sim/ros2_ws/install/omx_sim_interfaces/share/omx_sim_interfaces/action/BTReach.idl
[0.336s] -- Up-to-date: /home/lsoo6741/omx_multi_robot_sim/ros2_ws/install/omx_sim_interfaces/share/omx_sim_interfaces/action/Pick.action
[0.336s] -- Up-to-date: /home/lsoo6741/omx_multi_robot_sim/ros2_ws/install/omx_sim_interfaces/share/omx_sim_interfaces/action/Place.action
[0.336s] -- Up-to-date: /home/lsoo6741/omx_multi_robot_sim/ros2_ws/install/omx_sim_interfaces/share/omx_sim_interfaces/action/Reach.action
[0.336s] -- Up-to-date: /home/lsoo6741/omx_multi_robot_sim/ros2_ws/install/omx_sim_interfaces/share/omx_sim_interfaces/action/BTPick.action
[0.336s] -- Up-to-date: /home/lsoo6741/omx_multi_robot_sim/ros2_ws/install/omx_sim_interfaces/share/omx_sim_interfaces/action/BTPlace.action
[0.336s] -- Up-to-date: /home/lsoo6741/omx_multi_robot_sim/ros2_ws/install/omx_sim_interfaces/share/omx_sim_interfaces/action/BTReach.action
[0.336s] -- Up-to-date: /home/lsoo6741/omx_multi_robot_sim/ros2_ws/install/omx_sim_interfaces/share/ament_index/resource_index/package_run_dependencies/omx_sim_interfaces
[0.336s] -- Up-to-date: /home/lsoo6741/omx_multi_robot_sim/ros2_ws/install/omx_sim_interfaces/share/ament_index/resource_index/parent_prefix_path/omx_sim_interfaces
[0.336s] -- Up-to-date: /home/lsoo6741/omx_multi_robot_sim/ros2_ws/install/omx_sim_interfaces/share/omx_sim_interfaces/environment/ament_prefix_path.sh
[0.336s] -- Up-to-date: /home/lsoo6741/omx_multi_robot_sim/ros2_ws/install/omx_sim_interfaces/share/omx_sim_interfaces/environment/ament_prefix_path.dsv
[0.336s] -- Up-to-date: /home/lsoo6741/omx_multi_robot_sim/ros2_ws/install/omx_sim_interfaces/share/omx_sim_interfaces/environment/path.sh
[0.336s] -- Up-to-date: /home/lsoo6741/omx_multi_robot_sim/ros2_ws/install/omx_sim_interfaces/share/omx_sim_interfaces/environment/path.dsv
[0.337s] -- Up-to-date: /home/lsoo6741/omx_multi_robot_sim/ros2_ws/install/omx_sim_interfaces/share/omx_sim_interfaces/local_setup.bash
[0.337s] -- Up-to-date: /home/lsoo6741/omx_multi_robot_sim/ros2_ws/install/omx_sim_interfaces/share/omx_sim_interfaces/local_setup.sh
[0.337s] -- Up-to-date: /home/lsoo6741/omx_multi_robot_sim/ros2_ws/install/omx_sim_interfaces/share/omx_sim_interfaces/local_setup.zsh
[0.337s] -- Up-to-date: /home/lsoo6741/omx_multi_robot_sim/ros2_ws/install/omx_sim_interfaces/share/omx_sim_interfaces/local_setup.dsv
[0.337s] -- Installing: /home/lsoo6741/omx_multi_robot_sim/ros2_ws/install/omx_sim_interfaces/share/omx_sim_interfaces/package.dsv
[0.337s] -- Up-to-date: /home/lsoo6741/omx_multi_robot_sim/ros2_ws/install/omx_sim_interfaces/share/ament_index/resource_index/packages/omx_sim_interfaces
[0.337s] -- Up-to-date: /home/lsoo6741/omx_multi_robot_sim/ros2_ws/install/omx_sim_interfaces/share/omx_sim_interfaces/cmake/export_omx_sim_interfaces__rosidl_generator_cExport.cmake
[0.337s] -- Up-to-date: /home/lsoo6741/omx_multi_robot_sim/ros2_ws/install/omx_sim_interfaces/share/omx_sim_interfaces/cmake/export_omx_sim_interfaces__rosidl_generator_cExport-noconfig.cmake
[0.337s] -- Up-to-date: /home/lsoo6741/omx_multi_robot_sim/ros2_ws/install/omx_sim_interfaces/share/omx_sim_interfaces/cmake/export_omx_sim_interfaces__rosidl_typesupport_fastrtps_cExport.cmake
[0.337s] -- Up-to-date: /home/lsoo6741/omx_multi_robot_sim/ros2_ws/install/omx_sim_interfaces/share/omx_sim_interfaces/cmake/export_omx_sim_interfaces__rosidl_typesupport_fastrtps_cExport-noconfig.cmake
[0.337s] -- Up-to-date: /home/lsoo6741/omx_multi_robot_sim/ros2_ws/install/omx_sim_interfaces/share/omx_sim_interfaces/cmake/omx_sim_interfaces__rosidl_typesupport_introspection_cExport.cmake
[0.337s] -- Up-to-date: /home/lsoo6741/omx_multi_robot_sim/ros2_ws/install/omx_sim_interfaces/share/omx_sim_interfaces/cmake/omx_sim_interfaces__rosidl_typesupport_introspection_cExport-noconfig.cmake
[0.337s] -- Up-to-date: /home/lsoo6741/omx_multi_robot_sim/ros2_ws/install/omx_sim_interfaces/share/omx_sim_interfaces/cmake/omx_sim_interfaces__rosidl_typesupport_cExport.cmake
[0.337s] -- Up-to-date: /home/lsoo6741/omx_multi_robot_sim/ros2_ws/install/omx_sim_interfaces/share/omx_sim_interfaces/cmake/omx_sim_interfaces__rosidl_typesupport_cExport-noconfig.cmake
[0.337s] -- Up-to-date: /home/lsoo6741/omx_multi_robot_sim/ros2_ws/install/omx_sim_interfaces/share/omx_sim_interfaces/cmake/export_omx_sim_interfaces__rosidl_generator_cppExport.cmake
[0.337s] -- Up-to-date: /home/lsoo6741/omx_multi_robot_sim/ros2_ws/install/omx_sim_interfaces/share/omx_sim_interfaces/cmake/export_omx_sim_interfaces__rosidl_typesupport_fastrtps_cppExport.cmake
[0.337s] -- Up-to-date: /home/lsoo6741/omx_multi_robot_sim/ros2_ws/install/omx_sim_interfaces/share/omx_sim_interfaces/cmake/export_omx_sim_interfaces__rosidl_typesupport_fastrtps_cppExport-noconfig.cmake
[0.337s] -- Up-to-date: /home/lsoo6741/omx_multi_robot_sim/ros2_ws/install/omx_sim_interfaces/share/omx_sim_interfaces/cmake/omx_sim_interfaces__rosidl_typesupport_introspection_cppExport.cmake
[0.337s] -- Up-to-date: /home/lsoo6741/omx_multi_robot_sim/ros2_ws/install/omx_sim_interfaces/share/omx_sim_interfaces/cmake/omx_sim_interfaces__rosidl_typesupport_introspection_cppExport-noconfig.cmake
[0.337s] -- Up-to-date: /home/lsoo6741/omx_multi_robot_sim/ros2_ws/install/omx_sim_interfaces/share/omx_sim_interfaces/cmake/omx_sim_interfaces__rosidl_typesupport_cppExport.cmake
[0.337s] -- Up-to-date: /home/lsoo6741/omx_multi_robot_sim/ros2_ws/install/omx_sim_interfaces/share/omx_sim_interfaces/cmake/omx_sim_interfaces__rosidl_typesupport_cppExport-noconfig.cmake
[0.337s] -- Up-to-date: /home/lsoo6741/omx_multi_robot_sim/ros2_ws/install/omx_sim_interfaces/share/omx_sim_interfaces/cmake/export_omx_sim_interfaces__rosidl_generator_pyExport.cmake
[0.337s] -- Up-to-date: /home/lsoo6741/omx_multi_robot_sim/ros2_ws/install/omx_sim_interfaces/share/omx_sim_interfaces/cmake/export_omx_sim_interfaces__rosidl_generator_pyExport-noconfig.cmake
[0.338s] -- Up-to-date: /home/lsoo6741/omx_multi_robot_sim/ros2_ws/install/omx_sim_interfaces/share/omx_sim_interfaces/cmake/rosidl_cmake-extras.cmake
[0.338s] -- Up-to-date: /home/lsoo6741/omx_multi_robot_sim/ros2_ws/install/omx_sim_interfaces/share/omx_sim_interfaces/cmake/ament_cmake_export_dependencies-extras.cmake
[0.338s] -- Up-to-date: /home/lsoo6741/omx_multi_robot_sim/ros2_ws/install/omx_sim_interfaces/share/omx_sim_interfaces/cmake/ament_cmake_export_include_directories-extras.cmake
[0.338s] -- Up-to-date: /home/lsoo6741/omx_multi_robot_sim/ros2_ws/install/omx_sim_interfaces/share/omx_sim_interfaces/cmake/ament_cmake_export_libraries-extras.cmake
[0.338s] -- Up-to-date: /home/lsoo6741/omx_multi_robot_sim/ros2_ws/install/omx_sim_interfaces/share/omx_sim_interfaces/cmake/ament_cmake_export_targets-extras.cmake
[0.338s] -- Up-to-date: /home/lsoo6741/omx_multi_robot_sim/ros2_ws/install/omx_sim_interfaces/share/omx_sim_interfaces/cmake/rosidl_cmake_export_typesupport_targets-extras.cmake
[0.338s] -- Up-to-date: /home/lsoo6741/omx_multi_robot_sim/ros2_ws/install/omx_sim_interfaces/share/omx_sim_interfaces/cmake/rosidl_cmake_export_typesupport_libraries-extras.cmake
[0.338s] -- Up-to-date: /home/lsoo6741/omx_multi_robot_sim/ros2_ws/install/omx_sim_interfaces/share/omx_sim_interfaces/cmake/omx_sim_interfacesConfig.cmake
[0.338s] -- Up-to-date: /home/lsoo6741/omx_multi_robot_sim/ros2_ws/install/omx_sim_interfaces/share/omx_sim_interfaces/cmake/omx_sim_interfacesConfig-version.cmake
[0.338s] -- Up-to-date: /home/lsoo6741/omx_multi_robot_sim/ros2_ws/install/omx_sim_interfaces/share/omx_sim_interfaces/package.xml
[0.340s] Invoked command in '/home/lsoo6741/omx_multi_robot_sim/ros2_ws/build/omx_sim_interfaces' returned '0': CMAKE_PREFIX_PATH=${CMAKE_PREFIX_PATH}:/home/lsoo6741/omx_multi_robot_sim/ros2_ws/install/omx_sim:/home/lsoo6741/workspace/ros2_ws/install/py_srvcli:/home/lsoo6741/workspace/ros2_ws/install/py_pubsub:/home/lsoo6741/workspace/ros2_ws/install/my_turtle_pkg:/home/lsoo6741/workspace/ros2_ws/install/action_tutorials_py:/home/lsoo6741/workspace/ros2_ws/install/action_chaser_py:/opt/ros/jazzy DEBUGINFOD_URLS=https://debuginfod.ubuntu.com /usr/bin/cmake --install /home/lsoo6741/omx_multi_robot_sim/ros2_ws/build/omx_sim_interfaces
