running egg_info
writing ../../build/omx_sim/omx_sim.egg-info/PKG-INFO
writing dependency_links to ../../build/omx_sim/omx_sim.egg-info/dependency_links.txt
writing entry points to ../../build/omx_sim/omx_sim.egg-info/entry_points.txt
writing requirements to ../../build/omx_sim/omx_sim.egg-info/requires.txt
writing top-level names to ../../build/omx_sim/omx_sim.egg-info/top_level.txt
reading manifest file '../../build/omx_sim/omx_sim.egg-info/SOURCES.txt'
writing manifest file '../../build/omx_sim/omx_sim.egg-info/SOURCES.txt'
running build
running build_py
copying omx_sim/sim_action_server.py -> /home/lsoo6741/ros2_ws/build/omx_sim/build/lib/omx_sim
running install
running install_lib
copying /home/lsoo6741/ros2_ws/build/omx_sim/build/lib/omx_sim/sim_action_server.py -> /home/lsoo6741/ros2_ws/install/omx_sim/lib/python3.12/site-packages/omx_sim
byte-compiling /home/lsoo6741/ros2_ws/install/omx_sim/lib/python3.12/site-packages/omx_sim/sim_action_server.py to sim_action_server.cpython-312.pyc
running install_data
running install_egg_info
removing '/home/lsoo6741/ros2_ws/install/omx_sim/lib/python3.12/site-packages/omx_sim-0.1.0-py3.12.egg-info' (and everything under it)
Copying ../../build/omx_sim/omx_sim.egg-info to /home/lsoo6741/ros2_ws/install/omx_sim/lib/python3.12/site-packages/omx_sim-0.1.0-py3.12.egg-info
running install_scripts
Installing sim_action_server script to /home/lsoo6741/ros2_ws/install/omx_sim/lib/omx_sim
Installing state_publisher script to /home/lsoo6741/ros2_ws/install/omx_sim/lib/omx_sim
writing list of installed files to '/home/lsoo6741/ros2_ws/build/omx_sim/install.log'
