[0.069s] DEBUG:colcon:Command line arguments: ['/usr/bin/colcon', 'build']
[0.069s] DEBUG:colcon:Parsed command line arguments: Namespace(log_base=None, log_level=None, verb_name='build', build_base='build', install_base='install', merge_install=False, symlink_install=False, test_result_base=None, continue_on_error=False, executor='parallel', parallel_workers=12, event_handlers=None, ignore_user_meta=False, metas=['./colcon.meta'], base_paths=['.'], packages_ignore=None, packages_ignore_regex=None, paths=None, packages_up_to=None, packages_up_to_regex=None, packages_above=None, packages_above_and_dependencies=None, packages_above_depth=None, packages_select_by_dep=None, packages_skip_by_dep=None, packages_skip_up_to=None, packages_select_build_failed=False, packages_skip_build_finished=False, packages_select_test_failures=False, packages_skip_test_passed=False, packages_select=None, packages_skip=None, packages_select_regex=None, packages_skip_regex=None, packages_start=None, packages_end=None, allow_overriding=[], cmake_args=None, cmake_target=None, cmake_target_skip_unavailable=False, cmake_clean_cache=False, cmake_clean_first=False, cmake_force_configure=False, ament_cmake_args=None, catkin_cmake_args=None, catkin_skip_building_tests=False, mixin_files=None, mixin=None, verb_parser=<colcon_mixin.mixin.mixin_argument.MixinArgumentDecorator object at 0x7a7db4151af0>, verb_extension=<colcon_core.verb.build.BuildVerb object at 0x7a7db42e1a60>, main=<bound method BuildVerb.main of <colcon_core.verb.build.BuildVerb object at 0x7a7db42e1a60>>, mixin_verb=('build',))
[0.095s] Level 1:colcon.colcon_core.package_discovery:discover_packages(colcon_meta) check parameters
[0.095s] Level 1:colcon.colcon_core.package_discovery:discover_packages(recursive) check parameters
[0.095s] Level 1:colcon.colcon_core.package_discovery:discover_packages(ignore) check parameters
[0.095s] Level 1:colcon.colcon_core.package_discovery:discover_packages(path) check parameters
[0.095s] Level 1:colcon.colcon_core.package_discovery:discover_packages(colcon_meta) discover
[0.095s] Level 1:colcon.colcon_core.package_discovery:discover_packages(recursive) discover
[0.095s] INFO:colcon.colcon_core.package_discovery:Crawling recursively for packages in '/home/lsoo6741/omx_multi_robot_sim/ros2_ws'
[0.095s] Level 1:colcon.colcon_core.package_identification:_identify(.) by extensions ['ignore', 'ignore_ament_install']
[0.095s] Level 1:colcon.colcon_core.package_identification:_identify(.) by extension 'ignore'
[0.095s] Level 1:colcon.colcon_core.package_identification:_identify(.) by extension 'ignore_ament_install'
[0.095s] Level 1:colcon.colcon_core.package_identification:_identify(.) by extensions ['colcon_pkg']
[0.095s] Level 1:colcon.colcon_core.package_identification:_identify(.) by extension 'colcon_pkg'
[0.095s] Level 1:colcon.colcon_core.package_identification:_identify(.) by extensions ['colcon_meta']
[0.095s] Level 1:colcon.colcon_core.package_identification:_identify(.) by extension 'colcon_meta'
[0.095s] Level 1:colcon.colcon_core.package_identification:_identify(.) by extensions ['ros']
[0.095s] Level 1:colcon.colcon_core.package_identification:_identify(.) by extension 'ros'
[0.112s] Level 1:colcon.colcon_core.package_identification:_identify(.) by extensions ['cmake', 'python']
[0.112s] Level 1:colcon.colcon_core.package_identification:_identify(.) by extension 'cmake'
[0.112s] Level 1:colcon.colcon_core.package_identification:_identify(.) by extension 'python'
[0.112s] Level 1:colcon.colcon_core.package_identification:_identify(.) by extensions ['python_setup_py']
[0.112s] Level 1:colcon.colcon_core.package_identification:_identify(.) by extension 'python_setup_py'
[0.112s] Level 1:colcon.colcon_core.package_identification:_identify(build) by extensions ['ignore', 'ignore_ament_install']
[0.112s] Level 1:colcon.colcon_core.package_identification:_identify(build) by extension 'ignore'
[0.112s] Level 1:colcon.colcon_core.package_identification:_identify(build) ignored
[0.112s] Level 1:colcon.colcon_core.package_identification:_identify(install) by extensions ['ignore', 'ignore_ament_install']
[0.112s] Level 1:colcon.colcon_core.package_identification:_identify(install) by extension 'ignore'
[0.112s] Level 1:colcon.colcon_core.package_identification:_identify(install) ignored
[0.112s] Level 1:colcon.colcon_core.package_identification:_identify(log) by extensions ['ignore', 'ignore_ament_install']
[0.112s] Level 1:colcon.colcon_core.package_identification:_identify(log) by extension 'ignore'
[0.112s] Level 1:colcon.colcon_core.package_identification:_identify(log) ignored
[0.112s] Level 1:colcon.colcon_core.package_identification:_identify(src) by extensions ['ignore', 'ignore_ament_install']
[0.112s] Level 1:colcon.colcon_core.package_identification:_identify(src) by extension 'ignore'
[0.112s] Level 1:colcon.colcon_core.package_identification:_identify(src) by extension 'ignore_ament_install'
[0.113s] Level 1:colcon.colcon_core.package_identification:_identify(src) by extensions ['colcon_pkg']
[0.113s] Level 1:colcon.colcon_core.package_identification:_identify(src) by extension 'colcon_pkg'
[0.113s] Level 1:colcon.colcon_core.package_identification:_identify(src) by extensions ['colcon_meta']
[0.113s] Level 1:colcon.colcon_core.package_identification:_identify(src) by extension 'colcon_meta'
[0.113s] Level 1:colcon.colcon_core.package_identification:_identify(src) by extensions ['ros']
[0.113s] Level 1:colcon.colcon_core.package_identification:_identify(src) by extension 'ros'
[0.113s] Level 1:colcon.colcon_core.package_identification:_identify(src) by extensions ['cmake', 'python']
[0.113s] Level 1:colcon.colcon_core.package_identification:_identify(src) by extension 'cmake'
[0.113s] Level 1:colcon.colcon_core.package_identification:_identify(src) by extension 'python'
[0.113s] Level 1:colcon.colcon_core.package_identification:_identify(src) by extensions ['python_setup_py']
[0.113s] Level 1:colcon.colcon_core.package_identification:_identify(src) by extension 'python_setup_py'
[0.113s] Level 1:colcon.colcon_core.package_identification:_identify(src/omx_sim) by extensions ['ignore', 'ignore_ament_install']
[0.113s] Level 1:colcon.colcon_core.package_identification:_identify(src/omx_sim) by extension 'ignore'
[0.113s] Level 1:colcon.colcon_core.package_identification:_identify(src/omx_sim) by extension 'ignore_ament_install'
[0.113s] Level 1:colcon.colcon_core.package_identification:_identify(src/omx_sim) by extensions ['colcon_pkg']
[0.113s] Level 1:colcon.colcon_core.package_identification:_identify(src/omx_sim) by extension 'colcon_pkg'
[0.113s] Level 1:colcon.colcon_core.package_identification:_identify(src/omx_sim) by extensions ['colcon_meta']
[0.113s] Level 1:colcon.colcon_core.package_identification:_identify(src/omx_sim) by extension 'colcon_meta'
[0.113s] Level 1:colcon.colcon_core.package_identification:_identify(src/omx_sim) by extensions ['ros']
[0.113s] Level 1:colcon.colcon_core.package_identification:_identify(src/omx_sim) by extension 'ros'
[0.114s] DEBUG:colcon.colcon_core.package_identification:Package 'src/omx_sim' with type 'ros.ament_python' and name 'omx_sim'
[0.114s] Level 1:colcon.colcon_core.package_identification:_identify(src/omx_sim_interfaces) by extensions ['ignore', 'ignore_ament_install']
[0.115s] Level 1:colcon.colcon_core.package_identification:_identify(src/omx_sim_interfaces) by extension 'ignore'
[0.115s] Level 1:colcon.colcon_core.package_identification:_identify(src/omx_sim_interfaces) by extension 'ignore_ament_install'
[0.115s] Level 1:colcon.colcon_core.package_identification:_identify(src/omx_sim_interfaces) by extensions ['colcon_pkg']
[0.115s] Level 1:colcon.colcon_core.package_identification:_identify(src/omx_sim_interfaces) by extension 'colcon_pkg'
[0.115s] Level 1:colcon.colcon_core.package_identification:_identify(src/omx_sim_interfaces) by extensions ['colcon_meta']
[0.115s] Level 1:colcon.colcon_core.package_identification:_identify(src/omx_sim_interfaces) by extension 'colcon_meta'
[0.115s] Level 1:colcon.colcon_core.package_identification:_identify(src/omx_sim_interfaces) by extensions ['ros']
[0.115s] Level 1:colcon.colcon_core.package_identification:_identify(src/omx_sim_interfaces) by extension 'ros'
[0.115s] DEBUG:colcon.colcon_core.package_identification:Package 'src/omx_sim_interfaces' with type 'ros.ament_cmake' and name 'omx_sim_interfaces'
[0.115s] Level 1:colcon.colcon_core.package_discovery:discover_packages(recursive) using defaults
[0.115s] Level 1:colcon.colcon_core.package_discovery:discover_packages(ignore) discover
[0.115s] Level 1:colcon.colcon_core.package_discovery:discover_packages(ignore) using defaults
[0.115s] Level 1:colcon.colcon_core.package_discovery:discover_packages(path) discover
[0.115s] Level 1:colcon.colcon_core.package_discovery:discover_packages(path) using defaults
[0.126s] Level 1:colcon.colcon_core.package_discovery:discover_packages(prefix_path) check parameters
[0.126s] Level 1:colcon.colcon_core.package_discovery:discover_packages(prefix_path) discover
[0.128s] DEBUG:colcon.colcon_installed_package_information.package_discovery:Found 7 installed packages in /home/lsoo6741/workspace/ros2_ws/install
[0.129s] DEBUG:colcon.colcon_installed_package_information.package_discovery:Found 382 installed packages in /opt/ros/jazzy
[0.130s] Level 1:colcon.colcon_core.package_discovery:discover_packages(prefix_path) using defaults
[0.161s] Level 5:colcon.colcon_core.verb:set package 'omx_sim_interfaces' build argument 'cmake_args' from command line to 'None'
[0.161s] Level 5:colcon.colcon_core.verb:set package 'omx_sim_interfaces' build argument 'cmake_target' from command line to 'None'
[0.161s] Level 5:colcon.colcon_core.verb:set package 'omx_sim_interfaces' build argument 'cmake_target_skip_unavailable' from command line to 'False'
[0.161s] Level 5:colcon.colcon_core.verb:set package 'omx_sim_interfaces' build argument 'cmake_clean_cache' from command line to 'False'
[0.161s] Level 5:colcon.colcon_core.verb:set package 'omx_sim_interfaces' build argument 'cmake_clean_first' from command line to 'False'
[0.161s] Level 5:colcon.colcon_core.verb:set package 'omx_sim_interfaces' build argument 'cmake_force_configure' from command line to 'False'
[0.161s] Level 5:colcon.colcon_core.verb:set package 'omx_sim_interfaces' build argument 'ament_cmake_args' from command line to 'None'
[0.161s] Level 5:colcon.colcon_core.verb:set package 'omx_sim_interfaces' build argument 'catkin_cmake_args' from command line to 'None'
[0.161s] Level 5:colcon.colcon_core.verb:set package 'omx_sim_interfaces' build argument 'catkin_skip_building_tests' from command line to 'False'
[0.161s] DEBUG:colcon.colcon_core.verb:Building package 'omx_sim_interfaces' with the following arguments: {'ament_cmake_args': None, 'build_base': '/home/lsoo6741/omx_multi_robot_sim/ros2_ws/build/omx_sim_interfaces', 'catkin_cmake_args': None, 'catkin_skip_building_tests': False, 'cmake_args': None, 'cmake_clean_cache': False, 'cmake_clean_first': False, 'cmake_force_configure': False, 'cmake_target': None, 'cmake_target_skip_unavailable': False, 'install_base': '/home/lsoo6741/omx_multi_robot_sim/ros2_ws/install/omx_sim_interfaces', 'merge_install': False, 'path': '/home/lsoo6741/omx_multi_robot_sim/ros2_ws/src/omx_sim_interfaces', 'symlink_install': False, 'test_result_base': None}
[0.161s] Level 5:colcon.colcon_core.verb:set package 'omx_sim' build argument 'cmake_args' from command line to 'None'
[0.161s] Level 5:colcon.colcon_core.verb:set package 'omx_sim' build argument 'cmake_target' from command line to 'None'
[0.161s] Level 5:colcon.colcon_core.verb:set package 'omx_sim' build argument 'cmake_target_skip_unavailable' from command line to 'False'
[0.161s] Level 5:colcon.colcon_core.verb:set package 'omx_sim' build argument 'cmake_clean_cache' from command line to 'False'
[0.161s] Level 5:colcon.colcon_core.verb:set package 'omx_sim' build argument 'cmake_clean_first' from command line to 'False'
[0.162s] Level 5:colcon.colcon_core.verb:set package 'omx_sim' build argument 'cmake_force_configure' from command line to 'False'
[0.162s] Level 5:colcon.colcon_core.verb:set package 'omx_sim' build argument 'ament_cmake_args' from command line to 'None'
[0.162s] Level 5:colcon.colcon_core.verb:set package 'omx_sim' build argument 'catkin_cmake_args' from command line to 'None'
[0.162s] Level 5:colcon.colcon_core.verb:set package 'omx_sim' build argument 'catkin_skip_building_tests' from command line to 'False'
[0.162s] DEBUG:colcon.colcon_core.verb:Building package 'omx_sim' with the following arguments: {'ament_cmake_args': None, 'build_base': '/home/lsoo6741/omx_multi_robot_sim/ros2_ws/build/omx_sim', 'catkin_cmake_args': None, 'catkin_skip_building_tests': False, 'cmake_args': None, 'cmake_clean_cache': False, 'cmake_clean_first': False, 'cmake_force_configure': False, 'cmake_target': None, 'cmake_target_skip_unavailable': False, 'install_base': '/home/lsoo6741/omx_multi_robot_sim/ros2_ws/install/omx_sim', 'merge_install': False, 'path': '/home/lsoo6741/omx_multi_robot_sim/ros2_ws/src/omx_sim', 'symlink_install': False, 'test_result_base': None}
[0.162s] INFO:colcon.colcon_core.executor:Executing jobs using 'parallel' executor
[0.162s] DEBUG:colcon.colcon_parallel_executor.executor.parallel:run_until_complete
[0.162s] INFO:colcon.colcon_ros.task.ament_cmake.build:Building ROS package in '/home/lsoo6741/omx_multi_robot_sim/ros2_ws/src/omx_sim_interfaces' with build type 'ament_cmake'
[0.162s] INFO:colcon.colcon_cmake.task.cmake.build:Building CMake package in '/home/lsoo6741/omx_multi_robot_sim/ros2_ws/src/omx_sim_interfaces'
[0.164s] INFO:colcon.colcon_core.plugin_system:Skipping extension 'colcon_core.shell.bat': Not used on non-Windows systems
[0.164s] INFO:colcon.colcon_core.shell:Skip shell extension 'powershell' for command environment: Not usable outside of PowerShell
[0.164s] DEBUG:colcon.colcon_core.shell:Skip shell extension 'dsv' for command environment
[0.170s] DEBUG:colcon.colcon_core.event_handler.log_command:Invoking command in '/home/lsoo6741/omx_multi_robot_sim/ros2_ws/build/omx_sim_interfaces': CMAKE_PREFIX_PATH=${CMAKE_PREFIX_PATH}:/home/lsoo6741/workspace/ros2_ws/install/py_srvcli:/home/lsoo6741/workspace/ros2_ws/install/py_pubsub:/home/lsoo6741/workspace/ros2_ws/install/my_turtle_pkg:/home/lsoo6741/workspace/ros2_ws/install/action_tutorials_py:/home/lsoo6741/workspace/ros2_ws/install/action_chaser_py:/opt/ros/jazzy DEBUGINFOD_URLS=https://debuginfod.ubuntu.com /usr/bin/cmake /home/lsoo6741/omx_multi_robot_sim/ros2_ws/src/omx_sim_interfaces -DCMAKE_INSTALL_PREFIX=/home/lsoo6741/omx_multi_robot_sim/ros2_ws/install/omx_sim_interfaces
[1.942s] DEBUG:colcon.colcon_core.event_handler.log_command:Invoked command in '/home/lsoo6741/omx_multi_robot_sim/ros2_ws/build/omx_sim_interfaces' returned '0': CMAKE_PREFIX_PATH=${CMAKE_PREFIX_PATH}:/home/lsoo6741/workspace/ros2_ws/install/py_srvcli:/home/lsoo6741/workspace/ros2_ws/install/py_pubsub:/home/lsoo6741/workspace/ros2_ws/install/my_turtle_pkg:/home/lsoo6741/workspace/ros2_ws/install/action_tutorials_py:/home/lsoo6741/workspace/ros2_ws/install/action_chaser_py:/opt/ros/jazzy DEBUGINFOD_URLS=https://debuginfod.ubuntu.com /usr/bin/cmake /home/lsoo6741/omx_multi_robot_sim/ros2_ws/src/omx_sim_interfaces -DCMAKE_INSTALL_PREFIX=/home/lsoo6741/omx_multi_robot_sim/ros2_ws/install/omx_sim_interfaces
[1.943s] DEBUG:colcon.colcon_core.event_handler.log_command:Invoking command in '/home/lsoo6741/omx_multi_robot_sim/ros2_ws/build/omx_sim_interfaces': CMAKE_PREFIX_PATH=${CMAKE_PREFIX_PATH}:/home/lsoo6741/workspace/ros2_ws/install/py_srvcli:/home/lsoo6741/workspace/ros2_ws/install/py_pubsub:/home/lsoo6741/workspace/ros2_ws/install/my_turtle_pkg:/home/lsoo6741/workspace/ros2_ws/install/action_tutorials_py:/home/lsoo6741/workspace/ros2_ws/install/action_chaser_py:/opt/ros/jazzy DEBUGINFOD_URLS=https://debuginfod.ubuntu.com /usr/bin/cmake --build /home/lsoo6741/omx_multi_robot_sim/ros2_ws/build/omx_sim_interfaces -- -j12 -l12
[7.717s] DEBUG:colcon.colcon_core.event_handler.log_command:Invoked command in '/home/lsoo6741/omx_multi_robot_sim/ros2_ws/build/omx_sim_interfaces' returned '0': CMAKE_PREFIX_PATH=${CMAKE_PREFIX_PATH}:/home/lsoo6741/workspace/ros2_ws/install/py_srvcli:/home/lsoo6741/workspace/ros2_ws/install/py_pubsub:/home/lsoo6741/workspace/ros2_ws/install/my_turtle_pkg:/home/lsoo6741/workspace/ros2_ws/install/action_tutorials_py:/home/lsoo6741/workspace/ros2_ws/install/action_chaser_py:/opt/ros/jazzy DEBUGINFOD_URLS=https://debuginfod.ubuntu.com /usr/bin/cmake --build /home/lsoo6741/omx_multi_robot_sim/ros2_ws/build/omx_sim_interfaces -- -j12 -l12
[7.724s] DEBUG:colcon.colcon_core.event_handler.log_command:Invoking command in '/home/lsoo6741/omx_multi_robot_sim/ros2_ws/build/omx_sim_interfaces': CMAKE_PREFIX_PATH=${CMAKE_PREFIX_PATH}:/home/lsoo6741/workspace/ros2_ws/install/py_srvcli:/home/lsoo6741/workspace/ros2_ws/install/py_pubsub:/home/lsoo6741/workspace/ros2_ws/install/my_turtle_pkg:/home/lsoo6741/workspace/ros2_ws/install/action_tutorials_py:/home/lsoo6741/workspace/ros2_ws/install/action_chaser_py:/opt/ros/jazzy DEBUGINFOD_URLS=https://debuginfod.ubuntu.com /usr/bin/cmake --install /home/lsoo6741/omx_multi_robot_sim/ros2_ws/build/omx_sim_interfaces
[7.822s] Level 1:colcon.colcon_core.environment:create_environment_scripts_only(omx_sim_interfaces)
[7.822s] DEBUG:colcon.colcon_core.event_handler.log_command:Invoked command in '/home/lsoo6741/omx_multi_robot_sim/ros2_ws/build/omx_sim_interfaces' returned '0': CMAKE_PREFIX_PATH=${CMAKE_PREFIX_PATH}:/home/lsoo6741/workspace/ros2_ws/install/py_srvcli:/home/lsoo6741/workspace/ros2_ws/install/py_pubsub:/home/lsoo6741/workspace/ros2_ws/install/my_turtle_pkg:/home/lsoo6741/workspace/ros2_ws/install/action_tutorials_py:/home/lsoo6741/workspace/ros2_ws/install/action_chaser_py:/opt/ros/jazzy DEBUGINFOD_URLS=https://debuginfod.ubuntu.com /usr/bin/cmake --install /home/lsoo6741/omx_multi_robot_sim/ros2_ws/build/omx_sim_interfaces
[7.823s] Level 1:colcon.colcon_core.environment:checking '/home/lsoo6741/omx_multi_robot_sim/ros2_ws/install/omx_sim_interfaces' for CMake module files
[7.824s] Level 1:colcon.colcon_core.environment:checking '/home/lsoo6741/omx_multi_robot_sim/ros2_ws/install/omx_sim_interfaces' for CMake config files
[7.824s] Level 1:colcon.colcon_core.shell:create_environment_hook('omx_sim_interfaces', 'cmake_prefix_path')
[7.824s] INFO:colcon.colcon_core.shell:Creating environment hook '/home/lsoo6741/omx_multi_robot_sim/ros2_ws/install/omx_sim_interfaces/share/omx_sim_interfaces/hook/cmake_prefix_path.ps1'
[7.825s] INFO:colcon.colcon_core.shell:Creating environment descriptor '/home/lsoo6741/omx_multi_robot_sim/ros2_ws/install/omx_sim_interfaces/share/omx_sim_interfaces/hook/cmake_prefix_path.dsv'
[7.825s] INFO:colcon.colcon_core.shell:Creating environment hook '/home/lsoo6741/omx_multi_robot_sim/ros2_ws/install/omx_sim_interfaces/share/omx_sim_interfaces/hook/cmake_prefix_path.sh'
[7.825s] Level 1:colcon.colcon_core.environment:checking '/home/lsoo6741/omx_multi_robot_sim/ros2_ws/install/omx_sim_interfaces/lib'
[7.825s] Level 1:colcon.colcon_core.shell:create_environment_hook('omx_sim_interfaces', 'ld_library_path_lib')
[7.825s] INFO:colcon.colcon_core.shell:Creating environment hook '/home/lsoo6741/omx_multi_robot_sim/ros2_ws/install/omx_sim_interfaces/share/omx_sim_interfaces/hook/ld_library_path_lib.ps1'
[7.826s] INFO:colcon.colcon_core.shell:Creating environment descriptor '/home/lsoo6741/omx_multi_robot_sim/ros2_ws/install/omx_sim_interfaces/share/omx_sim_interfaces/hook/ld_library_path_lib.dsv'
[7.826s] INFO:colcon.colcon_core.shell:Creating environment hook '/home/lsoo6741/omx_multi_robot_sim/ros2_ws/install/omx_sim_interfaces/share/omx_sim_interfaces/hook/ld_library_path_lib.sh'
[7.826s] Level 1:colcon.colcon_core.environment:checking '/home/lsoo6741/omx_multi_robot_sim/ros2_ws/install/omx_sim_interfaces/bin'
[7.826s] Level 1:colcon.colcon_core.environment:checking '/home/lsoo6741/omx_multi_robot_sim/ros2_ws/install/omx_sim_interfaces/lib/pkgconfig/omx_sim_interfaces.pc'
[7.826s] Level 1:colcon.colcon_core.environment:checking '/home/lsoo6741/omx_multi_robot_sim/ros2_ws/install/omx_sim_interfaces/lib/python3.12/site-packages'
[7.826s] Level 1:colcon.colcon_core.shell:create_environment_hook('omx_sim_interfaces', 'pythonpath')
[7.826s] INFO:colcon.colcon_core.shell:Creating environment hook '/home/lsoo6741/omx_multi_robot_sim/ros2_ws/install/omx_sim_interfaces/share/omx_sim_interfaces/hook/pythonpath.ps1'
[7.826s] INFO:colcon.colcon_core.shell:Creating environment descriptor '/home/lsoo6741/omx_multi_robot_sim/ros2_ws/install/omx_sim_interfaces/share/omx_sim_interfaces/hook/pythonpath.dsv'
[7.827s] INFO:colcon.colcon_core.shell:Creating environment hook '/home/lsoo6741/omx_multi_robot_sim/ros2_ws/install/omx_sim_interfaces/share/omx_sim_interfaces/hook/pythonpath.sh'
[7.827s] Level 1:colcon.colcon_core.environment:checking '/home/lsoo6741/omx_multi_robot_sim/ros2_ws/install/omx_sim_interfaces/bin'
[7.827s] INFO:colcon.colcon_core.shell:Creating package script '/home/lsoo6741/omx_multi_robot_sim/ros2_ws/install/omx_sim_interfaces/share/omx_sim_interfaces/package.ps1'
[7.827s] INFO:colcon.colcon_core.shell:Creating package descriptor '/home/lsoo6741/omx_multi_robot_sim/ros2_ws/install/omx_sim_interfaces/share/omx_sim_interfaces/package.dsv'
[7.828s] INFO:colcon.colcon_core.shell:Creating package script '/home/lsoo6741/omx_multi_robot_sim/ros2_ws/install/omx_sim_interfaces/share/omx_sim_interfaces/package.sh'
[7.828s] INFO:colcon.colcon_core.shell:Creating package script '/home/lsoo6741/omx_multi_robot_sim/ros2_ws/install/omx_sim_interfaces/share/omx_sim_interfaces/package.bash'
[7.828s] INFO:colcon.colcon_core.shell:Creating package script '/home/lsoo6741/omx_multi_robot_sim/ros2_ws/install/omx_sim_interfaces/share/omx_sim_interfaces/package.zsh'
[7.829s] Level 1:colcon.colcon_core.environment:create_file_with_runtime_dependencies(/home/lsoo6741/omx_multi_robot_sim/ros2_ws/install/omx_sim_interfaces/share/colcon-core/packages/omx_sim_interfaces)
[7.829s] Level 1:colcon.colcon_core.environment:create_environment_scripts_only(omx_sim_interfaces)
[7.829s] Level 1:colcon.colcon_core.environment:checking '/home/lsoo6741/omx_multi_robot_sim/ros2_ws/install/omx_sim_interfaces' for CMake module files
[7.829s] Level 1:colcon.colcon_core.environment:checking '/home/lsoo6741/omx_multi_robot_sim/ros2_ws/install/omx_sim_interfaces' for CMake config files
[7.830s] Level 1:colcon.colcon_core.shell:create_environment_hook('omx_sim_interfaces', 'cmake_prefix_path')
[7.830s] INFO:colcon.colcon_core.shell:Creating environment hook '/home/lsoo6741/omx_multi_robot_sim/ros2_ws/install/omx_sim_interfaces/share/omx_sim_interfaces/hook/cmake_prefix_path.ps1'
[7.830s] INFO:colcon.colcon_core.shell:Creating environment descriptor '/home/lsoo6741/omx_multi_robot_sim/ros2_ws/install/omx_sim_interfaces/share/omx_sim_interfaces/hook/cmake_prefix_path.dsv'
[7.830s] INFO:colcon.colcon_core.shell:Creating environment hook '/home/lsoo6741/omx_multi_robot_sim/ros2_ws/install/omx_sim_interfaces/share/omx_sim_interfaces/hook/cmake_prefix_path.sh'
[7.831s] Level 1:colcon.colcon_core.environment:checking '/home/lsoo6741/omx_multi_robot_sim/ros2_ws/install/omx_sim_interfaces/lib'
[7.831s] Level 1:colcon.colcon_core.shell:create_environment_hook('omx_sim_interfaces', 'ld_library_path_lib')
[7.831s] INFO:colcon.colcon_core.shell:Creating environment hook '/home/lsoo6741/omx_multi_robot_sim/ros2_ws/install/omx_sim_interfaces/share/omx_sim_interfaces/hook/ld_library_path_lib.ps1'
[7.831s] INFO:colcon.colcon_core.shell:Creating environment descriptor '/home/lsoo6741/omx_multi_robot_sim/ros2_ws/install/omx_sim_interfaces/share/omx_sim_interfaces/hook/ld_library_path_lib.dsv'
[7.831s] INFO:colcon.colcon_core.shell:Creating environment hook '/home/lsoo6741/omx_multi_robot_sim/ros2_ws/install/omx_sim_interfaces/share/omx_sim_interfaces/hook/ld_library_path_lib.sh'
[7.831s] Level 1:colcon.colcon_core.environment:checking '/home/lsoo6741/omx_multi_robot_sim/ros2_ws/install/omx_sim_interfaces/bin'
[7.831s] Level 1:colcon.colcon_core.environment:checking '/home/lsoo6741/omx_multi_robot_sim/ros2_ws/install/omx_sim_interfaces/lib/pkgconfig/omx_sim_interfaces.pc'
[7.831s] Level 1:colcon.colcon_core.environment:checking '/home/lsoo6741/omx_multi_robot_sim/ros2_ws/install/omx_sim_interfaces/lib/python3.12/site-packages'
[7.831s] Level 1:colcon.colcon_core.shell:create_environment_hook('omx_sim_interfaces', 'pythonpath')
[7.832s] INFO:colcon.colcon_core.shell:Creating environment hook '/home/lsoo6741/omx_multi_robot_sim/ros2_ws/install/omx_sim_interfaces/share/omx_sim_interfaces/hook/pythonpath.ps1'
[7.832s] INFO:colcon.colcon_core.shell:Creating environment descriptor '/home/lsoo6741/omx_multi_robot_sim/ros2_ws/install/omx_sim_interfaces/share/omx_sim_interfaces/hook/pythonpath.dsv'
[7.832s] INFO:colcon.colcon_core.shell:Creating environment hook '/home/lsoo6741/omx_multi_robot_sim/ros2_ws/install/omx_sim_interfaces/share/omx_sim_interfaces/hook/pythonpath.sh'
[7.832s] Level 1:colcon.colcon_core.environment:checking '/home/lsoo6741/omx_multi_robot_sim/ros2_ws/install/omx_sim_interfaces/bin'
[7.832s] INFO:colcon.colcon_core.shell:Creating package script '/home/lsoo6741/omx_multi_robot_sim/ros2_ws/install/omx_sim_interfaces/share/omx_sim_interfaces/package.ps1'
[7.833s] INFO:colcon.colcon_core.shell:Creating package descriptor '/home/lsoo6741/omx_multi_robot_sim/ros2_ws/install/omx_sim_interfaces/share/omx_sim_interfaces/package.dsv'
[7.833s] INFO:colcon.colcon_core.shell:Creating package script '/home/lsoo6741/omx_multi_robot_sim/ros2_ws/install/omx_sim_interfaces/share/omx_sim_interfaces/package.sh'
[7.833s] INFO:colcon.colcon_core.shell:Creating package script '/home/lsoo6741/omx_multi_robot_sim/ros2_ws/install/omx_sim_interfaces/share/omx_sim_interfaces/package.bash'
[7.833s] INFO:colcon.colcon_core.shell:Creating package script '/home/lsoo6741/omx_multi_robot_sim/ros2_ws/install/omx_sim_interfaces/share/omx_sim_interfaces/package.zsh'
[7.834s] Level 1:colcon.colcon_core.environment:create_file_with_runtime_dependencies(/home/lsoo6741/omx_multi_robot_sim/ros2_ws/install/omx_sim_interfaces/share/colcon-core/packages/omx_sim_interfaces)
[7.834s] INFO:colcon.colcon_ros.task.ament_python.build:Building ROS package in '/home/lsoo6741/omx_multi_robot_sim/ros2_ws/src/omx_sim' with build type 'ament_python'
[7.834s] Level 1:colcon.colcon_core.shell:create_environment_hook('omx_sim', 'ament_prefix_path')
[7.834s] INFO:colcon.colcon_core.shell:Creating environment hook '/home/lsoo6741/omx_multi_robot_sim/ros2_ws/install/omx_sim/share/omx_sim/hook/ament_prefix_path.ps1'
[7.834s] INFO:colcon.colcon_core.shell:Creating environment descriptor '/home/lsoo6741/omx_multi_robot_sim/ros2_ws/install/omx_sim/share/omx_sim/hook/ament_prefix_path.dsv'
[7.835s] INFO:colcon.colcon_core.shell:Creating environment hook '/home/lsoo6741/omx_multi_robot_sim/ros2_ws/install/omx_sim/share/omx_sim/hook/ament_prefix_path.sh'
[7.835s] INFO:colcon.colcon_core.shell:Skip shell extension 'powershell' for command environment: Not usable outside of PowerShell
[7.835s] DEBUG:colcon.colcon_core.shell:Skip shell extension 'dsv' for command environment
[7.956s] INFO:colcon.colcon_core.task.python.build:Building Python package in '/home/lsoo6741/omx_multi_robot_sim/ros2_ws/src/omx_sim'
[7.956s] INFO:colcon.colcon_core.shell:Skip shell extension 'powershell' for command environment: Not usable outside of PowerShell
[7.956s] DEBUG:colcon.colcon_core.shell:Skip shell extension 'dsv' for command environment
[8.258s] DEBUG:colcon.colcon_core.event_handler.log_command:Invoking command in '/home/lsoo6741/omx_multi_robot_sim/ros2_ws/src/omx_sim': AMENT_PREFIX_PATH=/home/lsoo6741/omx_multi_robot_sim/ros2_ws/install/omx_sim_interfaces:${AMENT_PREFIX_PATH} CMAKE_PREFIX_PATH=/home/lsoo6741/omx_multi_robot_sim/ros2_ws/install/omx_sim_interfaces:${CMAKE_PREFIX_PATH} DEBUGINFOD_URLS=https://debuginfod.ubuntu.com LD_LIBRARY_PATH=/home/lsoo6741/omx_multi_robot_sim/ros2_ws/install/omx_sim_interfaces/lib:${LD_LIBRARY_PATH} PYTHONPATH=/home/lsoo6741/omx_multi_robot_sim/ros2_ws/build/omx_sim/prefix_override:/usr/lib/python3/dist-packages/colcon_core/task/python/colcon_distutils_commands:/home/lsoo6741/omx_multi_robot_sim/ros2_ws/install/omx_sim/lib/python3.12/site-packages:/home/lsoo6741/omx_multi_robot_sim/ros2_ws/install/omx_sim_interfaces/lib/python3.12/site-packages:${PYTHONPATH} /usr/bin/python3 -W ignore:setup.py install is deprecated -W ignore:easy_install command is deprecated setup.py egg_info --egg-base ../../build/omx_sim build --build-base /home/lsoo6741/omx_multi_robot_sim/ros2_ws/build/omx_sim/build install --record /home/lsoo6741/omx_multi_robot_sim/ros2_ws/build/omx_sim/install.log --single-version-externally-managed install_data
[8.529s] Level 1:colcon.colcon_core.environment:checking '/home/lsoo6741/omx_multi_robot_sim/ros2_ws/install/omx_sim' for CMake module files
[8.530s] DEBUG:colcon.colcon_core.event_handler.log_command:Invoked command in '/home/lsoo6741/omx_multi_robot_sim/ros2_ws/src/omx_sim' returned '0': AMENT_PREFIX_PATH=/home/lsoo6741/omx_multi_robot_sim/ros2_ws/install/omx_sim_interfaces:${AMENT_PREFIX_PATH} CMAKE_PREFIX_PATH=/home/lsoo6741/omx_multi_robot_sim/ros2_ws/install/omx_sim_interfaces:${CMAKE_PREFIX_PATH} DEBUGINFOD_URLS=https://debuginfod.ubuntu.com LD_LIBRARY_PATH=/home/lsoo6741/omx_multi_robot_sim/ros2_ws/install/omx_sim_interfaces/lib:${LD_LIBRARY_PATH} PYTHONPATH=/home/lsoo6741/omx_multi_robot_sim/ros2_ws/build/omx_sim/prefix_override:/usr/lib/python3/dist-packages/colcon_core/task/python/colcon_distutils_commands:/home/lsoo6741/omx_multi_robot_sim/ros2_ws/install/omx_sim/lib/python3.12/site-packages:/home/lsoo6741/omx_multi_robot_sim/ros2_ws/install/omx_sim_interfaces/lib/python3.12/site-packages:${PYTHONPATH} /usr/bin/python3 -W ignore:setup.py install is deprecated -W ignore:easy_install command is deprecated setup.py egg_info --egg-base ../../build/omx_sim build --build-base /home/lsoo6741/omx_multi_robot_sim/ros2_ws/build/omx_sim/build install --record /home/lsoo6741/omx_multi_robot_sim/ros2_ws/build/omx_sim/install.log --single-version-externally-managed install_data
[8.530s] Level 1:colcon.colcon_core.environment:checking '/home/lsoo6741/omx_multi_robot_sim/ros2_ws/install/omx_sim' for CMake config files
[8.531s] Level 1:colcon.colcon_core.environment:checking '/home/lsoo6741/omx_multi_robot_sim/ros2_ws/install/omx_sim/lib'
[8.531s] Level 1:colcon.colcon_core.environment:checking '/home/lsoo6741/omx_multi_robot_sim/ros2_ws/install/omx_sim/bin'
[8.531s] Level 1:colcon.colcon_core.environment:checking '/home/lsoo6741/omx_multi_robot_sim/ros2_ws/install/omx_sim/lib/pkgconfig/omx_sim.pc'
[8.531s] Level 1:colcon.colcon_core.environment:checking '/home/lsoo6741/omx_multi_robot_sim/ros2_ws/install/omx_sim/lib/python3.12/site-packages'
[8.531s] Level 1:colcon.colcon_core.shell:create_environment_hook('omx_sim', 'pythonpath')
[8.531s] INFO:colcon.colcon_core.shell:Creating environment hook '/home/lsoo6741/omx_multi_robot_sim/ros2_ws/install/omx_sim/share/omx_sim/hook/pythonpath.ps1'
[8.531s] INFO:colcon.colcon_core.shell:Creating environment descriptor '/home/lsoo6741/omx_multi_robot_sim/ros2_ws/install/omx_sim/share/omx_sim/hook/pythonpath.dsv'
[8.532s] INFO:colcon.colcon_core.shell:Creating environment hook '/home/lsoo6741/omx_multi_robot_sim/ros2_ws/install/omx_sim/share/omx_sim/hook/pythonpath.sh'
[8.532s] Level 1:colcon.colcon_core.environment:checking '/home/lsoo6741/omx_multi_robot_sim/ros2_ws/install/omx_sim/bin'
[8.532s] Level 1:colcon.colcon_core.environment:create_environment_scripts_only(omx_sim)
[8.532s] INFO:colcon.colcon_core.shell:Creating package script '/home/lsoo6741/omx_multi_robot_sim/ros2_ws/install/omx_sim/share/omx_sim/package.ps1'
[8.533s] INFO:colcon.colcon_core.shell:Creating package descriptor '/home/lsoo6741/omx_multi_robot_sim/ros2_ws/install/omx_sim/share/omx_sim/package.dsv'
[8.533s] INFO:colcon.colcon_core.shell:Creating package script '/home/lsoo6741/omx_multi_robot_sim/ros2_ws/install/omx_sim/share/omx_sim/package.sh'
[8.533s] INFO:colcon.colcon_core.shell:Creating package script '/home/lsoo6741/omx_multi_robot_sim/ros2_ws/install/omx_sim/share/omx_sim/package.bash'
[8.533s] INFO:colcon.colcon_core.shell:Creating package script '/home/lsoo6741/omx_multi_robot_sim/ros2_ws/install/omx_sim/share/omx_sim/package.zsh'
[8.533s] Level 1:colcon.colcon_core.environment:create_file_with_runtime_dependencies(/home/lsoo6741/omx_multi_robot_sim/ros2_ws/install/omx_sim/share/colcon-core/packages/omx_sim)
[8.533s] DEBUG:colcon.colcon_parallel_executor.executor.parallel:closing loop
[8.534s] DEBUG:colcon.colcon_parallel_executor.executor.parallel:loop closed
[8.534s] DEBUG:colcon.colcon_parallel_executor.executor.parallel:run_until_complete finished with '0'
[8.534s] DEBUG:colcon.colcon_core.event_reactor:joining thread
[8.537s] INFO:colcon.colcon_core.plugin_system:Skipping extension 'colcon_notification.desktop_notification.terminal_notifier': Not used on non-Darwin systems
[8.537s] INFO:colcon.colcon_core.plugin_system:Skipping extension 'colcon_notification.desktop_notification.win32': Not used on non-Windows systems
[8.537s] INFO:colcon.colcon_notification.desktop_notification:Sending desktop notification using 'notify2'
[8.545s] DEBUG:colcon.colcon_core.event_reactor:joined thread
[8.546s] INFO:colcon.colcon_core.shell:Creating prefix script '/home/lsoo6741/omx_multi_robot_sim/ros2_ws/install/local_setup.ps1'
[8.546s] INFO:colcon.colcon_core.shell:Creating prefix util module '/home/lsoo6741/omx_multi_robot_sim/ros2_ws/install/_local_setup_util_ps1.py'
[8.547s] INFO:colcon.colcon_core.shell:Creating prefix chain script '/home/lsoo6741/omx_multi_robot_sim/ros2_ws/install/setup.ps1'
[8.548s] INFO:colcon.colcon_core.shell:Creating prefix script '/home/lsoo6741/omx_multi_robot_sim/ros2_ws/install/local_setup.sh'
[8.548s] INFO:colcon.colcon_core.shell:Creating prefix util module '/home/lsoo6741/omx_multi_robot_sim/ros2_ws/install/_local_setup_util_sh.py'
[8.548s] INFO:colcon.colcon_core.shell:Creating prefix chain script '/home/lsoo6741/omx_multi_robot_sim/ros2_ws/install/setup.sh'
[8.549s] INFO:colcon.colcon_core.shell:Creating prefix script '/home/lsoo6741/omx_multi_robot_sim/ros2_ws/install/local_setup.bash'
[8.549s] INFO:colcon.colcon_core.shell:Creating prefix chain script '/home/lsoo6741/omx_multi_robot_sim/ros2_ws/install/setup.bash'
[8.550s] INFO:colcon.colcon_core.shell:Creating prefix script '/home/lsoo6741/omx_multi_robot_sim/ros2_ws/install/local_setup.zsh'
[8.550s] INFO:colcon.colcon_core.shell:Creating prefix chain script '/home/lsoo6741/omx_multi_robot_sim/ros2_ws/install/setup.zsh'
