-- Found ament_cmake: 2.5.5 (/opt/ros/jazzy/share/ament_cmake/cmake)
-- Found rosidl_default_generators: 1.6.0 (/opt/ros/jazzy/share/rosidl_default_generators/cmake)
-- Using all available rosidl_typesupport_c: rosidl_typesupport_fastrtps_c;rosidl_typesupport_introspection_c
-- Using all available rosidl_typesupport_cpp: rosidl_typesupport_fastrtps_cpp;rosidl_typesupport_introspection_cpp
-- Found rosidl_adapter: 4.6.7 (/opt/ros/jazzy/share/rosidl_adapter/cmake)
-- Found ament_cmake_ros: 0.12.0 (/opt/ros/jazzy/share/ament_cmake_ros/cmake)
-- Using all available rosidl_typesupport_c: rosidl_typesupport_fastrtps_c;rosidl_typesupport_introspection_c
-- Using all available rosidl_typesupport_cpp: rosidl_typesupport_fastrtps_cpp;rosidl_typesupport_introspection_cpp
-- Found python_cmake_module: 0.11.1 (/opt/ros/jazzy/share/python_cmake_module/cmake)
-- Found PythonExtra: /usr/bin/python3  
-- Found Python3: /usr/bin/python3 (found version "3.12.3") found components: Interpreter Development NumPy Development.Module Development.Embed 
-- Configuring done (1.7s)
-- Generating done (0.0s)
-- Build files have been written to: /home/lsoo6741/omx_multi_robot_sim/ros2_ws/build/omx_sim_interfaces
[  1%] [34m[1mGenerating type hashes for ROS interfaces[0m
[  1%] Built target ament_cmake_python_copy_omx_sim_interfaces
running egg_info
creating omx_sim_interfaces.egg-info
writing omx_sim_interfaces.egg-info/PKG-INFO
writing dependency_links to omx_sim_interfaces.egg-info/dependency_links.txt
writing top-level names to omx_sim_interfaces.egg-info/top_level.txt
writing manifest file 'omx_sim_interfaces.egg-info/SOURCES.txt'
reading manifest file 'omx_sim_interfaces.egg-info/SOURCES.txt'
writing manifest file 'omx_sim_interfaces.egg-info/SOURCES.txt'
[  1%] Built target ament_cmake_python_build_omx_sim_interfaces_egg
[  1%] Built target omx_sim_interfaces__rosidl_generator_type_description
[  2%] [34m[1mGenerating C code for ROS interfaces[0m
[  3%] [34m[1mGenerating C++ code for ROS interfaces[0m
[  3%] Built target omx_sim_interfaces__cpp
[ 10%] [32mBuilding C object CMakeFiles/omx_sim_interfaces__rosidl_generator_c.dir/rosidl_generator_c/omx_sim_interfaces/action/detail/reach__description.c.o[0m
[ 10%] [32mBuilding C object CMakeFiles/omx_sim_interfaces__rosidl_generator_c.dir/rosidl_generator_c/omx_sim_interfaces/action/detail/pick__functions.c.o[0m
[ 10%] [32mBuilding C object CMakeFiles/omx_sim_interfaces__rosidl_generator_c.dir/rosidl_generator_c/omx_sim_interfaces/action/detail/place__type_support.c.o[0m
[ 10%] [32mBuilding C object CMakeFiles/omx_sim_interfaces__rosidl_generator_c.dir/rosidl_generator_c/omx_sim_interfaces/action/detail/pick__description.c.o[0m
[ 10%] [32mBuilding C object CMakeFiles/omx_sim_interfaces__rosidl_generator_c.dir/rosidl_generator_c/omx_sim_interfaces/action/detail/place__functions.c.o[0m
[ 10%] [32mBuilding C object CMakeFiles/omx_sim_interfaces__rosidl_generator_c.dir/rosidl_generator_c/omx_sim_interfaces/action/detail/place__description.c.o[0m
[ 11%] [32mBuilding C object CMakeFiles/omx_sim_interfaces__rosidl_generator_c.dir/rosidl_generator_c/omx_sim_interfaces/action/detail/bt_pick__description.c.o[0m
[ 16%] [32mBuilding C object CMakeFiles/omx_sim_interfaces__rosidl_generator_c.dir/rosidl_generator_c/omx_sim_interfaces/action/detail/bt_pick__type_support.c.o[0m
[ 16%] [32mBuilding C object CMakeFiles/omx_sim_interfaces__rosidl_generator_c.dir/rosidl_generator_c/omx_sim_interfaces/action/detail/reach__type_support.c.o[0m
[ 16%] [32mBuilding C object CMakeFiles/omx_sim_interfaces__rosidl_generator_c.dir/rosidl_generator_c/omx_sim_interfaces/action/detail/pick__type_support.c.o[0m
[ 16%] [32mBuilding C object CMakeFiles/omx_sim_interfaces__rosidl_generator_c.dir/rosidl_generator_c/omx_sim_interfaces/action/detail/reach__functions.c.o[0m
[ 17%] [32mBuilding C object CMakeFiles/omx_sim_interfaces__rosidl_generator_c.dir/rosidl_generator_c/omx_sim_interfaces/action/detail/bt_pick__functions.c.o[0m
[ 19%] [32mBuilding C object CMakeFiles/omx_sim_interfaces__rosidl_generator_c.dir/rosidl_generator_c/omx_sim_interfaces/action/detail/bt_place__description.c.o[0m
[ 21%] [32mBuilding C object CMakeFiles/omx_sim_interfaces__rosidl_generator_c.dir/rosidl_generator_c/omx_sim_interfaces/action/detail/bt_place__type_support.c.o[0m
[ 21%] [32mBuilding C object CMakeFiles/omx_sim_interfaces__rosidl_generator_c.dir/rosidl_generator_c/omx_sim_interfaces/action/detail/bt_place__functions.c.o[0m
[ 22%] [32mBuilding C object CMakeFiles/omx_sim_interfaces__rosidl_generator_c.dir/rosidl_generator_c/omx_sim_interfaces/action/detail/bt_reach__description.c.o[0m
[ 25%] [32mBuilding C object CMakeFiles/omx_sim_interfaces__rosidl_generator_c.dir/rosidl_generator_c/omx_sim_interfaces/action/detail/bt_reach__functions.c.o[0m
[ 25%] [32mBuilding C object CMakeFiles/omx_sim_interfaces__rosidl_generator_c.dir/rosidl_generator_c/omx_sim_interfaces/action/detail/bt_reach__type_support.c.o[0m
[ 26%] [32m[1mLinking C shared library libomx_sim_interfaces__rosidl_generator_c.so[0m
[ 26%] Built target omx_sim_interfaces__rosidl_generator_c
[ 32%] [34m[1mGenerating C type support dispatch for ROS interfaces[0m
[ 32%] [34m[1mGenerating C++ introspection for ROS interfaces[0m
[ 32%] [34m[1mGenerating C++ type support for eProsima Fast-RTPS[0m
[ 32%] [34m[1mGenerating C type support for eProsima Fast-RTPS[0m
[ 33%] [34m[1mGenerating C++ type support dispatch for ROS interfaces[0m
[ 33%] [34m[1mGenerating C introspection for ROS interfaces[0m
[ 39%] [32mBuilding CXX object CMakeFiles/omx_sim_interfaces__rosidl_typesupport_c.dir/rosidl_typesupport_c/omx_sim_interfaces/action/pick__type_support.cpp.o[0m
[ 39%] [32mBuilding CXX object CMakeFiles/omx_sim_interfaces__rosidl_typesupport_c.dir/rosidl_typesupport_c/omx_sim_interfaces/action/reach__type_support.cpp.o[0m
[ 39%] [32mBuilding CXX object CMakeFiles/omx_sim_interfaces__rosidl_typesupport_c.dir/rosidl_typesupport_c/omx_sim_interfaces/action/bt_pick__type_support.cpp.o[0m
[ 39%] [32mBuilding CXX object CMakeFiles/omx_sim_interfaces__rosidl_typesupport_c.dir/rosidl_typesupport_c/omx_sim_interfaces/action/bt_reach__type_support.cpp.o[0m
[ 40%] [32mBuilding CXX object CMakeFiles/omx_sim_interfaces__rosidl_typesupport_c.dir/rosidl_typesupport_c/omx_sim_interfaces/action/bt_place__type_support.cpp.o[0m
[ 39%] [32mBuilding CXX object CMakeFiles/omx_sim_interfaces__rosidl_typesupport_c.dir/rosidl_typesupport_c/omx_sim_interfaces/action/place__type_support.cpp.o[0m
[ 44%] [32mBuilding CXX object CMakeFiles/omx_sim_interfaces__rosidl_typesupport_cpp.dir/rosidl_typesupport_cpp/omx_sim_interfaces/action/reach__type_support.cpp.o[0m
[ 44%] [32mBuilding CXX object CMakeFiles/omx_sim_interfaces__rosidl_typesupport_cpp.dir/rosidl_typesupport_cpp/omx_sim_interfaces/action/place__type_support.cpp.o[0m
[ 44%] [32mBuilding CXX object CMakeFiles/omx_sim_interfaces__rosidl_typesupport_cpp.dir/rosidl_typesupport_cpp/omx_sim_interfaces/action/pick__type_support.cpp.o[0m
[ 45%] [32mBuilding CXX object CMakeFiles/omx_sim_interfaces__rosidl_typesupport_cpp.dir/rosidl_typesupport_cpp/omx_sim_interfaces/action/bt_pick__type_support.cpp.o[0m
[ 46%] [32mBuilding CXX object CMakeFiles/omx_sim_interfaces__rosidl_typesupport_cpp.dir/rosidl_typesupport_cpp/omx_sim_interfaces/action/bt_place__type_support.cpp.o[0m
[ 47%] [32mBuilding CXX object CMakeFiles/omx_sim_interfaces__rosidl_typesupport_cpp.dir/rosidl_typesupport_cpp/omx_sim_interfaces/action/bt_reach__type_support.cpp.o[0m
[ 48%] [32m[1mLinking CXX shared library libomx_sim_interfaces__rosidl_typesupport_c.so[0m
[ 48%] Built target omx_sim_interfaces__rosidl_typesupport_c
[ 50%] [32mBuilding CXX object CMakeFiles/omx_sim_interfaces__rosidl_typesupport_introspection_cpp.dir/rosidl_typesupport_introspection_cpp/omx_sim_interfaces/action/detail/pick__type_support.cpp.o[0m
[ 52%] [32mBuilding CXX object CMakeFiles/omx_sim_interfaces__rosidl_typesupport_introspection_cpp.dir/rosidl_typesupport_introspection_cpp/omx_sim_interfaces/action/detail/place__type_support.cpp.o[0m
[ 52%] [32mBuilding CXX object CMakeFiles/omx_sim_interfaces__rosidl_typesupport_introspection_cpp.dir/rosidl_typesupport_introspection_cpp/omx_sim_interfaces/action/detail/reach__type_support.cpp.o[0m
[ 53%] [32mBuilding C object CMakeFiles/omx_sim_interfaces__rosidl_typesupport_introspection_c.dir/rosidl_typesupport_introspection_c/omx_sim_interfaces/action/detail/pick__type_support.c.o[0m
[ 54%] [32mBuilding C object CMakeFiles/omx_sim_interfaces__rosidl_typesupport_introspection_c.dir/rosidl_typesupport_introspection_c/omx_sim_interfaces/action/detail/place__type_support.c.o[0m
[ 55%] [32mBuilding C object CMakeFiles/omx_sim_interfaces__rosidl_typesupport_introspection_c.dir/rosidl_typesupport_introspection_c/omx_sim_interfaces/action/detail/reach__type_support.c.o[0m
[ 57%] [32mBuilding C object CMakeFiles/omx_sim_interfaces__rosidl_typesupport_introspection_c.dir/rosidl_typesupport_introspection_c/omx_sim_interfaces/action/detail/bt_pick__type_support.c.o[0m
[ 59%] [32mBuilding CXX object CMakeFiles/omx_sim_interfaces__rosidl_typesupport_introspection_cpp.dir/rosidl_typesupport_introspection_cpp/omx_sim_interfaces/action/detail/bt_pick__type_support.cpp.o[0m
[ 59%] [32mBuilding C object CMakeFiles/omx_sim_interfaces__rosidl_typesupport_introspection_c.dir/rosidl_typesupport_introspection_c/omx_sim_interfaces/action/detail/bt_place__type_support.c.o[0m
[ 60%] [32mBuilding CXX object CMakeFiles/omx_sim_interfaces__rosidl_typesupport_introspection_cpp.dir/rosidl_typesupport_introspection_cpp/omx_sim_interfaces/action/detail/bt_place__type_support.cpp.o[0m
[ 61%] [32mBuilding CXX object CMakeFiles/omx_sim_interfaces__rosidl_typesupport_introspection_cpp.dir/rosidl_typesupport_introspection_cpp/omx_sim_interfaces/action/detail/bt_reach__type_support.cpp.o[0m
[ 63%] [32mBuilding C object CMakeFiles/omx_sim_interfaces__rosidl_typesupport_introspection_c.dir/rosidl_typesupport_introspection_c/omx_sim_interfaces/action/detail/bt_reach__type_support.c.o[0m
[ 64%] [32m[1mLinking CXX shared library libomx_sim_interfaces__rosidl_typesupport_cpp.so[0m
[ 65%] [32m[1mLinking C shared library libomx_sim_interfaces__rosidl_typesupport_introspection_c.so[0m
[ 65%] Built target omx_sim_interfaces__rosidl_typesupport_introspection_c
[ 65%] Built target omx_sim_interfaces__rosidl_typesupport_cpp
[ 71%] [32mBuilding CXX object CMakeFiles/omx_sim_interfaces__rosidl_typesupport_fastrtps_cpp.dir/rosidl_typesupport_fastrtps_cpp/omx_sim_interfaces/action/detail/dds_fastrtps/place__type_support.cpp.o[0m
[ 71%] [32mBuilding CXX object CMakeFiles/omx_sim_interfaces__rosidl_typesupport_fastrtps_cpp.dir/rosidl_typesupport_fastrtps_cpp/omx_sim_interfaces/action/detail/dds_fastrtps/pick__type_support.cpp.o[0m
[ 71%] [32mBuilding CXX object CMakeFiles/omx_sim_interfaces__rosidl_typesupport_fastrtps_cpp.dir/rosidl_typesupport_fastrtps_cpp/omx_sim_interfaces/action/detail/dds_fastrtps/reach__type_support.cpp.o[0m
[ 71%] [32mBuilding CXX object CMakeFiles/omx_sim_interfaces__rosidl_typesupport_fastrtps_cpp.dir/rosidl_typesupport_fastrtps_cpp/omx_sim_interfaces/action/detail/dds_fastrtps/bt_place__type_support.cpp.o[0m
[ 71%] [32mBuilding CXX object CMakeFiles/omx_sim_interfaces__rosidl_typesupport_fastrtps_cpp.dir/rosidl_typesupport_fastrtps_cpp/omx_sim_interfaces/action/detail/dds_fastrtps/bt_pick__type_support.cpp.o[0m
[ 72%] [32mBuilding CXX object CMakeFiles/omx_sim_interfaces__rosidl_typesupport_fastrtps_cpp.dir/rosidl_typesupport_fastrtps_cpp/omx_sim_interfaces/action/detail/dds_fastrtps/bt_reach__type_support.cpp.o[0m
[ 76%] [32mBuilding CXX object CMakeFiles/omx_sim_interfaces__rosidl_typesupport_fastrtps_c.dir/rosidl_typesupport_fastrtps_c/omx_sim_interfaces/action/detail/place__type_support_c.cpp.o[0m
[ 76%] [32mBuilding CXX object CMakeFiles/omx_sim_interfaces__rosidl_typesupport_fastrtps_c.dir/rosidl_typesupport_fastrtps_c/omx_sim_interfaces/action/detail/pick__type_support_c.cpp.o[0m
[ 76%] [32mBuilding CXX object CMakeFiles/omx_sim_interfaces__rosidl_typesupport_fastrtps_c.dir/rosidl_typesupport_fastrtps_c/omx_sim_interfaces/action/detail/reach__type_support_c.cpp.o[0m
[ 77%] [32mBuilding CXX object CMakeFiles/omx_sim_interfaces__rosidl_typesupport_fastrtps_c.dir/rosidl_typesupport_fastrtps_c/omx_sim_interfaces/action/detail/bt_pick__type_support_c.cpp.o[0m
[ 79%] [32m[1mLinking CXX shared library libomx_sim_interfaces__rosidl_typesupport_introspection_cpp.so[0m
[ 79%] [32mBuilding CXX object CMakeFiles/omx_sim_interfaces__rosidl_typesupport_fastrtps_c.dir/rosidl_typesupport_fastrtps_c/omx_sim_interfaces/action/detail/bt_place__type_support_c.cpp.o[0m
[ 79%] Built target omx_sim_interfaces__rosidl_typesupport_introspection_cpp
[ 80%] [32mBuilding CXX object CMakeFiles/omx_sim_interfaces__rosidl_typesupport_fastrtps_c.dir/rosidl_typesupport_fastrtps_c/omx_sim_interfaces/action/detail/bt_reach__type_support_c.cpp.o[0m
[ 82%] [32m[1mLinking CXX shared library libomx_sim_interfaces__rosidl_typesupport_fastrtps_cpp.so[0m
[ 83%] [32m[1mLinking CXX shared library libomx_sim_interfaces__rosidl_typesupport_fastrtps_c.so[0m
[ 83%] Built target omx_sim_interfaces__rosidl_typesupport_fastrtps_cpp
[ 83%] Built target omx_sim_interfaces__rosidl_typesupport_fastrtps_c
[ 83%] Built target omx_sim_interfaces
[ 84%] [34m[1mGenerating Python code for ROS interfaces[0m
[ 84%] Built target omx_sim_interfaces__py
[ 90%] [32mBuilding C object CMakeFiles/omx_sim_interfaces__rosidl_generator_py.dir/rosidl_generator_py/omx_sim_interfaces/action/_bt_reach_s.c.o[0m
[ 90%] [32mBuilding C object CMakeFiles/omx_sim_interfaces__rosidl_generator_py.dir/rosidl_generator_py/omx_sim_interfaces/action/_place_s.c.o[0m
[ 90%] [32mBuilding C object CMakeFiles/omx_sim_interfaces__rosidl_generator_py.dir/rosidl_generator_py/omx_sim_interfaces/action/_bt_pick_s.c.o[0m
[ 90%] [32mBuilding C object CMakeFiles/omx_sim_interfaces__rosidl_generator_py.dir/rosidl_generator_py/omx_sim_interfaces/action/_pick_s.c.o[0m
[ 90%] [32mBuilding C object CMakeFiles/omx_sim_interfaces__rosidl_generator_py.dir/rosidl_generator_py/omx_sim_interfaces/action/_reach_s.c.o[0m
[ 91%] [32mBuilding C object CMakeFiles/omx_sim_interfaces__rosidl_generator_py.dir/rosidl_generator_py/omx_sim_interfaces/action/_bt_place_s.c.o[0m
[ 92%] [32m[1mLinking C shared library libomx_sim_interfaces__rosidl_generator_py.so[0m
[ 92%] Built target omx_sim_interfaces__rosidl_generator_py
[ 95%] [32mBuilding C object CMakeFiles/omx_sim_interfaces_s__rosidl_typesupport_introspection_c.dir/rosidl_generator_py/omx_sim_interfaces/_omx_sim_interfaces_s.ep.rosidl_typesupport_introspection_c.c.o[0m
[ 95%] [32mBuilding C object CMakeFiles/omx_sim_interfaces_s__rosidl_typesupport_c.dir/rosidl_generator_py/omx_sim_interfaces/_omx_sim_interfaces_s.ep.rosidl_typesupport_c.c.o[0m
[ 96%] [32mBuilding C object CMakeFiles/omx_sim_interfaces_s__rosidl_typesupport_fastrtps_c.dir/rosidl_generator_py/omx_sim_interfaces/_omx_sim_interfaces_s.ep.rosidl_typesupport_fastrtps_c.c.o[0m
[ 97%] [32m[1mLinking C shared module rosidl_generator_py/omx_sim_interfaces/omx_sim_interfaces_s__rosidl_typesupport_introspection_c.so[0m
[ 98%] [32m[1mLinking C shared module rosidl_generator_py/omx_sim_interfaces/omx_sim_interfaces_s__rosidl_typesupport_fastrtps_c.so[0m
[100%] [32m[1mLinking C shared module rosidl_generator_py/omx_sim_interfaces/omx_sim_interfaces_s__rosidl_typesupport_c.so[0m
[100%] Built target omx_sim_interfaces_s__rosidl_typesupport_introspection_c
[100%] Built target omx_sim_interfaces_s__rosidl_typesupport_fastrtps_c
[100%] Built target omx_sim_interfaces_s__rosidl_typesupport_c
-- Install configuration: ""
-- Installing: /home/lsoo6741/omx_multi_robot_sim/ros2_ws/install/omx_sim_interfaces/share/ament_index/resource_index/rosidl_interfaces/omx_sim_interfaces
-- Installing: /home/lsoo6741/omx_multi_robot_sim/ros2_ws/install/omx_sim_interfaces/share/omx_sim_interfaces/action/Pick.json
-- Installing: /home/lsoo6741/omx_multi_robot_sim/ros2_ws/install/omx_sim_interfaces/share/omx_sim_interfaces/action/Place.json
-- Installing: /home/lsoo6741/omx_multi_robot_sim/ros2_ws/install/omx_sim_interfaces/share/omx_sim_interfaces/action/Reach.json
-- Installing: /home/lsoo6741/omx_multi_robot_sim/ros2_ws/install/omx_sim_interfaces/share/omx_sim_interfaces/action/BTPick.json
-- Installing: /home/lsoo6741/omx_multi_robot_sim/ros2_ws/install/omx_sim_interfaces/share/omx_sim_interfaces/action/BTPlace.json
-- Installing: /home/lsoo6741/omx_multi_robot_sim/ros2_ws/install/omx_sim_interfaces/share/omx_sim_interfaces/action/BTReach.json
-- Installing: /home/lsoo6741/omx_multi_robot_sim/ros2_ws/install/omx_sim_interfaces/include/omx_sim_interfaces/omx_sim_interfaces
-- Installing: /home/lsoo6741/omx_multi_robot_sim/ros2_ws/install/omx_sim_interfaces/include/omx_sim_interfaces/omx_sim_interfaces/msg
-- Installing: /home/lsoo6741/omx_multi_robot_sim/ros2_ws/install/omx_sim_interfaces/include/omx_sim_interfaces/omx_sim_interfaces/msg/rosidl_generator_c__visibility_control.h
-- Installing: /home/lsoo6741/omx_multi_robot_sim/ros2_ws/install/omx_sim_interfaces/include/omx_sim_interfaces/omx_sim_interfaces/action
-- Installing: /home/lsoo6741/omx_multi_robot_sim/ros2_ws/install/omx_sim_interfaces/include/omx_sim_interfaces/omx_sim_interfaces/action/pick.h
-- Installing: /home/lsoo6741/omx_multi_robot_sim/ros2_ws/install/omx_sim_interfaces/include/omx_sim_interfaces/omx_sim_interfaces/action/bt_place.h
-- Installing: /home/lsoo6741/omx_multi_robot_sim/ros2_ws/install/omx_sim_interfaces/include/omx_sim_interfaces/omx_sim_interfaces/action/detail
-- Installing: /home/lsoo6741/omx_multi_robot_sim/ros2_ws/install/omx_sim_interfaces/include/omx_sim_interfaces/omx_sim_interfaces/action/detail/bt_reach__functions.c
-- Installing: /home/lsoo6741/omx_multi_robot_sim/ros2_ws/install/omx_sim_interfaces/include/omx_sim_interfaces/omx_sim_interfaces/action/detail/pick__functions.h
-- Installing: /home/lsoo6741/omx_multi_robot_sim/ros2_ws/install/omx_sim_interfaces/include/omx_sim_interfaces/omx_sim_interfaces/action/detail/pick__type_support.h
-- Installing: /home/lsoo6741/omx_multi_robot_sim/ros2_ws/install/omx_sim_interfaces/include/omx_sim_interfaces/omx_sim_interfaces/action/detail/reach__type_support.h
-- Installing: /home/lsoo6741/omx_multi_robot_sim/ros2_ws/install/omx_sim_interfaces/include/omx_sim_interfaces/omx_sim_interfaces/action/detail/pick__type_support.c
-- Installing: /home/lsoo6741/omx_multi_robot_sim/ros2_ws/install/omx_sim_interfaces/include/omx_sim_interfaces/omx_sim_interfaces/action/detail/place__type_support.c
-- Installing: /home/lsoo6741/omx_multi_robot_sim/ros2_ws/install/omx_sim_interfaces/include/omx_sim_interfaces/omx_sim_interfaces/action/detail/place__type_support.h
-- Installing: /home/lsoo6741/omx_multi_robot_sim/ros2_ws/install/omx_sim_interfaces/include/omx_sim_interfaces/omx_sim_interfaces/action/detail/bt_pick__description.c
-- Installing: /home/lsoo6741/omx_multi_robot_sim/ros2_ws/install/omx_sim_interfaces/include/omx_sim_interfaces/omx_sim_interfaces/action/detail/place__functions.h
-- Installing: /home/lsoo6741/omx_multi_robot_sim/ros2_ws/install/omx_sim_interfaces/include/omx_sim_interfaces/omx_sim_interfaces/action/detail/pick__struct.h
-- Installing: /home/lsoo6741/omx_multi_robot_sim/ros2_ws/install/omx_sim_interfaces/include/omx_sim_interfaces/omx_sim_interfaces/action/detail/reach__functions.c
-- Installing: /home/lsoo6741/omx_multi_robot_sim/ros2_ws/install/omx_sim_interfaces/include/omx_sim_interfaces/omx_sim_interfaces/action/detail/pick__description.c
-- Installing: /home/lsoo6741/omx_multi_robot_sim/ros2_ws/install/omx_sim_interfaces/include/omx_sim_interfaces/omx_sim_interfaces/action/detail/bt_pick__functions.c
-- Installing: /home/lsoo6741/omx_multi_robot_sim/ros2_ws/install/omx_sim_interfaces/include/omx_sim_interfaces/omx_sim_interfaces/action/detail/bt_place__functions.c
-- Installing: /home/lsoo6741/omx_multi_robot_sim/ros2_ws/install/omx_sim_interfaces/include/omx_sim_interfaces/omx_sim_interfaces/action/detail/bt_reach__struct.h
-- Installing: /home/lsoo6741/omx_multi_robot_sim/ros2_ws/install/omx_sim_interfaces/include/omx_sim_interfaces/omx_sim_interfaces/action/detail/bt_pick__type_support.c
-- Installing: /home/lsoo6741/omx_multi_robot_sim/ros2_ws/install/omx_sim_interfaces/include/omx_sim_interfaces/omx_sim_interfaces/action/detail/pick__functions.c
-- Installing: /home/lsoo6741/omx_multi_robot_sim/ros2_ws/install/omx_sim_interfaces/include/omx_sim_interfaces/omx_sim_interfaces/action/detail/bt_reach__description.c
-- Installing: /home/lsoo6741/omx_multi_robot_sim/ros2_ws/install/omx_sim_interfaces/include/omx_sim_interfaces/omx_sim_interfaces/action/detail/reach__type_support.c
-- Installing: /home/lsoo6741/omx_multi_robot_sim/ros2_ws/install/omx_sim_interfaces/include/omx_sim_interfaces/omx_sim_interfaces/action/detail/reach__struct.h
-- Installing: /home/lsoo6741/omx_multi_robot_sim/ros2_ws/install/omx_sim_interfaces/include/omx_sim_interfaces/omx_sim_interfaces/action/detail/reach__functions.h
-- Installing: /home/lsoo6741/omx_multi_robot_sim/ros2_ws/install/omx_sim_interfaces/include/omx_sim_interfaces/omx_sim_interfaces/action/detail/bt_reach__type_support.c
-- Installing: /home/lsoo6741/omx_multi_robot_sim/ros2_ws/install/omx_sim_interfaces/include/omx_sim_interfaces/omx_sim_interfaces/action/detail/bt_reach__type_support.h
-- Installing: /home/lsoo6741/omx_multi_robot_sim/ros2_ws/install/omx_sim_interfaces/include/omx_sim_interfaces/omx_sim_interfaces/action/detail/bt_place__struct.h
-- Installing: /home/lsoo6741/omx_multi_robot_sim/ros2_ws/install/omx_sim_interfaces/include/omx_sim_interfaces/omx_sim_interfaces/action/detail/bt_pick__functions.h
-- Installing: /home/lsoo6741/omx_multi_robot_sim/ros2_ws/install/omx_sim_interfaces/include/omx_sim_interfaces/omx_sim_interfaces/action/detail/place__struct.h
-- Installing: /home/lsoo6741/omx_multi_robot_sim/ros2_ws/install/omx_sim_interfaces/include/omx_sim_interfaces/omx_sim_interfaces/action/detail/bt_place__functions.h
-- Installing: /home/lsoo6741/omx_multi_robot_sim/ros2_ws/install/omx_sim_interfaces/include/omx_sim_interfaces/omx_sim_interfaces/action/detail/place__functions.c
-- Installing: /home/lsoo6741/omx_multi_robot_sim/ros2_ws/install/omx_sim_interfaces/include/omx_sim_interfaces/omx_sim_interfaces/action/detail/bt_place__type_support.c
-- Installing: /home/lsoo6741/omx_multi_robot_sim/ros2_ws/install/omx_sim_interfaces/include/omx_sim_interfaces/omx_sim_interfaces/action/detail/reach__description.c
-- Installing: /home/lsoo6741/omx_multi_robot_sim/ros2_ws/install/omx_sim_interfaces/include/omx_sim_interfaces/omx_sim_interfaces/action/detail/bt_place__type_support.h
-- Installing: /home/lsoo6741/omx_multi_robot_sim/ros2_ws/install/omx_sim_interfaces/include/omx_sim_interfaces/omx_sim_interfaces/action/detail/bt_pick__type_support.h
-- Installing: /home/lsoo6741/omx_multi_robot_sim/ros2_ws/install/omx_sim_interfaces/include/omx_sim_interfaces/omx_sim_interfaces/action/detail/bt_reach__functions.h
-- Installing: /home/lsoo6741/omx_multi_robot_sim/ros2_ws/install/omx_sim_interfaces/include/omx_sim_interfaces/omx_sim_interfaces/action/detail/bt_place__description.c
-- Installing: /home/lsoo6741/omx_multi_robot_sim/ros2_ws/install/omx_sim_interfaces/include/omx_sim_interfaces/omx_sim_interfaces/action/detail/place__description.c
-- Installing: /home/lsoo6741/omx_multi_robot_sim/ros2_ws/install/omx_sim_interfaces/include/omx_sim_interfaces/omx_sim_interfaces/action/detail/bt_pick__struct.h
-- Installing: /home/lsoo6741/omx_multi_robot_sim/ros2_ws/install/omx_sim_interfaces/include/omx_sim_interfaces/omx_sim_interfaces/action/place.h
-- Installing: /home/lsoo6741/omx_multi_robot_sim/ros2_ws/install/omx_sim_interfaces/include/omx_sim_interfaces/omx_sim_interfaces/action/bt_pick.h
-- Installing: /home/lsoo6741/omx_multi_robot_sim/ros2_ws/install/omx_sim_interfaces/include/omx_sim_interfaces/omx_sim_interfaces/action/reach.h
-- Installing: /home/lsoo6741/omx_multi_robot_sim/ros2_ws/install/omx_sim_interfaces/include/omx_sim_interfaces/omx_sim_interfaces/action/bt_reach.h
-- Installing: /home/lsoo6741/omx_multi_robot_sim/ros2_ws/install/omx_sim_interfaces/share/omx_sim_interfaces/environment/library_path.sh
-- Installing: /home/lsoo6741/omx_multi_robot_sim/ros2_ws/install/omx_sim_interfaces/share/omx_sim_interfaces/environment/library_path.dsv
-- Installing: /home/lsoo6741/omx_multi_robot_sim/ros2_ws/install/omx_sim_interfaces/lib/libomx_sim_interfaces__rosidl_generator_c.so
-- Set non-toolchain portion of runtime path of "/home/lsoo6741/omx_multi_robot_sim/ros2_ws/install/omx_sim_interfaces/lib/libomx_sim_interfaces__rosidl_generator_c.so" to ""
-- Up-to-date: /home/lsoo6741/omx_multi_robot_sim/ros2_ws/install/omx_sim_interfaces/include/omx_sim_interfaces/omx_sim_interfaces
-- Up-to-date: /home/lsoo6741/omx_multi_robot_sim/ros2_ws/install/omx_sim_interfaces/include/omx_sim_interfaces/omx_sim_interfaces/msg
-- Installing: /home/lsoo6741/omx_multi_robot_sim/ros2_ws/install/omx_sim_interfaces/include/omx_sim_interfaces/omx_sim_interfaces/msg/rosidl_typesupport_fastrtps_c__visibility_control.h
-- Up-to-date: /home/lsoo6741/omx_multi_robot_sim/ros2_ws/install/omx_sim_interfaces/include/omx_sim_interfaces/omx_sim_interfaces/action
-- Up-to-date: /home/lsoo6741/omx_multi_robot_sim/ros2_ws/install/omx_sim_interfaces/include/omx_sim_interfaces/omx_sim_interfaces/action/detail
-- Installing: /home/lsoo6741/omx_multi_robot_sim/ros2_ws/install/omx_sim_interfaces/include/omx_sim_interfaces/omx_sim_interfaces/action/detail/bt_pick__rosidl_typesupport_fastrtps_c.h
-- Installing: /home/lsoo6741/omx_multi_robot_sim/ros2_ws/install/omx_sim_interfaces/include/omx_sim_interfaces/omx_sim_interfaces/action/detail/pick__rosidl_typesupport_fastrtps_c.h
-- Installing: /home/lsoo6741/omx_multi_robot_sim/ros2_ws/install/omx_sim_interfaces/include/omx_sim_interfaces/omx_sim_interfaces/action/detail/bt_place__rosidl_typesupport_fastrtps_c.h
-- Installing: /home/lsoo6741/omx_multi_robot_sim/ros2_ws/install/omx_sim_interfaces/include/omx_sim_interfaces/omx_sim_interfaces/action/detail/reach__rosidl_typesupport_fastrtps_c.h
-- Installing: /home/lsoo6741/omx_multi_robot_sim/ros2_ws/install/omx_sim_interfaces/include/omx_sim_interfaces/omx_sim_interfaces/action/detail/bt_reach__rosidl_typesupport_fastrtps_c.h
-- Installing: /home/lsoo6741/omx_multi_robot_sim/ros2_ws/install/omx_sim_interfaces/include/omx_sim_interfaces/omx_sim_interfaces/action/detail/place__rosidl_typesupport_fastrtps_c.h
-- Installing: /home/lsoo6741/omx_multi_robot_sim/ros2_ws/install/omx_sim_interfaces/lib/libomx_sim_interfaces__rosidl_typesupport_fastrtps_c.so
-- Set non-toolchain portion of runtime path of "/home/lsoo6741/omx_multi_robot_sim/ros2_ws/install/omx_sim_interfaces/lib/libomx_sim_interfaces__rosidl_typesupport_fastrtps_c.so" to ""
-- Up-to-date: /home/lsoo6741/omx_multi_robot_sim/ros2_ws/install/omx_sim_interfaces/include/omx_sim_interfaces/omx_sim_interfaces
-- Up-to-date: /home/lsoo6741/omx_multi_robot_sim/ros2_ws/install/omx_sim_interfaces/include/omx_sim_interfaces/omx_sim_interfaces/msg
-- Installing: /home/lsoo6741/omx_multi_robot_sim/ros2_ws/install/omx_sim_interfaces/include/omx_sim_interfaces/omx_sim_interfaces/msg/rosidl_typesupport_introspection_c__visibility_control.h
-- Up-to-date: /home/lsoo6741/omx_multi_robot_sim/ros2_ws/install/omx_sim_interfaces/include/omx_sim_interfaces/omx_sim_interfaces/action
-- Up-to-date: /home/lsoo6741/omx_multi_robot_sim/ros2_ws/install/omx_sim_interfaces/include/omx_sim_interfaces/omx_sim_interfaces/action/detail
-- Installing: /home/lsoo6741/omx_multi_robot_sim/ros2_ws/install/omx_sim_interfaces/include/omx_sim_interfaces/omx_sim_interfaces/action/detail/pick__type_support.c
-- Installing: /home/lsoo6741/omx_multi_robot_sim/ros2_ws/install/omx_sim_interfaces/include/omx_sim_interfaces/omx_sim_interfaces/action/detail/place__type_support.c
-- Installing: /home/lsoo6741/omx_multi_robot_sim/ros2_ws/install/omx_sim_interfaces/include/omx_sim_interfaces/omx_sim_interfaces/action/detail/bt_reach__rosidl_typesupport_introspection_c.h
-- Installing: /home/lsoo6741/omx_multi_robot_sim/ros2_ws/install/omx_sim_interfaces/include/omx_sim_interfaces/omx_sim_interfaces/action/detail/place__rosidl_typesupport_introspection_c.h
-- Installing: /home/lsoo6741/omx_multi_robot_sim/ros2_ws/install/omx_sim_interfaces/include/omx_sim_interfaces/omx_sim_interfaces/action/detail/bt_place__rosidl_typesupport_introspection_c.h
-- Installing: /home/lsoo6741/omx_multi_robot_sim/ros2_ws/install/omx_sim_interfaces/include/omx_sim_interfaces/omx_sim_interfaces/action/detail/bt_pick__type_support.c
-- Installing: /home/lsoo6741/omx_multi_robot_sim/ros2_ws/install/omx_sim_interfaces/include/omx_sim_interfaces/omx_sim_interfaces/action/detail/pick__rosidl_typesupport_introspection_c.h
-- Installing: /home/lsoo6741/omx_multi_robot_sim/ros2_ws/install/omx_sim_interfaces/include/omx_sim_interfaces/omx_sim_interfaces/action/detail/reach__type_support.c
-- Installing: /home/lsoo6741/omx_multi_robot_sim/ros2_ws/install/omx_sim_interfaces/include/omx_sim_interfaces/omx_sim_interfaces/action/detail/reach__rosidl_typesupport_introspection_c.h
-- Installing: /home/lsoo6741/omx_multi_robot_sim/ros2_ws/install/omx_sim_interfaces/include/omx_sim_interfaces/omx_sim_interfaces/action/detail/bt_reach__type_support.c
-- Installing: /home/lsoo6741/omx_multi_robot_sim/ros2_ws/install/omx_sim_interfaces/include/omx_sim_interfaces/omx_sim_interfaces/action/detail/bt_pick__rosidl_typesupport_introspection_c.h
-- Installing: /home/lsoo6741/omx_multi_robot_sim/ros2_ws/install/omx_sim_interfaces/include/omx_sim_interfaces/omx_sim_interfaces/action/detail/bt_place__type_support.c
-- Installing: /home/lsoo6741/omx_multi_robot_sim/ros2_ws/install/omx_sim_interfaces/lib/libomx_sim_interfaces__rosidl_typesupport_introspection_c.so
-- Set non-toolchain portion of runtime path of "/home/lsoo6741/omx_multi_robot_sim/ros2_ws/install/omx_sim_interfaces/lib/libomx_sim_interfaces__rosidl_typesupport_introspection_c.so" to ""
-- Installing: /home/lsoo6741/omx_multi_robot_sim/ros2_ws/install/omx_sim_interfaces/lib/libomx_sim_interfaces__rosidl_typesupport_c.so
-- Set non-toolchain portion of runtime path of "/home/lsoo6741/omx_multi_robot_sim/ros2_ws/install/omx_sim_interfaces/lib/libomx_sim_interfaces__rosidl_typesupport_c.so" to ""
-- Up-to-date: /home/lsoo6741/omx_multi_robot_sim/ros2_ws/install/omx_sim_interfaces/include/omx_sim_interfaces/omx_sim_interfaces
-- Up-to-date: /home/lsoo6741/omx_multi_robot_sim/ros2_ws/install/omx_sim_interfaces/include/omx_sim_interfaces/omx_sim_interfaces/msg
-- Installing: /home/lsoo6741/omx_multi_robot_sim/ros2_ws/install/omx_sim_interfaces/include/omx_sim_interfaces/omx_sim_interfaces/msg/rosidl_generator_cpp__visibility_control.hpp
-- Up-to-date: /home/lsoo6741/omx_multi_robot_sim/ros2_ws/install/omx_sim_interfaces/include/omx_sim_interfaces/omx_sim_interfaces/action
-- Installing: /home/lsoo6741/omx_multi_robot_sim/ros2_ws/install/omx_sim_interfaces/include/omx_sim_interfaces/omx_sim_interfaces/action/place.hpp
-- Installing: /home/lsoo6741/omx_multi_robot_sim/ros2_ws/install/omx_sim_interfaces/include/omx_sim_interfaces/omx_sim_interfaces/action/bt_reach.hpp
-- Up-to-date: /home/lsoo6741/omx_multi_robot_sim/ros2_ws/install/omx_sim_interfaces/include/omx_sim_interfaces/omx_sim_interfaces/action/detail
-- Installing: /home/lsoo6741/omx_multi_robot_sim/ros2_ws/install/omx_sim_interfaces/include/omx_sim_interfaces/omx_sim_interfaces/action/detail/reach__struct.hpp
-- Installing: /home/lsoo6741/omx_multi_robot_sim/ros2_ws/install/omx_sim_interfaces/include/omx_sim_interfaces/omx_sim_interfaces/action/detail/bt_reach__builder.hpp
-- Installing: /home/lsoo6741/omx_multi_robot_sim/ros2_ws/install/omx_sim_interfaces/include/omx_sim_interfaces/omx_sim_interfaces/action/detail/reach__traits.hpp
-- Installing: /home/lsoo6741/omx_multi_robot_sim/ros2_ws/install/omx_sim_interfaces/include/omx_sim_interfaces/omx_sim_interfaces/action/detail/bt_pick__traits.hpp
-- Installing: /home/lsoo6741/omx_multi_robot_sim/ros2_ws/install/omx_sim_interfaces/include/omx_sim_interfaces/omx_sim_interfaces/action/detail/place__type_support.hpp
-- Installing: /home/lsoo6741/omx_multi_robot_sim/ros2_ws/install/omx_sim_interfaces/include/omx_sim_interfaces/omx_sim_interfaces/action/detail/place__builder.hpp
-- Installing: /home/lsoo6741/omx_multi_robot_sim/ros2_ws/install/omx_sim_interfaces/include/omx_sim_interfaces/omx_sim_interfaces/action/detail/bt_place__type_support.hpp
-- Installing: /home/lsoo6741/omx_multi_robot_sim/ros2_ws/install/omx_sim_interfaces/include/omx_sim_interfaces/omx_sim_interfaces/action/detail/pick__type_support.hpp
-- Installing: /home/lsoo6741/omx_multi_robot_sim/ros2_ws/install/omx_sim_interfaces/include/omx_sim_interfaces/omx_sim_interfaces/action/detail/bt_place__traits.hpp
-- Installing: /home/lsoo6741/omx_multi_robot_sim/ros2_ws/install/omx_sim_interfaces/include/omx_sim_interfaces/omx_sim_interfaces/action/detail/place__struct.hpp
-- Installing: /home/lsoo6741/omx_multi_robot_sim/ros2_ws/install/omx_sim_interfaces/include/omx_sim_interfaces/omx_sim_interfaces/action/detail/bt_place__struct.hpp
-- Installing: /home/lsoo6741/omx_multi_robot_sim/ros2_ws/install/omx_sim_interfaces/include/omx_sim_interfaces/omx_sim_interfaces/action/detail/bt_reach__struct.hpp
-- Installing: /home/lsoo6741/omx_multi_robot_sim/ros2_ws/install/omx_sim_interfaces/include/omx_sim_interfaces/omx_sim_interfaces/action/detail/bt_reach__traits.hpp
-- Installing: /home/lsoo6741/omx_multi_robot_sim/ros2_ws/install/omx_sim_interfaces/include/omx_sim_interfaces/omx_sim_interfaces/action/detail/bt_reach__type_support.hpp
-- Installing: /home/lsoo6741/omx_multi_robot_sim/ros2_ws/install/omx_sim_interfaces/include/omx_sim_interfaces/omx_sim_interfaces/action/detail/pick__builder.hpp
-- Installing: /home/lsoo6741/omx_multi_robot_sim/ros2_ws/install/omx_sim_interfaces/include/omx_sim_interfaces/omx_sim_interfaces/action/detail/reach__builder.hpp
-- Installing: /home/lsoo6741/omx_multi_robot_sim/ros2_ws/install/omx_sim_interfaces/include/omx_sim_interfaces/omx_sim_interfaces/action/detail/pick__traits.hpp
-- Installing: /home/lsoo6741/omx_multi_robot_sim/ros2_ws/install/omx_sim_interfaces/include/omx_sim_interfaces/omx_sim_interfaces/action/detail/bt_pick__type_support.hpp
-- Installing: /home/lsoo6741/omx_multi_robot_sim/ros2_ws/install/omx_sim_interfaces/include/omx_sim_interfaces/omx_sim_interfaces/action/detail/place__traits.hpp
-- Installing: /home/lsoo6741/omx_multi_robot_sim/ros2_ws/install/omx_sim_interfaces/include/omx_sim_interfaces/omx_sim_interfaces/action/detail/reach__type_support.hpp
-- Installing: /home/lsoo6741/omx_multi_robot_sim/ros2_ws/install/omx_sim_interfaces/include/omx_sim_interfaces/omx_sim_interfaces/action/detail/bt_pick__struct.hpp
-- Installing: /home/lsoo6741/omx_multi_robot_sim/ros2_ws/install/omx_sim_interfaces/include/omx_sim_interfaces/omx_sim_interfaces/action/detail/bt_pick__builder.hpp
-- Installing: /home/lsoo6741/omx_multi_robot_sim/ros2_ws/install/omx_sim_interfaces/include/omx_sim_interfaces/omx_sim_interfaces/action/detail/bt_place__builder.hpp
-- Installing: /home/lsoo6741/omx_multi_robot_sim/ros2_ws/install/omx_sim_interfaces/include/omx_sim_interfaces/omx_sim_interfaces/action/detail/pick__struct.hpp
-- Installing: /home/lsoo6741/omx_multi_robot_sim/ros2_ws/install/omx_sim_interfaces/include/omx_sim_interfaces/omx_sim_interfaces/action/bt_pick.hpp
-- Installing: /home/lsoo6741/omx_multi_robot_sim/ros2_ws/install/omx_sim_interfaces/include/omx_sim_interfaces/omx_sim_interfaces/action/pick.hpp
-- Installing: /home/lsoo6741/omx_multi_robot_sim/ros2_ws/install/omx_sim_interfaces/include/omx_sim_interfaces/omx_sim_interfaces/action/bt_place.hpp
-- Installing: /home/lsoo6741/omx_multi_robot_sim/ros2_ws/install/omx_sim_interfaces/include/omx_sim_interfaces/omx_sim_interfaces/action/reach.hpp
-- Up-to-date: /home/lsoo6741/omx_multi_robot_sim/ros2_ws/install/omx_sim_interfaces/include/omx_sim_interfaces/omx_sim_interfaces
-- Up-to-date: /home/lsoo6741/omx_multi_robot_sim/ros2_ws/install/omx_sim_interfaces/include/omx_sim_interfaces/omx_sim_interfaces/msg
-- Installing: /home/lsoo6741/omx_multi_robot_sim/ros2_ws/install/omx_sim_interfaces/include/omx_sim_interfaces/omx_sim_interfaces/msg/rosidl_typesupport_fastrtps_cpp__visibility_control.h
-- Up-to-date: /home/lsoo6741/omx_multi_robot_sim/ros2_ws/install/omx_sim_interfaces/include/omx_sim_interfaces/omx_sim_interfaces/action
-- Up-to-date: /home/lsoo6741/omx_multi_robot_sim/ros2_ws/install/omx_sim_interfaces/include/omx_sim_interfaces/omx_sim_interfaces/action/detail
-- Installing: /home/lsoo6741/omx_multi_robot_sim/ros2_ws/install/omx_sim_interfaces/include/omx_sim_interfaces/omx_sim_interfaces/action/detail/pick__rosidl_typesupport_fastrtps_cpp.hpp
-- Installing: /home/lsoo6741/omx_multi_robot_sim/ros2_ws/install/omx_sim_interfaces/include/omx_sim_interfaces/omx_sim_interfaces/action/detail/dds_fastrtps
-- Installing: /home/lsoo6741/omx_multi_robot_sim/ros2_ws/install/omx_sim_interfaces/include/omx_sim_interfaces/omx_sim_interfaces/action/detail/bt_pick__rosidl_typesupport_fastrtps_cpp.hpp
-- Installing: /home/lsoo6741/omx_multi_robot_sim/ros2_ws/install/omx_sim_interfaces/include/omx_sim_interfaces/omx_sim_interfaces/action/detail/place__rosidl_typesupport_fastrtps_cpp.hpp
-- Installing: /home/lsoo6741/omx_multi_robot_sim/ros2_ws/install/omx_sim_interfaces/include/omx_sim_interfaces/omx_sim_interfaces/action/detail/bt_reach__rosidl_typesupport_fastrtps_cpp.hpp
-- Installing: /home/lsoo6741/omx_multi_robot_sim/ros2_ws/install/omx_sim_interfaces/include/omx_sim_interfaces/omx_sim_interfaces/action/detail/bt_place__rosidl_typesupport_fastrtps_cpp.hpp
-- Installing: /home/lsoo6741/omx_multi_robot_sim/ros2_ws/install/omx_sim_interfaces/include/omx_sim_interfaces/omx_sim_interfaces/action/detail/reach__rosidl_typesupport_fastrtps_cpp.hpp
-- Installing: /home/lsoo6741/omx_multi_robot_sim/ros2_ws/install/omx_sim_interfaces/lib/libomx_sim_interfaces__rosidl_typesupport_fastrtps_cpp.so
-- Set non-toolchain portion of runtime path of "/home/lsoo6741/omx_multi_robot_sim/ros2_ws/install/omx_sim_interfaces/lib/libomx_sim_interfaces__rosidl_typesupport_fastrtps_cpp.so" to ""
-- Up-to-date: /home/lsoo6741/omx_multi_robot_sim/ros2_ws/install/omx_sim_interfaces/include/omx_sim_interfaces/omx_sim_interfaces
-- Up-to-date: /home/lsoo6741/omx_multi_robot_sim/ros2_ws/install/omx_sim_interfaces/include/omx_sim_interfaces/omx_sim_interfaces/action
-- Up-to-date: /home/lsoo6741/omx_multi_robot_sim/ros2_ws/install/omx_sim_interfaces/include/omx_sim_interfaces/omx_sim_interfaces/action/detail
-- Installing: /home/lsoo6741/omx_multi_robot_sim/ros2_ws/install/omx_sim_interfaces/include/omx_sim_interfaces/omx_sim_interfaces/action/detail/reach__rosidl_typesupport_introspection_cpp.hpp
-- Installing: /home/lsoo6741/omx_multi_robot_sim/ros2_ws/install/omx_sim_interfaces/include/omx_sim_interfaces/omx_sim_interfaces/action/detail/bt_place__type_support.cpp
-- Installing: /home/lsoo6741/omx_multi_robot_sim/ros2_ws/install/omx_sim_interfaces/include/omx_sim_interfaces/omx_sim_interfaces/action/detail/pick__type_support.cpp
-- Installing: /home/lsoo6741/omx_multi_robot_sim/ros2_ws/install/omx_sim_interfaces/include/omx_sim_interfaces/omx_sim_interfaces/action/detail/pick__rosidl_typesupport_introspection_cpp.hpp
-- Installing: /home/lsoo6741/omx_multi_robot_sim/ros2_ws/install/omx_sim_interfaces/include/omx_sim_interfaces/omx_sim_interfaces/action/detail/reach__type_support.cpp
-- Installing: /home/lsoo6741/omx_multi_robot_sim/ros2_ws/install/omx_sim_interfaces/include/omx_sim_interfaces/omx_sim_interfaces/action/detail/place__rosidl_typesupport_introspection_cpp.hpp
-- Installing: /home/lsoo6741/omx_multi_robot_sim/ros2_ws/install/omx_sim_interfaces/include/omx_sim_interfaces/omx_sim_interfaces/action/detail/bt_pick__type_support.cpp
-- Installing: /home/lsoo6741/omx_multi_robot_sim/ros2_ws/install/omx_sim_interfaces/include/omx_sim_interfaces/omx_sim_interfaces/action/detail/bt_place__rosidl_typesupport_introspection_cpp.hpp
-- Installing: /home/lsoo6741/omx_multi_robot_sim/ros2_ws/install/omx_sim_interfaces/include/omx_sim_interfaces/omx_sim_interfaces/action/detail/bt_reach__type_support.cpp
-- Installing: /home/lsoo6741/omx_multi_robot_sim/ros2_ws/install/omx_sim_interfaces/include/omx_sim_interfaces/omx_sim_interfaces/action/detail/bt_pick__rosidl_typesupport_introspection_cpp.hpp
-- Installing: /home/lsoo6741/omx_multi_robot_sim/ros2_ws/install/omx_sim_interfaces/include/omx_sim_interfaces/omx_sim_interfaces/action/detail/bt_reach__rosidl_typesupport_introspection_cpp.hpp
-- Installing: /home/lsoo6741/omx_multi_robot_sim/ros2_ws/install/omx_sim_interfaces/include/omx_sim_interfaces/omx_sim_interfaces/action/detail/place__type_support.cpp
-- Installing: /home/lsoo6741/omx_multi_robot_sim/ros2_ws/install/omx_sim_interfaces/lib/libomx_sim_interfaces__rosidl_typesupport_introspection_cpp.so
-- Set non-toolchain portion of runtime path of "/home/lsoo6741/omx_multi_robot_sim/ros2_ws/install/omx_sim_interfaces/lib/libomx_sim_interfaces__rosidl_typesupport_introspection_cpp.so" to ""
-- Installing: /home/lsoo6741/omx_multi_robot_sim/ros2_ws/install/omx_sim_interfaces/lib/libomx_sim_interfaces__rosidl_typesupport_cpp.so
-- Set non-toolchain portion of runtime path of "/home/lsoo6741/omx_multi_robot_sim/ros2_ws/install/omx_sim_interfaces/lib/libomx_sim_interfaces__rosidl_typesupport_cpp.so" to ""
-- Installing: /home/lsoo6741/omx_multi_robot_sim/ros2_ws/install/omx_sim_interfaces/share/omx_sim_interfaces/environment/pythonpath.sh
-- Installing: /home/lsoo6741/omx_multi_robot_sim/ros2_ws/install/omx_sim_interfaces/share/omx_sim_interfaces/environment/pythonpath.dsv
-- Installing: /home/lsoo6741/omx_multi_robot_sim/ros2_ws/install/omx_sim_interfaces/lib/python3.12/site-packages/omx_sim_interfaces-0.1.0-py3.12.egg-info
-- Installing: /home/lsoo6741/omx_multi_robot_sim/ros2_ws/install/omx_sim_interfaces/lib/python3.12/site-packages/omx_sim_interfaces-0.1.0-py3.12.egg-info/top_level.txt
-- Installing: /home/lsoo6741/omx_multi_robot_sim/ros2_ws/install/omx_sim_interfaces/lib/python3.12/site-packages/omx_sim_interfaces-0.1.0-py3.12.egg-info/PKG-INFO
-- Installing: /home/lsoo6741/omx_multi_robot_sim/ros2_ws/install/omx_sim_interfaces/lib/python3.12/site-packages/omx_sim_interfaces-0.1.0-py3.12.egg-info/dependency_links.txt
-- Installing: /home/lsoo6741/omx_multi_robot_sim/ros2_ws/install/omx_sim_interfaces/lib/python3.12/site-packages/omx_sim_interfaces-0.1.0-py3.12.egg-info/SOURCES.txt
-- Installing: /home/lsoo6741/omx_multi_robot_sim/ros2_ws/install/omx_sim_interfaces/lib/python3.12/site-packages/omx_sim_interfaces
-- Installing: /home/lsoo6741/omx_multi_robot_sim/ros2_ws/install/omx_sim_interfaces/lib/python3.12/site-packages/omx_sim_interfaces/__init__.py
-- Installing: /home/lsoo6741/omx_multi_robot_sim/ros2_ws/install/omx_sim_interfaces/lib/python3.12/site-packages/omx_sim_interfaces/action
-- Installing: /home/lsoo6741/omx_multi_robot_sim/ros2_ws/install/omx_sim_interfaces/lib/python3.12/site-packages/omx_sim_interfaces/action/_bt_pick.py
-- Installing: /home/lsoo6741/omx_multi_robot_sim/ros2_ws/install/omx_sim_interfaces/lib/python3.12/site-packages/omx_sim_interfaces/action/_place_s.c
-- Installing: /home/lsoo6741/omx_multi_robot_sim/ros2_ws/install/omx_sim_interfaces/lib/python3.12/site-packages/omx_sim_interfaces/action/__init__.py
-- Installing: /home/lsoo6741/omx_multi_robot_sim/ros2_ws/install/omx_sim_interfaces/lib/python3.12/site-packages/omx_sim_interfaces/action/_bt_place_s.c
-- Installing: /home/lsoo6741/omx_multi_robot_sim/ros2_ws/install/omx_sim_interfaces/lib/python3.12/site-packages/omx_sim_interfaces/action/_bt_reach_s.c
-- Installing: /home/lsoo6741/omx_multi_robot_sim/ros2_ws/install/omx_sim_interfaces/lib/python3.12/site-packages/omx_sim_interfaces/action/_pick_s.c
-- Installing: /home/lsoo6741/omx_multi_robot_sim/ros2_ws/install/omx_sim_interfaces/lib/python3.12/site-packages/omx_sim_interfaces/action/_reach_s.c
-- Installing: /home/lsoo6741/omx_multi_robot_sim/ros2_ws/install/omx_sim_interfaces/lib/python3.12/site-packages/omx_sim_interfaces/action/_bt_reach.py
-- Installing: /home/lsoo6741/omx_multi_robot_sim/ros2_ws/install/omx_sim_interfaces/lib/python3.12/site-packages/omx_sim_interfaces/action/_bt_place.py
-- Installing: /home/lsoo6741/omx_multi_robot_sim/ros2_ws/install/omx_sim_interfaces/lib/python3.12/site-packages/omx_sim_interfaces/action/_reach.py
-- Installing: /home/lsoo6741/omx_multi_robot_sim/ros2_ws/install/omx_sim_interfaces/lib/python3.12/site-packages/omx_sim_interfaces/action/_pick.py
-- Installing: /home/lsoo6741/omx_multi_robot_sim/ros2_ws/install/omx_sim_interfaces/lib/python3.12/site-packages/omx_sim_interfaces/action/_place.py
-- Installing: /home/lsoo6741/omx_multi_robot_sim/ros2_ws/install/omx_sim_interfaces/lib/python3.12/site-packages/omx_sim_interfaces/action/_bt_pick_s.c
-- Installing: /home/lsoo6741/omx_multi_robot_sim/ros2_ws/install/omx_sim_interfaces/lib/python3.12/site-packages/omx_sim_interfaces/omx_sim_interfaces_s__rosidl_typesupport_fastrtps_c.so
-- Installing: /home/lsoo6741/omx_multi_robot_sim/ros2_ws/install/omx_sim_interfaces/lib/python3.12/site-packages/omx_sim_interfaces/_omx_sim_interfaces_s.ep.rosidl_typesupport_c.c
-- Installing: /home/lsoo6741/omx_multi_robot_sim/ros2_ws/install/omx_sim_interfaces/lib/python3.12/site-packages/omx_sim_interfaces/_omx_sim_interfaces_s.ep.rosidl_typesupport_fastrtps_c.c
-- Installing: /home/lsoo6741/omx_multi_robot_sim/ros2_ws/install/omx_sim_interfaces/lib/python3.12/site-packages/omx_sim_interfaces/_omx_sim_interfaces_s.ep.rosidl_typesupport_introspection_c.c
-- Installing: /home/lsoo6741/omx_multi_robot_sim/ros2_ws/install/omx_sim_interfaces/lib/python3.12/site-packages/omx_sim_interfaces/omx_sim_interfaces_s__rosidl_typesupport_c.so
-- Installing: /home/lsoo6741/omx_multi_robot_sim/ros2_ws/install/omx_sim_interfaces/lib/python3.12/site-packages/omx_sim_interfaces/omx_sim_interfaces_s__rosidl_typesupport_introspection_c.so
Listing '/home/lsoo6741/omx_multi_robot_sim/ros2_ws/install/omx_sim_interfaces/lib/python3.12/site-packages/omx_sim_interfaces'...
Compiling '/home/lsoo6741/omx_multi_robot_sim/ros2_ws/install/omx_sim_interfaces/lib/python3.12/site-packages/omx_sim_interfaces/__init__.py'...
Listing '/home/lsoo6741/omx_multi_robot_sim/ros2_ws/install/omx_sim_interfaces/lib/python3.12/site-packages/omx_sim_interfaces/action'...
Compiling '/home/lsoo6741/omx_multi_robot_sim/ros2_ws/install/omx_sim_interfaces/lib/python3.12/site-packages/omx_sim_interfaces/action/__init__.py'...
Compiling '/home/lsoo6741/omx_multi_robot_sim/ros2_ws/install/omx_sim_interfaces/lib/python3.12/site-packages/omx_sim_interfaces/action/_bt_pick.py'...
Compiling '/home/lsoo6741/omx_multi_robot_sim/ros2_ws/install/omx_sim_interfaces/lib/python3.12/site-packages/omx_sim_interfaces/action/_bt_place.py'...
Compiling '/home/lsoo6741/omx_multi_robot_sim/ros2_ws/install/omx_sim_interfaces/lib/python3.12/site-packages/omx_sim_interfaces/action/_bt_reach.py'...
Compiling '/home/lsoo6741/omx_multi_robot_sim/ros2_ws/install/omx_sim_interfaces/lib/python3.12/site-packages/omx_sim_interfaces/action/_pick.py'...
Compiling '/home/lsoo6741/omx_multi_robot_sim/ros2_ws/install/omx_sim_interfaces/lib/python3.12/site-packages/omx_sim_interfaces/action/_place.py'...
Compiling '/home/lsoo6741/omx_multi_robot_sim/ros2_ws/install/omx_sim_interfaces/lib/python3.12/site-packages/omx_sim_interfaces/action/_reach.py'...
-- Installing: /home/lsoo6741/omx_multi_robot_sim/ros2_ws/install/omx_sim_interfaces/lib/python3.12/site-packages/omx_sim_interfaces/omx_sim_interfaces_s__rosidl_typesupport_fastrtps_c.so
-- Set non-toolchain portion of runtime path of "/home/lsoo6741/omx_multi_robot_sim/ros2_ws/install/omx_sim_interfaces/lib/python3.12/site-packages/omx_sim_interfaces/omx_sim_interfaces_s__rosidl_typesupport_fastrtps_c.so" to ""
-- Installing: /home/lsoo6741/omx_multi_robot_sim/ros2_ws/install/omx_sim_interfaces/lib/python3.12/site-packages/omx_sim_interfaces/omx_sim_interfaces_s__rosidl_typesupport_introspection_c.so
-- Set non-toolchain portion of runtime path of "/home/lsoo6741/omx_multi_robot_sim/ros2_ws/install/omx_sim_interfaces/lib/python3.12/site-packages/omx_sim_interfaces/omx_sim_interfaces_s__rosidl_typesupport_introspection_c.so" to ""
-- Installing: /home/lsoo6741/omx_multi_robot_sim/ros2_ws/install/omx_sim_interfaces/lib/python3.12/site-packages/omx_sim_interfaces/omx_sim_interfaces_s__rosidl_typesupport_c.so
-- Set non-toolchain portion of runtime path of "/home/lsoo6741/omx_multi_robot_sim/ros2_ws/install/omx_sim_interfaces/lib/python3.12/site-packages/omx_sim_interfaces/omx_sim_interfaces_s__rosidl_typesupport_c.so" to ""
-- Installing: /home/lsoo6741/omx_multi_robot_sim/ros2_ws/install/omx_sim_interfaces/lib/libomx_sim_interfaces__rosidl_generator_py.so
-- Set non-toolchain portion of runtime path of "/home/lsoo6741/omx_multi_robot_sim/ros2_ws/install/omx_sim_interfaces/lib/libomx_sim_interfaces__rosidl_generator_py.so" to ""
-- Installing: /home/lsoo6741/omx_multi_robot_sim/ros2_ws/install/omx_sim_interfaces/share/omx_sim_interfaces/action/Pick.idl
-- Installing: /home/lsoo6741/omx_multi_robot_sim/ros2_ws/install/omx_sim_interfaces/share/omx_sim_interfaces/action/Place.idl
-- Installing: /home/lsoo6741/omx_multi_robot_sim/ros2_ws/install/omx_sim_interfaces/share/omx_sim_interfaces/action/Reach.idl
-- Installing: /home/lsoo6741/omx_multi_robot_sim/ros2_ws/install/omx_sim_interfaces/share/omx_sim_interfaces/action/BTPick.idl
-- Installing: /home/lsoo6741/omx_multi_robot_sim/ros2_ws/install/omx_sim_interfaces/share/omx_sim_interfaces/action/BTPlace.idl
-- Installing: /home/lsoo6741/omx_multi_robot_sim/ros2_ws/install/omx_sim_interfaces/share/omx_sim_interfaces/action/BTReach.idl
-- Installing: /home/lsoo6741/omx_multi_robot_sim/ros2_ws/install/omx_sim_interfaces/share/omx_sim_interfaces/action/Pick.action
-- Installing: /home/lsoo6741/omx_multi_robot_sim/ros2_ws/install/omx_sim_interfaces/share/omx_sim_interfaces/action/Place.action
-- Installing: /home/lsoo6741/omx_multi_robot_sim/ros2_ws/install/omx_sim_interfaces/share/omx_sim_interfaces/action/Reach.action
-- Installing: /home/lsoo6741/omx_multi_robot_sim/ros2_ws/install/omx_sim_interfaces/share/omx_sim_interfaces/action/BTPick.action
-- Installing: /home/lsoo6741/omx_multi_robot_sim/ros2_ws/install/omx_sim_interfaces/share/omx_sim_interfaces/action/BTPlace.action
-- Installing: /home/lsoo6741/omx_multi_robot_sim/ros2_ws/install/omx_sim_interfaces/share/omx_sim_interfaces/action/BTReach.action
-- Installing: /home/lsoo6741/omx_multi_robot_sim/ros2_ws/install/omx_sim_interfaces/share/ament_index/resource_index/package_run_dependencies/omx_sim_interfaces
-- Installing: /home/lsoo6741/omx_multi_robot_sim/ros2_ws/install/omx_sim_interfaces/share/ament_index/resource_index/parent_prefix_path/omx_sim_interfaces
-- Installing: /home/lsoo6741/omx_multi_robot_sim/ros2_ws/install/omx_sim_interfaces/share/omx_sim_interfaces/environment/ament_prefix_path.sh
-- Installing: /home/lsoo6741/omx_multi_robot_sim/ros2_ws/install/omx_sim_interfaces/share/omx_sim_interfaces/environment/ament_prefix_path.dsv
-- Installing: /home/lsoo6741/omx_multi_robot_sim/ros2_ws/install/omx_sim_interfaces/share/omx_sim_interfaces/environment/path.sh
-- Installing: /home/lsoo6741/omx_multi_robot_sim/ros2_ws/install/omx_sim_interfaces/share/omx_sim_interfaces/environment/path.dsv
-- Installing: /home/lsoo6741/omx_multi_robot_sim/ros2_ws/install/omx_sim_interfaces/share/omx_sim_interfaces/local_setup.bash
-- Installing: /home/lsoo6741/omx_multi_robot_sim/ros2_ws/install/omx_sim_interfaces/share/omx_sim_interfaces/local_setup.sh
-- Installing: /home/lsoo6741/omx_multi_robot_sim/ros2_ws/install/omx_sim_interfaces/share/omx_sim_interfaces/local_setup.zsh
-- Installing: /home/lsoo6741/omx_multi_robot_sim/ros2_ws/install/omx_sim_interfaces/share/omx_sim_interfaces/local_setup.dsv
-- Installing: /home/lsoo6741/omx_multi_robot_sim/ros2_ws/install/omx_sim_interfaces/share/omx_sim_interfaces/package.dsv
-- Installing: /home/lsoo6741/omx_multi_robot_sim/ros2_ws/install/omx_sim_interfaces/share/ament_index/resource_index/packages/omx_sim_interfaces
-- Installing: /home/lsoo6741/omx_multi_robot_sim/ros2_ws/install/omx_sim_interfaces/share/omx_sim_interfaces/cmake/export_omx_sim_interfaces__rosidl_generator_cExport.cmake
-- Installing: /home/lsoo6741/omx_multi_robot_sim/ros2_ws/install/omx_sim_interfaces/share/omx_sim_interfaces/cmake/export_omx_sim_interfaces__rosidl_generator_cExport-noconfig.cmake
-- Installing: /home/lsoo6741/omx_multi_robot_sim/ros2_ws/install/omx_sim_interfaces/share/omx_sim_interfaces/cmake/export_omx_sim_interfaces__rosidl_typesupport_fastrtps_cExport.cmake
-- Installing: /home/lsoo6741/omx_multi_robot_sim/ros2_ws/install/omx_sim_interfaces/share/omx_sim_interfaces/cmake/export_omx_sim_interfaces__rosidl_typesupport_fastrtps_cExport-noconfig.cmake
-- Installing: /home/lsoo6741/omx_multi_robot_sim/ros2_ws/install/omx_sim_interfaces/share/omx_sim_interfaces/cmake/omx_sim_interfaces__rosidl_typesupport_introspection_cExport.cmake
-- Installing: /home/lsoo6741/omx_multi_robot_sim/ros2_ws/install/omx_sim_interfaces/share/omx_sim_interfaces/cmake/omx_sim_interfaces__rosidl_typesupport_introspection_cExport-noconfig.cmake
-- Installing: /home/lsoo6741/omx_multi_robot_sim/ros2_ws/install/omx_sim_interfaces/share/omx_sim_interfaces/cmake/omx_sim_interfaces__rosidl_typesupport_cExport.cmake
-- Installing: /home/lsoo6741/omx_multi_robot_sim/ros2_ws/install/omx_sim_interfaces/share/omx_sim_interfaces/cmake/omx_sim_interfaces__rosidl_typesupport_cExport-noconfig.cmake
-- Installing: /home/lsoo6741/omx_multi_robot_sim/ros2_ws/install/omx_sim_interfaces/share/omx_sim_interfaces/cmake/export_omx_sim_interfaces__rosidl_generator_cppExport.cmake
-- Installing: /home/lsoo6741/omx_multi_robot_sim/ros2_ws/install/omx_sim_interfaces/share/omx_sim_interfaces/cmake/export_omx_sim_interfaces__rosidl_typesupport_fastrtps_cppExport.cmake
-- Installing: /home/lsoo6741/omx_multi_robot_sim/ros2_ws/install/omx_sim_interfaces/share/omx_sim_interfaces/cmake/export_omx_sim_interfaces__rosidl_typesupport_fastrtps_cppExport-noconfig.cmake
-- Installing: /home/lsoo6741/omx_multi_robot_sim/ros2_ws/install/omx_sim_interfaces/share/omx_sim_interfaces/cmake/omx_sim_interfaces__rosidl_typesupport_introspection_cppExport.cmake
-- Installing: /home/lsoo6741/omx_multi_robot_sim/ros2_ws/install/omx_sim_interfaces/share/omx_sim_interfaces/cmake/omx_sim_interfaces__rosidl_typesupport_introspection_cppExport-noconfig.cmake
-- Installing: /home/lsoo6741/omx_multi_robot_sim/ros2_ws/install/omx_sim_interfaces/share/omx_sim_interfaces/cmake/omx_sim_interfaces__rosidl_typesupport_cppExport.cmake
-- Installing: /home/lsoo6741/omx_multi_robot_sim/ros2_ws/install/omx_sim_interfaces/share/omx_sim_interfaces/cmake/omx_sim_interfaces__rosidl_typesupport_cppExport-noconfig.cmake
-- Installing: /home/lsoo6741/omx_multi_robot_sim/ros2_ws/install/omx_sim_interfaces/share/omx_sim_interfaces/cmake/export_omx_sim_interfaces__rosidl_generator_pyExport.cmake
-- Installing: /home/lsoo6741/omx_multi_robot_sim/ros2_ws/install/omx_sim_interfaces/share/omx_sim_interfaces/cmake/export_omx_sim_interfaces__rosidl_generator_pyExport-noconfig.cmake
-- Installing: /home/lsoo6741/omx_multi_robot_sim/ros2_ws/install/omx_sim_interfaces/share/omx_sim_interfaces/cmake/rosidl_cmake-extras.cmake
-- Installing: /home/lsoo6741/omx_multi_robot_sim/ros2_ws/install/omx_sim_interfaces/share/omx_sim_interfaces/cmake/ament_cmake_export_dependencies-extras.cmake
-- Installing: /home/lsoo6741/omx_multi_robot_sim/ros2_ws/install/omx_sim_interfaces/share/omx_sim_interfaces/cmake/ament_cmake_export_include_directories-extras.cmake
-- Installing: /home/lsoo6741/omx_multi_robot_sim/ros2_ws/install/omx_sim_interfaces/share/omx_sim_interfaces/cmake/ament_cmake_export_libraries-extras.cmake
-- Installing: /home/lsoo6741/omx_multi_robot_sim/ros2_ws/install/omx_sim_interfaces/share/omx_sim_interfaces/cmake/ament_cmake_export_targets-extras.cmake
-- Installing: /home/lsoo6741/omx_multi_robot_sim/ros2_ws/install/omx_sim_interfaces/share/omx_sim_interfaces/cmake/rosidl_cmake_export_typesupport_targets-extras.cmake
-- Installing: /home/lsoo6741/omx_multi_robot_sim/ros2_ws/install/omx_sim_interfaces/share/omx_sim_interfaces/cmake/rosidl_cmake_export_typesupport_libraries-extras.cmake
-- Installing: /home/lsoo6741/omx_multi_robot_sim/ros2_ws/install/omx_sim_interfaces/share/omx_sim_interfaces/cmake/omx_sim_interfacesConfig.cmake
-- Installing: /home/lsoo6741/omx_multi_robot_sim/ros2_ws/install/omx_sim_interfaces/share/omx_sim_interfaces/cmake/omx_sim_interfacesConfig-version.cmake
-- Installing: /home/lsoo6741/omx_multi_robot_sim/ros2_ws/install/omx_sim_interfaces/share/omx_sim_interfaces/package.xml
