[0.008s] Invoking command in '/home/lsoo6741/omx_multi_robot_sim/ros2_ws/build/omx_sim_interfaces': CMAKE_PREFIX_PATH=${CMAKE_PREFIX_PATH}:/home/lsoo6741/workspace/ros2_ws/install/py_srvcli:/home/lsoo6741/workspace/ros2_ws/install/py_pubsub:/home/lsoo6741/workspace/ros2_ws/install/my_turtle_pkg:/home/lsoo6741/workspace/ros2_ws/install/action_tutorials_py:/home/lsoo6741/workspace/ros2_ws/install/action_chaser_py:/opt/ros/jazzy DEBUGINFOD_URLS=https://debuginfod.ubuntu.com /usr/bin/cmake /home/lsoo6741/omx_multi_robot_sim/ros2_ws/src/omx_sim_interfaces -DCMAKE_INSTALL_PREFIX=/home/lsoo6741/omx_multi_robot_sim/ros2_ws/install/omx_sim_interfaces
[0.019s] -- Found ament_cmake: 2.5.5 (/opt/ros/jazzy/share/ament_cmake/cmake)
[0.174s] -- Found rosidl_default_generators: 1.6.0 (/opt/ros/jazzy/share/rosidl_default_generators/cmake)
[0.176s] -- Using all available rosidl_typesupport_c: rosidl_typesupport_fastrtps_c;rosidl_typesupport_introspection_c
[0.202s] -- Using all available rosidl_typesupport_cpp: rosidl_typesupport_fastrtps_cpp;rosidl_typesupport_introspection_cpp
[0.222s] -- Found rosidl_adapter: 4.6.7 (/opt/ros/jazzy/share/rosidl_adapter/cmake)
[0.714s] -- Found ament_cmake_ros: 0.12.0 (/opt/ros/jazzy/share/ament_cmake_ros/cmake)
[0.990s] -- Using all available rosidl_typesupport_c: rosidl_typesupport_fastrtps_c;rosidl_typesupport_introspection_c
[1.356s] -- Using all available rosidl_typesupport_cpp: rosidl_typesupport_fastrtps_cpp;rosidl_typesupport_introspection_cpp
[1.360s] -- Found python_cmake_module: 0.11.1 (/opt/ros/jazzy/share/python_cmake_module/cmake)
[1.447s] -- Found PythonExtra: /usr/bin/python3  
[1.710s] -- Found Python3: /usr/bin/python3 (found version "3.12.3") found components: Interpreter Development NumPy Development.Module Development.Embed 
[1.738s] -- Configuring done (1.7s)
[1.766s] -- Generating done (0.0s)
[1.774s] -- Build files have been written to: /home/lsoo6741/omx_multi_robot_sim/ros2_ws/build/omx_sim_interfaces
[1.779s] Invoked command in '/home/lsoo6741/omx_multi_robot_sim/ros2_ws/build/omx_sim_interfaces' returned '0': CMAKE_PREFIX_PATH=${CMAKE_PREFIX_PATH}:/home/lsoo6741/workspace/ros2_ws/install/py_srvcli:/home/lsoo6741/workspace/ros2_ws/install/py_pubsub:/home/lsoo6741/workspace/ros2_ws/install/my_turtle_pkg:/home/lsoo6741/workspace/ros2_ws/install/action_tutorials_py:/home/lsoo6741/workspace/ros2_ws/install/action_chaser_py:/opt/ros/jazzy DEBUGINFOD_URLS=https://debuginfod.ubuntu.com /usr/bin/cmake /home/lsoo6741/omx_multi_robot_sim/ros2_ws/src/omx_sim_interfaces -DCMAKE_INSTALL_PREFIX=/home/lsoo6741/omx_multi_robot_sim/ros2_ws/install/omx_sim_interfaces
[1.780s] Invoking command in '/home/lsoo6741/omx_multi_robot_sim/ros2_ws/build/omx_sim_interfaces': CMAKE_PREFIX_PATH=${CMAKE_PREFIX_PATH}:/home/lsoo6741/workspace/ros2_ws/install/py_srvcli:/home/lsoo6741/workspace/ros2_ws/install/py_pubsub:/home/lsoo6741/workspace/ros2_ws/install/my_turtle_pkg:/home/lsoo6741/workspace/ros2_ws/install/action_tutorials_py:/home/lsoo6741/workspace/ros2_ws/install/action_chaser_py:/opt/ros/jazzy DEBUGINFOD_URLS=https://debuginfod.ubuntu.com /usr/bin/cmake --build /home/lsoo6741/omx_multi_robot_sim/ros2_ws/build/omx_sim_interfaces -- -j12 -l12
[1.820s] [  1%] [34m[1mGenerating type hashes for ROS interfaces[0m
[1.826s] [  1%] Built target ament_cmake_python_copy_omx_sim_interfaces
[1.940s] running egg_info
[1.940s] creating omx_sim_interfaces.egg-info
[1.949s] writing omx_sim_interfaces.egg-info/PKG-INFO
[1.949s] writing dependency_links to omx_sim_interfaces.egg-info/dependency_links.txt
[1.949s] writing top-level names to omx_sim_interfaces.egg-info/top_level.txt
[1.949s] writing manifest file 'omx_sim_interfaces.egg-info/SOURCES.txt'
[1.978s] reading manifest file 'omx_sim_interfaces.egg-info/SOURCES.txt'
[1.979s] writing manifest file 'omx_sim_interfaces.egg-info/SOURCES.txt'
[1.998s] [  1%] Built target ament_cmake_python_build_omx_sim_interfaces_egg
[2.044s] [  1%] Built target omx_sim_interfaces__rosidl_generator_type_description
[2.052s] [  2%] [34m[1mGenerating C code for ROS interfaces[0m
[2.060s] [  3%] [34m[1mGenerating C++ code for ROS interfaces[0m
[2.887s] [  3%] Built target omx_sim_interfaces__cpp
[2.990s] [ 10%] [32mBuilding C object CMakeFiles/omx_sim_interfaces__rosidl_generator_c.dir/rosidl_generator_c/omx_sim_interfaces/action/detail/reach__description.c.o[0m
[2.990s] [ 10%] [32mBuilding C object CMakeFiles/omx_sim_interfaces__rosidl_generator_c.dir/rosidl_generator_c/omx_sim_interfaces/action/detail/pick__functions.c.o[0m
[2.990s] [ 10%] [32mBuilding C object CMakeFiles/omx_sim_interfaces__rosidl_generator_c.dir/rosidl_generator_c/omx_sim_interfaces/action/detail/place__type_support.c.o[0m
[2.990s] [ 10%] [32mBuilding C object CMakeFiles/omx_sim_interfaces__rosidl_generator_c.dir/rosidl_generator_c/omx_sim_interfaces/action/detail/pick__description.c.o[0m
[2.991s] [ 10%] [32mBuilding C object CMakeFiles/omx_sim_interfaces__rosidl_generator_c.dir/rosidl_generator_c/omx_sim_interfaces/action/detail/place__functions.c.o[0m
[2.991s] [ 10%] [32mBuilding C object CMakeFiles/omx_sim_interfaces__rosidl_generator_c.dir/rosidl_generator_c/omx_sim_interfaces/action/detail/place__description.c.o[0m
[2.991s] [ 11%] [32mBuilding C object CMakeFiles/omx_sim_interfaces__rosidl_generator_c.dir/rosidl_generator_c/omx_sim_interfaces/action/detail/bt_pick__description.c.o[0m
[2.991s] [ 16%] [32mBuilding C object CMakeFiles/omx_sim_interfaces__rosidl_generator_c.dir/rosidl_generator_c/omx_sim_interfaces/action/detail/bt_pick__type_support.c.o[0m
[2.991s] [ 16%] [32mBuilding C object CMakeFiles/omx_sim_interfaces__rosidl_generator_c.dir/rosidl_generator_c/omx_sim_interfaces/action/detail/reach__type_support.c.o[0m
[2.991s] [ 16%] [32mBuilding C object CMakeFiles/omx_sim_interfaces__rosidl_generator_c.dir/rosidl_generator_c/omx_sim_interfaces/action/detail/pick__type_support.c.o[0m
[2.992s] [ 16%] [32mBuilding C object CMakeFiles/omx_sim_interfaces__rosidl_generator_c.dir/rosidl_generator_c/omx_sim_interfaces/action/detail/reach__functions.c.o[0m
[2.992s] [ 17%] [32mBuilding C object CMakeFiles/omx_sim_interfaces__rosidl_generator_c.dir/rosidl_generator_c/omx_sim_interfaces/action/detail/bt_pick__functions.c.o[0m
[3.035s] [ 19%] [32mBuilding C object CMakeFiles/omx_sim_interfaces__rosidl_generator_c.dir/rosidl_generator_c/omx_sim_interfaces/action/detail/bt_place__description.c.o[0m
[3.035s] [ 21%] [32mBuilding C object CMakeFiles/omx_sim_interfaces__rosidl_generator_c.dir/rosidl_generator_c/omx_sim_interfaces/action/detail/bt_place__type_support.c.o[0m
[3.035s] [ 21%] [32mBuilding C object CMakeFiles/omx_sim_interfaces__rosidl_generator_c.dir/rosidl_generator_c/omx_sim_interfaces/action/detail/bt_place__functions.c.o[0m
[3.035s] [ 22%] [32mBuilding C object CMakeFiles/omx_sim_interfaces__rosidl_generator_c.dir/rosidl_generator_c/omx_sim_interfaces/action/detail/bt_reach__description.c.o[0m
[3.062s] [ 25%] [32mBuilding C object CMakeFiles/omx_sim_interfaces__rosidl_generator_c.dir/rosidl_generator_c/omx_sim_interfaces/action/detail/bt_reach__functions.c.o[0m
[3.062s] [ 25%] [32mBuilding C object CMakeFiles/omx_sim_interfaces__rosidl_generator_c.dir/rosidl_generator_c/omx_sim_interfaces/action/detail/bt_reach__type_support.c.o[0m
[3.164s] [ 26%] [32m[1mLinking C shared library libomx_sim_interfaces__rosidl_generator_c.so[0m
[3.196s] [ 26%] Built target omx_sim_interfaces__rosidl_generator_c
[3.204s] [ 32%] [34m[1mGenerating C type support dispatch for ROS interfaces[0m
[3.204s] [ 32%] [34m[1mGenerating C++ introspection for ROS interfaces[0m
[3.205s] [ 32%] [34m[1mGenerating C++ type support for eProsima Fast-RTPS[0m
[3.205s] [ 32%] [34m[1mGenerating C type support for eProsima Fast-RTPS[0m
[3.205s] [ 33%] [34m[1mGenerating C++ type support dispatch for ROS interfaces[0m
[3.205s] [ 33%] [34m[1mGenerating C introspection for ROS interfaces[0m
[3.636s] [ 39%] [32mBuilding CXX object CMakeFiles/omx_sim_interfaces__rosidl_typesupport_c.dir/rosidl_typesupport_c/omx_sim_interfaces/action/pick__type_support.cpp.o[0m
[3.636s] [ 39%] [32mBuilding CXX object CMakeFiles/omx_sim_interfaces__rosidl_typesupport_c.dir/rosidl_typesupport_c/omx_sim_interfaces/action/reach__type_support.cpp.o[0m
[3.636s] [ 39%] [32mBuilding CXX object CMakeFiles/omx_sim_interfaces__rosidl_typesupport_c.dir/rosidl_typesupport_c/omx_sim_interfaces/action/bt_pick__type_support.cpp.o[0m
[3.636s] [ 39%] [32mBuilding CXX object CMakeFiles/omx_sim_interfaces__rosidl_typesupport_c.dir/rosidl_typesupport_c/omx_sim_interfaces/action/bt_reach__type_support.cpp.o[0m
[3.636s] [ 40%] [32mBuilding CXX object CMakeFiles/omx_sim_interfaces__rosidl_typesupport_c.dir/rosidl_typesupport_c/omx_sim_interfaces/action/bt_place__type_support.cpp.o[0m
[3.636s] [ 39%] [32mBuilding CXX object CMakeFiles/omx_sim_interfaces__rosidl_typesupport_c.dir/rosidl_typesupport_c/omx_sim_interfaces/action/place__type_support.cpp.o[0m
[3.685s] [ 44%] [32mBuilding CXX object CMakeFiles/omx_sim_interfaces__rosidl_typesupport_cpp.dir/rosidl_typesupport_cpp/omx_sim_interfaces/action/reach__type_support.cpp.o[0m
[3.685s] [ 44%] [32mBuilding CXX object CMakeFiles/omx_sim_interfaces__rosidl_typesupport_cpp.dir/rosidl_typesupport_cpp/omx_sim_interfaces/action/place__type_support.cpp.o[0m
[3.685s] [ 44%] [32mBuilding CXX object CMakeFiles/omx_sim_interfaces__rosidl_typesupport_cpp.dir/rosidl_typesupport_cpp/omx_sim_interfaces/action/pick__type_support.cpp.o[0m
[3.687s] [ 45%] [32mBuilding CXX object CMakeFiles/omx_sim_interfaces__rosidl_typesupport_cpp.dir/rosidl_typesupport_cpp/omx_sim_interfaces/action/bt_pick__type_support.cpp.o[0m
[3.687s] [ 46%] [32mBuilding CXX object CMakeFiles/omx_sim_interfaces__rosidl_typesupport_cpp.dir/rosidl_typesupport_cpp/omx_sim_interfaces/action/bt_place__type_support.cpp.o[0m
[3.690s] [ 47%] [32mBuilding CXX object CMakeFiles/omx_sim_interfaces__rosidl_typesupport_cpp.dir/rosidl_typesupport_cpp/omx_sim_interfaces/action/bt_reach__type_support.cpp.o[0m
[3.695s] [ 48%] [32m[1mLinking CXX shared library libomx_sim_interfaces__rosidl_typesupport_c.so[0m
[3.747s] [ 48%] Built target omx_sim_interfaces__rosidl_typesupport_c
[3.914s] [ 50%] [32mBuilding CXX object CMakeFiles/omx_sim_interfaces__rosidl_typesupport_introspection_cpp.dir/rosidl_typesupport_introspection_cpp/omx_sim_interfaces/action/detail/pick__type_support.cpp.o[0m
[3.914s] [ 52%] [32mBuilding CXX object CMakeFiles/omx_sim_interfaces__rosidl_typesupport_introspection_cpp.dir/rosidl_typesupport_introspection_cpp/omx_sim_interfaces/action/detail/place__type_support.cpp.o[0m
[3.914s] [ 52%] [32mBuilding CXX object CMakeFiles/omx_sim_interfaces__rosidl_typesupport_introspection_cpp.dir/rosidl_typesupport_introspection_cpp/omx_sim_interfaces/action/detail/reach__type_support.cpp.o[0m
[4.047s] [ 53%] [32mBuilding C object CMakeFiles/omx_sim_interfaces__rosidl_typesupport_introspection_c.dir/rosidl_typesupport_introspection_c/omx_sim_interfaces/action/detail/pick__type_support.c.o[0m
[4.116s] [ 54%] [32mBuilding C object CMakeFiles/omx_sim_interfaces__rosidl_typesupport_introspection_c.dir/rosidl_typesupport_introspection_c/omx_sim_interfaces/action/detail/place__type_support.c.o[0m
[4.186s] [ 55%] [32mBuilding C object CMakeFiles/omx_sim_interfaces__rosidl_typesupport_introspection_c.dir/rosidl_typesupport_introspection_c/omx_sim_interfaces/action/detail/reach__type_support.c.o[0m
[4.234s] [ 57%] [32mBuilding C object CMakeFiles/omx_sim_interfaces__rosidl_typesupport_introspection_c.dir/rosidl_typesupport_introspection_c/omx_sim_interfaces/action/detail/bt_pick__type_support.c.o[0m
[4.246s] [ 59%] [32mBuilding CXX object CMakeFiles/omx_sim_interfaces__rosidl_typesupport_introspection_cpp.dir/rosidl_typesupport_introspection_cpp/omx_sim_interfaces/action/detail/bt_pick__type_support.cpp.o[0m
[4.246s] [ 59%] [32mBuilding C object CMakeFiles/omx_sim_interfaces__rosidl_typesupport_introspection_c.dir/rosidl_typesupport_introspection_c/omx_sim_interfaces/action/detail/bt_place__type_support.c.o[0m
[4.253s] [ 60%] [32mBuilding CXX object CMakeFiles/omx_sim_interfaces__rosidl_typesupport_introspection_cpp.dir/rosidl_typesupport_introspection_cpp/omx_sim_interfaces/action/detail/bt_place__type_support.cpp.o[0m
[4.253s] [ 61%] [32mBuilding CXX object CMakeFiles/omx_sim_interfaces__rosidl_typesupport_introspection_cpp.dir/rosidl_typesupport_introspection_cpp/omx_sim_interfaces/action/detail/bt_reach__type_support.cpp.o[0m
[4.267s] [ 63%] [32mBuilding C object CMakeFiles/omx_sim_interfaces__rosidl_typesupport_introspection_c.dir/rosidl_typesupport_introspection_c/omx_sim_interfaces/action/detail/bt_reach__type_support.c.o[0m
[4.279s] [ 64%] [32m[1mLinking CXX shared library libomx_sim_interfaces__rosidl_typesupport_cpp.so[0m
[4.321s] [ 65%] [32m[1mLinking C shared library libomx_sim_interfaces__rosidl_typesupport_introspection_c.so[0m
[4.352s] [ 65%] Built target omx_sim_interfaces__rosidl_typesupport_introspection_c
[4.371s] [ 65%] Built target omx_sim_interfaces__rosidl_typesupport_cpp
[4.479s] [ 71%] [32mBuilding CXX object CMakeFiles/omx_sim_interfaces__rosidl_typesupport_fastrtps_cpp.dir/rosidl_typesupport_fastrtps_cpp/omx_sim_interfaces/action/detail/dds_fastrtps/place__type_support.cpp.o[0m
[4.479s] [ 71%] [32mBuilding CXX object CMakeFiles/omx_sim_interfaces__rosidl_typesupport_fastrtps_cpp.dir/rosidl_typesupport_fastrtps_cpp/omx_sim_interfaces/action/detail/dds_fastrtps/pick__type_support.cpp.o[0m
[4.479s] [ 71%] [32mBuilding CXX object CMakeFiles/omx_sim_interfaces__rosidl_typesupport_fastrtps_cpp.dir/rosidl_typesupport_fastrtps_cpp/omx_sim_interfaces/action/detail/dds_fastrtps/reach__type_support.cpp.o[0m
[4.479s] [ 71%] [32mBuilding CXX object CMakeFiles/omx_sim_interfaces__rosidl_typesupport_fastrtps_cpp.dir/rosidl_typesupport_fastrtps_cpp/omx_sim_interfaces/action/detail/dds_fastrtps/bt_place__type_support.cpp.o[0m
[4.479s] [ 71%] [32mBuilding CXX object CMakeFiles/omx_sim_interfaces__rosidl_typesupport_fastrtps_cpp.dir/rosidl_typesupport_fastrtps_cpp/omx_sim_interfaces/action/detail/dds_fastrtps/bt_pick__type_support.cpp.o[0m
[4.535s] [ 72%] [32mBuilding CXX object CMakeFiles/omx_sim_interfaces__rosidl_typesupport_fastrtps_cpp.dir/rosidl_typesupport_fastrtps_cpp/omx_sim_interfaces/action/detail/dds_fastrtps/bt_reach__type_support.cpp.o[0m
[4.748s] [ 76%] [32mBuilding CXX object CMakeFiles/omx_sim_interfaces__rosidl_typesupport_fastrtps_c.dir/rosidl_typesupport_fastrtps_c/omx_sim_interfaces/action/detail/place__type_support_c.cpp.o[0m
[4.748s] [ 76%] [32mBuilding CXX object CMakeFiles/omx_sim_interfaces__rosidl_typesupport_fastrtps_c.dir/rosidl_typesupport_fastrtps_c/omx_sim_interfaces/action/detail/pick__type_support_c.cpp.o[0m
[4.748s] [ 76%] [32mBuilding CXX object CMakeFiles/omx_sim_interfaces__rosidl_typesupport_fastrtps_c.dir/rosidl_typesupport_fastrtps_c/omx_sim_interfaces/action/detail/reach__type_support_c.cpp.o[0m
[4.798s] [ 77%] [32mBuilding CXX object CMakeFiles/omx_sim_interfaces__rosidl_typesupport_fastrtps_c.dir/rosidl_typesupport_fastrtps_c/omx_sim_interfaces/action/detail/bt_pick__type_support_c.cpp.o[0m
[4.828s] [ 79%] [32m[1mLinking CXX shared library libomx_sim_interfaces__rosidl_typesupport_introspection_cpp.so[0m
[4.828s] [ 79%] [32mBuilding CXX object CMakeFiles/omx_sim_interfaces__rosidl_typesupport_fastrtps_c.dir/rosidl_typesupport_fastrtps_c/omx_sim_interfaces/action/detail/bt_place__type_support_c.cpp.o[0m
[4.943s] [ 79%] Built target omx_sim_interfaces__rosidl_typesupport_introspection_cpp
[4.954s] [ 80%] [32mBuilding CXX object CMakeFiles/omx_sim_interfaces__rosidl_typesupport_fastrtps_c.dir/rosidl_typesupport_fastrtps_c/omx_sim_interfaces/action/detail/bt_reach__type_support_c.cpp.o[0m
[5.339s] [ 82%] [32m[1mLinking CXX shared library libomx_sim_interfaces__rosidl_typesupport_fastrtps_cpp.so[0m
[5.406s] [ 83%] [32m[1mLinking CXX shared library libomx_sim_interfaces__rosidl_typesupport_fastrtps_c.so[0m
[5.407s] [ 83%] Built target omx_sim_interfaces__rosidl_typesupport_fastrtps_cpp
[5.459s] [ 83%] Built target omx_sim_interfaces__rosidl_typesupport_fastrtps_c
[5.476s] [ 83%] Built target omx_sim_interfaces
[5.491s] [ 84%] [34m[1mGenerating Python code for ROS interfaces[0m
[7.140s] [ 84%] Built target omx_sim_interfaces__py
[7.158s] [ 90%] [32mBuilding C object CMakeFiles/omx_sim_interfaces__rosidl_generator_py.dir/rosidl_generator_py/omx_sim_interfaces/action/_bt_reach_s.c.o[0m
[7.158s] [ 90%] [32mBuilding C object CMakeFiles/omx_sim_interfaces__rosidl_generator_py.dir/rosidl_generator_py/omx_sim_interfaces/action/_place_s.c.o[0m
[7.158s] [ 90%] [32mBuilding C object CMakeFiles/omx_sim_interfaces__rosidl_generator_py.dir/rosidl_generator_py/omx_sim_interfaces/action/_bt_pick_s.c.o[0m
[7.158s] [ 90%] [32mBuilding C object CMakeFiles/omx_sim_interfaces__rosidl_generator_py.dir/rosidl_generator_py/omx_sim_interfaces/action/_pick_s.c.o[0m
[7.158s] [ 90%] [32mBuilding C object CMakeFiles/omx_sim_interfaces__rosidl_generator_py.dir/rosidl_generator_py/omx_sim_interfaces/action/_reach_s.c.o[0m
[7.158s] [ 91%] [32mBuilding C object CMakeFiles/omx_sim_interfaces__rosidl_generator_py.dir/rosidl_generator_py/omx_sim_interfaces/action/_bt_place_s.c.o[0m
[7.303s] [ 92%] [32m[1mLinking C shared library libomx_sim_interfaces__rosidl_generator_py.so[0m
[7.339s] [ 92%] Built target omx_sim_interfaces__rosidl_generator_py
[7.355s] [ 95%] [32mBuilding C object CMakeFiles/omx_sim_interfaces_s__rosidl_typesupport_introspection_c.dir/rosidl_generator_py/omx_sim_interfaces/_omx_sim_interfaces_s.ep.rosidl_typesupport_introspection_c.c.o[0m
[7.356s] [ 95%] [32mBuilding C object CMakeFiles/omx_sim_interfaces_s__rosidl_typesupport_c.dir/rosidl_generator_py/omx_sim_interfaces/_omx_sim_interfaces_s.ep.rosidl_typesupport_c.c.o[0m
[7.356s] [ 96%] [32mBuilding C object CMakeFiles/omx_sim_interfaces_s__rosidl_typesupport_fastrtps_c.dir/rosidl_generator_py/omx_sim_interfaces/_omx_sim_interfaces_s.ep.rosidl_typesupport_fastrtps_c.c.o[0m
[7.517s] [ 97%] [32m[1mLinking C shared module rosidl_generator_py/omx_sim_interfaces/omx_sim_interfaces_s__rosidl_typesupport_introspection_c.so[0m
[7.518s] [ 98%] [32m[1mLinking C shared module rosidl_generator_py/omx_sim_interfaces/omx_sim_interfaces_s__rosidl_typesupport_fastrtps_c.so[0m
[7.518s] [100%] [32m[1mLinking C shared module rosidl_generator_py/omx_sim_interfaces/omx_sim_interfaces_s__rosidl_typesupport_c.so[0m
[7.544s] [100%] Built target omx_sim_interfaces_s__rosidl_typesupport_introspection_c
[7.545s] [100%] Built target omx_sim_interfaces_s__rosidl_typesupport_fastrtps_c
[7.545s] [100%] Built target omx_sim_interfaces_s__rosidl_typesupport_c
[7.554s] Invoked command in '/home/lsoo6741/omx_multi_robot_sim/ros2_ws/build/omx_sim_interfaces' returned '0': CMAKE_PREFIX_PATH=${CMAKE_PREFIX_PATH}:/home/lsoo6741/workspace/ros2_ws/install/py_srvcli:/home/lsoo6741/workspace/ros2_ws/install/py_pubsub:/home/lsoo6741/workspace/ros2_ws/install/my_turtle_pkg:/home/lsoo6741/workspace/ros2_ws/install/action_tutorials_py:/home/lsoo6741/workspace/ros2_ws/install/action_chaser_py:/opt/ros/jazzy DEBUGINFOD_URLS=https://debuginfod.ubuntu.com /usr/bin/cmake --build /home/lsoo6741/omx_multi_robot_sim/ros2_ws/build/omx_sim_interfaces -- -j12 -l12
[7.562s] Invoking command in '/home/lsoo6741/omx_multi_robot_sim/ros2_ws/build/omx_sim_interfaces': CMAKE_PREFIX_PATH=${CMAKE_PREFIX_PATH}:/home/lsoo6741/workspace/ros2_ws/install/py_srvcli:/home/lsoo6741/workspace/ros2_ws/install/py_pubsub:/home/lsoo6741/workspace/ros2_ws/install/my_turtle_pkg:/home/lsoo6741/workspace/ros2_ws/install/action_tutorials_py:/home/lsoo6741/workspace/ros2_ws/install/action_chaser_py:/opt/ros/jazzy DEBUGINFOD_URLS=https://debuginfod.ubuntu.com /usr/bin/cmake --install /home/lsoo6741/omx_multi_robot_sim/ros2_ws/build/omx_sim_interfaces
[7.568s] -- Install configuration: ""
[7.569s] -- Installing: /home/lsoo6741/omx_multi_robot_sim/ros2_ws/install/omx_sim_interfaces/share/ament_index/resource_index/rosidl_interfaces/omx_sim_interfaces
[7.569s] -- Installing: /home/lsoo6741/omx_multi_robot_sim/ros2_ws/install/omx_sim_interfaces/share/omx_sim_interfaces/action/Pick.json
[7.569s] -- Installing: /home/lsoo6741/omx_multi_robot_sim/ros2_ws/install/omx_sim_interfaces/share/omx_sim_interfaces/action/Place.json
[7.569s] -- Installing: /home/lsoo6741/omx_multi_robot_sim/ros2_ws/install/omx_sim_interfaces/share/omx_sim_interfaces/action/Reach.json
[7.569s] -- Installing: /home/lsoo6741/omx_multi_robot_sim/ros2_ws/install/omx_sim_interfaces/share/omx_sim_interfaces/action/BTPick.json
[7.569s] -- Installing: /home/lsoo6741/omx_multi_robot_sim/ros2_ws/install/omx_sim_interfaces/share/omx_sim_interfaces/action/BTPlace.json
[7.569s] -- Installing: /home/lsoo6741/omx_multi_robot_sim/ros2_ws/install/omx_sim_interfaces/share/omx_sim_interfaces/action/BTReach.json
[7.569s] -- Installing: /home/lsoo6741/omx_multi_robot_sim/ros2_ws/install/omx_sim_interfaces/include/omx_sim_interfaces/omx_sim_interfaces
[7.569s] -- Installing: /home/lsoo6741/omx_multi_robot_sim/ros2_ws/install/omx_sim_interfaces/include/omx_sim_interfaces/omx_sim_interfaces/msg
[7.570s] -- Installing: /home/lsoo6741/omx_multi_robot_sim/ros2_ws/install/omx_sim_interfaces/include/omx_sim_interfaces/omx_sim_interfaces/msg/rosidl_generator_c__visibility_control.h
[7.570s] -- Installing: /home/lsoo6741/omx_multi_robot_sim/ros2_ws/install/omx_sim_interfaces/include/omx_sim_interfaces/omx_sim_interfaces/action
[7.570s] -- Installing: /home/lsoo6741/omx_multi_robot_sim/ros2_ws/install/omx_sim_interfaces/include/omx_sim_interfaces/omx_sim_interfaces/action/pick.h
[7.570s] -- Installing: /home/lsoo6741/omx_multi_robot_sim/ros2_ws/install/omx_sim_interfaces/include/omx_sim_interfaces/omx_sim_interfaces/action/bt_place.h
[7.570s] -- Installing: /home/lsoo6741/omx_multi_robot_sim/ros2_ws/install/omx_sim_interfaces/include/omx_sim_interfaces/omx_sim_interfaces/action/detail
[7.570s] -- Installing: /home/lsoo6741/omx_multi_robot_sim/ros2_ws/install/omx_sim_interfaces/include/omx_sim_interfaces/omx_sim_interfaces/action/detail/bt_reach__functions.c
[7.570s] -- Installing: /home/lsoo6741/omx_multi_robot_sim/ros2_ws/install/omx_sim_interfaces/include/omx_sim_interfaces/omx_sim_interfaces/action/detail/pick__functions.h
[7.570s] -- Installing: /home/lsoo6741/omx_multi_robot_sim/ros2_ws/install/omx_sim_interfaces/include/omx_sim_interfaces/omx_sim_interfaces/action/detail/pick__type_support.h
[7.570s] -- Installing: /home/lsoo6741/omx_multi_robot_sim/ros2_ws/install/omx_sim_interfaces/include/omx_sim_interfaces/omx_sim_interfaces/action/detail/reach__type_support.h
[7.570s] -- Installing: /home/lsoo6741/omx_multi_robot_sim/ros2_ws/install/omx_sim_interfaces/include/omx_sim_interfaces/omx_sim_interfaces/action/detail/pick__type_support.c
[7.570s] -- Installing: /home/lsoo6741/omx_multi_robot_sim/ros2_ws/install/omx_sim_interfaces/include/omx_sim_interfaces/omx_sim_interfaces/action/detail/place__type_support.c
[7.570s] -- Installing: /home/lsoo6741/omx_multi_robot_sim/ros2_ws/install/omx_sim_interfaces/include/omx_sim_interfaces/omx_sim_interfaces/action/detail/place__type_support.h
[7.571s] -- Installing: /home/lsoo6741/omx_multi_robot_sim/ros2_ws/install/omx_sim_interfaces/include/omx_sim_interfaces/omx_sim_interfaces/action/detail/bt_pick__description.c
[7.571s] -- Installing: /home/lsoo6741/omx_multi_robot_sim/ros2_ws/install/omx_sim_interfaces/include/omx_sim_interfaces/omx_sim_interfaces/action/detail/place__functions.h
[7.571s] -- Installing: /home/lsoo6741/omx_multi_robot_sim/ros2_ws/install/omx_sim_interfaces/include/omx_sim_interfaces/omx_sim_interfaces/action/detail/pick__struct.h
[7.571s] -- Installing: /home/lsoo6741/omx_multi_robot_sim/ros2_ws/install/omx_sim_interfaces/include/omx_sim_interfaces/omx_sim_interfaces/action/detail/reach__functions.c
[7.571s] -- Installing: /home/lsoo6741/omx_multi_robot_sim/ros2_ws/install/omx_sim_interfaces/include/omx_sim_interfaces/omx_sim_interfaces/action/detail/pick__description.c
[7.571s] -- Installing: /home/lsoo6741/omx_multi_robot_sim/ros2_ws/install/omx_sim_interfaces/include/omx_sim_interfaces/omx_sim_interfaces/action/detail/bt_pick__functions.c
[7.571s] -- Installing: /home/lsoo6741/omx_multi_robot_sim/ros2_ws/install/omx_sim_interfaces/include/omx_sim_interfaces/omx_sim_interfaces/action/detail/bt_place__functions.c
[7.571s] -- Installing: /home/lsoo6741/omx_multi_robot_sim/ros2_ws/install/omx_sim_interfaces/include/omx_sim_interfaces/omx_sim_interfaces/action/detail/bt_reach__struct.h
[7.571s] -- Installing: /home/lsoo6741/omx_multi_robot_sim/ros2_ws/install/omx_sim_interfaces/include/omx_sim_interfaces/omx_sim_interfaces/action/detail/bt_pick__type_support.c
[7.572s] -- Installing: /home/lsoo6741/omx_multi_robot_sim/ros2_ws/install/omx_sim_interfaces/include/omx_sim_interfaces/omx_sim_interfaces/action/detail/pick__functions.c
[7.572s] -- Installing: /home/lsoo6741/omx_multi_robot_sim/ros2_ws/install/omx_sim_interfaces/include/omx_sim_interfaces/omx_sim_interfaces/action/detail/bt_reach__description.c
[7.572s] -- Installing: /home/lsoo6741/omx_multi_robot_sim/ros2_ws/install/omx_sim_interfaces/include/omx_sim_interfaces/omx_sim_interfaces/action/detail/reach__type_support.c
[7.572s] -- Installing: /home/lsoo6741/omx_multi_robot_sim/ros2_ws/install/omx_sim_interfaces/include/omx_sim_interfaces/omx_sim_interfaces/action/detail/reach__struct.h
[7.572s] -- Installing: /home/lsoo6741/omx_multi_robot_sim/ros2_ws/install/omx_sim_interfaces/include/omx_sim_interfaces/omx_sim_interfaces/action/detail/reach__functions.h
[7.572s] -- Installing: /home/lsoo6741/omx_multi_robot_sim/ros2_ws/install/omx_sim_interfaces/include/omx_sim_interfaces/omx_sim_interfaces/action/detail/bt_reach__type_support.c
[7.572s] -- Installing: /home/lsoo6741/omx_multi_robot_sim/ros2_ws/install/omx_sim_interfaces/include/omx_sim_interfaces/omx_sim_interfaces/action/detail/bt_reach__type_support.h
[7.572s] -- Installing: /home/lsoo6741/omx_multi_robot_sim/ros2_ws/install/omx_sim_interfaces/include/omx_sim_interfaces/omx_sim_interfaces/action/detail/bt_place__struct.h
[7.572s] -- Installing: /home/lsoo6741/omx_multi_robot_sim/ros2_ws/install/omx_sim_interfaces/include/omx_sim_interfaces/omx_sim_interfaces/action/detail/bt_pick__functions.h
[7.572s] -- Installing: /home/lsoo6741/omx_multi_robot_sim/ros2_ws/install/omx_sim_interfaces/include/omx_sim_interfaces/omx_sim_interfaces/action/detail/place__struct.h
[7.572s] -- Installing: /home/lsoo6741/omx_multi_robot_sim/ros2_ws/install/omx_sim_interfaces/include/omx_sim_interfaces/omx_sim_interfaces/action/detail/bt_place__functions.h
[7.573s] -- Installing: /home/lsoo6741/omx_multi_robot_sim/ros2_ws/install/omx_sim_interfaces/include/omx_sim_interfaces/omx_sim_interfaces/action/detail/place__functions.c
[7.573s] -- Installing: /home/lsoo6741/omx_multi_robot_sim/ros2_ws/install/omx_sim_interfaces/include/omx_sim_interfaces/omx_sim_interfaces/action/detail/bt_place__type_support.c
[7.573s] -- Installing: /home/lsoo6741/omx_multi_robot_sim/ros2_ws/install/omx_sim_interfaces/include/omx_sim_interfaces/omx_sim_interfaces/action/detail/reach__description.c
[7.573s] -- Installing: /home/lsoo6741/omx_multi_robot_sim/ros2_ws/install/omx_sim_interfaces/include/omx_sim_interfaces/omx_sim_interfaces/action/detail/bt_place__type_support.h
[7.573s] -- Installing: /home/lsoo6741/omx_multi_robot_sim/ros2_ws/install/omx_sim_interfaces/include/omx_sim_interfaces/omx_sim_interfaces/action/detail/bt_pick__type_support.h
[7.573s] -- Installing: /home/lsoo6741/omx_multi_robot_sim/ros2_ws/install/omx_sim_interfaces/include/omx_sim_interfaces/omx_sim_interfaces/action/detail/bt_reach__functions.h
[7.573s] -- Installing: /home/lsoo6741/omx_multi_robot_sim/ros2_ws/install/omx_sim_interfaces/include/omx_sim_interfaces/omx_sim_interfaces/action/detail/bt_place__description.c
[7.573s] -- Installing: /home/lsoo6741/omx_multi_robot_sim/ros2_ws/install/omx_sim_interfaces/include/omx_sim_interfaces/omx_sim_interfaces/action/detail/place__description.c
[7.573s] -- Installing: /home/lsoo6741/omx_multi_robot_sim/ros2_ws/install/omx_sim_interfaces/include/omx_sim_interfaces/omx_sim_interfaces/action/detail/bt_pick__struct.h
[7.574s] -- Installing: /home/lsoo6741/omx_multi_robot_sim/ros2_ws/install/omx_sim_interfaces/include/omx_sim_interfaces/omx_sim_interfaces/action/place.h
[7.574s] -- Installing: /home/lsoo6741/omx_multi_robot_sim/ros2_ws/install/omx_sim_interfaces/include/omx_sim_interfaces/omx_sim_interfaces/action/bt_pick.h
[7.574s] -- Installing: /home/lsoo6741/omx_multi_robot_sim/ros2_ws/install/omx_sim_interfaces/include/omx_sim_interfaces/omx_sim_interfaces/action/reach.h
[7.574s] -- Installing: /home/lsoo6741/omx_multi_robot_sim/ros2_ws/install/omx_sim_interfaces/include/omx_sim_interfaces/omx_sim_interfaces/action/bt_reach.h
[7.574s] -- Installing: /home/lsoo6741/omx_multi_robot_sim/ros2_ws/install/omx_sim_interfaces/share/omx_sim_interfaces/environment/library_path.sh
[7.574s] -- Installing: /home/lsoo6741/omx_multi_robot_sim/ros2_ws/install/omx_sim_interfaces/share/omx_sim_interfaces/environment/library_path.dsv
[7.574s] -- Installing: /home/lsoo6741/omx_multi_robot_sim/ros2_ws/install/omx_sim_interfaces/lib/libomx_sim_interfaces__rosidl_generator_c.so
[7.575s] -- Set non-toolchain portion of runtime path of "/home/lsoo6741/omx_multi_robot_sim/ros2_ws/install/omx_sim_interfaces/lib/libomx_sim_interfaces__rosidl_generator_c.so" to ""
[7.575s] -- Up-to-date: /home/lsoo6741/omx_multi_robot_sim/ros2_ws/install/omx_sim_interfaces/include/omx_sim_interfaces/omx_sim_interfaces
[7.575s] -- Up-to-date: /home/lsoo6741/omx_multi_robot_sim/ros2_ws/install/omx_sim_interfaces/include/omx_sim_interfaces/omx_sim_interfaces/msg
[7.575s] -- Installing: /home/lsoo6741/omx_multi_robot_sim/ros2_ws/install/omx_sim_interfaces/include/omx_sim_interfaces/omx_sim_interfaces/msg/rosidl_typesupport_fastrtps_c__visibility_control.h
[7.575s] -- Up-to-date: /home/lsoo6741/omx_multi_robot_sim/ros2_ws/install/omx_sim_interfaces/include/omx_sim_interfaces/omx_sim_interfaces/action
[7.575s] -- Up-to-date: /home/lsoo6741/omx_multi_robot_sim/ros2_ws/install/omx_sim_interfaces/include/omx_sim_interfaces/omx_sim_interfaces/action/detail
[7.575s] -- Installing: /home/lsoo6741/omx_multi_robot_sim/ros2_ws/install/omx_sim_interfaces/include/omx_sim_interfaces/omx_sim_interfaces/action/detail/bt_pick__rosidl_typesupport_fastrtps_c.h
[7.575s] -- Installing: /home/lsoo6741/omx_multi_robot_sim/ros2_ws/install/omx_sim_interfaces/include/omx_sim_interfaces/omx_sim_interfaces/action/detail/pick__rosidl_typesupport_fastrtps_c.h
[7.575s] -- Installing: /home/lsoo6741/omx_multi_robot_sim/ros2_ws/install/omx_sim_interfaces/include/omx_sim_interfaces/omx_sim_interfaces/action/detail/bt_place__rosidl_typesupport_fastrtps_c.h
[7.575s] -- Installing: /home/lsoo6741/omx_multi_robot_sim/ros2_ws/install/omx_sim_interfaces/include/omx_sim_interfaces/omx_sim_interfaces/action/detail/reach__rosidl_typesupport_fastrtps_c.h
[7.575s] -- Installing: /home/lsoo6741/omx_multi_robot_sim/ros2_ws/install/omx_sim_interfaces/include/omx_sim_interfaces/omx_sim_interfaces/action/detail/bt_reach__rosidl_typesupport_fastrtps_c.h
[7.576s] -- Installing: /home/lsoo6741/omx_multi_robot_sim/ros2_ws/install/omx_sim_interfaces/include/omx_sim_interfaces/omx_sim_interfaces/action/detail/place__rosidl_typesupport_fastrtps_c.h
[7.576s] -- Installing: /home/lsoo6741/omx_multi_robot_sim/ros2_ws/install/omx_sim_interfaces/lib/libomx_sim_interfaces__rosidl_typesupport_fastrtps_c.so
[7.576s] -- Set non-toolchain portion of runtime path of "/home/lsoo6741/omx_multi_robot_sim/ros2_ws/install/omx_sim_interfaces/lib/libomx_sim_interfaces__rosidl_typesupport_fastrtps_c.so" to ""
[7.576s] -- Up-to-date: /home/lsoo6741/omx_multi_robot_sim/ros2_ws/install/omx_sim_interfaces/include/omx_sim_interfaces/omx_sim_interfaces
[7.576s] -- Up-to-date: /home/lsoo6741/omx_multi_robot_sim/ros2_ws/install/omx_sim_interfaces/include/omx_sim_interfaces/omx_sim_interfaces/msg
[7.576s] -- Installing: /home/lsoo6741/omx_multi_robot_sim/ros2_ws/install/omx_sim_interfaces/include/omx_sim_interfaces/omx_sim_interfaces/msg/rosidl_typesupport_introspection_c__visibility_control.h
[7.576s] -- Up-to-date: /home/lsoo6741/omx_multi_robot_sim/ros2_ws/install/omx_sim_interfaces/include/omx_sim_interfaces/omx_sim_interfaces/action
[7.576s] -- Up-to-date: /home/lsoo6741/omx_multi_robot_sim/ros2_ws/install/omx_sim_interfaces/include/omx_sim_interfaces/omx_sim_interfaces/action/detail
[7.577s] -- Installing: /home/lsoo6741/omx_multi_robot_sim/ros2_ws/install/omx_sim_interfaces/include/omx_sim_interfaces/omx_sim_interfaces/action/detail/pick__type_support.c
[7.577s] -- Installing: /home/lsoo6741/omx_multi_robot_sim/ros2_ws/install/omx_sim_interfaces/include/omx_sim_interfaces/omx_sim_interfaces/action/detail/place__type_support.c
[7.577s] -- Installing: /home/lsoo6741/omx_multi_robot_sim/ros2_ws/install/omx_sim_interfaces/include/omx_sim_interfaces/omx_sim_interfaces/action/detail/bt_reach__rosidl_typesupport_introspection_c.h
[7.577s] -- Installing: /home/lsoo6741/omx_multi_robot_sim/ros2_ws/install/omx_sim_interfaces/include/omx_sim_interfaces/omx_sim_interfaces/action/detail/place__rosidl_typesupport_introspection_c.h
[7.577s] -- Installing: /home/lsoo6741/omx_multi_robot_sim/ros2_ws/install/omx_sim_interfaces/include/omx_sim_interfaces/omx_sim_interfaces/action/detail/bt_place__rosidl_typesupport_introspection_c.h
[7.577s] -- Installing: /home/lsoo6741/omx_multi_robot_sim/ros2_ws/install/omx_sim_interfaces/include/omx_sim_interfaces/omx_sim_interfaces/action/detail/bt_pick__type_support.c
[7.577s] -- Installing: /home/lsoo6741/omx_multi_robot_sim/ros2_ws/install/omx_sim_interfaces/include/omx_sim_interfaces/omx_sim_interfaces/action/detail/pick__rosidl_typesupport_introspection_c.h
[7.577s] -- Installing: /home/lsoo6741/omx_multi_robot_sim/ros2_ws/install/omx_sim_interfaces/include/omx_sim_interfaces/omx_sim_interfaces/action/detail/reach__type_support.c
[7.577s] -- Installing: /home/lsoo6741/omx_multi_robot_sim/ros2_ws/install/omx_sim_interfaces/include/omx_sim_interfaces/omx_sim_interfaces/action/detail/reach__rosidl_typesupport_introspection_c.h
[7.577s] -- Installing: /home/lsoo6741/omx_multi_robot_sim/ros2_ws/install/omx_sim_interfaces/include/omx_sim_interfaces/omx_sim_interfaces/action/detail/bt_reach__type_support.c
[7.578s] -- Installing: /home/lsoo6741/omx_multi_robot_sim/ros2_ws/install/omx_sim_interfaces/include/omx_sim_interfaces/omx_sim_interfaces/action/detail/bt_pick__rosidl_typesupport_introspection_c.h
[7.578s] -- Installing: /home/lsoo6741/omx_multi_robot_sim/ros2_ws/install/omx_sim_interfaces/include/omx_sim_interfaces/omx_sim_interfaces/action/detail/bt_place__type_support.c
[7.578s] -- Installing: /home/lsoo6741/omx_multi_robot_sim/ros2_ws/install/omx_sim_interfaces/lib/libomx_sim_interfaces__rosidl_typesupport_introspection_c.so
[7.578s] -- Set non-toolchain portion of runtime path of "/home/lsoo6741/omx_multi_robot_sim/ros2_ws/install/omx_sim_interfaces/lib/libomx_sim_interfaces__rosidl_typesupport_introspection_c.so" to ""
[7.578s] -- Installing: /home/lsoo6741/omx_multi_robot_sim/ros2_ws/install/omx_sim_interfaces/lib/libomx_sim_interfaces__rosidl_typesupport_c.so
[7.579s] -- Set non-toolchain portion of runtime path of "/home/lsoo6741/omx_multi_robot_sim/ros2_ws/install/omx_sim_interfaces/lib/libomx_sim_interfaces__rosidl_typesupport_c.so" to ""
[7.579s] -- Up-to-date: /home/lsoo6741/omx_multi_robot_sim/ros2_ws/install/omx_sim_interfaces/include/omx_sim_interfaces/omx_sim_interfaces
[7.579s] -- Up-to-date: /home/lsoo6741/omx_multi_robot_sim/ros2_ws/install/omx_sim_interfaces/include/omx_sim_interfaces/omx_sim_interfaces/msg
[7.579s] -- Installing: /home/lsoo6741/omx_multi_robot_sim/ros2_ws/install/omx_sim_interfaces/include/omx_sim_interfaces/omx_sim_interfaces/msg/rosidl_generator_cpp__visibility_control.hpp
[7.579s] -- Up-to-date: /home/lsoo6741/omx_multi_robot_sim/ros2_ws/install/omx_sim_interfaces/include/omx_sim_interfaces/omx_sim_interfaces/action
[7.579s] -- Installing: /home/lsoo6741/omx_multi_robot_sim/ros2_ws/install/omx_sim_interfaces/include/omx_sim_interfaces/omx_sim_interfaces/action/place.hpp
[7.579s] -- Installing: /home/lsoo6741/omx_multi_robot_sim/ros2_ws/install/omx_sim_interfaces/include/omx_sim_interfaces/omx_sim_interfaces/action/bt_reach.hpp
[7.579s] -- Up-to-date: /home/lsoo6741/omx_multi_robot_sim/ros2_ws/install/omx_sim_interfaces/include/omx_sim_interfaces/omx_sim_interfaces/action/detail
[7.579s] -- Installing: /home/lsoo6741/omx_multi_robot_sim/ros2_ws/install/omx_sim_interfaces/include/omx_sim_interfaces/omx_sim_interfaces/action/detail/reach__struct.hpp
[7.579s] -- Installing: /home/lsoo6741/omx_multi_robot_sim/ros2_ws/install/omx_sim_interfaces/include/omx_sim_interfaces/omx_sim_interfaces/action/detail/bt_reach__builder.hpp
[7.579s] -- Installing: /home/lsoo6741/omx_multi_robot_sim/ros2_ws/install/omx_sim_interfaces/include/omx_sim_interfaces/omx_sim_interfaces/action/detail/reach__traits.hpp
[7.579s] -- Installing: /home/lsoo6741/omx_multi_robot_sim/ros2_ws/install/omx_sim_interfaces/include/omx_sim_interfaces/omx_sim_interfaces/action/detail/bt_pick__traits.hpp
[7.580s] -- Installing: /home/lsoo6741/omx_multi_robot_sim/ros2_ws/install/omx_sim_interfaces/include/omx_sim_interfaces/omx_sim_interfaces/action/detail/place__type_support.hpp
[7.580s] -- Installing: /home/lsoo6741/omx_multi_robot_sim/ros2_ws/install/omx_sim_interfaces/include/omx_sim_interfaces/omx_sim_interfaces/action/detail/place__builder.hpp
[7.580s] -- Installing: /home/lsoo6741/omx_multi_robot_sim/ros2_ws/install/omx_sim_interfaces/include/omx_sim_interfaces/omx_sim_interfaces/action/detail/bt_place__type_support.hpp
[7.580s] -- Installing: /home/lsoo6741/omx_multi_robot_sim/ros2_ws/install/omx_sim_interfaces/include/omx_sim_interfaces/omx_sim_interfaces/action/detail/pick__type_support.hpp
[7.580s] -- Installing: /home/lsoo6741/omx_multi_robot_sim/ros2_ws/install/omx_sim_interfaces/include/omx_sim_interfaces/omx_sim_interfaces/action/detail/bt_place__traits.hpp
[7.580s] -- Installing: /home/lsoo6741/omx_multi_robot_sim/ros2_ws/install/omx_sim_interfaces/include/omx_sim_interfaces/omx_sim_interfaces/action/detail/place__struct.hpp
[7.580s] -- Installing: /home/lsoo6741/omx_multi_robot_sim/ros2_ws/install/omx_sim_interfaces/include/omx_sim_interfaces/omx_sim_interfaces/action/detail/bt_place__struct.hpp
[7.580s] -- Installing: /home/lsoo6741/omx_multi_robot_sim/ros2_ws/install/omx_sim_interfaces/include/omx_sim_interfaces/omx_sim_interfaces/action/detail/bt_reach__struct.hpp
[7.580s] -- Installing: /home/lsoo6741/omx_multi_robot_sim/ros2_ws/install/omx_sim_interfaces/include/omx_sim_interfaces/omx_sim_interfaces/action/detail/bt_reach__traits.hpp
[7.580s] -- Installing: /home/lsoo6741/omx_multi_robot_sim/ros2_ws/install/omx_sim_interfaces/include/omx_sim_interfaces/omx_sim_interfaces/action/detail/bt_reach__type_support.hpp
[7.580s] -- Installing: /home/lsoo6741/omx_multi_robot_sim/ros2_ws/install/omx_sim_interfaces/include/omx_sim_interfaces/omx_sim_interfaces/action/detail/pick__builder.hpp
[7.581s] -- Installing: /home/lsoo6741/omx_multi_robot_sim/ros2_ws/install/omx_sim_interfaces/include/omx_sim_interfaces/omx_sim_interfaces/action/detail/reach__builder.hpp
[7.581s] -- Installing: /home/lsoo6741/omx_multi_robot_sim/ros2_ws/install/omx_sim_interfaces/include/omx_sim_interfaces/omx_sim_interfaces/action/detail/pick__traits.hpp
[7.581s] -- Installing: /home/lsoo6741/omx_multi_robot_sim/ros2_ws/install/omx_sim_interfaces/include/omx_sim_interfaces/omx_sim_interfaces/action/detail/bt_pick__type_support.hpp
[7.581s] -- Installing: /home/lsoo6741/omx_multi_robot_sim/ros2_ws/install/omx_sim_interfaces/include/omx_sim_interfaces/omx_sim_interfaces/action/detail/place__traits.hpp
[7.581s] -- Installing: /home/lsoo6741/omx_multi_robot_sim/ros2_ws/install/omx_sim_interfaces/include/omx_sim_interfaces/omx_sim_interfaces/action/detail/reach__type_support.hpp
[7.581s] -- Installing: /home/lsoo6741/omx_multi_robot_sim/ros2_ws/install/omx_sim_interfaces/include/omx_sim_interfaces/omx_sim_interfaces/action/detail/bt_pick__struct.hpp
[7.581s] -- Installing: /home/lsoo6741/omx_multi_robot_sim/ros2_ws/install/omx_sim_interfaces/include/omx_sim_interfaces/omx_sim_interfaces/action/detail/bt_pick__builder.hpp
[7.581s] -- Installing: /home/lsoo6741/omx_multi_robot_sim/ros2_ws/install/omx_sim_interfaces/include/omx_sim_interfaces/omx_sim_interfaces/action/detail/bt_place__builder.hpp
[7.581s] -- Installing: /home/lsoo6741/omx_multi_robot_sim/ros2_ws/install/omx_sim_interfaces/include/omx_sim_interfaces/omx_sim_interfaces/action/detail/pick__struct.hpp
[7.581s] -- Installing: /home/lsoo6741/omx_multi_robot_sim/ros2_ws/install/omx_sim_interfaces/include/omx_sim_interfaces/omx_sim_interfaces/action/bt_pick.hpp
[7.582s] -- Installing: /home/lsoo6741/omx_multi_robot_sim/ros2_ws/install/omx_sim_interfaces/include/omx_sim_interfaces/omx_sim_interfaces/action/pick.hpp
[7.582s] -- Installing: /home/lsoo6741/omx_multi_robot_sim/ros2_ws/install/omx_sim_interfaces/include/omx_sim_interfaces/omx_sim_interfaces/action/bt_place.hpp
[7.582s] -- Installing: /home/lsoo6741/omx_multi_robot_sim/ros2_ws/install/omx_sim_interfaces/include/omx_sim_interfaces/omx_sim_interfaces/action/reach.hpp
[7.582s] -- Up-to-date: /home/lsoo6741/omx_multi_robot_sim/ros2_ws/install/omx_sim_interfaces/include/omx_sim_interfaces/omx_sim_interfaces
[7.582s] -- Up-to-date: /home/lsoo6741/omx_multi_robot_sim/ros2_ws/install/omx_sim_interfaces/include/omx_sim_interfaces/omx_sim_interfaces/msg
[7.582s] -- Installing: /home/lsoo6741/omx_multi_robot_sim/ros2_ws/install/omx_sim_interfaces/include/omx_sim_interfaces/omx_sim_interfaces/msg/rosidl_typesupport_fastrtps_cpp__visibility_control.h
[7.582s] -- Up-to-date: /home/lsoo6741/omx_multi_robot_sim/ros2_ws/install/omx_sim_interfaces/include/omx_sim_interfaces/omx_sim_interfaces/action
[7.582s] -- Up-to-date: /home/lsoo6741/omx_multi_robot_sim/ros2_ws/install/omx_sim_interfaces/include/omx_sim_interfaces/omx_sim_interfaces/action/detail
[7.582s] -- Installing: /home/lsoo6741/omx_multi_robot_sim/ros2_ws/install/omx_sim_interfaces/include/omx_sim_interfaces/omx_sim_interfaces/action/detail/pick__rosidl_typesupport_fastrtps_cpp.hpp
[7.582s] -- Installing: /home/lsoo6741/omx_multi_robot_sim/ros2_ws/install/omx_sim_interfaces/include/omx_sim_interfaces/omx_sim_interfaces/action/detail/dds_fastrtps
[7.582s] -- Installing: /home/lsoo6741/omx_multi_robot_sim/ros2_ws/install/omx_sim_interfaces/include/omx_sim_interfaces/omx_sim_interfaces/action/detail/bt_pick__rosidl_typesupport_fastrtps_cpp.hpp
[7.582s] -- Installing: /home/lsoo6741/omx_multi_robot_sim/ros2_ws/install/omx_sim_interfaces/include/omx_sim_interfaces/omx_sim_interfaces/action/detail/place__rosidl_typesupport_fastrtps_cpp.hpp
[7.582s] -- Installing: /home/lsoo6741/omx_multi_robot_sim/ros2_ws/install/omx_sim_interfaces/include/omx_sim_interfaces/omx_sim_interfaces/action/detail/bt_reach__rosidl_typesupport_fastrtps_cpp.hpp
[7.582s] -- Installing: /home/lsoo6741/omx_multi_robot_sim/ros2_ws/install/omx_sim_interfaces/include/omx_sim_interfaces/omx_sim_interfaces/action/detail/bt_place__rosidl_typesupport_fastrtps_cpp.hpp
[7.583s] -- Installing: /home/lsoo6741/omx_multi_robot_sim/ros2_ws/install/omx_sim_interfaces/include/omx_sim_interfaces/omx_sim_interfaces/action/detail/reach__rosidl_typesupport_fastrtps_cpp.hpp
[7.583s] -- Installing: /home/lsoo6741/omx_multi_robot_sim/ros2_ws/install/omx_sim_interfaces/lib/libomx_sim_interfaces__rosidl_typesupport_fastrtps_cpp.so
[7.584s] -- Set non-toolchain portion of runtime path of "/home/lsoo6741/omx_multi_robot_sim/ros2_ws/install/omx_sim_interfaces/lib/libomx_sim_interfaces__rosidl_typesupport_fastrtps_cpp.so" to ""
[7.584s] -- Up-to-date: /home/lsoo6741/omx_multi_robot_sim/ros2_ws/install/omx_sim_interfaces/include/omx_sim_interfaces/omx_sim_interfaces
[7.584s] -- Up-to-date: /home/lsoo6741/omx_multi_robot_sim/ros2_ws/install/omx_sim_interfaces/include/omx_sim_interfaces/omx_sim_interfaces/action
[7.584s] -- Up-to-date: /home/lsoo6741/omx_multi_robot_sim/ros2_ws/install/omx_sim_interfaces/include/omx_sim_interfaces/omx_sim_interfaces/action/detail
[7.584s] -- Installing: /home/lsoo6741/omx_multi_robot_sim/ros2_ws/install/omx_sim_interfaces/include/omx_sim_interfaces/omx_sim_interfaces/action/detail/reach__rosidl_typesupport_introspection_cpp.hpp
[7.584s] -- Installing: /home/lsoo6741/omx_multi_robot_sim/ros2_ws/install/omx_sim_interfaces/include/omx_sim_interfaces/omx_sim_interfaces/action/detail/bt_place__type_support.cpp
[7.584s] -- Installing: /home/lsoo6741/omx_multi_robot_sim/ros2_ws/install/omx_sim_interfaces/include/omx_sim_interfaces/omx_sim_interfaces/action/detail/pick__type_support.cpp
[7.584s] -- Installing: /home/lsoo6741/omx_multi_robot_sim/ros2_ws/install/omx_sim_interfaces/include/omx_sim_interfaces/omx_sim_interfaces/action/detail/pick__rosidl_typesupport_introspection_cpp.hpp
[7.584s] -- Installing: /home/lsoo6741/omx_multi_robot_sim/ros2_ws/install/omx_sim_interfaces/include/omx_sim_interfaces/omx_sim_interfaces/action/detail/reach__type_support.cpp
[7.585s] -- Installing: /home/lsoo6741/omx_multi_robot_sim/ros2_ws/install/omx_sim_interfaces/include/omx_sim_interfaces/omx_sim_interfaces/action/detail/place__rosidl_typesupport_introspection_cpp.hpp
[7.585s] -- Installing: /home/lsoo6741/omx_multi_robot_sim/ros2_ws/install/omx_sim_interfaces/include/omx_sim_interfaces/omx_sim_interfaces/action/detail/bt_pick__type_support.cpp
[7.585s] -- Installing: /home/lsoo6741/omx_multi_robot_sim/ros2_ws/install/omx_sim_interfaces/include/omx_sim_interfaces/omx_sim_interfaces/action/detail/bt_place__rosidl_typesupport_introspection_cpp.hpp
[7.585s] -- Installing: /home/lsoo6741/omx_multi_robot_sim/ros2_ws/install/omx_sim_interfaces/include/omx_sim_interfaces/omx_sim_interfaces/action/detail/bt_reach__type_support.cpp
[7.585s] -- Installing: /home/lsoo6741/omx_multi_robot_sim/ros2_ws/install/omx_sim_interfaces/include/omx_sim_interfaces/omx_sim_interfaces/action/detail/bt_pick__rosidl_typesupport_introspection_cpp.hpp
[7.585s] -- Installing: /home/lsoo6741/omx_multi_robot_sim/ros2_ws/install/omx_sim_interfaces/include/omx_sim_interfaces/omx_sim_interfaces/action/detail/bt_reach__rosidl_typesupport_introspection_cpp.hpp
[7.585s] -- Installing: /home/lsoo6741/omx_multi_robot_sim/ros2_ws/install/omx_sim_interfaces/include/omx_sim_interfaces/omx_sim_interfaces/action/detail/place__type_support.cpp
[7.585s] -- Installing: /home/lsoo6741/omx_multi_robot_sim/ros2_ws/install/omx_sim_interfaces/lib/libomx_sim_interfaces__rosidl_typesupport_introspection_cpp.so
[7.586s] -- Set non-toolchain portion of runtime path of "/home/lsoo6741/omx_multi_robot_sim/ros2_ws/install/omx_sim_interfaces/lib/libomx_sim_interfaces__rosidl_typesupport_introspection_cpp.so" to ""
[7.587s] -- Installing: /home/lsoo6741/omx_multi_robot_sim/ros2_ws/install/omx_sim_interfaces/lib/libomx_sim_interfaces__rosidl_typesupport_cpp.so
[7.587s] -- Set non-toolchain portion of runtime path of "/home/lsoo6741/omx_multi_robot_sim/ros2_ws/install/omx_sim_interfaces/lib/libomx_sim_interfaces__rosidl_typesupport_cpp.so" to ""
[7.587s] -- Installing: /home/lsoo6741/omx_multi_robot_sim/ros2_ws/install/omx_sim_interfaces/share/omx_sim_interfaces/environment/pythonpath.sh
[7.588s] -- Installing: /home/lsoo6741/omx_multi_robot_sim/ros2_ws/install/omx_sim_interfaces/share/omx_sim_interfaces/environment/pythonpath.dsv
[7.588s] -- Installing: /home/lsoo6741/omx_multi_robot_sim/ros2_ws/install/omx_sim_interfaces/lib/python3.12/site-packages/omx_sim_interfaces-0.1.0-py3.12.egg-info
[7.588s] -- Installing: /home/lsoo6741/omx_multi_robot_sim/ros2_ws/install/omx_sim_interfaces/lib/python3.12/site-packages/omx_sim_interfaces-0.1.0-py3.12.egg-info/top_level.txt
[7.588s] -- Installing: /home/lsoo6741/omx_multi_robot_sim/ros2_ws/install/omx_sim_interfaces/lib/python3.12/site-packages/omx_sim_interfaces-0.1.0-py3.12.egg-info/PKG-INFO
[7.588s] -- Installing: /home/lsoo6741/omx_multi_robot_sim/ros2_ws/install/omx_sim_interfaces/lib/python3.12/site-packages/omx_sim_interfaces-0.1.0-py3.12.egg-info/dependency_links.txt
[7.588s] -- Installing: /home/lsoo6741/omx_multi_robot_sim/ros2_ws/install/omx_sim_interfaces/lib/python3.12/site-packages/omx_sim_interfaces-0.1.0-py3.12.egg-info/SOURCES.txt
[7.588s] -- Installing: /home/lsoo6741/omx_multi_robot_sim/ros2_ws/install/omx_sim_interfaces/lib/python3.12/site-packages/omx_sim_interfaces
[7.588s] -- Installing: /home/lsoo6741/omx_multi_robot_sim/ros2_ws/install/omx_sim_interfaces/lib/python3.12/site-packages/omx_sim_interfaces/__init__.py
[7.588s] -- Installing: /home/lsoo6741/omx_multi_robot_sim/ros2_ws/install/omx_sim_interfaces/lib/python3.12/site-packages/omx_sim_interfaces/action
[7.588s] -- Installing: /home/lsoo6741/omx_multi_robot_sim/ros2_ws/install/omx_sim_interfaces/lib/python3.12/site-packages/omx_sim_interfaces/action/_bt_pick.py
[7.588s] -- Installing: /home/lsoo6741/omx_multi_robot_sim/ros2_ws/install/omx_sim_interfaces/lib/python3.12/site-packages/omx_sim_interfaces/action/_place_s.c
[7.588s] -- Installing: /home/lsoo6741/omx_multi_robot_sim/ros2_ws/install/omx_sim_interfaces/lib/python3.12/site-packages/omx_sim_interfaces/action/__init__.py
[7.589s] -- Installing: /home/lsoo6741/omx_multi_robot_sim/ros2_ws/install/omx_sim_interfaces/lib/python3.12/site-packages/omx_sim_interfaces/action/_bt_place_s.c
[7.589s] -- Installing: /home/lsoo6741/omx_multi_robot_sim/ros2_ws/install/omx_sim_interfaces/lib/python3.12/site-packages/omx_sim_interfaces/action/_bt_reach_s.c
[7.589s] -- Installing: /home/lsoo6741/omx_multi_robot_sim/ros2_ws/install/omx_sim_interfaces/lib/python3.12/site-packages/omx_sim_interfaces/action/_pick_s.c
[7.589s] -- Installing: /home/lsoo6741/omx_multi_robot_sim/ros2_ws/install/omx_sim_interfaces/lib/python3.12/site-packages/omx_sim_interfaces/action/_reach_s.c
[7.589s] -- Installing: /home/lsoo6741/omx_multi_robot_sim/ros2_ws/install/omx_sim_interfaces/lib/python3.12/site-packages/omx_sim_interfaces/action/_bt_reach.py
[7.589s] -- Installing: /home/lsoo6741/omx_multi_robot_sim/ros2_ws/install/omx_sim_interfaces/lib/python3.12/site-packages/omx_sim_interfaces/action/_bt_place.py
[7.589s] -- Installing: /home/lsoo6741/omx_multi_robot_sim/ros2_ws/install/omx_sim_interfaces/lib/python3.12/site-packages/omx_sim_interfaces/action/_reach.py
[7.589s] -- Installing: /home/lsoo6741/omx_multi_robot_sim/ros2_ws/install/omx_sim_interfaces/lib/python3.12/site-packages/omx_sim_interfaces/action/_pick.py
[7.589s] -- Installing: /home/lsoo6741/omx_multi_robot_sim/ros2_ws/install/omx_sim_interfaces/lib/python3.12/site-packages/omx_sim_interfaces/action/_place.py
[7.590s] -- Installing: /home/lsoo6741/omx_multi_robot_sim/ros2_ws/install/omx_sim_interfaces/lib/python3.12/site-packages/omx_sim_interfaces/action/_bt_pick_s.c
[7.590s] -- Installing: /home/lsoo6741/omx_multi_robot_sim/ros2_ws/install/omx_sim_interfaces/lib/python3.12/site-packages/omx_sim_interfaces/omx_sim_interfaces_s__rosidl_typesupport_fastrtps_c.so
[7.590s] -- Installing: /home/lsoo6741/omx_multi_robot_sim/ros2_ws/install/omx_sim_interfaces/lib/python3.12/site-packages/omx_sim_interfaces/_omx_sim_interfaces_s.ep.rosidl_typesupport_c.c
[7.590s] -- Installing: /home/lsoo6741/omx_multi_robot_sim/ros2_ws/install/omx_sim_interfaces/lib/python3.12/site-packages/omx_sim_interfaces/_omx_sim_interfaces_s.ep.rosidl_typesupport_fastrtps_c.c
[7.590s] -- Installing: /home/lsoo6741/omx_multi_robot_sim/ros2_ws/install/omx_sim_interfaces/lib/python3.12/site-packages/omx_sim_interfaces/_omx_sim_interfaces_s.ep.rosidl_typesupport_introspection_c.c
[7.591s] -- Installing: /home/lsoo6741/omx_multi_robot_sim/ros2_ws/install/omx_sim_interfaces/lib/python3.12/site-packages/omx_sim_interfaces/omx_sim_interfaces_s__rosidl_typesupport_c.so
[7.591s] -- Installing: /home/lsoo6741/omx_multi_robot_sim/ros2_ws/install/omx_sim_interfaces/lib/python3.12/site-packages/omx_sim_interfaces/omx_sim_interfaces_s__rosidl_typesupport_introspection_c.so
[7.645s] Listing '/home/lsoo6741/omx_multi_robot_sim/ros2_ws/install/omx_sim_interfaces/lib/python3.12/site-packages/omx_sim_interfaces'...
[7.646s] Compiling '/home/lsoo6741/omx_multi_robot_sim/ros2_ws/install/omx_sim_interfaces/lib/python3.12/site-packages/omx_sim_interfaces/__init__.py'...
[7.646s] Listing '/home/lsoo6741/omx_multi_robot_sim/ros2_ws/install/omx_sim_interfaces/lib/python3.12/site-packages/omx_sim_interfaces/action'...
[7.646s] Compiling '/home/lsoo6741/omx_multi_robot_sim/ros2_ws/install/omx_sim_interfaces/lib/python3.12/site-packages/omx_sim_interfaces/action/__init__.py'...
[7.646s] Compiling '/home/lsoo6741/omx_multi_robot_sim/ros2_ws/install/omx_sim_interfaces/lib/python3.12/site-packages/omx_sim_interfaces/action/_bt_pick.py'...
[7.646s] Compiling '/home/lsoo6741/omx_multi_robot_sim/ros2_ws/install/omx_sim_interfaces/lib/python3.12/site-packages/omx_sim_interfaces/action/_bt_place.py'...
[7.646s] Compiling '/home/lsoo6741/omx_multi_robot_sim/ros2_ws/install/omx_sim_interfaces/lib/python3.12/site-packages/omx_sim_interfaces/action/_bt_reach.py'...
[7.646s] Compiling '/home/lsoo6741/omx_multi_robot_sim/ros2_ws/install/omx_sim_interfaces/lib/python3.12/site-packages/omx_sim_interfaces/action/_pick.py'...
[7.646s] Compiling '/home/lsoo6741/omx_multi_robot_sim/ros2_ws/install/omx_sim_interfaces/lib/python3.12/site-packages/omx_sim_interfaces/action/_place.py'...
[7.646s] Compiling '/home/lsoo6741/omx_multi_robot_sim/ros2_ws/install/omx_sim_interfaces/lib/python3.12/site-packages/omx_sim_interfaces/action/_reach.py'...
[7.650s] -- Installing: /home/lsoo6741/omx_multi_robot_sim/ros2_ws/install/omx_sim_interfaces/lib/python3.12/site-packages/omx_sim_interfaces/omx_sim_interfaces_s__rosidl_typesupport_fastrtps_c.so
[7.651s] -- Set non-toolchain portion of runtime path of "/home/lsoo6741/omx_multi_robot_sim/ros2_ws/install/omx_sim_interfaces/lib/python3.12/site-packages/omx_sim_interfaces/omx_sim_interfaces_s__rosidl_typesupport_fastrtps_c.so" to ""
[7.651s] -- Installing: /home/lsoo6741/omx_multi_robot_sim/ros2_ws/install/omx_sim_interfaces/lib/python3.12/site-packages/omx_sim_interfaces/omx_sim_interfaces_s__rosidl_typesupport_introspection_c.so
[7.651s] -- Set non-toolchain portion of runtime path of "/home/lsoo6741/omx_multi_robot_sim/ros2_ws/install/omx_sim_interfaces/lib/python3.12/site-packages/omx_sim_interfaces/omx_sim_interfaces_s__rosidl_typesupport_introspection_c.so" to ""
[7.651s] -- Installing: /home/lsoo6741/omx_multi_robot_sim/ros2_ws/install/omx_sim_interfaces/lib/python3.12/site-packages/omx_sim_interfaces/omx_sim_interfaces_s__rosidl_typesupport_c.so
[7.652s] -- Set non-toolchain portion of runtime path of "/home/lsoo6741/omx_multi_robot_sim/ros2_ws/install/omx_sim_interfaces/lib/python3.12/site-packages/omx_sim_interfaces/omx_sim_interfaces_s__rosidl_typesupport_c.so" to ""
[7.652s] -- Installing: /home/lsoo6741/omx_multi_robot_sim/ros2_ws/install/omx_sim_interfaces/lib/libomx_sim_interfaces__rosidl_generator_py.so
[7.652s] -- Set non-toolchain portion of runtime path of "/home/lsoo6741/omx_multi_robot_sim/ros2_ws/install/omx_sim_interfaces/lib/libomx_sim_interfaces__rosidl_generator_py.so" to ""
[7.652s] -- Installing: /home/lsoo6741/omx_multi_robot_sim/ros2_ws/install/omx_sim_interfaces/share/omx_sim_interfaces/action/Pick.idl
[7.652s] -- Installing: /home/lsoo6741/omx_multi_robot_sim/ros2_ws/install/omx_sim_interfaces/share/omx_sim_interfaces/action/Place.idl
[7.653s] -- Installing: /home/lsoo6741/omx_multi_robot_sim/ros2_ws/install/omx_sim_interfaces/share/omx_sim_interfaces/action/Reach.idl
[7.653s] -- Installing: /home/lsoo6741/omx_multi_robot_sim/ros2_ws/install/omx_sim_interfaces/share/omx_sim_interfaces/action/BTPick.idl
[7.653s] -- Installing: /home/lsoo6741/omx_multi_robot_sim/ros2_ws/install/omx_sim_interfaces/share/omx_sim_interfaces/action/BTPlace.idl
[7.653s] -- Installing: /home/lsoo6741/omx_multi_robot_sim/ros2_ws/install/omx_sim_interfaces/share/omx_sim_interfaces/action/BTReach.idl
[7.653s] -- Installing: /home/lsoo6741/omx_multi_robot_sim/ros2_ws/install/omx_sim_interfaces/share/omx_sim_interfaces/action/Pick.action
[7.653s] -- Installing: /home/lsoo6741/omx_multi_robot_sim/ros2_ws/install/omx_sim_interfaces/share/omx_sim_interfaces/action/Place.action
[7.653s] -- Installing: /home/lsoo6741/omx_multi_robot_sim/ros2_ws/install/omx_sim_interfaces/share/omx_sim_interfaces/action/Reach.action
[7.653s] -- Installing: /home/lsoo6741/omx_multi_robot_sim/ros2_ws/install/omx_sim_interfaces/share/omx_sim_interfaces/action/BTPick.action
[7.653s] -- Installing: /home/lsoo6741/omx_multi_robot_sim/ros2_ws/install/omx_sim_interfaces/share/omx_sim_interfaces/action/BTPlace.action
[7.654s] -- Installing: /home/lsoo6741/omx_multi_robot_sim/ros2_ws/install/omx_sim_interfaces/share/omx_sim_interfaces/action/BTReach.action
[7.654s] -- Installing: /home/lsoo6741/omx_multi_robot_sim/ros2_ws/install/omx_sim_interfaces/share/ament_index/resource_index/package_run_dependencies/omx_sim_interfaces
[7.654s] -- Installing: /home/lsoo6741/omx_multi_robot_sim/ros2_ws/install/omx_sim_interfaces/share/ament_index/resource_index/parent_prefix_path/omx_sim_interfaces
[7.654s] -- Installing: /home/lsoo6741/omx_multi_robot_sim/ros2_ws/install/omx_sim_interfaces/share/omx_sim_interfaces/environment/ament_prefix_path.sh
[7.654s] -- Installing: /home/lsoo6741/omx_multi_robot_sim/ros2_ws/install/omx_sim_interfaces/share/omx_sim_interfaces/environment/ament_prefix_path.dsv
[7.654s] -- Installing: /home/lsoo6741/omx_multi_robot_sim/ros2_ws/install/omx_sim_interfaces/share/omx_sim_interfaces/environment/path.sh
[7.654s] -- Installing: /home/lsoo6741/omx_multi_robot_sim/ros2_ws/install/omx_sim_interfaces/share/omx_sim_interfaces/environment/path.dsv
[7.654s] -- Installing: /home/lsoo6741/omx_multi_robot_sim/ros2_ws/install/omx_sim_interfaces/share/omx_sim_interfaces/local_setup.bash
[7.654s] -- Installing: /home/lsoo6741/omx_multi_robot_sim/ros2_ws/install/omx_sim_interfaces/share/omx_sim_interfaces/local_setup.sh
[7.655s] -- Installing: /home/lsoo6741/omx_multi_robot_sim/ros2_ws/install/omx_sim_interfaces/share/omx_sim_interfaces/local_setup.zsh
[7.655s] -- Installing: /home/lsoo6741/omx_multi_robot_sim/ros2_ws/install/omx_sim_interfaces/share/omx_sim_interfaces/local_setup.dsv
[7.655s] -- Installing: /home/lsoo6741/omx_multi_robot_sim/ros2_ws/install/omx_sim_interfaces/share/omx_sim_interfaces/package.dsv
[7.655s] -- Installing: /home/lsoo6741/omx_multi_robot_sim/ros2_ws/install/omx_sim_interfaces/share/ament_index/resource_index/packages/omx_sim_interfaces
[7.655s] -- Installing: /home/lsoo6741/omx_multi_robot_sim/ros2_ws/install/omx_sim_interfaces/share/omx_sim_interfaces/cmake/export_omx_sim_interfaces__rosidl_generator_cExport.cmake
[7.655s] -- Installing: /home/lsoo6741/omx_multi_robot_sim/ros2_ws/install/omx_sim_interfaces/share/omx_sim_interfaces/cmake/export_omx_sim_interfaces__rosidl_generator_cExport-noconfig.cmake
[7.655s] -- Installing: /home/lsoo6741/omx_multi_robot_sim/ros2_ws/install/omx_sim_interfaces/share/omx_sim_interfaces/cmake/export_omx_sim_interfaces__rosidl_typesupport_fastrtps_cExport.cmake
[7.655s] -- Installing: /home/lsoo6741/omx_multi_robot_sim/ros2_ws/install/omx_sim_interfaces/share/omx_sim_interfaces/cmake/export_omx_sim_interfaces__rosidl_typesupport_fastrtps_cExport-noconfig.cmake
[7.655s] -- Installing: /home/lsoo6741/omx_multi_robot_sim/ros2_ws/install/omx_sim_interfaces/share/omx_sim_interfaces/cmake/omx_sim_interfaces__rosidl_typesupport_introspection_cExport.cmake
[7.656s] -- Installing: /home/lsoo6741/omx_multi_robot_sim/ros2_ws/install/omx_sim_interfaces/share/omx_sim_interfaces/cmake/omx_sim_interfaces__rosidl_typesupport_introspection_cExport-noconfig.cmake
[7.656s] -- Installing: /home/lsoo6741/omx_multi_robot_sim/ros2_ws/install/omx_sim_interfaces/share/omx_sim_interfaces/cmake/omx_sim_interfaces__rosidl_typesupport_cExport.cmake
[7.656s] -- Installing: /home/lsoo6741/omx_multi_robot_sim/ros2_ws/install/omx_sim_interfaces/share/omx_sim_interfaces/cmake/omx_sim_interfaces__rosidl_typesupport_cExport-noconfig.cmake
[7.656s] -- Installing: /home/lsoo6741/omx_multi_robot_sim/ros2_ws/install/omx_sim_interfaces/share/omx_sim_interfaces/cmake/export_omx_sim_interfaces__rosidl_generator_cppExport.cmake
[7.656s] -- Installing: /home/lsoo6741/omx_multi_robot_sim/ros2_ws/install/omx_sim_interfaces/share/omx_sim_interfaces/cmake/export_omx_sim_interfaces__rosidl_typesupport_fastrtps_cppExport.cmake
[7.656s] -- Installing: /home/lsoo6741/omx_multi_robot_sim/ros2_ws/install/omx_sim_interfaces/share/omx_sim_interfaces/cmake/export_omx_sim_interfaces__rosidl_typesupport_fastrtps_cppExport-noconfig.cmake
[7.656s] -- Installing: /home/lsoo6741/omx_multi_robot_sim/ros2_ws/install/omx_sim_interfaces/share/omx_sim_interfaces/cmake/omx_sim_interfaces__rosidl_typesupport_introspection_cppExport.cmake
[7.656s] -- Installing: /home/lsoo6741/omx_multi_robot_sim/ros2_ws/install/omx_sim_interfaces/share/omx_sim_interfaces/cmake/omx_sim_interfaces__rosidl_typesupport_introspection_cppExport-noconfig.cmake
[7.656s] -- Installing: /home/lsoo6741/omx_multi_robot_sim/ros2_ws/install/omx_sim_interfaces/share/omx_sim_interfaces/cmake/omx_sim_interfaces__rosidl_typesupport_cppExport.cmake
[7.657s] -- Installing: /home/lsoo6741/omx_multi_robot_sim/ros2_ws/install/omx_sim_interfaces/share/omx_sim_interfaces/cmake/omx_sim_interfaces__rosidl_typesupport_cppExport-noconfig.cmake
[7.657s] -- Installing: /home/lsoo6741/omx_multi_robot_sim/ros2_ws/install/omx_sim_interfaces/share/omx_sim_interfaces/cmake/export_omx_sim_interfaces__rosidl_generator_pyExport.cmake
[7.657s] -- Installing: /home/lsoo6741/omx_multi_robot_sim/ros2_ws/install/omx_sim_interfaces/share/omx_sim_interfaces/cmake/export_omx_sim_interfaces__rosidl_generator_pyExport-noconfig.cmake
[7.657s] -- Installing: /home/lsoo6741/omx_multi_robot_sim/ros2_ws/install/omx_sim_interfaces/share/omx_sim_interfaces/cmake/rosidl_cmake-extras.cmake
[7.657s] -- Installing: /home/lsoo6741/omx_multi_robot_sim/ros2_ws/install/omx_sim_interfaces/share/omx_sim_interfaces/cmake/ament_cmake_export_dependencies-extras.cmake
[7.657s] -- Installing: /home/lsoo6741/omx_multi_robot_sim/ros2_ws/install/omx_sim_interfaces/share/omx_sim_interfaces/cmake/ament_cmake_export_include_directories-extras.cmake
[7.657s] -- Installing: /home/lsoo6741/omx_multi_robot_sim/ros2_ws/install/omx_sim_interfaces/share/omx_sim_interfaces/cmake/ament_cmake_export_libraries-extras.cmake
[7.657s] -- Installing: /home/lsoo6741/omx_multi_robot_sim/ros2_ws/install/omx_sim_interfaces/share/omx_sim_interfaces/cmake/ament_cmake_export_targets-extras.cmake
[7.657s] -- Installing: /home/lsoo6741/omx_multi_robot_sim/ros2_ws/install/omx_sim_interfaces/share/omx_sim_interfaces/cmake/rosidl_cmake_export_typesupport_targets-extras.cmake
[7.658s] -- Installing: /home/lsoo6741/omx_multi_robot_sim/ros2_ws/install/omx_sim_interfaces/share/omx_sim_interfaces/cmake/rosidl_cmake_export_typesupport_libraries-extras.cmake
[7.658s] -- Installing: /home/lsoo6741/omx_multi_robot_sim/ros2_ws/install/omx_sim_interfaces/share/omx_sim_interfaces/cmake/omx_sim_interfacesConfig.cmake
[7.658s] -- Installing: /home/lsoo6741/omx_multi_robot_sim/ros2_ws/install/omx_sim_interfaces/share/omx_sim_interfaces/cmake/omx_sim_interfacesConfig-version.cmake
[7.658s] -- Installing: /home/lsoo6741/omx_multi_robot_sim/ros2_ws/install/omx_sim_interfaces/share/omx_sim_interfaces/package.xml
[7.660s] Invoked command in '/home/lsoo6741/omx_multi_robot_sim/ros2_ws/build/omx_sim_interfaces' returned '0': CMAKE_PREFIX_PATH=${CMAKE_PREFIX_PATH}:/home/lsoo6741/workspace/ros2_ws/install/py_srvcli:/home/lsoo6741/workspace/ros2_ws/install/py_pubsub:/home/lsoo6741/workspace/ros2_ws/install/my_turtle_pkg:/home/lsoo6741/workspace/ros2_ws/install/action_tutorials_py:/home/lsoo6741/workspace/ros2_ws/install/action_chaser_py:/opt/ros/jazzy DEBUGINFOD_URLS=https://debuginfod.ubuntu.com /usr/bin/cmake --install /home/lsoo6741/omx_multi_robot_sim/ros2_ws/build/omx_sim_interfaces
