-- Found ament_cmake: 2.5.5 (/opt/ros/jazzy/share/ament_cmake/cmake)
-- Found Python3: /usr/bin/python3 (found version "3.12.3") found components: Interpreter 
-- Found rosidl_default_generators: 1.6.0 (/opt/ros/jazzy/share/rosidl_default_generators/cmake)
-- Using all available rosidl_typesupport_c: rosidl_typesupport_fastrtps_c;rosidl_typesupport_introspection_c
-- Using all available rosidl_typesupport_cpp: rosidl_typesupport_fastrtps_cpp;rosidl_typesupport_introspection_cpp
-- Found rosidl_adapter: 4.6.7 (/opt/ros/jazzy/share/rosidl_adapter/cmake)
-- Found ament_cmake_ros: 0.12.0 (/opt/ros/jazzy/share/ament_cmake_ros/cmake)
-- Using all available rosidl_typesupport_c: rosidl_typesupport_fastrtps_c;rosidl_typesupport_introspection_c
-- Using all available rosidl_typesupport_cpp: rosidl_typesupport_fastrtps_cpp;rosidl_typesupport_introspection_cpp
-- Found python_cmake_module: 0.11.1 (/opt/ros/jazzy/share/python_cmake_module/cmake)
-- Found Python3: /usr/bin/python3 (found version "3.12.3") found components: Interpreter Development NumPy Development.Module Development.Embed 
-- Configuring done (0.7s)
-- Generating done (0.0s)
-- Build files have been written to: /home/lsoo6741/ros2_ws/build/omx_sim_interfaces
[  1%] [34m[1mGenerating type hashes for ROS interfaces[0m
[  1%] Built target ament_cmake_python_copy_omx_sim_interfaces
running egg_info
writing omx_sim_interfaces.egg-info/PKG-INFO
writing dependency_links to omx_sim_interfaces.egg-info/dependency_links.txt
writing top-level names to omx_sim_interfaces.egg-info/top_level.txt
reading manifest file 'omx_sim_interfaces.egg-info/SOURCES.txt'
writing manifest file 'omx_sim_interfaces.egg-info/SOURCES.txt'
[  1%] Built target omx_sim_interfaces__rosidl_generator_type_description
[  3%] [34m[1mGenerating C code for ROS interfaces[0m
[  3%] Built target ament_cmake_python_build_omx_sim_interfaces_egg
[  5%] [34m[1mGenerating C++ code for ROS interfaces[0m
[  5%] Built target omx_sim_interfaces__cpp
[  7%] [32mBuilding C object CMakeFiles/omx_sim_interfaces__rosidl_generator_c.dir/rosidl_generator_c/omx_sim_interfaces/action/detail/place__description.c.o[0m
[  9%] [32mBuilding C object CMakeFiles/omx_sim_interfaces__rosidl_generator_c.dir/rosidl_generator_c/omx_sim_interfaces/action/detail/pick__functions.c.o[0m
[ 11%] [32mBuilding C object CMakeFiles/omx_sim_interfaces__rosidl_generator_c.dir/rosidl_generator_c/omx_sim_interfaces/action/detail/reach__functions.c.o[0m
[ 12%] [32mBuilding C object CMakeFiles/omx_sim_interfaces__rosidl_generator_c.dir/rosidl_generator_c/omx_sim_interfaces/action/detail/pick__description.c.o[0m
[ 14%] [32mBuilding C object CMakeFiles/omx_sim_interfaces__rosidl_generator_c.dir/rosidl_generator_c/omx_sim_interfaces/action/detail/pick__type_support.c.o[0m
[ 16%] [32mBuilding C object CMakeFiles/omx_sim_interfaces__rosidl_generator_c.dir/rosidl_generator_c/omx_sim_interfaces/action/detail/place__functions.c.o[0m
[ 18%] [32mBuilding C object CMakeFiles/omx_sim_interfaces__rosidl_generator_c.dir/rosidl_generator_c/omx_sim_interfaces/action/detail/place__type_support.c.o[0m
[ 20%] [32mBuilding C object CMakeFiles/omx_sim_interfaces__rosidl_generator_c.dir/rosidl_generator_c/omx_sim_interfaces/action/detail/reach__description.c.o[0m
[ 22%] [32mBuilding C object CMakeFiles/omx_sim_interfaces__rosidl_generator_c.dir/rosidl_generator_c/omx_sim_interfaces/action/detail/reach__type_support.c.o[0m
[ 24%] [32m[1mLinking C shared library libomx_sim_interfaces__rosidl_generator_c.so[0m
[ 24%] Built target omx_sim_interfaces__rosidl_generator_c
[ 29%] [34m[1mGenerating C type support dispatch for ROS interfaces[0m
[ 29%] [34m[1mGenerating C type support for eProsima Fast-RTPS[0m
[ 29%] [34m[1mGenerating C introspection for ROS interfaces[0m
[ 31%] [34m[1mGenerating C++ introspection for ROS interfaces[0m
[ 33%] [34m[1mGenerating C++ type support dispatch for ROS interfaces[0m
[ 35%] [34m[1mGenerating C++ type support for eProsima Fast-RTPS[0m
[ 37%] [32mBuilding CXX object CMakeFiles/omx_sim_interfaces__rosidl_typesupport_c.dir/rosidl_typesupport_c/omx_sim_interfaces/action/pick__type_support.cpp.o[0m
[ 38%] [32mBuilding CXX object CMakeFiles/omx_sim_interfaces__rosidl_typesupport_c.dir/rosidl_typesupport_c/omx_sim_interfaces/action/place__type_support.cpp.o[0m
[ 40%] [32mBuilding CXX object CMakeFiles/omx_sim_interfaces__rosidl_typesupport_c.dir/rosidl_typesupport_c/omx_sim_interfaces/action/reach__type_support.cpp.o[0m
[ 46%] [32mBuilding CXX object CMakeFiles/omx_sim_interfaces__rosidl_typesupport_cpp.dir/rosidl_typesupport_cpp/omx_sim_interfaces/action/reach__type_support.cpp.o[0m
[ 46%] [32mBuilding CXX object CMakeFiles/omx_sim_interfaces__rosidl_typesupport_cpp.dir/rosidl_typesupport_cpp/omx_sim_interfaces/action/place__type_support.cpp.o[0m
[ 46%] [32mBuilding CXX object CMakeFiles/omx_sim_interfaces__rosidl_typesupport_cpp.dir/rosidl_typesupport_cpp/omx_sim_interfaces/action/pick__type_support.cpp.o[0m
[ 48%] [32m[1mLinking CXX shared library libomx_sim_interfaces__rosidl_typesupport_c.so[0m
[ 51%] [32mBuilding CXX object CMakeFiles/omx_sim_interfaces__rosidl_typesupport_introspection_cpp.dir/rosidl_typesupport_introspection_cpp/omx_sim_interfaces/action/detail/pick__type_support.cpp.o[0m
[ 51%] [32mBuilding CXX object CMakeFiles/omx_sim_interfaces__rosidl_typesupport_introspection_cpp.dir/rosidl_typesupport_introspection_cpp/omx_sim_interfaces/action/detail/place__type_support.cpp.o[0m
[ 51%] Built target omx_sim_interfaces__rosidl_typesupport_c
[ 53%] [32mBuilding CXX object CMakeFiles/omx_sim_interfaces__rosidl_typesupport_introspection_cpp.dir/rosidl_typesupport_introspection_cpp/omx_sim_interfaces/action/detail/reach__type_support.cpp.o[0m
[ 59%] [32mBuilding C object CMakeFiles/omx_sim_interfaces__rosidl_typesupport_introspection_c.dir/rosidl_typesupport_introspection_c/omx_sim_interfaces/action/detail/reach__type_support.c.o[0m
[ 59%] [32mBuilding C object CMakeFiles/omx_sim_interfaces__rosidl_typesupport_introspection_c.dir/rosidl_typesupport_introspection_c/omx_sim_interfaces/action/detail/place__type_support.c.o[0m
[ 59%] [32mBuilding C object CMakeFiles/omx_sim_interfaces__rosidl_typesupport_introspection_c.dir/rosidl_typesupport_introspection_c/omx_sim_interfaces/action/detail/pick__type_support.c.o[0m
[ 61%] [32m[1mLinking C shared library libomx_sim_interfaces__rosidl_typesupport_introspection_c.so[0m
[ 61%] Built target omx_sim_interfaces__rosidl_typesupport_introspection_c
[ 62%] [32mBuilding CXX object CMakeFiles/omx_sim_interfaces__rosidl_typesupport_fastrtps_c.dir/rosidl_typesupport_fastrtps_c/omx_sim_interfaces/action/detail/pick__type_support_c.cpp.o[0m
[ 66%] [32mBuilding CXX object CMakeFiles/omx_sim_interfaces__rosidl_typesupport_fastrtps_c.dir/rosidl_typesupport_fastrtps_c/omx_sim_interfaces/action/detail/place__type_support_c.cpp.o[0m
[ 66%] [32mBuilding CXX object CMakeFiles/omx_sim_interfaces__rosidl_typesupport_fastrtps_c.dir/rosidl_typesupport_fastrtps_c/omx_sim_interfaces/action/detail/reach__type_support_c.cpp.o[0m
[ 72%] [32mBuilding CXX object CMakeFiles/omx_sim_interfaces__rosidl_typesupport_fastrtps_cpp.dir/rosidl_typesupport_fastrtps_cpp/omx_sim_interfaces/action/detail/dds_fastrtps/reach__type_support.cpp.o[0m
[ 72%] [32mBuilding CXX object CMakeFiles/omx_sim_interfaces__rosidl_typesupport_fastrtps_cpp.dir/rosidl_typesupport_fastrtps_cpp/omx_sim_interfaces/action/detail/dds_fastrtps/pick__type_support.cpp.o[0m
[ 72%] [32mBuilding CXX object CMakeFiles/omx_sim_interfaces__rosidl_typesupport_fastrtps_cpp.dir/rosidl_typesupport_fastrtps_cpp/omx_sim_interfaces/action/detail/dds_fastrtps/place__type_support.cpp.o[0m
[ 74%] [32m[1mLinking CXX shared library libomx_sim_interfaces__rosidl_typesupport_cpp.so[0m
[ 74%] Built target omx_sim_interfaces__rosidl_typesupport_cpp
[ 75%] [32m[1mLinking CXX shared library libomx_sim_interfaces__rosidl_typesupport_introspection_cpp.so[0m
[ 75%] Built target omx_sim_interfaces__rosidl_typesupport_introspection_cpp
[ 77%] [32m[1mLinking CXX shared library libomx_sim_interfaces__rosidl_typesupport_fastrtps_c.so[0m
[ 77%] Built target omx_sim_interfaces__rosidl_typesupport_fastrtps_c
[ 79%] [32m[1mLinking CXX shared library libomx_sim_interfaces__rosidl_typesupport_fastrtps_cpp.so[0m
[ 79%] Built target omx_sim_interfaces__rosidl_typesupport_fastrtps_cpp
[ 79%] Built target omx_sim_interfaces
[ 81%] [34m[1mGenerating Python code for ROS interfaces[0m
[ 81%] Built target omx_sim_interfaces__py
[ 83%] [32mBuilding C object CMakeFiles/omx_sim_interfaces__rosidl_generator_py.dir/rosidl_generator_py/omx_sim_interfaces/action/_place_s.c.o[0m
[ 85%] [32mBuilding C object CMakeFiles/omx_sim_interfaces__rosidl_generator_py.dir/rosidl_generator_py/omx_sim_interfaces/action/_pick_s.c.o[0m
[ 87%] [32mBuilding C object CMakeFiles/omx_sim_interfaces__rosidl_generator_py.dir/rosidl_generator_py/omx_sim_interfaces/action/_reach_s.c.o[0m
[ 88%] [32m[1mLinking C shared library libomx_sim_interfaces__rosidl_generator_py.so[0m
[ 88%] Built target omx_sim_interfaces__rosidl_generator_py
[ 90%] [32mBuilding C object CMakeFiles/omx_sim_interfaces_s__rosidl_typesupport_fastrtps_c.dir/rosidl_generator_py/omx_sim_interfaces/_omx_sim_interfaces_s.ep.rosidl_typesupport_fastrtps_c.c.o[0m
[ 92%] [32mBuilding C object CMakeFiles/omx_sim_interfaces_s__rosidl_typesupport_introspection_c.dir/rosidl_generator_py/omx_sim_interfaces/_omx_sim_interfaces_s.ep.rosidl_typesupport_introspection_c.c.o[0m
[ 94%] [32mBuilding C object CMakeFiles/omx_sim_interfaces_s__rosidl_typesupport_c.dir/rosidl_generator_py/omx_sim_interfaces/_omx_sim_interfaces_s.ep.rosidl_typesupport_c.c.o[0m
[ 98%] [32m[1mLinking C shared module rosidl_generator_py/omx_sim_interfaces/omx_sim_interfaces_s__rosidl_typesupport_introspection_c.so[0m
[ 98%] [32m[1mLinking C shared module rosidl_generator_py/omx_sim_interfaces/omx_sim_interfaces_s__rosidl_typesupport_c.so[0m
[100%] [32m[1mLinking C shared module rosidl_generator_py/omx_sim_interfaces/omx_sim_interfaces_s__rosidl_typesupport_fastrtps_c.so[0m
[100%] Built target omx_sim_interfaces_s__rosidl_typesupport_introspection_c
[100%] Built target omx_sim_interfaces_s__rosidl_typesupport_c
[100%] Built target omx_sim_interfaces_s__rosidl_typesupport_fastrtps_c
-- Install configuration: ""
-- Up-to-date: /home/lsoo6741/ros2_ws/install/omx_sim_interfaces/share/ament_index/resource_index/rosidl_interfaces/omx_sim_interfaces
-- Installing: /home/lsoo6741/ros2_ws/install/omx_sim_interfaces/share/omx_sim_interfaces/action/Pick.json
-- Installing: /home/lsoo6741/ros2_ws/install/omx_sim_interfaces/share/omx_sim_interfaces/action/Place.json
-- Installing: /home/lsoo6741/ros2_ws/install/omx_sim_interfaces/share/omx_sim_interfaces/action/Reach.json
-- Up-to-date: /home/lsoo6741/ros2_ws/install/omx_sim_interfaces/include/omx_sim_interfaces/omx_sim_interfaces
-- Up-to-date: /home/lsoo6741/ros2_ws/install/omx_sim_interfaces/include/omx_sim_interfaces/omx_sim_interfaces/msg
-- Up-to-date: /home/lsoo6741/ros2_ws/install/omx_sim_interfaces/include/omx_sim_interfaces/omx_sim_interfaces/msg/rosidl_generator_c__visibility_control.h
-- Up-to-date: /home/lsoo6741/ros2_ws/install/omx_sim_interfaces/include/omx_sim_interfaces/omx_sim_interfaces/action
-- Installing: /home/lsoo6741/ros2_ws/install/omx_sim_interfaces/include/omx_sim_interfaces/omx_sim_interfaces/action/pick.h
-- Up-to-date: /home/lsoo6741/ros2_ws/install/omx_sim_interfaces/include/omx_sim_interfaces/omx_sim_interfaces/action/detail
-- Installing: /home/lsoo6741/ros2_ws/install/omx_sim_interfaces/include/omx_sim_interfaces/omx_sim_interfaces/action/detail/pick__functions.h
-- Installing: /home/lsoo6741/ros2_ws/install/omx_sim_interfaces/include/omx_sim_interfaces/omx_sim_interfaces/action/detail/pick__type_support.h
-- Installing: /home/lsoo6741/ros2_ws/install/omx_sim_interfaces/include/omx_sim_interfaces/omx_sim_interfaces/action/detail/reach__type_support.h
-- Installing: /home/lsoo6741/ros2_ws/install/omx_sim_interfaces/include/omx_sim_interfaces/omx_sim_interfaces/action/detail/pick__type_support.c
-- Installing: /home/lsoo6741/ros2_ws/install/omx_sim_interfaces/include/omx_sim_interfaces/omx_sim_interfaces/action/detail/place__type_support.c
-- Installing: /home/lsoo6741/ros2_ws/install/omx_sim_interfaces/include/omx_sim_interfaces/omx_sim_interfaces/action/detail/place__type_support.h
-- Installing: /home/lsoo6741/ros2_ws/install/omx_sim_interfaces/include/omx_sim_interfaces/omx_sim_interfaces/action/detail/place__functions.h
-- Installing: /home/lsoo6741/ros2_ws/install/omx_sim_interfaces/include/omx_sim_interfaces/omx_sim_interfaces/action/detail/pick__struct.h
-- Installing: /home/lsoo6741/ros2_ws/install/omx_sim_interfaces/include/omx_sim_interfaces/omx_sim_interfaces/action/detail/reach__functions.c
-- Installing: /home/lsoo6741/ros2_ws/install/omx_sim_interfaces/include/omx_sim_interfaces/omx_sim_interfaces/action/detail/pick__description.c
-- Installing: /home/lsoo6741/ros2_ws/install/omx_sim_interfaces/include/omx_sim_interfaces/omx_sim_interfaces/action/detail/pick__functions.c
-- Installing: /home/lsoo6741/ros2_ws/install/omx_sim_interfaces/include/omx_sim_interfaces/omx_sim_interfaces/action/detail/reach__type_support.c
-- Installing: /home/lsoo6741/ros2_ws/install/omx_sim_interfaces/include/omx_sim_interfaces/omx_sim_interfaces/action/detail/reach__struct.h
-- Installing: /home/lsoo6741/ros2_ws/install/omx_sim_interfaces/include/omx_sim_interfaces/omx_sim_interfaces/action/detail/reach__functions.h
-- Installing: /home/lsoo6741/ros2_ws/install/omx_sim_interfaces/include/omx_sim_interfaces/omx_sim_interfaces/action/detail/place__struct.h
-- Installing: /home/lsoo6741/ros2_ws/install/omx_sim_interfaces/include/omx_sim_interfaces/omx_sim_interfaces/action/detail/place__functions.c
-- Installing: /home/lsoo6741/ros2_ws/install/omx_sim_interfaces/include/omx_sim_interfaces/omx_sim_interfaces/action/detail/reach__description.c
-- Installing: /home/lsoo6741/ros2_ws/install/omx_sim_interfaces/include/omx_sim_interfaces/omx_sim_interfaces/action/detail/place__description.c
-- Installing: /home/lsoo6741/ros2_ws/install/omx_sim_interfaces/include/omx_sim_interfaces/omx_sim_interfaces/action/place.h
-- Installing: /home/lsoo6741/ros2_ws/install/omx_sim_interfaces/include/omx_sim_interfaces/omx_sim_interfaces/action/reach.h
-- Up-to-date: /home/lsoo6741/ros2_ws/install/omx_sim_interfaces/share/omx_sim_interfaces/environment/library_path.sh
-- Up-to-date: /home/lsoo6741/ros2_ws/install/omx_sim_interfaces/share/omx_sim_interfaces/environment/library_path.dsv
-- Installing: /home/lsoo6741/ros2_ws/install/omx_sim_interfaces/lib/libomx_sim_interfaces__rosidl_generator_c.so
-- Set non-toolchain portion of runtime path of "/home/lsoo6741/ros2_ws/install/omx_sim_interfaces/lib/libomx_sim_interfaces__rosidl_generator_c.so" to ""
-- Up-to-date: /home/lsoo6741/ros2_ws/install/omx_sim_interfaces/include/omx_sim_interfaces/omx_sim_interfaces
-- Up-to-date: /home/lsoo6741/ros2_ws/install/omx_sim_interfaces/include/omx_sim_interfaces/omx_sim_interfaces/msg
-- Up-to-date: /home/lsoo6741/ros2_ws/install/omx_sim_interfaces/include/omx_sim_interfaces/omx_sim_interfaces/msg/rosidl_typesupport_fastrtps_c__visibility_control.h
-- Up-to-date: /home/lsoo6741/ros2_ws/install/omx_sim_interfaces/include/omx_sim_interfaces/omx_sim_interfaces/action
-- Up-to-date: /home/lsoo6741/ros2_ws/install/omx_sim_interfaces/include/omx_sim_interfaces/omx_sim_interfaces/action/detail
-- Installing: /home/lsoo6741/ros2_ws/install/omx_sim_interfaces/include/omx_sim_interfaces/omx_sim_interfaces/action/detail/pick__rosidl_typesupport_fastrtps_c.h
-- Installing: /home/lsoo6741/ros2_ws/install/omx_sim_interfaces/include/omx_sim_interfaces/omx_sim_interfaces/action/detail/reach__rosidl_typesupport_fastrtps_c.h
-- Installing: /home/lsoo6741/ros2_ws/install/omx_sim_interfaces/include/omx_sim_interfaces/omx_sim_interfaces/action/detail/place__rosidl_typesupport_fastrtps_c.h
-- Installing: /home/lsoo6741/ros2_ws/install/omx_sim_interfaces/lib/libomx_sim_interfaces__rosidl_typesupport_fastrtps_c.so
-- Set non-toolchain portion of runtime path of "/home/lsoo6741/ros2_ws/install/omx_sim_interfaces/lib/libomx_sim_interfaces__rosidl_typesupport_fastrtps_c.so" to ""
-- Up-to-date: /home/lsoo6741/ros2_ws/install/omx_sim_interfaces/include/omx_sim_interfaces/omx_sim_interfaces
-- Up-to-date: /home/lsoo6741/ros2_ws/install/omx_sim_interfaces/include/omx_sim_interfaces/omx_sim_interfaces/msg
-- Up-to-date: /home/lsoo6741/ros2_ws/install/omx_sim_interfaces/include/omx_sim_interfaces/omx_sim_interfaces/msg/rosidl_typesupport_introspection_c__visibility_control.h
-- Up-to-date: /home/lsoo6741/ros2_ws/install/omx_sim_interfaces/include/omx_sim_interfaces/omx_sim_interfaces/action
-- Up-to-date: /home/lsoo6741/ros2_ws/install/omx_sim_interfaces/include/omx_sim_interfaces/omx_sim_interfaces/action/detail
-- Up-to-date: /home/lsoo6741/ros2_ws/install/omx_sim_interfaces/include/omx_sim_interfaces/omx_sim_interfaces/action/detail/pick__type_support.c
-- Up-to-date: /home/lsoo6741/ros2_ws/install/omx_sim_interfaces/include/omx_sim_interfaces/omx_sim_interfaces/action/detail/place__type_support.c
-- Installing: /home/lsoo6741/ros2_ws/install/omx_sim_interfaces/include/omx_sim_interfaces/omx_sim_interfaces/action/detail/place__rosidl_typesupport_introspection_c.h
-- Installing: /home/lsoo6741/ros2_ws/install/omx_sim_interfaces/include/omx_sim_interfaces/omx_sim_interfaces/action/detail/pick__rosidl_typesupport_introspection_c.h
-- Up-to-date: /home/lsoo6741/ros2_ws/install/omx_sim_interfaces/include/omx_sim_interfaces/omx_sim_interfaces/action/detail/reach__type_support.c
-- Installing: /home/lsoo6741/ros2_ws/install/omx_sim_interfaces/include/omx_sim_interfaces/omx_sim_interfaces/action/detail/reach__rosidl_typesupport_introspection_c.h
-- Installing: /home/lsoo6741/ros2_ws/install/omx_sim_interfaces/lib/libomx_sim_interfaces__rosidl_typesupport_introspection_c.so
-- Set non-toolchain portion of runtime path of "/home/lsoo6741/ros2_ws/install/omx_sim_interfaces/lib/libomx_sim_interfaces__rosidl_typesupport_introspection_c.so" to ""
-- Installing: /home/lsoo6741/ros2_ws/install/omx_sim_interfaces/lib/libomx_sim_interfaces__rosidl_typesupport_c.so
-- Set non-toolchain portion of runtime path of "/home/lsoo6741/ros2_ws/install/omx_sim_interfaces/lib/libomx_sim_interfaces__rosidl_typesupport_c.so" to ""
-- Up-to-date: /home/lsoo6741/ros2_ws/install/omx_sim_interfaces/include/omx_sim_interfaces/omx_sim_interfaces
-- Up-to-date: /home/lsoo6741/ros2_ws/install/omx_sim_interfaces/include/omx_sim_interfaces/omx_sim_interfaces/msg
-- Installing: /home/lsoo6741/ros2_ws/install/omx_sim_interfaces/include/omx_sim_interfaces/omx_sim_interfaces/msg/rosidl_generator_cpp__visibility_control.hpp
-- Up-to-date: /home/lsoo6741/ros2_ws/install/omx_sim_interfaces/include/omx_sim_interfaces/omx_sim_interfaces/action
-- Installing: /home/lsoo6741/ros2_ws/install/omx_sim_interfaces/include/omx_sim_interfaces/omx_sim_interfaces/action/place.hpp
-- Up-to-date: /home/lsoo6741/ros2_ws/install/omx_sim_interfaces/include/omx_sim_interfaces/omx_sim_interfaces/action/detail
-- Installing: /home/lsoo6741/ros2_ws/install/omx_sim_interfaces/include/omx_sim_interfaces/omx_sim_interfaces/action/detail/reach__struct.hpp
-- Installing: /home/lsoo6741/ros2_ws/install/omx_sim_interfaces/include/omx_sim_interfaces/omx_sim_interfaces/action/detail/reach__traits.hpp
-- Installing: /home/lsoo6741/ros2_ws/install/omx_sim_interfaces/include/omx_sim_interfaces/omx_sim_interfaces/action/detail/place__type_support.hpp
-- Installing: /home/lsoo6741/ros2_ws/install/omx_sim_interfaces/include/omx_sim_interfaces/omx_sim_interfaces/action/detail/place__builder.hpp
-- Installing: /home/lsoo6741/ros2_ws/install/omx_sim_interfaces/include/omx_sim_interfaces/omx_sim_interfaces/action/detail/pick__type_support.hpp
-- Installing: /home/lsoo6741/ros2_ws/install/omx_sim_interfaces/include/omx_sim_interfaces/omx_sim_interfaces/action/detail/place__struct.hpp
-- Installing: /home/lsoo6741/ros2_ws/install/omx_sim_interfaces/include/omx_sim_interfaces/omx_sim_interfaces/action/detail/pick__builder.hpp
-- Installing: /home/lsoo6741/ros2_ws/install/omx_sim_interfaces/include/omx_sim_interfaces/omx_sim_interfaces/action/detail/reach__builder.hpp
-- Installing: /home/lsoo6741/ros2_ws/install/omx_sim_interfaces/include/omx_sim_interfaces/omx_sim_interfaces/action/detail/pick__traits.hpp
-- Installing: /home/lsoo6741/ros2_ws/install/omx_sim_interfaces/include/omx_sim_interfaces/omx_sim_interfaces/action/detail/place__traits.hpp
-- Installing: /home/lsoo6741/ros2_ws/install/omx_sim_interfaces/include/omx_sim_interfaces/omx_sim_interfaces/action/detail/reach__type_support.hpp
-- Installing: /home/lsoo6741/ros2_ws/install/omx_sim_interfaces/include/omx_sim_interfaces/omx_sim_interfaces/action/detail/pick__struct.hpp
-- Installing: /home/lsoo6741/ros2_ws/install/omx_sim_interfaces/include/omx_sim_interfaces/omx_sim_interfaces/action/pick.hpp
-- Installing: /home/lsoo6741/ros2_ws/install/omx_sim_interfaces/include/omx_sim_interfaces/omx_sim_interfaces/action/reach.hpp
-- Up-to-date: /home/lsoo6741/ros2_ws/install/omx_sim_interfaces/include/omx_sim_interfaces/omx_sim_interfaces
-- Up-to-date: /home/lsoo6741/ros2_ws/install/omx_sim_interfaces/include/omx_sim_interfaces/omx_sim_interfaces/msg
-- Up-to-date: /home/lsoo6741/ros2_ws/install/omx_sim_interfaces/include/omx_sim_interfaces/omx_sim_interfaces/msg/rosidl_typesupport_fastrtps_cpp__visibility_control.h
-- Up-to-date: /home/lsoo6741/ros2_ws/install/omx_sim_interfaces/include/omx_sim_interfaces/omx_sim_interfaces/action
-- Up-to-date: /home/lsoo6741/ros2_ws/install/omx_sim_interfaces/include/omx_sim_interfaces/omx_sim_interfaces/action/detail
-- Installing: /home/lsoo6741/ros2_ws/install/omx_sim_interfaces/include/omx_sim_interfaces/omx_sim_interfaces/action/detail/pick__rosidl_typesupport_fastrtps_cpp.hpp
-- Up-to-date: /home/lsoo6741/ros2_ws/install/omx_sim_interfaces/include/omx_sim_interfaces/omx_sim_interfaces/action/detail/dds_fastrtps
-- Installing: /home/lsoo6741/ros2_ws/install/omx_sim_interfaces/include/omx_sim_interfaces/omx_sim_interfaces/action/detail/place__rosidl_typesupport_fastrtps_cpp.hpp
-- Installing: /home/lsoo6741/ros2_ws/install/omx_sim_interfaces/include/omx_sim_interfaces/omx_sim_interfaces/action/detail/reach__rosidl_typesupport_fastrtps_cpp.hpp
-- Installing: /home/lsoo6741/ros2_ws/install/omx_sim_interfaces/lib/libomx_sim_interfaces__rosidl_typesupport_fastrtps_cpp.so
-- Set non-toolchain portion of runtime path of "/home/lsoo6741/ros2_ws/install/omx_sim_interfaces/lib/libomx_sim_interfaces__rosidl_typesupport_fastrtps_cpp.so" to ""
-- Up-to-date: /home/lsoo6741/ros2_ws/install/omx_sim_interfaces/include/omx_sim_interfaces/omx_sim_interfaces
-- Up-to-date: /home/lsoo6741/ros2_ws/install/omx_sim_interfaces/include/omx_sim_interfaces/omx_sim_interfaces/action
-- Up-to-date: /home/lsoo6741/ros2_ws/install/omx_sim_interfaces/include/omx_sim_interfaces/omx_sim_interfaces/action/detail
-- Installing: /home/lsoo6741/ros2_ws/install/omx_sim_interfaces/include/omx_sim_interfaces/omx_sim_interfaces/action/detail/reach__rosidl_typesupport_introspection_cpp.hpp
-- Installing: /home/lsoo6741/ros2_ws/install/omx_sim_interfaces/include/omx_sim_interfaces/omx_sim_interfaces/action/detail/pick__type_support.cpp
-- Installing: /home/lsoo6741/ros2_ws/install/omx_sim_interfaces/include/omx_sim_interfaces/omx_sim_interfaces/action/detail/pick__rosidl_typesupport_introspection_cpp.hpp
-- Installing: /home/lsoo6741/ros2_ws/install/omx_sim_interfaces/include/omx_sim_interfaces/omx_sim_interfaces/action/detail/reach__type_support.cpp
-- Installing: /home/lsoo6741/ros2_ws/install/omx_sim_interfaces/include/omx_sim_interfaces/omx_sim_interfaces/action/detail/place__rosidl_typesupport_introspection_cpp.hpp
-- Installing: /home/lsoo6741/ros2_ws/install/omx_sim_interfaces/include/omx_sim_interfaces/omx_sim_interfaces/action/detail/place__type_support.cpp
-- Installing: /home/lsoo6741/ros2_ws/install/omx_sim_interfaces/lib/libomx_sim_interfaces__rosidl_typesupport_introspection_cpp.so
-- Set non-toolchain portion of runtime path of "/home/lsoo6741/ros2_ws/install/omx_sim_interfaces/lib/libomx_sim_interfaces__rosidl_typesupport_introspection_cpp.so" to ""
-- Installing: /home/lsoo6741/ros2_ws/install/omx_sim_interfaces/lib/libomx_sim_interfaces__rosidl_typesupport_cpp.so
-- Set non-toolchain portion of runtime path of "/home/lsoo6741/ros2_ws/install/omx_sim_interfaces/lib/libomx_sim_interfaces__rosidl_typesupport_cpp.so" to ""
-- Up-to-date: /home/lsoo6741/ros2_ws/install/omx_sim_interfaces/share/omx_sim_interfaces/environment/pythonpath.sh
-- Up-to-date: /home/lsoo6741/ros2_ws/install/omx_sim_interfaces/share/omx_sim_interfaces/environment/pythonpath.dsv
-- Up-to-date: /home/lsoo6741/ros2_ws/install/omx_sim_interfaces/lib/python3.12/site-packages/omx_sim_interfaces-0.1.0-py3.12.egg-info
-- Installing: /home/lsoo6741/ros2_ws/install/omx_sim_interfaces/lib/python3.12/site-packages/omx_sim_interfaces-0.1.0-py3.12.egg-info/top_level.txt
-- Installing: /home/lsoo6741/ros2_ws/install/omx_sim_interfaces/lib/python3.12/site-packages/omx_sim_interfaces-0.1.0-py3.12.egg-info/PKG-INFO
-- Installing: /home/lsoo6741/ros2_ws/install/omx_sim_interfaces/lib/python3.12/site-packages/omx_sim_interfaces-0.1.0-py3.12.egg-info/dependency_links.txt
-- Installing: /home/lsoo6741/ros2_ws/install/omx_sim_interfaces/lib/python3.12/site-packages/omx_sim_interfaces-0.1.0-py3.12.egg-info/SOURCES.txt
-- Up-to-date: /home/lsoo6741/ros2_ws/install/omx_sim_interfaces/lib/python3.12/site-packages/omx_sim_interfaces
-- Installing: /home/lsoo6741/ros2_ws/install/omx_sim_interfaces/lib/python3.12/site-packages/omx_sim_interfaces/__init__.py
-- Up-to-date: /home/lsoo6741/ros2_ws/install/omx_sim_interfaces/lib/python3.12/site-packages/omx_sim_interfaces/action
-- Installing: /home/lsoo6741/ros2_ws/install/omx_sim_interfaces/lib/python3.12/site-packages/omx_sim_interfaces/action/_place_s.c
-- Installing: /home/lsoo6741/ros2_ws/install/omx_sim_interfaces/lib/python3.12/site-packages/omx_sim_interfaces/action/__init__.py
-- Installing: /home/lsoo6741/ros2_ws/install/omx_sim_interfaces/lib/python3.12/site-packages/omx_sim_interfaces/action/_pick_s.c
-- Installing: /home/lsoo6741/ros2_ws/install/omx_sim_interfaces/lib/python3.12/site-packages/omx_sim_interfaces/action/_reach_s.c
-- Installing: /home/lsoo6741/ros2_ws/install/omx_sim_interfaces/lib/python3.12/site-packages/omx_sim_interfaces/action/_reach.py
-- Installing: /home/lsoo6741/ros2_ws/install/omx_sim_interfaces/lib/python3.12/site-packages/omx_sim_interfaces/action/_pick.py
-- Installing: /home/lsoo6741/ros2_ws/install/omx_sim_interfaces/lib/python3.12/site-packages/omx_sim_interfaces/action/_place.py
-- Installing: /home/lsoo6741/ros2_ws/install/omx_sim_interfaces/lib/python3.12/site-packages/omx_sim_interfaces/omx_sim_interfaces_s__rosidl_typesupport_fastrtps_c.so
-- Installing: /home/lsoo6741/ros2_ws/install/omx_sim_interfaces/lib/python3.12/site-packages/omx_sim_interfaces/_omx_sim_interfaces_s.ep.rosidl_typesupport_c.c
-- Installing: /home/lsoo6741/ros2_ws/install/omx_sim_interfaces/lib/python3.12/site-packages/omx_sim_interfaces/_omx_sim_interfaces_s.ep.rosidl_typesupport_fastrtps_c.c
-- Installing: /home/lsoo6741/ros2_ws/install/omx_sim_interfaces/lib/python3.12/site-packages/omx_sim_interfaces/_omx_sim_interfaces_s.ep.rosidl_typesupport_introspection_c.c
-- Installing: /home/lsoo6741/ros2_ws/install/omx_sim_interfaces/lib/python3.12/site-packages/omx_sim_interfaces/omx_sim_interfaces_s__rosidl_typesupport_c.so
-- Installing: /home/lsoo6741/ros2_ws/install/omx_sim_interfaces/lib/python3.12/site-packages/omx_sim_interfaces/omx_sim_interfaces_s__rosidl_typesupport_introspection_c.so
Listing '/home/lsoo6741/ros2_ws/install/omx_sim_interfaces/lib/python3.12/site-packages/omx_sim_interfaces'...
Compiling '/home/lsoo6741/ros2_ws/install/omx_sim_interfaces/lib/python3.12/site-packages/omx_sim_interfaces/__init__.py'...
Listing '/home/lsoo6741/ros2_ws/install/omx_sim_interfaces/lib/python3.12/site-packages/omx_sim_interfaces/action'...
Compiling '/home/lsoo6741/ros2_ws/install/omx_sim_interfaces/lib/python3.12/site-packages/omx_sim_interfaces/action/__init__.py'...
Compiling '/home/lsoo6741/ros2_ws/install/omx_sim_interfaces/lib/python3.12/site-packages/omx_sim_interfaces/action/_pick.py'...
Compiling '/home/lsoo6741/ros2_ws/install/omx_sim_interfaces/lib/python3.12/site-packages/omx_sim_interfaces/action/_place.py'...
Compiling '/home/lsoo6741/ros2_ws/install/omx_sim_interfaces/lib/python3.12/site-packages/omx_sim_interfaces/action/_reach.py'...
-- Installing: /home/lsoo6741/ros2_ws/install/omx_sim_interfaces/lib/python3.12/site-packages/omx_sim_interfaces/omx_sim_interfaces_s__rosidl_typesupport_fastrtps_c.so
-- Set non-toolchain portion of runtime path of "/home/lsoo6741/ros2_ws/install/omx_sim_interfaces/lib/python3.12/site-packages/omx_sim_interfaces/omx_sim_interfaces_s__rosidl_typesupport_fastrtps_c.so" to ""
-- Installing: /home/lsoo6741/ros2_ws/install/omx_sim_interfaces/lib/python3.12/site-packages/omx_sim_interfaces/omx_sim_interfaces_s__rosidl_typesupport_introspection_c.so
-- Set non-toolchain portion of runtime path of "/home/lsoo6741/ros2_ws/install/omx_sim_interfaces/lib/python3.12/site-packages/omx_sim_interfaces/omx_sim_interfaces_s__rosidl_typesupport_introspection_c.so" to ""
-- Installing: /home/lsoo6741/ros2_ws/install/omx_sim_interfaces/lib/python3.12/site-packages/omx_sim_interfaces/omx_sim_interfaces_s__rosidl_typesupport_c.so
-- Set non-toolchain portion of runtime path of "/home/lsoo6741/ros2_ws/install/omx_sim_interfaces/lib/python3.12/site-packages/omx_sim_interfaces/omx_sim_interfaces_s__rosidl_typesupport_c.so" to ""
-- Installing: /home/lsoo6741/ros2_ws/install/omx_sim_interfaces/lib/libomx_sim_interfaces__rosidl_generator_py.so
-- Set non-toolchain portion of runtime path of "/home/lsoo6741/ros2_ws/install/omx_sim_interfaces/lib/libomx_sim_interfaces__rosidl_generator_py.so" to ""
-- Installing: /home/lsoo6741/ros2_ws/install/omx_sim_interfaces/share/omx_sim_interfaces/action/Pick.idl
-- Installing: /home/lsoo6741/ros2_ws/install/omx_sim_interfaces/share/omx_sim_interfaces/action/Place.idl
-- Installing: /home/lsoo6741/ros2_ws/install/omx_sim_interfaces/share/omx_sim_interfaces/action/Reach.idl
-- Installing: /home/lsoo6741/ros2_ws/install/omx_sim_interfaces/share/omx_sim_interfaces/action/Pick.action
-- Installing: /home/lsoo6741/ros2_ws/install/omx_sim_interfaces/share/omx_sim_interfaces/action/Place.action
-- Installing: /home/lsoo6741/ros2_ws/install/omx_sim_interfaces/share/omx_sim_interfaces/action/Reach.action
-- Up-to-date: /home/lsoo6741/ros2_ws/install/omx_sim_interfaces/share/ament_index/resource_index/package_run_dependencies/omx_sim_interfaces
-- Installing: /home/lsoo6741/ros2_ws/install/omx_sim_interfaces/share/ament_index/resource_index/parent_prefix_path/omx_sim_interfaces
-- Up-to-date: /home/lsoo6741/ros2_ws/install/omx_sim_interfaces/share/omx_sim_interfaces/environment/ament_prefix_path.sh
-- Up-to-date: /home/lsoo6741/ros2_ws/install/omx_sim_interfaces/share/omx_sim_interfaces/environment/ament_prefix_path.dsv
-- Up-to-date: /home/lsoo6741/ros2_ws/install/omx_sim_interfaces/share/omx_sim_interfaces/environment/path.sh
-- Up-to-date: /home/lsoo6741/ros2_ws/install/omx_sim_interfaces/share/omx_sim_interfaces/environment/path.dsv
-- Up-to-date: /home/lsoo6741/ros2_ws/install/omx_sim_interfaces/share/omx_sim_interfaces/local_setup.bash
-- Up-to-date: /home/lsoo6741/ros2_ws/install/omx_sim_interfaces/share/omx_sim_interfaces/local_setup.sh
-- Up-to-date: /home/lsoo6741/ros2_ws/install/omx_sim_interfaces/share/omx_sim_interfaces/local_setup.zsh
-- Up-to-date: /home/lsoo6741/ros2_ws/install/omx_sim_interfaces/share/omx_sim_interfaces/local_setup.dsv
-- Installing: /home/lsoo6741/ros2_ws/install/omx_sim_interfaces/share/omx_sim_interfaces/package.dsv
-- Up-to-date: /home/lsoo6741/ros2_ws/install/omx_sim_interfaces/share/ament_index/resource_index/packages/omx_sim_interfaces
-- Up-to-date: /home/lsoo6741/ros2_ws/install/omx_sim_interfaces/share/omx_sim_interfaces/cmake/export_omx_sim_interfaces__rosidl_generator_cExport.cmake
-- Up-to-date: /home/lsoo6741/ros2_ws/install/omx_sim_interfaces/share/omx_sim_interfaces/cmake/export_omx_sim_interfaces__rosidl_generator_cExport-noconfig.cmake
-- Up-to-date: /home/lsoo6741/ros2_ws/install/omx_sim_interfaces/share/omx_sim_interfaces/cmake/export_omx_sim_interfaces__rosidl_typesupport_fastrtps_cExport.cmake
-- Up-to-date: /home/lsoo6741/ros2_ws/install/omx_sim_interfaces/share/omx_sim_interfaces/cmake/export_omx_sim_interfaces__rosidl_typesupport_fastrtps_cExport-noconfig.cmake
-- Up-to-date: /home/lsoo6741/ros2_ws/install/omx_sim_interfaces/share/omx_sim_interfaces/cmake/omx_sim_interfaces__rosidl_typesupport_introspection_cExport.cmake
-- Up-to-date: /home/lsoo6741/ros2_ws/install/omx_sim_interfaces/share/omx_sim_interfaces/cmake/omx_sim_interfaces__rosidl_typesupport_introspection_cExport-noconfig.cmake
-- Up-to-date: /home/lsoo6741/ros2_ws/install/omx_sim_interfaces/share/omx_sim_interfaces/cmake/omx_sim_interfaces__rosidl_typesupport_cExport.cmake
-- Up-to-date: /home/lsoo6741/ros2_ws/install/omx_sim_interfaces/share/omx_sim_interfaces/cmake/omx_sim_interfaces__rosidl_typesupport_cExport-noconfig.cmake
-- Up-to-date: /home/lsoo6741/ros2_ws/install/omx_sim_interfaces/share/omx_sim_interfaces/cmake/export_omx_sim_interfaces__rosidl_generator_cppExport.cmake
-- Up-to-date: /home/lsoo6741/ros2_ws/install/omx_sim_interfaces/share/omx_sim_interfaces/cmake/export_omx_sim_interfaces__rosidl_typesupport_fastrtps_cppExport.cmake
-- Up-to-date: /home/lsoo6741/ros2_ws/install/omx_sim_interfaces/share/omx_sim_interfaces/cmake/export_omx_sim_interfaces__rosidl_typesupport_fastrtps_cppExport-noconfig.cmake
-- Up-to-date: /home/lsoo6741/ros2_ws/install/omx_sim_interfaces/share/omx_sim_interfaces/cmake/omx_sim_interfaces__rosidl_typesupport_introspection_cppExport.cmake
-- Up-to-date: /home/lsoo6741/ros2_ws/install/omx_sim_interfaces/share/omx_sim_interfaces/cmake/omx_sim_interfaces__rosidl_typesupport_introspection_cppExport-noconfig.cmake
-- Up-to-date: /home/lsoo6741/ros2_ws/install/omx_sim_interfaces/share/omx_sim_interfaces/cmake/omx_sim_interfaces__rosidl_typesupport_cppExport.cmake
-- Up-to-date: /home/lsoo6741/ros2_ws/install/omx_sim_interfaces/share/omx_sim_interfaces/cmake/omx_sim_interfaces__rosidl_typesupport_cppExport-noconfig.cmake
-- Up-to-date: /home/lsoo6741/ros2_ws/install/omx_sim_interfaces/share/omx_sim_interfaces/cmake/export_omx_sim_interfaces__rosidl_generator_pyExport.cmake
-- Up-to-date: /home/lsoo6741/ros2_ws/install/omx_sim_interfaces/share/omx_sim_interfaces/cmake/export_omx_sim_interfaces__rosidl_generator_pyExport-noconfig.cmake
-- Up-to-date: /home/lsoo6741/ros2_ws/install/omx_sim_interfaces/share/omx_sim_interfaces/cmake/rosidl_cmake-extras.cmake
-- Up-to-date: /home/lsoo6741/ros2_ws/install/omx_sim_interfaces/share/omx_sim_interfaces/cmake/ament_cmake_export_dependencies-extras.cmake
-- Up-to-date: /home/lsoo6741/ros2_ws/install/omx_sim_interfaces/share/omx_sim_interfaces/cmake/ament_cmake_export_include_directories-extras.cmake
-- Up-to-date: /home/lsoo6741/ros2_ws/install/omx_sim_interfaces/share/omx_sim_interfaces/cmake/ament_cmake_export_libraries-extras.cmake
-- Up-to-date: /home/lsoo6741/ros2_ws/install/omx_sim_interfaces/share/omx_sim_interfaces/cmake/ament_cmake_export_targets-extras.cmake
-- Up-to-date: /home/lsoo6741/ros2_ws/install/omx_sim_interfaces/share/omx_sim_interfaces/cmake/rosidl_cmake_export_typesupport_targets-extras.cmake
-- Up-to-date: /home/lsoo6741/ros2_ws/install/omx_sim_interfaces/share/omx_sim_interfaces/cmake/rosidl_cmake_export_typesupport_libraries-extras.cmake
-- Up-to-date: /home/lsoo6741/ros2_ws/install/omx_sim_interfaces/share/omx_sim_interfaces/cmake/omx_sim_interfacesConfig.cmake
-- Up-to-date: /home/lsoo6741/ros2_ws/install/omx_sim_interfaces/share/omx_sim_interfaces/cmake/omx_sim_interfacesConfig-version.cmake
-- Up-to-date: /home/lsoo6741/ros2_ws/install/omx_sim_interfaces/share/omx_sim_interfaces/package.xml
