[0.008s] Invoking command in '/home/lsoo6741/ros2_ws/build/omx_sim_interfaces': CMAKE_PREFIX_PATH=${CMAKE_PREFIX_PATH}:/home/lsoo6741/workspace/ros2_ws/install/py_srvcli:/home/lsoo6741/workspace/ros2_ws/install/py_pubsub:/home/lsoo6741/workspace/ros2_ws/install/my_turtle_pkg:/home/lsoo6741/workspace/ros2_ws/install/action_tutorials_py:/home/lsoo6741/workspace/ros2_ws/install/action_chaser_py:/opt/ros/jazzy DEBUGINFOD_URLS=https://debuginfod.ubuntu.com /usr/bin/cmake --build /home/lsoo6741/ros2_ws/build/omx_sim_interfaces -- -j12 -l12
[0.031s] -- Found ament_cmake: 2.5.5 (/opt/ros/jazzy/share/ament_cmake/cmake)
[0.050s] -- Found Python3: /usr/bin/python3 (found version "3.12.3") found components: Interpreter 
[0.107s] -- Found rosidl_default_generators: 1.6.0 (/opt/ros/jazzy/share/rosidl_default_generators/cmake)
[0.109s] -- Using all available rosidl_typesupport_c: rosidl_typesupport_fastrtps_c;rosidl_typesupport_introspection_c
[0.135s] -- Using all available rosidl_typesupport_cpp: rosidl_typesupport_fastrtps_cpp;rosidl_typesupport_introspection_cpp
[0.154s] -- Found rosidl_adapter: 4.6.7 (/opt/ros/jazzy/share/rosidl_adapter/cmake)
[0.385s] -- Found ament_cmake_ros: 0.12.0 (/opt/ros/jazzy/share/ament_cmake_ros/cmake)
[0.456s] -- Using all available rosidl_typesupport_c: rosidl_typesupport_fastrtps_c;rosidl_typesupport_introspection_c
[0.540s] -- Using all available rosidl_typesupport_cpp: rosidl_typesupport_fastrtps_cpp;rosidl_typesupport_introspection_cpp
[0.541s] -- Found python_cmake_module: 0.11.1 (/opt/ros/jazzy/share/python_cmake_module/cmake)
[0.696s] -- Found Python3: /usr/bin/python3 (found version "3.12.3") found components: Interpreter Development NumPy Development.Module Development.Embed 
[0.707s] -- Configuring done (0.7s)
[0.731s] -- Generating done (0.0s)
[0.739s] -- Build files have been written to: /home/lsoo6741/ros2_ws/build/omx_sim_interfaces
[0.767s] [  1%] [34m[1mGenerating type hashes for ROS interfaces[0m
[0.774s] [  1%] Built target ament_cmake_python_copy_omx_sim_interfaces
[0.889s] running egg_info
[0.898s] writing omx_sim_interfaces.egg-info/PKG-INFO
[0.898s] writing dependency_links to omx_sim_interfaces.egg-info/dependency_links.txt
[0.898s] writing top-level names to omx_sim_interfaces.egg-info/top_level.txt
[0.925s] reading manifest file 'omx_sim_interfaces.egg-info/SOURCES.txt'
[0.926s] writing manifest file 'omx_sim_interfaces.egg-info/SOURCES.txt'
[0.930s] [  1%] Built target omx_sim_interfaces__rosidl_generator_type_description
[0.939s] [  3%] [34m[1mGenerating C code for ROS interfaces[0m
[0.943s] [  3%] Built target ament_cmake_python_build_omx_sim_interfaces_egg
[0.948s] [  5%] [34m[1mGenerating C++ code for ROS interfaces[0m
[1.414s] [  5%] Built target omx_sim_interfaces__cpp
[1.471s] [  7%] [32mBuilding C object CMakeFiles/omx_sim_interfaces__rosidl_generator_c.dir/rosidl_generator_c/omx_sim_interfaces/action/detail/place__description.c.o[0m
[1.471s] [  9%] [32mBuilding C object CMakeFiles/omx_sim_interfaces__rosidl_generator_c.dir/rosidl_generator_c/omx_sim_interfaces/action/detail/pick__functions.c.o[0m
[1.472s] [ 11%] [32mBuilding C object CMakeFiles/omx_sim_interfaces__rosidl_generator_c.dir/rosidl_generator_c/omx_sim_interfaces/action/detail/reach__functions.c.o[0m
[1.472s] [ 12%] [32mBuilding C object CMakeFiles/omx_sim_interfaces__rosidl_generator_c.dir/rosidl_generator_c/omx_sim_interfaces/action/detail/pick__description.c.o[0m
[1.472s] [ 14%] [32mBuilding C object CMakeFiles/omx_sim_interfaces__rosidl_generator_c.dir/rosidl_generator_c/omx_sim_interfaces/action/detail/pick__type_support.c.o[0m
[1.472s] [ 16%] [32mBuilding C object CMakeFiles/omx_sim_interfaces__rosidl_generator_c.dir/rosidl_generator_c/omx_sim_interfaces/action/detail/place__functions.c.o[0m
[1.473s] [ 18%] [32mBuilding C object CMakeFiles/omx_sim_interfaces__rosidl_generator_c.dir/rosidl_generator_c/omx_sim_interfaces/action/detail/place__type_support.c.o[0m
[1.473s] [ 20%] [32mBuilding C object CMakeFiles/omx_sim_interfaces__rosidl_generator_c.dir/rosidl_generator_c/omx_sim_interfaces/action/detail/reach__description.c.o[0m
[1.474s] [ 22%] [32mBuilding C object CMakeFiles/omx_sim_interfaces__rosidl_generator_c.dir/rosidl_generator_c/omx_sim_interfaces/action/detail/reach__type_support.c.o[0m
[1.572s] [ 24%] [32m[1mLinking C shared library libomx_sim_interfaces__rosidl_generator_c.so[0m
[1.601s] [ 24%] Built target omx_sim_interfaces__rosidl_generator_c
[1.610s] [ 29%] [34m[1mGenerating C type support dispatch for ROS interfaces[0m
[1.610s] [ 29%] [34m[1mGenerating C type support for eProsima Fast-RTPS[0m
[1.610s] [ 29%] [34m[1mGenerating C introspection for ROS interfaces[0m
[1.610s] [ 31%] [34m[1mGenerating C++ introspection for ROS interfaces[0m
[1.610s] [ 33%] [34m[1mGenerating C++ type support dispatch for ROS interfaces[0m
[1.611s] [ 35%] [34m[1mGenerating C++ type support for eProsima Fast-RTPS[0m
[1.877s] [ 37%] [32mBuilding CXX object CMakeFiles/omx_sim_interfaces__rosidl_typesupport_c.dir/rosidl_typesupport_c/omx_sim_interfaces/action/pick__type_support.cpp.o[0m
[1.879s] [ 38%] [32mBuilding CXX object CMakeFiles/omx_sim_interfaces__rosidl_typesupport_c.dir/rosidl_typesupport_c/omx_sim_interfaces/action/place__type_support.cpp.o[0m
[1.880s] [ 40%] [32mBuilding CXX object CMakeFiles/omx_sim_interfaces__rosidl_typesupport_c.dir/rosidl_typesupport_c/omx_sim_interfaces/action/reach__type_support.cpp.o[0m
[1.889s] [ 46%] [32mBuilding CXX object CMakeFiles/omx_sim_interfaces__rosidl_typesupport_cpp.dir/rosidl_typesupport_cpp/omx_sim_interfaces/action/reach__type_support.cpp.o[0m
[1.889s] [ 46%] [32mBuilding CXX object CMakeFiles/omx_sim_interfaces__rosidl_typesupport_cpp.dir/rosidl_typesupport_cpp/omx_sim_interfaces/action/place__type_support.cpp.o[0m
[1.889s] [ 46%] [32mBuilding CXX object CMakeFiles/omx_sim_interfaces__rosidl_typesupport_cpp.dir/rosidl_typesupport_cpp/omx_sim_interfaces/action/pick__type_support.cpp.o[0m
[1.935s] [ 48%] [32m[1mLinking CXX shared library libomx_sim_interfaces__rosidl_typesupport_c.so[0m
[1.980s] [ 51%] [32mBuilding CXX object CMakeFiles/omx_sim_interfaces__rosidl_typesupport_introspection_cpp.dir/rosidl_typesupport_introspection_cpp/omx_sim_interfaces/action/detail/pick__type_support.cpp.o[0m
[1.980s] [ 51%] [32mBuilding CXX object CMakeFiles/omx_sim_interfaces__rosidl_typesupport_introspection_cpp.dir/rosidl_typesupport_introspection_cpp/omx_sim_interfaces/action/detail/place__type_support.cpp.o[0m
[1.980s] [ 51%] Built target omx_sim_interfaces__rosidl_typesupport_c
[1.980s] [ 53%] [32mBuilding CXX object CMakeFiles/omx_sim_interfaces__rosidl_typesupport_introspection_cpp.dir/rosidl_typesupport_introspection_cpp/omx_sim_interfaces/action/detail/reach__type_support.cpp.o[0m
[2.007s] [ 59%] [32mBuilding C object CMakeFiles/omx_sim_interfaces__rosidl_typesupport_introspection_c.dir/rosidl_typesupport_introspection_c/omx_sim_interfaces/action/detail/reach__type_support.c.o[0m
[2.007s] [ 59%] [32mBuilding C object CMakeFiles/omx_sim_interfaces__rosidl_typesupport_introspection_c.dir/rosidl_typesupport_introspection_c/omx_sim_interfaces/action/detail/place__type_support.c.o[0m
[2.007s] [ 59%] [32mBuilding C object CMakeFiles/omx_sim_interfaces__rosidl_typesupport_introspection_c.dir/rosidl_typesupport_introspection_c/omx_sim_interfaces/action/detail/pick__type_support.c.o[0m
[2.067s] [ 61%] [32m[1mLinking C shared library libomx_sim_interfaces__rosidl_typesupport_introspection_c.so[0m
[2.094s] [ 61%] Built target omx_sim_interfaces__rosidl_typesupport_introspection_c
[2.285s] [ 62%] [32mBuilding CXX object CMakeFiles/omx_sim_interfaces__rosidl_typesupport_fastrtps_c.dir/rosidl_typesupport_fastrtps_c/omx_sim_interfaces/action/detail/pick__type_support_c.cpp.o[0m
[2.286s] [ 66%] [32mBuilding CXX object CMakeFiles/omx_sim_interfaces__rosidl_typesupport_fastrtps_c.dir/rosidl_typesupport_fastrtps_c/omx_sim_interfaces/action/detail/place__type_support_c.cpp.o[0m
[2.286s] [ 66%] [32mBuilding CXX object CMakeFiles/omx_sim_interfaces__rosidl_typesupport_fastrtps_c.dir/rosidl_typesupport_fastrtps_c/omx_sim_interfaces/action/detail/reach__type_support_c.cpp.o[0m
[2.359s] [ 72%] [32mBuilding CXX object CMakeFiles/omx_sim_interfaces__rosidl_typesupport_fastrtps_cpp.dir/rosidl_typesupport_fastrtps_cpp/omx_sim_interfaces/action/detail/dds_fastrtps/reach__type_support.cpp.o[0m
[2.360s] [ 72%] [32mBuilding CXX object CMakeFiles/omx_sim_interfaces__rosidl_typesupport_fastrtps_cpp.dir/rosidl_typesupport_fastrtps_cpp/omx_sim_interfaces/action/detail/dds_fastrtps/pick__type_support.cpp.o[0m
[2.360s] [ 72%] [32mBuilding CXX object CMakeFiles/omx_sim_interfaces__rosidl_typesupport_fastrtps_cpp.dir/rosidl_typesupport_fastrtps_cpp/omx_sim_interfaces/action/detail/dds_fastrtps/place__type_support.cpp.o[0m
[2.447s] [ 74%] [32m[1mLinking CXX shared library libomx_sim_interfaces__rosidl_typesupport_cpp.so[0m
[2.510s] [ 74%] Built target omx_sim_interfaces__rosidl_typesupport_cpp
[2.579s] [ 75%] [32m[1mLinking CXX shared library libomx_sim_interfaces__rosidl_typesupport_introspection_cpp.so[0m
[2.637s] [ 75%] Built target omx_sim_interfaces__rosidl_typesupport_introspection_cpp
[2.731s] [ 77%] [32m[1mLinking CXX shared library libomx_sim_interfaces__rosidl_typesupport_fastrtps_c.so[0m
[2.782s] [ 77%] Built target omx_sim_interfaces__rosidl_typesupport_fastrtps_c
[2.992s] [ 79%] [32m[1mLinking CXX shared library libomx_sim_interfaces__rosidl_typesupport_fastrtps_cpp.so[0m
[3.048s] [ 79%] Built target omx_sim_interfaces__rosidl_typesupport_fastrtps_cpp
[3.063s] [ 79%] Built target omx_sim_interfaces
[3.078s] [ 81%] [34m[1mGenerating Python code for ROS interfaces[0m
[3.932s] [ 81%] Built target omx_sim_interfaces__py
[3.951s] [ 83%] [32mBuilding C object CMakeFiles/omx_sim_interfaces__rosidl_generator_py.dir/rosidl_generator_py/omx_sim_interfaces/action/_place_s.c.o[0m
[3.952s] [ 85%] [32mBuilding C object CMakeFiles/omx_sim_interfaces__rosidl_generator_py.dir/rosidl_generator_py/omx_sim_interfaces/action/_pick_s.c.o[0m
[3.952s] [ 87%] [32mBuilding C object CMakeFiles/omx_sim_interfaces__rosidl_generator_py.dir/rosidl_generator_py/omx_sim_interfaces/action/_reach_s.c.o[0m
[4.076s] [ 88%] [32m[1mLinking C shared library libomx_sim_interfaces__rosidl_generator_py.so[0m
[4.108s] [ 88%] Built target omx_sim_interfaces__rosidl_generator_py
[4.125s] [ 90%] [32mBuilding C object CMakeFiles/omx_sim_interfaces_s__rosidl_typesupport_fastrtps_c.dir/rosidl_generator_py/omx_sim_interfaces/_omx_sim_interfaces_s.ep.rosidl_typesupport_fastrtps_c.c.o[0m
[4.125s] [ 92%] [32mBuilding C object CMakeFiles/omx_sim_interfaces_s__rosidl_typesupport_introspection_c.dir/rosidl_generator_py/omx_sim_interfaces/_omx_sim_interfaces_s.ep.rosidl_typesupport_introspection_c.c.o[0m
[4.126s] [ 94%] [32mBuilding C object CMakeFiles/omx_sim_interfaces_s__rosidl_typesupport_c.dir/rosidl_generator_py/omx_sim_interfaces/_omx_sim_interfaces_s.ep.rosidl_typesupport_c.c.o[0m
[4.235s] [ 98%] [32m[1mLinking C shared module rosidl_generator_py/omx_sim_interfaces/omx_sim_interfaces_s__rosidl_typesupport_introspection_c.so[0m
[4.235s] [ 98%] [32m[1mLinking C shared module rosidl_generator_py/omx_sim_interfaces/omx_sim_interfaces_s__rosidl_typesupport_c.so[0m
[4.239s] [100%] [32m[1mLinking C shared module rosidl_generator_py/omx_sim_interfaces/omx_sim_interfaces_s__rosidl_typesupport_fastrtps_c.so[0m
[4.260s] [100%] Built target omx_sim_interfaces_s__rosidl_typesupport_introspection_c
[4.260s] [100%] Built target omx_sim_interfaces_s__rosidl_typesupport_c
[4.264s] [100%] Built target omx_sim_interfaces_s__rosidl_typesupport_fastrtps_c
[4.273s] Invoked command in '/home/lsoo6741/ros2_ws/build/omx_sim_interfaces' returned '0': CMAKE_PREFIX_PATH=${CMAKE_PREFIX_PATH}:/home/lsoo6741/workspace/ros2_ws/install/py_srvcli:/home/lsoo6741/workspace/ros2_ws/install/py_pubsub:/home/lsoo6741/workspace/ros2_ws/install/my_turtle_pkg:/home/lsoo6741/workspace/ros2_ws/install/action_tutorials_py:/home/lsoo6741/workspace/ros2_ws/install/action_chaser_py:/opt/ros/jazzy DEBUGINFOD_URLS=https://debuginfod.ubuntu.com /usr/bin/cmake --build /home/lsoo6741/ros2_ws/build/omx_sim_interfaces -- -j12 -l12
[4.280s] Invoking command in '/home/lsoo6741/ros2_ws/build/omx_sim_interfaces': CMAKE_PREFIX_PATH=${CMAKE_PREFIX_PATH}:/home/lsoo6741/workspace/ros2_ws/install/py_srvcli:/home/lsoo6741/workspace/ros2_ws/install/py_pubsub:/home/lsoo6741/workspace/ros2_ws/install/my_turtle_pkg:/home/lsoo6741/workspace/ros2_ws/install/action_tutorials_py:/home/lsoo6741/workspace/ros2_ws/install/action_chaser_py:/opt/ros/jazzy DEBUGINFOD_URLS=https://debuginfod.ubuntu.com /usr/bin/cmake --install /home/lsoo6741/ros2_ws/build/omx_sim_interfaces
[4.286s] -- Install configuration: ""
[4.287s] -- Up-to-date: /home/lsoo6741/ros2_ws/install/omx_sim_interfaces/share/ament_index/resource_index/rosidl_interfaces/omx_sim_interfaces
[4.287s] -- Installing: /home/lsoo6741/ros2_ws/install/omx_sim_interfaces/share/omx_sim_interfaces/action/Pick.json
[4.287s] -- Installing: /home/lsoo6741/ros2_ws/install/omx_sim_interfaces/share/omx_sim_interfaces/action/Place.json
[4.287s] -- Installing: /home/lsoo6741/ros2_ws/install/omx_sim_interfaces/share/omx_sim_interfaces/action/Reach.json
[4.287s] -- Up-to-date: /home/lsoo6741/ros2_ws/install/omx_sim_interfaces/include/omx_sim_interfaces/omx_sim_interfaces
[4.287s] -- Up-to-date: /home/lsoo6741/ros2_ws/install/omx_sim_interfaces/include/omx_sim_interfaces/omx_sim_interfaces/msg
[4.287s] -- Up-to-date: /home/lsoo6741/ros2_ws/install/omx_sim_interfaces/include/omx_sim_interfaces/omx_sim_interfaces/msg/rosidl_generator_c__visibility_control.h
[4.287s] -- Up-to-date: /home/lsoo6741/ros2_ws/install/omx_sim_interfaces/include/omx_sim_interfaces/omx_sim_interfaces/action
[4.287s] -- Installing: /home/lsoo6741/ros2_ws/install/omx_sim_interfaces/include/omx_sim_interfaces/omx_sim_interfaces/action/pick.h
[4.287s] -- Up-to-date: /home/lsoo6741/ros2_ws/install/omx_sim_interfaces/include/omx_sim_interfaces/omx_sim_interfaces/action/detail
[4.287s] -- Installing: /home/lsoo6741/ros2_ws/install/omx_sim_interfaces/include/omx_sim_interfaces/omx_sim_interfaces/action/detail/pick__functions.h
[4.287s] -- Installing: /home/lsoo6741/ros2_ws/install/omx_sim_interfaces/include/omx_sim_interfaces/omx_sim_interfaces/action/detail/pick__type_support.h
[4.287s] -- Installing: /home/lsoo6741/ros2_ws/install/omx_sim_interfaces/include/omx_sim_interfaces/omx_sim_interfaces/action/detail/reach__type_support.h
[4.288s] -- Installing: /home/lsoo6741/ros2_ws/install/omx_sim_interfaces/include/omx_sim_interfaces/omx_sim_interfaces/action/detail/pick__type_support.c
[4.288s] -- Installing: /home/lsoo6741/ros2_ws/install/omx_sim_interfaces/include/omx_sim_interfaces/omx_sim_interfaces/action/detail/place__type_support.c
[4.288s] -- Installing: /home/lsoo6741/ros2_ws/install/omx_sim_interfaces/include/omx_sim_interfaces/omx_sim_interfaces/action/detail/place__type_support.h
[4.288s] -- Installing: /home/lsoo6741/ros2_ws/install/omx_sim_interfaces/include/omx_sim_interfaces/omx_sim_interfaces/action/detail/place__functions.h
[4.288s] -- Installing: /home/lsoo6741/ros2_ws/install/omx_sim_interfaces/include/omx_sim_interfaces/omx_sim_interfaces/action/detail/pick__struct.h
[4.288s] -- Installing: /home/lsoo6741/ros2_ws/install/omx_sim_interfaces/include/omx_sim_interfaces/omx_sim_interfaces/action/detail/reach__functions.c
[4.288s] -- Installing: /home/lsoo6741/ros2_ws/install/omx_sim_interfaces/include/omx_sim_interfaces/omx_sim_interfaces/action/detail/pick__description.c
[4.288s] -- Installing: /home/lsoo6741/ros2_ws/install/omx_sim_interfaces/include/omx_sim_interfaces/omx_sim_interfaces/action/detail/pick__functions.c
[4.288s] -- Installing: /home/lsoo6741/ros2_ws/install/omx_sim_interfaces/include/omx_sim_interfaces/omx_sim_interfaces/action/detail/reach__type_support.c
[4.289s] -- Installing: /home/lsoo6741/ros2_ws/install/omx_sim_interfaces/include/omx_sim_interfaces/omx_sim_interfaces/action/detail/reach__struct.h
[4.289s] -- Installing: /home/lsoo6741/ros2_ws/install/omx_sim_interfaces/include/omx_sim_interfaces/omx_sim_interfaces/action/detail/reach__functions.h
[4.289s] -- Installing: /home/lsoo6741/ros2_ws/install/omx_sim_interfaces/include/omx_sim_interfaces/omx_sim_interfaces/action/detail/place__struct.h
[4.289s] -- Installing: /home/lsoo6741/ros2_ws/install/omx_sim_interfaces/include/omx_sim_interfaces/omx_sim_interfaces/action/detail/place__functions.c
[4.289s] -- Installing: /home/lsoo6741/ros2_ws/install/omx_sim_interfaces/include/omx_sim_interfaces/omx_sim_interfaces/action/detail/reach__description.c
[4.289s] -- Installing: /home/lsoo6741/ros2_ws/install/omx_sim_interfaces/include/omx_sim_interfaces/omx_sim_interfaces/action/detail/place__description.c
[4.289s] -- Installing: /home/lsoo6741/ros2_ws/install/omx_sim_interfaces/include/omx_sim_interfaces/omx_sim_interfaces/action/place.h
[4.289s] -- Installing: /home/lsoo6741/ros2_ws/install/omx_sim_interfaces/include/omx_sim_interfaces/omx_sim_interfaces/action/reach.h
[4.290s] -- Up-to-date: /home/lsoo6741/ros2_ws/install/omx_sim_interfaces/share/omx_sim_interfaces/environment/library_path.sh
[4.290s] -- Up-to-date: /home/lsoo6741/ros2_ws/install/omx_sim_interfaces/share/omx_sim_interfaces/environment/library_path.dsv
[4.290s] -- Installing: /home/lsoo6741/ros2_ws/install/omx_sim_interfaces/lib/libomx_sim_interfaces__rosidl_generator_c.so
[4.290s] -- Set non-toolchain portion of runtime path of "/home/lsoo6741/ros2_ws/install/omx_sim_interfaces/lib/libomx_sim_interfaces__rosidl_generator_c.so" to ""
[4.290s] -- Up-to-date: /home/lsoo6741/ros2_ws/install/omx_sim_interfaces/include/omx_sim_interfaces/omx_sim_interfaces
[4.290s] -- Up-to-date: /home/lsoo6741/ros2_ws/install/omx_sim_interfaces/include/omx_sim_interfaces/omx_sim_interfaces/msg
[4.290s] -- Up-to-date: /home/lsoo6741/ros2_ws/install/omx_sim_interfaces/include/omx_sim_interfaces/omx_sim_interfaces/msg/rosidl_typesupport_fastrtps_c__visibility_control.h
[4.290s] -- Up-to-date: /home/lsoo6741/ros2_ws/install/omx_sim_interfaces/include/omx_sim_interfaces/omx_sim_interfaces/action
[4.290s] -- Up-to-date: /home/lsoo6741/ros2_ws/install/omx_sim_interfaces/include/omx_sim_interfaces/omx_sim_interfaces/action/detail
[4.290s] -- Installing: /home/lsoo6741/ros2_ws/install/omx_sim_interfaces/include/omx_sim_interfaces/omx_sim_interfaces/action/detail/pick__rosidl_typesupport_fastrtps_c.h
[4.291s] -- Installing: /home/lsoo6741/ros2_ws/install/omx_sim_interfaces/include/omx_sim_interfaces/omx_sim_interfaces/action/detail/reach__rosidl_typesupport_fastrtps_c.h
[4.291s] -- Installing: /home/lsoo6741/ros2_ws/install/omx_sim_interfaces/include/omx_sim_interfaces/omx_sim_interfaces/action/detail/place__rosidl_typesupport_fastrtps_c.h
[4.291s] -- Installing: /home/lsoo6741/ros2_ws/install/omx_sim_interfaces/lib/libomx_sim_interfaces__rosidl_typesupport_fastrtps_c.so
[4.291s] -- Set non-toolchain portion of runtime path of "/home/lsoo6741/ros2_ws/install/omx_sim_interfaces/lib/libomx_sim_interfaces__rosidl_typesupport_fastrtps_c.so" to ""
[4.291s] -- Up-to-date: /home/lsoo6741/ros2_ws/install/omx_sim_interfaces/include/omx_sim_interfaces/omx_sim_interfaces
[4.291s] -- Up-to-date: /home/lsoo6741/ros2_ws/install/omx_sim_interfaces/include/omx_sim_interfaces/omx_sim_interfaces/msg
[4.291s] -- Up-to-date: /home/lsoo6741/ros2_ws/install/omx_sim_interfaces/include/omx_sim_interfaces/omx_sim_interfaces/msg/rosidl_typesupport_introspection_c__visibility_control.h
[4.291s] -- Up-to-date: /home/lsoo6741/ros2_ws/install/omx_sim_interfaces/include/omx_sim_interfaces/omx_sim_interfaces/action
[4.291s] -- Up-to-date: /home/lsoo6741/ros2_ws/install/omx_sim_interfaces/include/omx_sim_interfaces/omx_sim_interfaces/action/detail
[4.292s] -- Up-to-date: /home/lsoo6741/ros2_ws/install/omx_sim_interfaces/include/omx_sim_interfaces/omx_sim_interfaces/action/detail/pick__type_support.c
[4.292s] -- Up-to-date: /home/lsoo6741/ros2_ws/install/omx_sim_interfaces/include/omx_sim_interfaces/omx_sim_interfaces/action/detail/place__type_support.c
[4.292s] -- Installing: /home/lsoo6741/ros2_ws/install/omx_sim_interfaces/include/omx_sim_interfaces/omx_sim_interfaces/action/detail/place__rosidl_typesupport_introspection_c.h
[4.292s] -- Installing: /home/lsoo6741/ros2_ws/install/omx_sim_interfaces/include/omx_sim_interfaces/omx_sim_interfaces/action/detail/pick__rosidl_typesupport_introspection_c.h
[4.292s] -- Up-to-date: /home/lsoo6741/ros2_ws/install/omx_sim_interfaces/include/omx_sim_interfaces/omx_sim_interfaces/action/detail/reach__type_support.c
[4.292s] -- Installing: /home/lsoo6741/ros2_ws/install/omx_sim_interfaces/include/omx_sim_interfaces/omx_sim_interfaces/action/detail/reach__rosidl_typesupport_introspection_c.h
[4.292s] -- Installing: /home/lsoo6741/ros2_ws/install/omx_sim_interfaces/lib/libomx_sim_interfaces__rosidl_typesupport_introspection_c.so
[4.292s] -- Set non-toolchain portion of runtime path of "/home/lsoo6741/ros2_ws/install/omx_sim_interfaces/lib/libomx_sim_interfaces__rosidl_typesupport_introspection_c.so" to ""
[4.292s] -- Installing: /home/lsoo6741/ros2_ws/install/omx_sim_interfaces/lib/libomx_sim_interfaces__rosidl_typesupport_c.so
[4.293s] -- Set non-toolchain portion of runtime path of "/home/lsoo6741/ros2_ws/install/omx_sim_interfaces/lib/libomx_sim_interfaces__rosidl_typesupport_c.so" to ""
[4.293s] -- Up-to-date: /home/lsoo6741/ros2_ws/install/omx_sim_interfaces/include/omx_sim_interfaces/omx_sim_interfaces
[4.293s] -- Up-to-date: /home/lsoo6741/ros2_ws/install/omx_sim_interfaces/include/omx_sim_interfaces/omx_sim_interfaces/msg
[4.293s] -- Installing: /home/lsoo6741/ros2_ws/install/omx_sim_interfaces/include/omx_sim_interfaces/omx_sim_interfaces/msg/rosidl_generator_cpp__visibility_control.hpp
[4.293s] -- Up-to-date: /home/lsoo6741/ros2_ws/install/omx_sim_interfaces/include/omx_sim_interfaces/omx_sim_interfaces/action
[4.293s] -- Installing: /home/lsoo6741/ros2_ws/install/omx_sim_interfaces/include/omx_sim_interfaces/omx_sim_interfaces/action/place.hpp
[4.293s] -- Up-to-date: /home/lsoo6741/ros2_ws/install/omx_sim_interfaces/include/omx_sim_interfaces/omx_sim_interfaces/action/detail
[4.293s] -- Installing: /home/lsoo6741/ros2_ws/install/omx_sim_interfaces/include/omx_sim_interfaces/omx_sim_interfaces/action/detail/reach__struct.hpp
[4.293s] -- Installing: /home/lsoo6741/ros2_ws/install/omx_sim_interfaces/include/omx_sim_interfaces/omx_sim_interfaces/action/detail/reach__traits.hpp
[4.293s] -- Installing: /home/lsoo6741/ros2_ws/install/omx_sim_interfaces/include/omx_sim_interfaces/omx_sim_interfaces/action/detail/place__type_support.hpp
[4.293s] -- Installing: /home/lsoo6741/ros2_ws/install/omx_sim_interfaces/include/omx_sim_interfaces/omx_sim_interfaces/action/detail/place__builder.hpp
[4.293s] -- Installing: /home/lsoo6741/ros2_ws/install/omx_sim_interfaces/include/omx_sim_interfaces/omx_sim_interfaces/action/detail/pick__type_support.hpp
[4.293s] -- Installing: /home/lsoo6741/ros2_ws/install/omx_sim_interfaces/include/omx_sim_interfaces/omx_sim_interfaces/action/detail/place__struct.hpp
[4.294s] -- Installing: /home/lsoo6741/ros2_ws/install/omx_sim_interfaces/include/omx_sim_interfaces/omx_sim_interfaces/action/detail/pick__builder.hpp
[4.294s] -- Installing: /home/lsoo6741/ros2_ws/install/omx_sim_interfaces/include/omx_sim_interfaces/omx_sim_interfaces/action/detail/reach__builder.hpp
[4.294s] -- Installing: /home/lsoo6741/ros2_ws/install/omx_sim_interfaces/include/omx_sim_interfaces/omx_sim_interfaces/action/detail/pick__traits.hpp
[4.294s] -- Installing: /home/lsoo6741/ros2_ws/install/omx_sim_interfaces/include/omx_sim_interfaces/omx_sim_interfaces/action/detail/place__traits.hpp
[4.294s] -- Installing: /home/lsoo6741/ros2_ws/install/omx_sim_interfaces/include/omx_sim_interfaces/omx_sim_interfaces/action/detail/reach__type_support.hpp
[4.294s] -- Installing: /home/lsoo6741/ros2_ws/install/omx_sim_interfaces/include/omx_sim_interfaces/omx_sim_interfaces/action/detail/pick__struct.hpp
[4.294s] -- Installing: /home/lsoo6741/ros2_ws/install/omx_sim_interfaces/include/omx_sim_interfaces/omx_sim_interfaces/action/pick.hpp
[4.294s] -- Installing: /home/lsoo6741/ros2_ws/install/omx_sim_interfaces/include/omx_sim_interfaces/omx_sim_interfaces/action/reach.hpp
[4.294s] -- Up-to-date: /home/lsoo6741/ros2_ws/install/omx_sim_interfaces/include/omx_sim_interfaces/omx_sim_interfaces
[4.294s] -- Up-to-date: /home/lsoo6741/ros2_ws/install/omx_sim_interfaces/include/omx_sim_interfaces/omx_sim_interfaces/msg
[4.295s] -- Up-to-date: /home/lsoo6741/ros2_ws/install/omx_sim_interfaces/include/omx_sim_interfaces/omx_sim_interfaces/msg/rosidl_typesupport_fastrtps_cpp__visibility_control.h
[4.295s] -- Up-to-date: /home/lsoo6741/ros2_ws/install/omx_sim_interfaces/include/omx_sim_interfaces/omx_sim_interfaces/action
[4.295s] -- Up-to-date: /home/lsoo6741/ros2_ws/install/omx_sim_interfaces/include/omx_sim_interfaces/omx_sim_interfaces/action/detail
[4.295s] -- Installing: /home/lsoo6741/ros2_ws/install/omx_sim_interfaces/include/omx_sim_interfaces/omx_sim_interfaces/action/detail/pick__rosidl_typesupport_fastrtps_cpp.hpp
[4.295s] -- Up-to-date: /home/lsoo6741/ros2_ws/install/omx_sim_interfaces/include/omx_sim_interfaces/omx_sim_interfaces/action/detail/dds_fastrtps
[4.295s] -- Installing: /home/lsoo6741/ros2_ws/install/omx_sim_interfaces/include/omx_sim_interfaces/omx_sim_interfaces/action/detail/place__rosidl_typesupport_fastrtps_cpp.hpp
[4.295s] -- Installing: /home/lsoo6741/ros2_ws/install/omx_sim_interfaces/include/omx_sim_interfaces/omx_sim_interfaces/action/detail/reach__rosidl_typesupport_fastrtps_cpp.hpp
[4.295s] -- Installing: /home/lsoo6741/ros2_ws/install/omx_sim_interfaces/lib/libomx_sim_interfaces__rosidl_typesupport_fastrtps_cpp.so
[4.296s] -- Set non-toolchain portion of runtime path of "/home/lsoo6741/ros2_ws/install/omx_sim_interfaces/lib/libomx_sim_interfaces__rosidl_typesupport_fastrtps_cpp.so" to ""
[4.296s] -- Up-to-date: /home/lsoo6741/ros2_ws/install/omx_sim_interfaces/include/omx_sim_interfaces/omx_sim_interfaces
[4.296s] -- Up-to-date: /home/lsoo6741/ros2_ws/install/omx_sim_interfaces/include/omx_sim_interfaces/omx_sim_interfaces/action
[4.296s] -- Up-to-date: /home/lsoo6741/ros2_ws/install/omx_sim_interfaces/include/omx_sim_interfaces/omx_sim_interfaces/action/detail
[4.296s] -- Installing: /home/lsoo6741/ros2_ws/install/omx_sim_interfaces/include/omx_sim_interfaces/omx_sim_interfaces/action/detail/reach__rosidl_typesupport_introspection_cpp.hpp
[4.296s] -- Installing: /home/lsoo6741/ros2_ws/install/omx_sim_interfaces/include/omx_sim_interfaces/omx_sim_interfaces/action/detail/pick__type_support.cpp
[4.296s] -- Installing: /home/lsoo6741/ros2_ws/install/omx_sim_interfaces/include/omx_sim_interfaces/omx_sim_interfaces/action/detail/pick__rosidl_typesupport_introspection_cpp.hpp
[4.296s] -- Installing: /home/lsoo6741/ros2_ws/install/omx_sim_interfaces/include/omx_sim_interfaces/omx_sim_interfaces/action/detail/reach__type_support.cpp
[4.296s] -- Installing: /home/lsoo6741/ros2_ws/install/omx_sim_interfaces/include/omx_sim_interfaces/omx_sim_interfaces/action/detail/place__rosidl_typesupport_introspection_cpp.hpp
[4.296s] -- Installing: /home/lsoo6741/ros2_ws/install/omx_sim_interfaces/include/omx_sim_interfaces/omx_sim_interfaces/action/detail/place__type_support.cpp
[4.297s] -- Installing: /home/lsoo6741/ros2_ws/install/omx_sim_interfaces/lib/libomx_sim_interfaces__rosidl_typesupport_introspection_cpp.so
[4.297s] -- Set non-toolchain portion of runtime path of "/home/lsoo6741/ros2_ws/install/omx_sim_interfaces/lib/libomx_sim_interfaces__rosidl_typesupport_introspection_cpp.so" to ""
[4.297s] -- Installing: /home/lsoo6741/ros2_ws/install/omx_sim_interfaces/lib/libomx_sim_interfaces__rosidl_typesupport_cpp.so
[4.298s] -- Set non-toolchain portion of runtime path of "/home/lsoo6741/ros2_ws/install/omx_sim_interfaces/lib/libomx_sim_interfaces__rosidl_typesupport_cpp.so" to ""
[4.298s] -- Up-to-date: /home/lsoo6741/ros2_ws/install/omx_sim_interfaces/share/omx_sim_interfaces/environment/pythonpath.sh
[4.298s] -- Up-to-date: /home/lsoo6741/ros2_ws/install/omx_sim_interfaces/share/omx_sim_interfaces/environment/pythonpath.dsv
[4.298s] -- Up-to-date: /home/lsoo6741/ros2_ws/install/omx_sim_interfaces/lib/python3.12/site-packages/omx_sim_interfaces-0.1.0-py3.12.egg-info
[4.298s] -- Installing: /home/lsoo6741/ros2_ws/install/omx_sim_interfaces/lib/python3.12/site-packages/omx_sim_interfaces-0.1.0-py3.12.egg-info/top_level.txt
[4.298s] -- Installing: /home/lsoo6741/ros2_ws/install/omx_sim_interfaces/lib/python3.12/site-packages/omx_sim_interfaces-0.1.0-py3.12.egg-info/PKG-INFO
[4.298s] -- Installing: /home/lsoo6741/ros2_ws/install/omx_sim_interfaces/lib/python3.12/site-packages/omx_sim_interfaces-0.1.0-py3.12.egg-info/dependency_links.txt
[4.298s] -- Installing: /home/lsoo6741/ros2_ws/install/omx_sim_interfaces/lib/python3.12/site-packages/omx_sim_interfaces-0.1.0-py3.12.egg-info/SOURCES.txt
[4.299s] -- Up-to-date: /home/lsoo6741/ros2_ws/install/omx_sim_interfaces/lib/python3.12/site-packages/omx_sim_interfaces
[4.299s] -- Installing: /home/lsoo6741/ros2_ws/install/omx_sim_interfaces/lib/python3.12/site-packages/omx_sim_interfaces/__init__.py
[4.299s] -- Up-to-date: /home/lsoo6741/ros2_ws/install/omx_sim_interfaces/lib/python3.12/site-packages/omx_sim_interfaces/action
[4.299s] -- Installing: /home/lsoo6741/ros2_ws/install/omx_sim_interfaces/lib/python3.12/site-packages/omx_sim_interfaces/action/_place_s.c
[4.299s] -- Installing: /home/lsoo6741/ros2_ws/install/omx_sim_interfaces/lib/python3.12/site-packages/omx_sim_interfaces/action/__init__.py
[4.299s] -- Installing: /home/lsoo6741/ros2_ws/install/omx_sim_interfaces/lib/python3.12/site-packages/omx_sim_interfaces/action/_pick_s.c
[4.299s] -- Installing: /home/lsoo6741/ros2_ws/install/omx_sim_interfaces/lib/python3.12/site-packages/omx_sim_interfaces/action/_reach_s.c
[4.299s] -- Installing: /home/lsoo6741/ros2_ws/install/omx_sim_interfaces/lib/python3.12/site-packages/omx_sim_interfaces/action/_reach.py
[4.299s] -- Installing: /home/lsoo6741/ros2_ws/install/omx_sim_interfaces/lib/python3.12/site-packages/omx_sim_interfaces/action/_pick.py
[4.299s] -- Installing: /home/lsoo6741/ros2_ws/install/omx_sim_interfaces/lib/python3.12/site-packages/omx_sim_interfaces/action/_place.py
[4.300s] -- Installing: /home/lsoo6741/ros2_ws/install/omx_sim_interfaces/lib/python3.12/site-packages/omx_sim_interfaces/omx_sim_interfaces_s__rosidl_typesupport_fastrtps_c.so
[4.300s] -- Installing: /home/lsoo6741/ros2_ws/install/omx_sim_interfaces/lib/python3.12/site-packages/omx_sim_interfaces/_omx_sim_interfaces_s.ep.rosidl_typesupport_c.c
[4.300s] -- Installing: /home/lsoo6741/ros2_ws/install/omx_sim_interfaces/lib/python3.12/site-packages/omx_sim_interfaces/_omx_sim_interfaces_s.ep.rosidl_typesupport_fastrtps_c.c
[4.300s] -- Installing: /home/lsoo6741/ros2_ws/install/omx_sim_interfaces/lib/python3.12/site-packages/omx_sim_interfaces/_omx_sim_interfaces_s.ep.rosidl_typesupport_introspection_c.c
[4.300s] -- Installing: /home/lsoo6741/ros2_ws/install/omx_sim_interfaces/lib/python3.12/site-packages/omx_sim_interfaces/omx_sim_interfaces_s__rosidl_typesupport_c.so
[4.300s] -- Installing: /home/lsoo6741/ros2_ws/install/omx_sim_interfaces/lib/python3.12/site-packages/omx_sim_interfaces/omx_sim_interfaces_s__rosidl_typesupport_introspection_c.so
[4.340s] Listing '/home/lsoo6741/ros2_ws/install/omx_sim_interfaces/lib/python3.12/site-packages/omx_sim_interfaces'...
[4.340s] Compiling '/home/lsoo6741/ros2_ws/install/omx_sim_interfaces/lib/python3.12/site-packages/omx_sim_interfaces/__init__.py'...
[4.340s] Listing '/home/lsoo6741/ros2_ws/install/omx_sim_interfaces/lib/python3.12/site-packages/omx_sim_interfaces/action'...
[4.340s] Compiling '/home/lsoo6741/ros2_ws/install/omx_sim_interfaces/lib/python3.12/site-packages/omx_sim_interfaces/action/__init__.py'...
[4.340s] Compiling '/home/lsoo6741/ros2_ws/install/omx_sim_interfaces/lib/python3.12/site-packages/omx_sim_interfaces/action/_pick.py'...
[4.340s] Compiling '/home/lsoo6741/ros2_ws/install/omx_sim_interfaces/lib/python3.12/site-packages/omx_sim_interfaces/action/_place.py'...
[4.340s] Compiling '/home/lsoo6741/ros2_ws/install/omx_sim_interfaces/lib/python3.12/site-packages/omx_sim_interfaces/action/_reach.py'...
[4.344s] -- Installing: /home/lsoo6741/ros2_ws/install/omx_sim_interfaces/lib/python3.12/site-packages/omx_sim_interfaces/omx_sim_interfaces_s__rosidl_typesupport_fastrtps_c.so
[4.345s] -- Set non-toolchain portion of runtime path of "/home/lsoo6741/ros2_ws/install/omx_sim_interfaces/lib/python3.12/site-packages/omx_sim_interfaces/omx_sim_interfaces_s__rosidl_typesupport_fastrtps_c.so" to ""
[4.345s] -- Installing: /home/lsoo6741/ros2_ws/install/omx_sim_interfaces/lib/python3.12/site-packages/omx_sim_interfaces/omx_sim_interfaces_s__rosidl_typesupport_introspection_c.so
[4.345s] -- Set non-toolchain portion of runtime path of "/home/lsoo6741/ros2_ws/install/omx_sim_interfaces/lib/python3.12/site-packages/omx_sim_interfaces/omx_sim_interfaces_s__rosidl_typesupport_introspection_c.so" to ""
[4.345s] -- Installing: /home/lsoo6741/ros2_ws/install/omx_sim_interfaces/lib/python3.12/site-packages/omx_sim_interfaces/omx_sim_interfaces_s__rosidl_typesupport_c.so
[4.345s] -- Set non-toolchain portion of runtime path of "/home/lsoo6741/ros2_ws/install/omx_sim_interfaces/lib/python3.12/site-packages/omx_sim_interfaces/omx_sim_interfaces_s__rosidl_typesupport_c.so" to ""
[4.346s] -- Installing: /home/lsoo6741/ros2_ws/install/omx_sim_interfaces/lib/libomx_sim_interfaces__rosidl_generator_py.so
[4.346s] -- Set non-toolchain portion of runtime path of "/home/lsoo6741/ros2_ws/install/omx_sim_interfaces/lib/libomx_sim_interfaces__rosidl_generator_py.so" to ""
[4.346s] -- Installing: /home/lsoo6741/ros2_ws/install/omx_sim_interfaces/share/omx_sim_interfaces/action/Pick.idl
[4.346s] -- Installing: /home/lsoo6741/ros2_ws/install/omx_sim_interfaces/share/omx_sim_interfaces/action/Place.idl
[4.346s] -- Installing: /home/lsoo6741/ros2_ws/install/omx_sim_interfaces/share/omx_sim_interfaces/action/Reach.idl
[4.346s] -- Installing: /home/lsoo6741/ros2_ws/install/omx_sim_interfaces/share/omx_sim_interfaces/action/Pick.action
[4.346s] -- Installing: /home/lsoo6741/ros2_ws/install/omx_sim_interfaces/share/omx_sim_interfaces/action/Place.action
[4.346s] -- Installing: /home/lsoo6741/ros2_ws/install/omx_sim_interfaces/share/omx_sim_interfaces/action/Reach.action
[4.347s] -- Up-to-date: /home/lsoo6741/ros2_ws/install/omx_sim_interfaces/share/ament_index/resource_index/package_run_dependencies/omx_sim_interfaces
[4.347s] -- Installing: /home/lsoo6741/ros2_ws/install/omx_sim_interfaces/share/ament_index/resource_index/parent_prefix_path/omx_sim_interfaces
[4.347s] -- Up-to-date: /home/lsoo6741/ros2_ws/install/omx_sim_interfaces/share/omx_sim_interfaces/environment/ament_prefix_path.sh
[4.347s] -- Up-to-date: /home/lsoo6741/ros2_ws/install/omx_sim_interfaces/share/omx_sim_interfaces/environment/ament_prefix_path.dsv
[4.347s] -- Up-to-date: /home/lsoo6741/ros2_ws/install/omx_sim_interfaces/share/omx_sim_interfaces/environment/path.sh
[4.347s] -- Up-to-date: /home/lsoo6741/ros2_ws/install/omx_sim_interfaces/share/omx_sim_interfaces/environment/path.dsv
[4.347s] -- Up-to-date: /home/lsoo6741/ros2_ws/install/omx_sim_interfaces/share/omx_sim_interfaces/local_setup.bash
[4.347s] -- Up-to-date: /home/lsoo6741/ros2_ws/install/omx_sim_interfaces/share/omx_sim_interfaces/local_setup.sh
[4.347s] -- Up-to-date: /home/lsoo6741/ros2_ws/install/omx_sim_interfaces/share/omx_sim_interfaces/local_setup.zsh
[4.347s] -- Up-to-date: /home/lsoo6741/ros2_ws/install/omx_sim_interfaces/share/omx_sim_interfaces/local_setup.dsv
[4.347s] -- Installing: /home/lsoo6741/ros2_ws/install/omx_sim_interfaces/share/omx_sim_interfaces/package.dsv
[4.347s] -- Up-to-date: /home/lsoo6741/ros2_ws/install/omx_sim_interfaces/share/ament_index/resource_index/packages/omx_sim_interfaces
[4.347s] -- Up-to-date: /home/lsoo6741/ros2_ws/install/omx_sim_interfaces/share/omx_sim_interfaces/cmake/export_omx_sim_interfaces__rosidl_generator_cExport.cmake
[4.347s] -- Up-to-date: /home/lsoo6741/ros2_ws/install/omx_sim_interfaces/share/omx_sim_interfaces/cmake/export_omx_sim_interfaces__rosidl_generator_cExport-noconfig.cmake
[4.347s] -- Up-to-date: /home/lsoo6741/ros2_ws/install/omx_sim_interfaces/share/omx_sim_interfaces/cmake/export_omx_sim_interfaces__rosidl_typesupport_fastrtps_cExport.cmake
[4.347s] -- Up-to-date: /home/lsoo6741/ros2_ws/install/omx_sim_interfaces/share/omx_sim_interfaces/cmake/export_omx_sim_interfaces__rosidl_typesupport_fastrtps_cExport-noconfig.cmake
[4.347s] -- Up-to-date: /home/lsoo6741/ros2_ws/install/omx_sim_interfaces/share/omx_sim_interfaces/cmake/omx_sim_interfaces__rosidl_typesupport_introspection_cExport.cmake
[4.347s] -- Up-to-date: /home/lsoo6741/ros2_ws/install/omx_sim_interfaces/share/omx_sim_interfaces/cmake/omx_sim_interfaces__rosidl_typesupport_introspection_cExport-noconfig.cmake
[4.347s] -- Up-to-date: /home/lsoo6741/ros2_ws/install/omx_sim_interfaces/share/omx_sim_interfaces/cmake/omx_sim_interfaces__rosidl_typesupport_cExport.cmake
[4.347s] -- Up-to-date: /home/lsoo6741/ros2_ws/install/omx_sim_interfaces/share/omx_sim_interfaces/cmake/omx_sim_interfaces__rosidl_typesupport_cExport-noconfig.cmake
[4.347s] -- Up-to-date: /home/lsoo6741/ros2_ws/install/omx_sim_interfaces/share/omx_sim_interfaces/cmake/export_omx_sim_interfaces__rosidl_generator_cppExport.cmake
[4.348s] -- Up-to-date: /home/lsoo6741/ros2_ws/install/omx_sim_interfaces/share/omx_sim_interfaces/cmake/export_omx_sim_interfaces__rosidl_typesupport_fastrtps_cppExport.cmake
[4.348s] -- Up-to-date: /home/lsoo6741/ros2_ws/install/omx_sim_interfaces/share/omx_sim_interfaces/cmake/export_omx_sim_interfaces__rosidl_typesupport_fastrtps_cppExport-noconfig.cmake
[4.348s] -- Up-to-date: /home/lsoo6741/ros2_ws/install/omx_sim_interfaces/share/omx_sim_interfaces/cmake/omx_sim_interfaces__rosidl_typesupport_introspection_cppExport.cmake
[4.348s] -- Up-to-date: /home/lsoo6741/ros2_ws/install/omx_sim_interfaces/share/omx_sim_interfaces/cmake/omx_sim_interfaces__rosidl_typesupport_introspection_cppExport-noconfig.cmake
[4.348s] -- Up-to-date: /home/lsoo6741/ros2_ws/install/omx_sim_interfaces/share/omx_sim_interfaces/cmake/omx_sim_interfaces__rosidl_typesupport_cppExport.cmake
[4.348s] -- Up-to-date: /home/lsoo6741/ros2_ws/install/omx_sim_interfaces/share/omx_sim_interfaces/cmake/omx_sim_interfaces__rosidl_typesupport_cppExport-noconfig.cmake
[4.348s] -- Up-to-date: /home/lsoo6741/ros2_ws/install/omx_sim_interfaces/share/omx_sim_interfaces/cmake/export_omx_sim_interfaces__rosidl_generator_pyExport.cmake
[4.348s] -- Up-to-date: /home/lsoo6741/ros2_ws/install/omx_sim_interfaces/share/omx_sim_interfaces/cmake/export_omx_sim_interfaces__rosidl_generator_pyExport-noconfig.cmake
[4.348s] -- Up-to-date: /home/lsoo6741/ros2_ws/install/omx_sim_interfaces/share/omx_sim_interfaces/cmake/rosidl_cmake-extras.cmake
[4.348s] -- Up-to-date: /home/lsoo6741/ros2_ws/install/omx_sim_interfaces/share/omx_sim_interfaces/cmake/ament_cmake_export_dependencies-extras.cmake
[4.348s] -- Up-to-date: /home/lsoo6741/ros2_ws/install/omx_sim_interfaces/share/omx_sim_interfaces/cmake/ament_cmake_export_include_directories-extras.cmake
[4.348s] -- Up-to-date: /home/lsoo6741/ros2_ws/install/omx_sim_interfaces/share/omx_sim_interfaces/cmake/ament_cmake_export_libraries-extras.cmake
[4.348s] -- Up-to-date: /home/lsoo6741/ros2_ws/install/omx_sim_interfaces/share/omx_sim_interfaces/cmake/ament_cmake_export_targets-extras.cmake
[4.348s] -- Up-to-date: /home/lsoo6741/ros2_ws/install/omx_sim_interfaces/share/omx_sim_interfaces/cmake/rosidl_cmake_export_typesupport_targets-extras.cmake
[4.348s] -- Up-to-date: /home/lsoo6741/ros2_ws/install/omx_sim_interfaces/share/omx_sim_interfaces/cmake/rosidl_cmake_export_typesupport_libraries-extras.cmake
[4.348s] -- Up-to-date: /home/lsoo6741/ros2_ws/install/omx_sim_interfaces/share/omx_sim_interfaces/cmake/omx_sim_interfacesConfig.cmake
[4.348s] -- Up-to-date: /home/lsoo6741/ros2_ws/install/omx_sim_interfaces/share/omx_sim_interfaces/cmake/omx_sim_interfacesConfig-version.cmake
[4.348s] -- Up-to-date: /home/lsoo6741/ros2_ws/install/omx_sim_interfaces/share/omx_sim_interfaces/package.xml
[4.350s] Invoked command in '/home/lsoo6741/ros2_ws/build/omx_sim_interfaces' returned '0': CMAKE_PREFIX_PATH=${CMAKE_PREFIX_PATH}:/home/lsoo6741/workspace/ros2_ws/install/py_srvcli:/home/lsoo6741/workspace/ros2_ws/install/py_pubsub:/home/lsoo6741/workspace/ros2_ws/install/my_turtle_pkg:/home/lsoo6741/workspace/ros2_ws/install/action_tutorials_py:/home/lsoo6741/workspace/ros2_ws/install/action_chaser_py:/opt/ros/jazzy DEBUGINFOD_URLS=https://debuginfod.ubuntu.com /usr/bin/cmake --install /home/lsoo6741/ros2_ws/build/omx_sim_interfaces
